#
# A fatal error has been detected by the Java Runtime Environment:
#
#  SIGSEGV (0xb) at pc=0x00007fff9195ba90, pid=22577, tid=59659
#
# JRE version: Java(TM) SE Runtime Environment (8.0_25-b17) (build 1.8.0_25-b17)
# Java VM: Java HotSpot(TM) 64-Bit Server VM (25.25-b02 mixed mode bsd-amd64 compressed oops)
# Problematic frame:
# C  [GLEngine+0x15ba90]  gleRunVertexSubmitImmediate+0x22e0
#
# Failed to write core dump. Core dumps have been disabled. To enable core dumping, try "ulimit -c unlimited" before starting Java again
#
# If you would like to submit a bug report, please visit:
#   http://bugreport.sun.com/bugreport/crash.jsp
# The crash happened outside the Java Virtual Machine in native code.
# See problematic frame for where to report the bug.
#

---------------  T H R E A D  ---------------

Current thread (0x00007fa21687b800):  JavaThread "AWT-EventQueue-0" [_thread_in_native, id=59659, stack(0x0000000127f05000,0x0000000128005000)]

siginfo: si_signo: 11 (SIGSEGV), si_code: 1 (SEGV_MAPERR), si_addr: 0x0000000000000000

Registers:
RAX=0x00007fff9195ba90, RBX=0x0000000000000006, RCX=0x0000000000000000, RDX=0x00007fff9195c4b8
RSP=0x0000000128003080, RBP=0x00000001280032d0, RSI=0x0000000000000005, RDI=0x0000000000000027
R8 =0x0000000000845800, R9 =0x00007fa21a034c00, R10=0x00007fa213ce1410, R11=0x00007fa21a034c00
R12=0x0000000000000001, R13=0x0000000000841804, R14=0x00007fa213ce1410, R15=0x0000000000000001
RIP=0x00007fff9195ba90, EFLAGS=0x0000000000010217, ERR=0x0000000000000004
  TRAPNO=0x000000000000000e

Top of Stack: (sp=0x0000000128003080)
0x0000000128003080:   00007fff7dce5070 00007fa21525de30
0x0000000128003090:   0000000128003250 00001234001051a3
0x00000001280030a0:   00000000ffffffff 0000000000000501
0x00000001280030b0:   0000000128003210 00007fff918e5078
0x00000001280030c0:   00000001280030e0 00007fff900cadd4
0x00000001280030d0:   00007fa21ad1f600 0000000000000000
0x00000001280030e0:   000000012800315c 00000000000a8860
0x00000001280030f0:   00007fa215267288 0000000000002001
0x0000000128003100:   0000002000000000 0000000000000000
0x0000000128003110:   0000000134888860 00007fa215260d10
0x0000000128003120:   0000000000000000 0000000000000001
0x0000000128003130:   00447e0000e78006 007e7f1c7ffff3e7
0x0000000128003140:   00007fa21a035410 00007fff900cab4e
0x0000000128003150:   00007fa21a034d40 00007fa21a034d70
0x0000000128003160:   00007fa21a034d50 00007fa21a034d80
0x0000000128003170:   00007fa21a034d60 00007fa21a034da0
0x0000000128003180:   0000000000000000 0000000000000000
0x0000000128003190:   fffffffe00000002 00007fa215260d10
0x00000001280031a0:   000000000000108b 0000000000000001
0x00000001280031b0:   ffffffff10008010 0000000000000001
0x00000001280031c0:   00007fa21a034d90 0000000010008010
0x00000001280031d0:   7a00000300000000 0000000000000000
0x00000001280031e0:   0000043100000000 00007fff900cadd4
0x00000001280031f0:   0000000002116000 0000000000000000
0x0000000128003200:   000000012800327c 0000000128003280
0x0000000128003210:   0000000128003284 00007fa213ce1378
0x0000000128003220:   0000000000000000 0000000000000000
0x0000000128003230:   0000000000000000 00007fa213ce1378
0x0000000128003240:   0000000000000f9a 00007fa21a034c00
0x0000000128003250:   0000000000000000 00007fa21a034c00
0x0000000128003260:   0000000000000000 000000012b1b8060
0x0000000128003270:   000000012b1d73a0 0000000000000000 

Instructions: (pc=0x00007fff9195ba90)
0x00007fff9195ba70:   ba 00 00 80 7f 0f 44 da e9 ad 00 00 00 48 8d 15
0x00007fff9195ba80:   34 0a 00 00 48 63 04 82 48 01 d0 4d 89 f2 ff e0
0x00007fff9195ba90:   f3 0f 10 01 f3 0f 11 45 80 4d 89 de e9 af 07 00
0x00007fff9195baa0:   00 41 83 fc 04 0f 85 7e 03 00 00 f2 0f 10 01 e9 

Register to memory mapping:

RAX=0x00007fff9195ba90: gleRunVertexSubmitImmediate+0x22e0 in /System/Library/Frameworks/OpenGL.framework/Versions/A/Resources/GLEngine.bundle/GLEngine at 0x00007fff91800000
RBX=0x0000000000000006 is an unknown value
RCX=0x0000000000000000 is an unknown value
RDX=0x00007fff9195c4b8: gleRunVertexSubmitImmediate+0x2d08 in /System/Library/Frameworks/OpenGL.framework/Versions/A/Resources/GLEngine.bundle/GLEngine at 0x00007fff91800000
RSP=0x0000000128003080 is pointing into the stack for thread: 0x00007fa21687b800
RBP=0x00000001280032d0 is pointing into the stack for thread: 0x00007fa21687b800
RSI=0x0000000000000005 is an unknown value
RDI=0x0000000000000027 is an unknown value
R8 =0x0000000000845800 is an unknown value
R9 =0x00007fa21a034c00 is an unknown value
R10=0x00007fa213ce1410 is an unknown value
R11=0x00007fa21a034c00 is an unknown value
R12=0x0000000000000001 is an unknown value
R13=0x0000000000841804 is an unknown value
R14=0x00007fa213ce1410 is an unknown value
R15=0x0000000000000001 is an unknown value


Stack: [0x0000000127f05000,0x0000000128005000],  sp=0x0000000128003080,  free space=1016k
Native frames: (J=compiled Java code, j=interpreted, Vv=VM code, C=native code)
C  [GLEngine+0x15ba90]  gleRunVertexSubmitImmediate+0x22e0
C  [GLEngine+0xd48b8]  glDrawArrays_ACC_GL3Exec+0x2e6
C  [libjogl_desktop.jnilib+0x2afe0]  Java_jogamp_opengl_gl4_GL4bcImpl_dispatch_1glDrawArrays1__IIIJ+0x40
J 1938  jogamp.opengl.gl4.GL4bcImpl.dispatch_glDrawArrays1(IIIJ)V (0 bytes) @ 0x0000000105173c72 [0x0000000105173bc0+0xb2]
J 2017 C2 Renderer.display()V (839 bytes) @ 0x00000001051d4c20 [0x00000001051d3960+0x12c0]

Java frames: (J=compiled Java code, j=interpreted, Vv=VM code)
J 1938  jogamp.opengl.gl4.GL4bcImpl.dispatch_glDrawArrays1(IIIJ)V (0 bytes) @ 0x0000000105173bf8 [0x0000000105173bc0+0x38]
J 2017 C2 Renderer.display()V (839 bytes) @ 0x00000001051d4c20 [0x00000001051d3960+0x12c0]
J 1513 C1 FrameMaster.display(Lcom/jogamp/opengl/GLAutoDrawable;)V (84 bytes) @ 0x0000000105023d2c [0x0000000105023940+0x3ec]
J 1508 C1 jogamp.opengl.GLDrawableHelper.displayImpl(Lcom/jogamp/opengl/GLAutoDrawable;)V (105 bytes) @ 0x0000000105018fac [0x00000001050181e0+0xdcc]
J 1506 C1 com.jogamp.opengl.awt.GLCanvas$11.run()V (122 bytes) @ 0x000000010501fe34 [0x000000010501f800+0x634]
J 1504 C1 jogamp.opengl.GLDrawableHelper.invokeGLImpl(Lcom/jogamp/opengl/GLDrawable;Lcom/jogamp/opengl/GLContext;Ljava/lang/Runnable;Ljava/lang/Runnable;)V (579 bytes) @ 0x000000010501b9ec [0x000000010501aba0+0xe4c]
J 1503 C1 jogamp.opengl.GLDrawableHelper.invokeGL(Lcom/jogamp/opengl/GLDrawable;Lcom/jogamp/opengl/GLContext;Ljava/lang/Runnable;Ljava/lang/Runnable;)V (76 bytes) @ 0x000000010501a5c4 [0x000000010501a500+0xc4]
J 1085 C1 com.jogamp.opengl.awt.GLCanvas$12.run()V (126 bytes) @ 0x0000000104f2c2fc [0x0000000104f2bcc0+0x63c]
J 1009 C1 java.awt.event.InvocationEvent.dispatch()V (69 bytes) @ 0x0000000104ee608c [0x0000000104ee5f40+0x14c]
J 1016 C1 java.awt.EventQueue.dispatchEventImpl(Ljava/awt/AWTEvent;Ljava/lang/Object;)V (149 bytes) @ 0x0000000104ee9e54 [0x0000000104ee8480+0x19d4]
J 1014 C1 java.awt.EventQueue$3.run()Ljava/lang/Void; (60 bytes) @ 0x0000000104ee7894 [0x0000000104ee7680+0x214]
J 1013 C1 java.awt.EventQueue$3.run()Ljava/lang/Object; (5 bytes) @ 0x0000000104ee730c [0x0000000104ee7280+0x8c]
v  ~StubRoutines::call_stub
J 855  java.security.AccessController.doPrivileged(Ljava/security/PrivilegedAction;Ljava/security/AccessControlContext;)Ljava/lang/Object; (0 bytes) @ 0x0000000104e977a3 [0x0000000104e97740+0x63]
J 939 C1 java.awt.EventQueue.dispatchEvent(Ljava/awt/AWTEvent;)V (80 bytes) @ 0x0000000104ec0644 [0x0000000104ebfd80+0x8c4]
J 1017 C1 java.awt.EventDispatchThread.pumpOneEventForFilters(I)V (295 bytes) @ 0x0000000104eeca2c [0x0000000104eeaec0+0x1b6c]
j  java.awt.EventDispatchThread.pumpEventsForFilter(ILjava/awt/Conditional;Ljava/awt/EventFilter;)V+35
j  java.awt.EventDispatchThread.pumpEventsForHierarchy(ILjava/awt/Conditional;Ljava/awt/Component;)V+11
j  java.awt.EventDispatchThread.pumpEvents(ILjava/awt/Conditional;)V+4
j  java.awt.EventDispatchThread.pumpEvents(Ljava/awt/Conditional;)V+3
j  java.awt.EventDispatchThread.run()V+9
v  ~StubRoutines::call_stub

---------------  P R O C E S S  ---------------

Java Threads: ( => current thread )
  0x00007fa216156000 JavaThread "TimerQueue" daemon [_thread_blocked, id=73379, stack(0x00000001440f5000,0x00000001441f5000)]
  0x00007fa21400d000 JavaThread "DestroyJavaVM" [_thread_blocked, id=4867, stack(0x0000000102ae3000,0x0000000102be3000)]
  0x00007fa214824000 JavaThread "main-FPSAWTAnimator#00-Timer0" [_thread_blocked, id=65795, stack(0x000000013491a000,0x0000000134a1a000)]
=>0x00007fa21687b800 JavaThread "AWT-EventQueue-0" [_thread_in_native, id=59659, stack(0x0000000127f05000,0x0000000128005000)]
  0x00007fa2141bf000 JavaThread "Java2D Disposer" daemon [_thread_blocked, id=55063, stack(0x0000000127a65000,0x0000000127b65000)]
  0x00007fa216143800 JavaThread "Java2D Queue Flusher" daemon [_thread_blocked, id=53015, stack(0x00000001270bb000,0x00000001271bb000)]
  0x00007fa215040000 JavaThread "AWT-Shutdown" [_thread_blocked, id=30483, stack(0x000000012410a000,0x000000012420a000)]
  0x00007fa215041800 JavaThread "AWT-AppKit" daemon [_thread_in_native, id=1811, stack(0x00007fff5ca33000,0x00007fff5d233000)]
  0x00007fa216012800 JavaThread "Service Thread" daemon [_thread_blocked, id=20739, stack(0x000000012255c000,0x000000012265c000)]
  0x00007fa215004800 JavaThread "C1 CompilerThread3" daemon [_thread_blocked, id=20227, stack(0x0000000122459000,0x0000000122559000)]
  0x00007fa21407a000 JavaThread "C2 CompilerThread2" daemon [_thread_blocked, id=19715, stack(0x0000000122356000,0x0000000122456000)]
  0x00007fa214079800 JavaThread "C2 CompilerThread1" daemon [_thread_blocked, id=19203, stack(0x0000000122253000,0x0000000122353000)]
  0x00007fa21600f000 JavaThread "C2 CompilerThread0" daemon [_thread_blocked, id=18691, stack(0x0000000122150000,0x0000000122250000)]
  0x00007fa214048000 JavaThread "Signal Dispatcher" daemon [_thread_blocked, id=14611, stack(0x000000012204d000,0x000000012214d000)]
  0x00007fa216009800 JavaThread "Finalizer" daemon [_thread_blocked, id=13571, stack(0x000000012062a000,0x000000012072a000)]
  0x00007fa216009000 JavaThread "Reference Handler" daemon [_thread_blocked, id=13059, stack(0x0000000120527000,0x0000000120627000)]

Other Threads:
  0x00007fa216004000 VMThread [stack: 0x0000000120424000,0x0000000120524000] [id=12547]
  0x00007fa214048800 WatcherThread [stack: 0x000000012265f000,0x000000012275f000] [id=21251]

VM state:not at safepoint (normal execution)

VM Mutex/Monitor currently owned by a thread: None

Heap:
 PSYoungGen      total 235008K, used 44377K [0x000000076ab00000, 0x000000077c680000, 0x00000007c0000000)
  eden space 192512K, 7% used [0x000000076ab00000,0x000000076b8beb40,0x0000000776700000)
  from space 42496K, 71% used [0x0000000779080000,0x000000077ae17b08,0x000000077ba00000)
  to   space 42496K, 0% used [0x0000000776700000,0x0000000776700000,0x0000000779080000)
 ParOldGen       total 181248K, used 88131K [0x00000006c0000000, 0x00000006cb100000, 0x000000076ab00000)
  object space 181248K, 48% used [0x00000006c0000000,0x00000006c5610de8,0x00000006cb100000)
 Metaspace       used 21602K, capacity 21858K, committed 22144K, reserved 1069056K
  class space    used 2496K, capacity 2567K, committed 2688K, reserved 1048576K

Card table byte_map: [0x0000000113f19000,0x000000011471a000] byte_map_base: 0x0000000110919000

Marking Bits: (ParMarkBitMap*) 0x000000010449d390
 Begin Bits: [0x0000000115488000, 0x0000000119488000)
 End Bits:   [0x0000000119488000, 0x000000011d488000)

Polling page: 0x0000000102bf3000

CodeCache: size=245760Kb used=7107Kb max_used=7120Kb free=238652Kb
 bounds [0x0000000104b59000, 0x0000000105259000, 0x0000000113b59000]
 total_blobs=3024 nmethods=2158 adapters=779
 compilation: enabled

Compilation events (10 events):
Event: 57.026 Thread 0x00007fa215004800 2233   !   3       java.io.PrintStream::write (83 bytes)
Event: 57.027 Thread 0x00007fa215004800 nmethod 2233 0x0000000104dd9750 code [0x0000000104dd9980, 0x0000000104dda528]
Event: 57.027 Thread 0x00007fa215004800 2234   !   3       java.io.PrintStream::newLine (73 bytes)
Event: 57.027 Thread 0x00007fa215004800 nmethod 2234 0x0000000104ebc7d0 code [0x0000000104ebc9e0, 0x0000000104ebd3f8]
Event: 57.036 Thread 0x00007fa215004800 2235       3       java.nio.HeapFloatBuffer::put (54 bytes)
Event: 57.036 Thread 0x00007fa215004800 nmethod 2235 0x0000000104cca450 code [0x0000000104cca620, 0x0000000104ccad78]
Event: 57.066 Thread 0x00007fa215004800 2236       1       java.io.OutputStream::flush (1 bytes)
Event: 57.066 Thread 0x00007fa215004800 nmethod 2236 0x0000000104c7b650 code [0x0000000104c7b7a0, 0x0000000104c7b8b0]
Event: 57.215 Thread 0x00007fa214079800 2237       4       sun.nio.cs.UTF_8$Encoder::encodeArrayLoop (489 bytes)
Event: 57.237 Thread 0x00007fa214079800 nmethod 2237 0x000000010524d090 code [0x000000010524d260, 0x000000010524db10]

GC Heap History (10 events):
Event: 29.629 GC heap before
{Heap before GC invocations=4 (full 1):
 PSYoungGen      total 76288K, used 76179K [0x000000076ab00000, 0x0000000773e00000, 0x00000007c0000000)
  eden space 65536K, 99% used [0x000000076ab00000,0x000000076eae88a0,0x000000076eb00000)
  from space 10752K, 99% used [0x000000076f580000,0x000000076fffc440,0x0000000770000000)
  to   space 10752K, 0% used [0x000000076eb00000,0x000000076eb00000,0x000000076f580000)
 ParOldGen       total 74752K, used 34807K [0x00000006c0000000, 0x00000006c4900000, 0x000000076ab00000)
  object space 74752K, 46% used [0x00000006c0000000,0x00000006c21fdea8,0x00000006c4900000)
 Metaspace       used 21005K, capacity 21232K, committed 21504K, reserved 1069056K
  class space    used 2445K, capacity 2532K, committed 2560K, reserved 1048576K
Event: 29.636 GC heap after
Heap after GC invocations=4 (full 1):
 PSYoungGen      total 76288K, used 10746K [0x000000076ab00000, 0x0000000773f00000, 0x00000007c0000000)
  eden space 65536K, 0% used [0x000000076ab00000,0x000000076ab00000,0x000000076eb00000)
  from space 10752K, 99% used [0x000000076eb00000,0x000000076f57eb68,0x000000076f580000)
  to   space 10752K, 0% used [0x0000000773480000,0x0000000773480000,0x0000000773f00000)
 ParOldGen       total 74752K, used 44544K [0x00000006c0000000, 0x00000006c4900000, 0x000000076ab00000)
  object space 74752K, 59% used [0x00000006c0000000,0x00000006c2b800a0,0x00000006c4900000)
 Metaspace       used 21005K, capacity 21232K, committed 21504K, reserved 1069056K
  class space    used 2445K, capacity 2532K, committed 2560K, reserved 1048576K
}
Event: 30.299 GC heap before
{Heap before GC invocations=5 (full 1):
 PSYoungGen      total 76288K, used 76282K [0x000000076ab00000, 0x0000000773f00000, 0x00000007c0000000)
  eden space 65536K, 100% used [0x000000076ab00000,0x000000076eb00000,0x000000076eb00000)
  from space 10752K, 99% used [0x000000076eb00000,0x000000076f57eb68,0x000000076f580000)
  to   space 10752K, 0% used [0x0000000773480000,0x0000000773480000,0x0000000773f00000)
 ParOldGen       total 74752K, used 44544K [0x00000006c0000000, 0x00000006c4900000, 0x000000076ab00000)
  object space 74752K, 59% used [0x00000006c0000000,0x00000006c2b800a0,0x00000006c4900000)
 Metaspace       used 21078K, capacity 21296K, committed 21504K, reserved 1069056K
  class space    used 2448K, capacity 2532K, committed 2560K, reserved 1048576K
Event: 30.314 GC heap after
Heap after GC invocations=5 (full 1):
 PSYoungGen      total 140288K, used 10737K [0x000000076ab00000, 0x0000000773f00000, 0x00000007c0000000)
  eden space 129536K, 0% used [0x000000076ab00000,0x000000076ab00000,0x0000000772980000)
  from space 10752K, 99% used [0x0000000773480000,0x0000000773efc6e8,0x0000000773f00000)
  to   space 10752K, 0% used [0x0000000772a00000,0x0000000772a00000,0x0000000773480000)
 ParOldGen       total 74752K, used 54328K [0x00000006c0000000, 0x00000006c4900000, 0x000000076ab00000)
  object space 74752K, 72% used [0x00000006c0000000,0x00000006c350e1b0,0x00000006c4900000)
 Metaspace       used 21078K, capacity 21296K, committed 21504K, reserved 1069056K
  class space    used 2448K, capacity 2532K, committed 2560K, reserved 1048576K
}
Event: 30.314 GC heap before
{Heap before GC invocations=6 (full 2):
 PSYoungGen      total 140288K, used 10737K [0x000000076ab00000, 0x0000000773f00000, 0x00000007c0000000)
  eden space 129536K, 0% used [0x000000076ab00000,0x000000076ab00000,0x0000000772980000)
  from space 10752K, 99% used [0x0000000773480000,0x0000000773efc6e8,0x0000000773f00000)
  to   space 10752K, 0% used [0x0000000772a00000,0x0000000772a00000,0x0000000773480000)
 ParOldGen       total 74752K, used 54328K [0x00000006c0000000, 0x00000006c4900000, 0x000000076ab00000)
  object space 74752K, 72% used [0x00000006c0000000,0x00000006c350e1b0,0x00000006c4900000)
 Metaspace       used 21078K, capacity 21296K, committed 21504K, reserved 1069056K
  class space    used 2448K, capacity 2532K, committed 2560K, reserved 1048576K
Event: 30.378 GC heap after
Heap after GC invocations=6 (full 2):
 PSYoungGen      total 140288K, used 0K [0x000000076ab00000, 0x0000000773f00000, 0x00000007c0000000)
  eden space 129536K, 0% used [0x000000076ab00000,0x000000076ab00000,0x0000000772980000)
  from space 10752K, 0% used [0x0000000773480000,0x0000000773480000,0x0000000773f00000)
  to   space 10752K, 0% used [0x0000000772a00000,0x0000000772a00000,0x0000000773480000)
 ParOldGen       total 181248K, used 62087K [0x00000006c0000000, 0x00000006cb100000, 0x000000076ab00000)
  object space 181248K, 34% used [0x00000006c0000000,0x00000006c3ca1f98,0x00000006cb100000)
 Metaspace       used 21078K, capacity 21296K, committed 21504K, reserved 1069056K
  class space    used 2448K, capacity 2532K, committed 2560K, reserved 1048576K
}
Event: 57.037 GC heap before
{Heap before GC invocations=7 (full 2):
 PSYoungGen      total 140288K, used 129536K [0x000000076ab00000, 0x0000000773f00000, 0x00000007c0000000)
  eden space 129536K, 100% used [0x000000076ab00000,0x0000000772980000,0x0000000772980000)
  from space 10752K, 0% used [0x0000000773480000,0x0000000773480000,0x0000000773f00000)
  to   space 10752K, 0% used [0x0000000772a00000,0x0000000772a00000,0x0000000773480000)
 ParOldGen       total 181248K, used 62087K [0x00000006c0000000, 0x00000006cb100000, 0x000000076ab00000)
  object space 181248K, 34% used [0x00000006c0000000,0x00000006c3ca1f98,0x00000006cb100000)
 Metaspace       used 21602K, capacity 21858K, committed 22144K, reserved 1069056K
  class space    used 2496K, capacity 2567K, committed 2688K, reserved 1048576K
Event: 57.055 GC heap after
Heap after GC invocations=7 (full 2):
 PSYoungGen      total 140800K, used 10727K [0x000000076ab00000, 0x000000077ba00000, 0x00000007c0000000)
  eden space 130048K, 0% used [0x000000076ab00000,0x000000076ab00000,0x0000000772a00000)
  from space 10752K, 99% used [0x0000000772a00000,0x0000000773479da8,0x0000000773480000)
  to   space 42496K, 0% used [0x0000000779080000,0x0000000779080000,0x000000077ba00000)
 ParOldGen       total 181248K, used 88131K [0x00000006c0000000, 0x00000006cb100000, 0x000000076ab00000)
  object space 181248K, 48% used [0x00000006c0000000,0x00000006c5610de8,0x00000006cb100000)
 Metaspace       used 21602K, capacity 21858K, committed 22144K, reserved 1069056K
  class space    used 2496K, capacity 2567K, committed 2688K, reserved 1048576K
}
Event: 57.222 GC heap before
{Heap before GC invocations=8 (full 2):
 PSYoungGen      total 140800K, used 140775K [0x000000076ab00000, 0x000000077ba00000, 0x00000007c0000000)
  eden space 130048K, 100% used [0x000000076ab00000,0x0000000772a00000,0x0000000772a00000)
  from space 10752K, 99% used [0x0000000772a00000,0x0000000773479da8,0x0000000773480000)
  to   space 42496K, 0% used [0x0000000779080000,0x0000000779080000,0x000000077ba00000)
 ParOldGen       total 181248K, used 88131K [0x00000006c0000000, 0x00000006cb100000, 0x000000076ab00000)
  object space 181248K, 48% used [0x00000006c0000000,0x00000006c5610de8,0x00000006cb100000)
 Metaspace       used 21602K, capacity 21858K, committed 22144K, reserved 1069056K
  class space    used 2496K, capacity 2567K, committed 2688K, reserved 1048576K
Event: 57.236 GC heap after
Heap after GC invocations=8 (full 2):
 PSYoungGen      total 235008K, used 30302K [0x000000076ab00000, 0x000000077c680000, 0x00000007c0000000)
  eden space 192512K, 0% used [0x000000076ab00000,0x000000076ab00000,0x0000000776700000)
  from space 42496K, 71% used [0x0000000779080000,0x000000077ae17b08,0x000000077ba00000)
  to   space 42496K, 0% used [0x0000000776700000,0x0000000776700000,0x0000000779080000)
 ParOldGen       total 181248K, used 88131K [0x00000006c0000000, 0x00000006cb100000, 0x000000076ab00000)
  object space 181248K, 48% used [0x00000006c0000000,0x00000006c5610de8,0x00000006cb100000)
 Metaspace       used 21602K, capacity 21858K, committed 22144K, reserved 1069056K
  class space    used 2496K, capacity 2567K, committed 2688K, reserved 1048576K
}

Deoptimization events (7 events):
Event: 7.151 Thread 0x00007fa21687b800 Uncommon trap: reason=class_check action=maybe_recompile pc=0x0000000104cd2d40 method=java.lang.String.equals(Ljava/lang/Object;)Z @ 8
Event: 7.151 Thread 0x00007fa21687b800 Uncommon trap: reason=class_check action=maybe_recompile pc=0x0000000104cd2d40 method=java.lang.String.equals(Ljava/lang/Object;)Z @ 8
Event: 7.162 Thread 0x00007fa21687b800 Uncommon trap: reason=class_check action=maybe_recompile pc=0x0000000104cd2d40 method=java.lang.String.equals(Ljava/lang/Object;)Z @ 8
Event: 7.162 Thread 0x00007fa21687b800 Uncommon trap: reason=class_check action=maybe_recompile pc=0x0000000104cd2d40 method=java.lang.String.equals(Ljava/lang/Object;)Z @ 8
Event: 34.767 Thread 0x00007fa21687b800 Uncommon trap: reason=class_check action=maybe_recompile pc=0x00000001050638ac method=java.awt.EventQueue.coalesceEvent(Ljava/awt/AWTEvent;I)Z @ 61
Event: 34.789 Thread 0x00007fa21687b800 Uncommon trap: reason=unreached action=reinterpret pc=0x0000000104d9aaf0 method=java.util.HashMap.getNode(ILjava/lang/Object;)Ljava/util/HashMap$Node; @ 53
Event: 53.990 Thread 0x00007fa21687b800 Uncommon trap: reason=unreached action=reinterpret pc=0x000000010522c614 method=java.awt.Container.findComponentAtImpl(IIZ)Ljava/awt/Component; @ 141

Internal exceptions (10 events):
Event: 29.769 Thread 0x00007fa21687b800 Exception <a 'java/security/PrivilegedActionException'> (0x000000076e87d6b0) thrown at [/HUDSON3/workspace/8-2-build-macosx-x86_64/jdk8u25/1514/hotspot/src/share/vm/prims/jvm.cpp, line 1312]
Event: 34.751 Thread 0x00007fa21687b800 Exception <a 'java/security/PrivilegedActionException'> (0x000000076bca73b8) thrown at [/HUDSON3/workspace/8-2-build-macosx-x86_64/jdk8u25/1514/hotspot/src/share/vm/prims/jvm.cpp, line 1312]
Event: 34.755 Thread 0x00007fa21687b800 Exception <a 'java/security/PrivilegedActionException'> (0x000000076bcb45c8) thrown at [/HUDSON3/workspace/8-2-build-macosx-x86_64/jdk8u25/1514/hotspot/src/share/vm/prims/jvm.cpp, line 1312]
Event: 34.757 Thread 0x00007fa21687b800 Exception <a 'java/security/PrivilegedActionException'> (0x000000076bcbcc50) thrown at [/HUDSON3/workspace/8-2-build-macosx-x86_64/jdk8u25/1514/hotspot/src/share/vm/prims/jvm.cpp, line 1312]
Event: 34.758 Thread 0x00007fa21687b800 Exception <a 'java/security/PrivilegedActionException'> (0x000000076bcbfa00) thrown at [/HUDSON3/workspace/8-2-build-macosx-x86_64/jdk8u25/1514/hotspot/src/share/vm/prims/jvm.cpp, line 1312]
Event: 34.761 Thread 0x00007fa21687b800 Exception <a 'java/security/PrivilegedActionException'> (0x000000076bcc6040) thrown at [/HUDSON3/workspace/8-2-build-macosx-x86_64/jdk8u25/1514/hotspot/src/share/vm/prims/jvm.cpp, line 1312]
Event: 34.761 Thread 0x00007fa21687b800 Exception <a 'java/security/PrivilegedActionException'> (0x000000076bcc9cb0) thrown at [/HUDSON3/workspace/8-2-build-macosx-x86_64/jdk8u25/1514/hotspot/src/share/vm/prims/jvm.cpp, line 1312]
Event: 34.783 Thread 0x00007fa21687b800 Exception <a 'java/security/PrivilegedActionException'> (0x000000076bce2ed8) thrown at [/HUDSON3/workspace/8-2-build-macosx-x86_64/jdk8u25/1514/hotspot/src/share/vm/prims/jvm.cpp, line 1312]
Event: 34.783 Thread 0x00007fa21687b800 Exception <a 'java/security/PrivilegedActionException'> (0x000000076bce8210) thrown at [/HUDSON3/workspace/8-2-build-macosx-x86_64/jdk8u25/1514/hotspot/src/share/vm/prims/jvm.cpp, line 1312]
Event: 34.786 Thread 0x00007fa21687b800 Exception <a 'java/security/PrivilegedActionException'> (0x000000076bcfbdd0) thrown at [/HUDSON3/workspace/8-2-build-macosx-x86_64/jdk8u25/1514/hotspot/src/share/vm/prims/jvm.cpp, line 1312]

Events (10 events):
Event: 56.078 Thread 0x00007fa215004800 flushing nmethod 0x0000000104ea7f50
Event: 56.089 Thread 0x00007fa215004800 flushing nmethod 0x0000000104ebc6d0
Event: 56.847 Thread 0x00007fa21687b800 DEOPT PACKING pc=0x000000010511a0f8 sp=0x0000000128003100
Event: 56.847 Thread 0x00007fa21687b800 DEOPT UNPACKING pc=0x0000000104ba0373 sp=0x0000000128002f38 mode 0
Event: 57.037 Executing VM operation: ParallelGCFailedAllocation
Event: 57.055 Executing VM operation: ParallelGCFailedAllocation done
Event: 57.055 Executing VM operation: BulkRevokeBias
Event: 57.055 Executing VM operation: BulkRevokeBias done
Event: 57.222 Executing VM operation: ParallelGCFailedAllocation
Event: 57.236 Executing VM operation: ParallelGCFailedAllocation done


Dynamic libraries:
0x000000000c014000 	/System/Library/Frameworks/Cocoa.framework/Versions/A/Cocoa
0x000000000c014000 	/System/Library/Frameworks/Security.framework/Versions/A/Security
0x000000000c014000 	/System/Library/Frameworks/ApplicationServices.framework/Versions/A/ApplicationServices
0x000000000c014000 	/usr/lib/libz.1.dylib
0x000000000c014000 	/usr/lib/libSystem.B.dylib
0x000000000c014000 	/usr/lib/libobjc.A.dylib
0x000000000c014000 	/System/Library/Frameworks/CoreFoundation.framework/Versions/A/CoreFoundation
0x000000000c014000 	/System/Library/Frameworks/Foundation.framework/Versions/C/Foundation
0x000000000c014000 	/System/Library/Frameworks/AppKit.framework/Versions/C/AppKit
0x000000000c014000 	/System/Library/Frameworks/CoreData.framework/Versions/A/CoreData
0x000000000c014000 	/System/Library/PrivateFrameworks/RemoteViewServices.framework/Versions/A/RemoteViewServices
0x000000000c014000 	/System/Library/PrivateFrameworks/UIFoundation.framework/Versions/A/UIFoundation
0x000000000c014000 	/System/Library/Frameworks/IOSurface.framework/Versions/A/IOSurface
0x000000000c014000 	/System/Library/Frameworks/AudioToolbox.framework/Versions/A/AudioToolbox
0x000000000c014000 	/System/Library/Frameworks/AudioUnit.framework/Versions/A/AudioUnit
0x000000000c014000 	/System/Library/PrivateFrameworks/DataDetectorsCore.framework/Versions/A/DataDetectorsCore
0x000000000c014000 	/System/Library/PrivateFrameworks/DesktopServicesPriv.framework/Versions/A/DesktopServicesPriv
0x000000000c014000 	/System/Library/Frameworks/Carbon.framework/Versions/A/Frameworks/HIToolbox.framework/Versions/A/HIToolbox
0x000000000c014000 	/System/Library/Frameworks/QuartzCore.framework/Versions/A/QuartzCore
0x000000000c014000 	/System/Library/Frameworks/Carbon.framework/Versions/A/Frameworks/SpeechRecognition.framework/Versions/A/SpeechRecognition
0x000000000c014000 	/usr/lib/libauto.dylib
0x000000000c014000 	/usr/lib/libicucore.A.dylib
0x000000000c014000 	/usr/lib/libxml2.2.dylib
0x000000000c014000 	/System/Library/PrivateFrameworks/CoreUI.framework/Versions/A/CoreUI
0x000000000c014000 	/System/Library/Frameworks/CoreAudio.framework/Versions/A/CoreAudio
0x000000000c014000 	/System/Library/Frameworks/DiskArbitration.framework/Versions/A/DiskArbitration
0x000000000c014000 	/usr/lib/liblangid.dylib
0x000000000c014000 	/System/Library/PrivateFrameworks/MultitouchSupport.framework/Versions/A/MultitouchSupport
0x000000000c014000 	/System/Library/Frameworks/IOKit.framework/Versions/A/IOKit
0x000000000c014000 	/usr/lib/libDiagnosticMessagesClient.dylib
0x000000000c014000 	/System/Library/Frameworks/CoreServices.framework/Versions/A/CoreServices
0x000000000c014000 	/System/Library/PrivateFrameworks/PerformanceAnalysis.framework/Versions/A/PerformanceAnalysis
0x000000000c014000 	/System/Library/PrivateFrameworks/GenerationalStorage.framework/Versions/A/GenerationalStorage
0x000000000c014000 	/System/Library/Frameworks/OpenGL.framework/Versions/A/OpenGL
0x000000000c014000 	/System/Library/PrivateFrameworks/Sharing.framework/Versions/A/Sharing
0x000000000c014000 	/System/Library/Frameworks/CoreGraphics.framework/Versions/A/CoreGraphics
0x000000000c014000 	/System/Library/Frameworks/CoreText.framework/Versions/A/CoreText
0x000000000c014000 	/System/Library/Frameworks/ImageIO.framework/Versions/A/ImageIO
0x000000000c014000 	/usr/lib/libextension.dylib
0x000000000c014000 	/System/Library/PrivateFrameworks/Backup.framework/Versions/A/Backup
0x000000000c014000 	/usr/lib/libarchive.2.dylib
0x000000000c014000 	/System/Library/Frameworks/CFNetwork.framework/Versions/A/CFNetwork
0x000000000c014000 	/System/Library/Frameworks/SystemConfiguration.framework/Versions/A/SystemConfiguration
0x000000000c014000 	/usr/lib/libCRFSuite.dylib
0x000000000c014000 	/usr/lib/libc++.1.dylib
0x000000000c014000 	/usr/lib/libc++abi.dylib
0x000000000c014000 	/usr/lib/system/libcache.dylib
0x000000000c014000 	/usr/lib/system/libcommonCrypto.dylib
0x000000000c014000 	/usr/lib/system/libcompiler_rt.dylib
0x000000000c014000 	/usr/lib/system/libcopyfile.dylib
0x000000000c014000 	/usr/lib/system/libcorecrypto.dylib
0x000000000c014000 	/usr/lib/system/libdispatch.dylib
0x000000000c014000 	/usr/lib/system/libdyld.dylib
0x000000000c014000 	/usr/lib/system/libkeymgr.dylib
0x000000000c014000 	/usr/lib/system/liblaunch.dylib
0x000000000c014000 	/usr/lib/system/libmacho.dylib
0x000000000c014000 	/usr/lib/system/libquarantine.dylib
0x000000000c014000 	/usr/lib/system/libremovefile.dylib
0x000000000c014000 	/usr/lib/system/libsystem_asl.dylib
0x000000000c014000 	/usr/lib/system/libsystem_blocks.dylib
0x000000000c014000 	/usr/lib/system/libsystem_c.dylib
0x000000000c014000 	/usr/lib/system/libsystem_configuration.dylib
0x000000000c014000 	/usr/lib/system/libsystem_coreservices.dylib
0x000000000c014000 	/usr/lib/system/libsystem_coretls.dylib
0x000000000c014000 	/usr/lib/system/libsystem_dnssd.dylib
0x000000000c014000 	/usr/lib/system/libsystem_info.dylib
0x000000000c014000 	/usr/lib/system/libsystem_kernel.dylib
0x000000000c014000 	/usr/lib/system/libsystem_m.dylib
0x000000000c014000 	/usr/lib/system/libsystem_malloc.dylib
0x000000000c014000 	/usr/lib/system/libsystem_network.dylib
0x000000000c014000 	/usr/lib/system/libsystem_networkextension.dylib
0x000000000c014000 	/usr/lib/system/libsystem_notify.dylib
0x000000000c014000 	/usr/lib/system/libsystem_platform.dylib
0x000000000c014000 	/usr/lib/system/libsystem_pthread.dylib
0x000000000c014000 	/usr/lib/system/libsystem_sandbox.dylib
0x000000000c014000 	/usr/lib/system/libsystem_secinit.dylib
0x000000000c014000 	/usr/lib/system/libsystem_stats.dylib
0x000000000c014000 	/usr/lib/system/libsystem_trace.dylib
0x000000000c014000 	/usr/lib/system/libunc.dylib
0x000000000c014000 	/usr/lib/system/libunwind.dylib
0x000000000c014000 	/usr/lib/system/libxpc.dylib
0x000000000c014000 	/usr/lib/libbz2.1.0.dylib
0x000000000c014000 	/usr/lib/liblzma.5.dylib
0x000000000c014000 	/usr/lib/libbsm.0.dylib
0x000000000c014000 	/usr/lib/libsqlite3.dylib
0x000000000c014000 	/usr/lib/system/libkxld.dylib
0x000000000c014000 	/usr/lib/libxar.1.dylib
0x000000000c014000 	/usr/lib/libpam.2.dylib
0x000000000c014000 	/usr/lib/libOpenScriptingUtil.dylib
0x000000000c014000 	/System/Library/Frameworks/CoreServices.framework/Versions/A/Frameworks/FSEvents.framework/Versions/A/FSEvents
0x000000000c014000 	/System/Library/Frameworks/CoreServices.framework/Versions/A/Frameworks/CarbonCore.framework/Versions/A/CarbonCore
0x000000000c014000 	/System/Library/Frameworks/CoreServices.framework/Versions/A/Frameworks/Metadata.framework/Versions/A/Metadata
0x000000000c014000 	/System/Library/Frameworks/CoreServices.framework/Versions/A/Frameworks/OSServices.framework/Versions/A/OSServices
0x000000000c014000 	/System/Library/Frameworks/CoreServices.framework/Versions/A/Frameworks/SearchKit.framework/Versions/A/SearchKit
0x000000000c014000 	/System/Library/Frameworks/CoreServices.framework/Versions/A/Frameworks/AE.framework/Versions/A/AE
0x000000000c014000 	/System/Library/Frameworks/CoreServices.framework/Versions/A/Frameworks/LaunchServices.framework/Versions/A/LaunchServices
0x000000000c014000 	/System/Library/Frameworks/CoreServices.framework/Versions/A/Frameworks/DictionaryServices.framework/Versions/A/DictionaryServices
0x000000000c014000 	/System/Library/Frameworks/NetFS.framework/Versions/A/NetFS
0x000000000c014000 	/System/Library/PrivateFrameworks/NetAuth.framework/Versions/A/NetAuth
0x000000000c014000 	/System/Library/PrivateFrameworks/login.framework/Versions/A/Frameworks/loginsupport.framework/Versions/A/loginsupport
0x000000000c014000 	/System/Library/PrivateFrameworks/TCC.framework/Versions/A/TCC
0x000000000c014000 	/usr/lib/libmecabra.dylib
0x000000000c014000 	/System/Library/Frameworks/ApplicationServices.framework/Versions/A/Frameworks/ATS.framework/Versions/A/ATS
0x000000000c014000 	/System/Library/Frameworks/ApplicationServices.framework/Versions/A/Frameworks/ColorSync.framework/Versions/A/ColorSync
0x000000000c014000 	/System/Library/Frameworks/ApplicationServices.framework/Versions/A/Frameworks/HIServices.framework/Versions/A/HIServices
0x000000000c014000 	/System/Library/Frameworks/ApplicationServices.framework/Versions/A/Frameworks/LangAnalysis.framework/Versions/A/LangAnalysis
0x000000000c014000 	/System/Library/Frameworks/ApplicationServices.framework/Versions/A/Frameworks/PrintCore.framework/Versions/A/PrintCore
0x000000000c014000 	/System/Library/Frameworks/ApplicationServices.framework/Versions/A/Frameworks/QD.framework/Versions/A/QD
0x000000000c014000 	/System/Library/Frameworks/ApplicationServices.framework/Versions/A/Frameworks/SpeechSynthesis.framework/Versions/A/SpeechSynthesis
0x000000000c014000 	/System/Library/Frameworks/Accelerate.framework/Versions/A/Accelerate
0x000000000c014000 	/System/Library/Frameworks/Accelerate.framework/Versions/A/Frameworks/vImage.framework/Versions/A/vImage
0x000000000c014000 	/System/Library/Frameworks/Accelerate.framework/Versions/A/Frameworks/vecLib.framework/Versions/A/vecLib
0x000000000c014000 	/System/Library/Frameworks/Accelerate.framework/Versions/A/Frameworks/vecLib.framework/Versions/A/libvDSP.dylib
0x000000000c014000 	/System/Library/Frameworks/Accelerate.framework/Versions/A/Frameworks/vecLib.framework/Versions/A/libvMisc.dylib
0x000000000c014000 	/System/Library/Frameworks/Accelerate.framework/Versions/A/Frameworks/vecLib.framework/Versions/A/libLAPACK.dylib
0x000000000c014000 	/System/Library/Frameworks/Accelerate.framework/Versions/A/Frameworks/vecLib.framework/Versions/A/libBLAS.dylib
0x000000000c014000 	/System/Library/Frameworks/Accelerate.framework/Versions/A/Frameworks/vecLib.framework/Versions/A/libLinearAlgebra.dylib
0x000000000c014000 	/System/Library/Frameworks/ApplicationServices.framework/Versions/A/Frameworks/ATS.framework/Versions/A/Resources/libFontParser.dylib
0x000000000c014000 	/System/Library/Frameworks/ApplicationServices.framework/Versions/A/Frameworks/ATS.framework/Versions/A/Resources/libFontRegistry.dylib
0x000000000c014000 	/System/Library/PrivateFrameworks/AppleVPA.framework/Versions/A/AppleVPA
0x000000000c014000 	/System/Library/PrivateFrameworks/AppleJPEG.framework/Versions/A/AppleJPEG
0x000000000c014000 	/System/Library/Frameworks/ImageIO.framework/Versions/A/Resources/libJPEG.dylib
0x000000000c014000 	/System/Library/Frameworks/ImageIO.framework/Versions/A/Resources/libTIFF.dylib
0x000000000c014000 	/System/Library/Frameworks/ImageIO.framework/Versions/A/Resources/libPng.dylib
0x000000000c014000 	/System/Library/Frameworks/ImageIO.framework/Versions/A/Resources/libGIF.dylib
0x000000000c014000 	/System/Library/Frameworks/ImageIO.framework/Versions/A/Resources/libJP2.dylib
0x000000000c014000 	/System/Library/Frameworks/ImageIO.framework/Versions/A/Resources/libRadiance.dylib
0x000000000c014000 	/System/Library/Frameworks/CoreVideo.framework/Versions/A/CoreVideo
0x000000000c014000 	/System/Library/Frameworks/OpenGL.framework/Versions/A/Libraries/libGLU.dylib
0x000000000c014000 	/System/Library/Frameworks/OpenGL.framework/Versions/A/Libraries/libGFXShared.dylib
0x000000000c014000 	/System/Library/Frameworks/OpenGL.framework/Versions/A/Libraries/libGL.dylib
0x000000000c014000 	/System/Library/Frameworks/OpenGL.framework/Versions/A/Libraries/libGLImage.dylib
0x000000000c014000 	/System/Library/Frameworks/OpenGL.framework/Versions/A/Libraries/libCVMSPluginSupport.dylib
0x000000000c014000 	/System/Library/Frameworks/OpenGL.framework/Versions/A/Libraries/libCoreVMClient.dylib
0x000000000c014000 	/usr/lib/libcups.2.dylib
0x000000000c014000 	/System/Library/Frameworks/Kerberos.framework/Versions/A/Kerberos
0x000000000c014000 	/System/Library/Frameworks/GSS.framework/Versions/A/GSS
0x000000000c014000 	/usr/lib/libresolv.9.dylib
0x000000000c014000 	/usr/lib/libiconv.2.dylib
0x000000000c014000 	/System/Library/PrivateFrameworks/Heimdal.framework/Versions/A/Heimdal
0x000000000c014000 	/usr/lib/libheimdal-asn1.dylib
0x000000000c014000 	/System/Library/Frameworks/OpenDirectory.framework/Versions/A/OpenDirectory
0x000000000c014000 	/System/Library/PrivateFrameworks/CommonAuth.framework/Versions/A/CommonAuth
0x000000000c014000 	/System/Library/Frameworks/OpenDirectory.framework/Versions/A/Frameworks/CFOpenDirectory.framework/Versions/A/CFOpenDirectory
0x000000000c014000 	/System/Library/Frameworks/SecurityFoundation.framework/Versions/A/SecurityFoundation
0x000000000c014000 	/System/Library/PrivateFrameworks/LanguageModeling.framework/Versions/A/LanguageModeling
0x000000000c014000 	/usr/lib/libcmph.dylib
0x000000000c014000 	/System/Library/Frameworks/ServiceManagement.framework/Versions/A/ServiceManagement
0x000000000c014000 	/usr/lib/libxslt.1.dylib
0x000000000c014000 	/System/Library/Frameworks/Carbon.framework/Versions/A/Frameworks/Ink.framework/Versions/A/Ink
0x000000000c014000 	/System/Library/Frameworks/QuartzCore.framework/Versions/A/Frameworks/CoreImage.framework/Versions/A/CoreImage
0x000000000c014000 	/System/Library/PrivateFrameworks/CrashReporterSupport.framework/Versions/A/CrashReporterSupport
0x000000000c014000 	/System/Library/Frameworks/OpenCL.framework/Versions/A/OpenCL
0x000000000c014000 	/System/Library/PrivateFrameworks/FaceCore.framework/Versions/A/FaceCore
0x000000000c014000 	/System/Library/PrivateFrameworks/Ubiquity.framework/Versions/A/Ubiquity
0x000000000c014000 	/System/Library/PrivateFrameworks/IconServices.framework/Versions/A/IconServices
0x000000000c014000 	/System/Library/PrivateFrameworks/ChunkingLibrary.framework/Versions/A/ChunkingLibrary
0x000000000c014000 	/System/Library/PrivateFrameworks/Apple80211.framework/Versions/A/Apple80211
0x000000000c014000 	/System/Library/Frameworks/CoreWLAN.framework/Versions/A/CoreWLAN
0x000000000c014000 	/System/Library/Frameworks/IOBluetooth.framework/Versions/A/IOBluetooth
0x000000000c014000 	/System/Library/PrivateFrameworks/CoreWiFi.framework/Versions/A/CoreWiFi
0x000000000c014000 	/System/Library/Frameworks/CoreBluetooth.framework/Versions/A/CoreBluetooth
0x000000000c014000 	/System/Library/PrivateFrameworks/DebugSymbols.framework/Versions/A/DebugSymbols
0x000000000c014000 	/System/Library/PrivateFrameworks/CoreSymbolication.framework/Versions/A/CoreSymbolication
0x000000000c014000 	/System/Library/PrivateFrameworks/Symbolication.framework/Versions/A/Symbolication
0x000000000c014000 	/System/Library/PrivateFrameworks/SpeechRecognitionCore.framework/Versions/A/SpeechRecognitionCore
0x0000000103c00000 	/Library/Java/JavaVirtualMachines/jdk1.8.0_25.jdk/Contents/Home/jre/lib/server/libjvm.dylib
0x000000000c014000 	/usr/lib/libstdc++.6.dylib
0x0000000102be5000 	/Library/Java/JavaVirtualMachines/jdk1.8.0_25.jdk/Contents/Home/jre/lib/libverify.dylib
0x0000000104b1c000 	/Library/Java/JavaVirtualMachines/jdk1.8.0_25.jdk/Contents/Home/jre/lib/libjava.dylib
0x0000000104b50000 	/Library/Java/JavaVirtualMachines/jdk1.8.0_25.jdk/Contents/Home/jre/lib/libzip.dylib
0x000000012072c000 	/System/Library/Frameworks/JavaVM.framework/Frameworks/JavaRuntimeSupport.framework/JavaRuntimeSupport
0x0000000120744000 	/System/Library/Frameworks/JavaVM.framework/Versions/A/Frameworks/JavaNativeFoundation.framework/Versions/A/JavaNativeFoundation
0x0000000120759000 	/System/Library/Frameworks/JavaVM.framework/Versions/A/JavaVM
0x000000000c014000 	/System/Library/Frameworks/Carbon.framework/Versions/A/Carbon
0x0000000120766000 	/System/Library/PrivateFrameworks/JavaLaunching.framework/Versions/A/JavaLaunching
0x000000000c014000 	/System/Library/Frameworks/Carbon.framework/Versions/A/Frameworks/CommonPanels.framework/Versions/A/CommonPanels
0x000000000c014000 	/System/Library/Frameworks/Carbon.framework/Versions/A/Frameworks/Help.framework/Versions/A/Help
0x000000000c014000 	/System/Library/Frameworks/Carbon.framework/Versions/A/Frameworks/ImageCapture.framework/Versions/A/ImageCapture
0x000000000c014000 	/System/Library/Frameworks/Carbon.framework/Versions/A/Frameworks/OpenScripting.framework/Versions/A/OpenScripting
0x000000000c014000 	/System/Library/Frameworks/Carbon.framework/Versions/A/Frameworks/Print.framework/Versions/A/Print
0x000000000c014000 	/System/Library/Frameworks/Carbon.framework/Versions/A/Frameworks/SecurityHI.framework/Versions/A/SecurityHI
0x000000012279d000 	/Library/Java/JavaVirtualMachines/jdk1.8.0_25.jdk/Contents/Home/jre/lib/libawt.dylib
0x000000012284c000 	/Library/Java/JavaVirtualMachines/jdk1.8.0_25.jdk/Contents/Home/jre/lib/./libmlib_image.dylib
0x0000000122918000 	/Library/Java/JavaVirtualMachines/jdk1.8.0_25.jdk/Contents/Home/jre/lib/libawt_lwawt.dylib
0x00000001229cb000 	/Library/Java/JavaVirtualMachines/jdk1.8.0_25.jdk/Contents/Home/jre/lib/./libosxapp.dylib
0x000000000c014000 	/System/Library/Frameworks/ExceptionHandling.framework/Versions/A/ExceptionHandling
0x000000000c014000 	/System/Library/PrivateFrameworks/CoreServicesInternal.framework/Versions/A/CoreServicesInternal
0x000000000c014000 	/System/Library/PrivateFrameworks/CloudDocs.framework/Versions/A/CloudDocs
0x000000000c014000 	/System/Library/PrivateFrameworks/CoreDuet.framework/Versions/A/CoreDuet
0x000000000c014000 	/System/Library/Frameworks/CloudKit.framework/Versions/A/CloudKit
0x000000000c014000 	/System/Library/PrivateFrameworks/ProtocolBuffer.framework/Versions/A/ProtocolBuffer
0x000000000c014000 	/System/Library/PrivateFrameworks/CoreDuetDaemonProtocol.framework/Versions/A/CoreDuetDaemonProtocol
0x000000000c014000 	/System/Library/PrivateFrameworks/CoreDuetDebugLogging.framework/Versions/A/CoreDuetDebugLogging
0x000000000c014000 	/System/Library/PrivateFrameworks/MMCS.framework/Versions/A/MMCS
0x000000000c014000 	/System/Library/Frameworks/CoreLocation.framework/Versions/A/CoreLocation
0x000000000c014000 	/System/Library/PrivateFrameworks/ProtectedCloudStorage.framework/Versions/A/ProtectedCloudStorage
0x000000000c014000 	/System/Library/PrivateFrameworks/GeoServices.framework/Versions/A/GeoServices
0x000000000c014000 	/System/Library/Frameworks/CoreGraphics.framework/Versions/A/Resources/libCGCMS.A.dylib
0x000000000c014000 	/System/Library/Frameworks/CoreGraphics.framework/Versions/A/Resources/libRIP.A.dylib
0x000000000c014000 	/System/Library/Frameworks/CoreGraphics.framework/Versions/A/Resources/libCGXType.A.dylib
0x000000000c014000 	/System/Library/Frameworks/OpenCL.framework/Versions/A/Libraries/libcldcpuengine.dylib
0x000000000c014000 	/System/Library/PrivateFrameworks/DiskImages.framework/Versions/A/DiskImages
0x000000000c014000 	/System/Library/Frameworks/DiscRecording.framework/Versions/A/DiscRecording
0x000000000c014000 	/usr/lib/libcsfde.dylib
0x000000000c014000 	/usr/lib/libcurl.4.dylib
0x000000000c014000 	/System/Library/PrivateFrameworks/MediaKit.framework/Versions/A/MediaKit
0x000000000c014000 	/usr/lib/libCoreStorage.dylib
0x000000000c014000 	/System/Library/PrivateFrameworks/EFILogin.framework/Versions/A/EFILogin
0x000000000c014000 	/usr/lib/libutil.dylib
0x000000000c014000 	/System/Library/PrivateFrameworks/FindMyDevice.framework/Versions/A/FindMyDevice
0x000000000c014000 	/System/Library/Frameworks/LDAP.framework/Versions/A/LDAP
0x000000000c014000 	/usr/lib/libsasl2.2.dylib
0x000000000c014000 	/System/Library/PrivateFrameworks/CoreDaemon.framework/Versions/B/CoreDaemon
0x000000000c014000 	/usr/lib/libcrypto.0.9.8.dylib
0x000000000c014000 	/System/Library/PrivateFrameworks/AppleSRP.framework/Versions/A/AppleSRP
0x000000000c014000 	/System/Library/PrivateFrameworks/TrustEvaluationAgent.framework/Versions/A/TrustEvaluationAgent
0x0000000122d50000 	cl_kernels
0x0000000125c56000 	/System/Library/Frameworks/OpenCL.framework/Versions/A/Libraries/ImageFormats/unorm8_bgra.dylib
0x0000000122d42000 	cl_kernels
0x000000000c014000 	/System/Library/PrivateFrameworks/FamilyControls.framework/Versions/A/FamilyControls
0x000000000c014000 	/System/Library/PrivateFrameworks/CommerceKit.framework/Versions/A/Frameworks/CommerceCore.framework/Versions/A/CommerceCore
0x000000000c014000 	/System/Library/PrivateFrameworks/SystemAdministration.framework/Versions/A/SystemAdministration
0x000000000c014000 	/System/Library/PrivateFrameworks/AppContainer.framework/Versions/A/AppContainer
0x000000000c014000 	/System/Library/PrivateFrameworks/SecCodeWrapper.framework/Versions/A/SecCodeWrapper
0x000000000c014000 	/System/Library/Frameworks/DirectoryService.framework/Versions/A/DirectoryService
0x000000000c014000 	/System/Library/PrivateFrameworks/LoginUIKit.framework/Versions/A/Frameworks/LoginUICore.framework/Versions/A/LoginUICore
0x000000000c014000 	/usr/lib/libodfde.dylib
0x000000012702b000 	/Library/Java/JavaVirtualMachines/jdk1.8.0_25.jdk/Contents/Home/jre/lib/libfontmanager.dylib
0x00000001250aa000 	/Library/Java/JavaVirtualMachines/jdk1.8.0_25.jdk/Contents/Home/jre/lib/libosxui.dylib
0x000000000c014000 	/System/Library/Frameworks/OpenGL.framework/Versions/A/Resources/GLEngine.bundle/GLEngine
0x000000000c014000 	/System/Library/Frameworks/OpenGL.framework/Versions/A/Libraries/libGLProgrammability.dylib
0x0000000000000000 	/System/Library/Extensions/AppleIntelHD5000GraphicsGLDriver.bundle/Contents/MacOS/AppleIntelHD5000GraphicsGLDriver
0x000000000c014000 	/System/Library/PrivateFrameworks/IOAccelerator.framework/Versions/A/IOAccelerator
0x000000000c014000 	/System/Library/PrivateFrameworks/GPUSupport.framework/Versions/A/Libraries/libGPUSupportMercury.dylib
0x000000000c014000 	/System/Library/Frameworks/OpenGL.framework/Versions/A/Resources/GLRendererFloat.bundle/GLRendererFloat
0x0000000127b91000 	/Library/Java/JavaVirtualMachines/jdk1.8.0_25.jdk/Contents/Home/jre/lib/libnet.dylib
0x0000000127bf0000 	/Library/Java/JavaVirtualMachines/jdk1.8.0_25.jdk/Contents/Home/jre/lib/libnio.dylib
0x0000000127c00000 	/private/var/folders/88/by9rmpdj33v0z3ft9n2pmj6w0000gn/T/jogamp_0000/file_cache/jln1654414845224912443/jln1333698400473798597/libgluegen-rt.jnilib
0x0000000127c06000 	/private/var/folders/88/by9rmpdj33v0z3ft9n2pmj6w0000gn/T/jogamp_0000/file_cache/jln1654414845224912443/jln1333698400473798597/libnativewindow_awt.jnilib
0x0000000127c09000 	/Library/Java/JavaVirtualMachines/jdk1.8.0_25.jdk/Contents/Home/jre/lib/libjawt.dylib
0x0000000127c0c000 	/private/var/folders/88/by9rmpdj33v0z3ft9n2pmj6w0000gn/T/jogamp_0000/file_cache/jln1654414845224912443/jln1333698400473798597/libnativewindow_macosx.jnilib
0x0000000128207000 	/private/var/folders/88/by9rmpdj33v0z3ft9n2pmj6w0000gn/T/jogamp_0000/file_cache/jln1654414845224912443/jln1333698400473798597/libjogl_desktop.jnilib
0x00000001282df000 	/private/var/folders/88/by9rmpdj33v0z3ft9n2pmj6w0000gn/T/jogamp_0000/file_cache/jln1654414845224912443/jln1333698400473798597/libjogl_mobile.jnilib
0x000000000c014000 	/System/Library/PrivateFrameworks/Shortcut.framework/Versions/A/Shortcut
0x000000000c014000 	/System/Library/PrivateFrameworks/HelpData.framework/Versions/A/HelpData
0x000000000c014000 	/usr/lib/libtidy.A.dylib
0x000000000c014000 	/System/Library/Frameworks/Accelerate.framework/Versions/A/Frameworks/vImage.framework/Versions/A/Libraries/libCGInterfaces.dylib
0x000000000c014000 	/System/Library/Frameworks/ApplicationServices.framework/Versions/A/Frameworks/ATS.framework/Versions/A/Resources/libTrueTypeScaler.dylib

VM Arguments:
jvm_args: -Dfile.encoding=UTF-8 
java_command: Main
java_class_path (initial): /Users/chrishawkins/Documents/workspace/Fits3D/bin:/Users/chrishawkins/Documents/workspace/jogamp-all-platforms/jar/gluegen-rt.jar:/Users/chrishawkins/Documents/workspace/jogamp-all-platforms/jar/jogl-all.jar:/Users/chrishawkins/Documents/workspace/Fits3D/commons-compress-1.9.jar:/Users/chrishawkins/Documents/workspace/Fits3D/fits.jar:/Users/chrishawkins/Documents/workspace/Fits3D/commons-math3-3.4.1.jar:/Users/chrishawkins/Documents/workspace/Fits3D/miglayout-4.0-swing.jar
Launcher Type: SUN_STANDARD

Environment Variables:
PATH=/usr/bin:/bin:/usr/sbin:/sbin
SHELL=/bin/bash
DISPLAY=/private/tmp/com.apple.launchd.29KkAtr93d/org.macosforge.xquartz:0

Signal Handlers:
SIGSEGV: [libjvm.dylib+0x579dc7], sa_mask[0]=11111111011111110111111111111111, sa_flags=SA_ONSTACK|SA_RESTART|SA_SIGINFO
SIGBUS: [libjvm.dylib+0x579dc7], sa_mask[0]=11111111011111110111111111111111, sa_flags=SA_RESTART|SA_SIGINFO
SIGFPE: [libjvm.dylib+0x45b030], sa_mask[0]=11111111011111110111111111111111, sa_flags=SA_RESTART|SA_SIGINFO
SIGPIPE: [libjvm.dylib+0x45b030], sa_mask[0]=11111111011111110111111111111111, sa_flags=SA_RESTART|SA_SIGINFO
SIGXFSZ: [libjvm.dylib+0x45b030], sa_mask[0]=11111111011111110111111111111111, sa_flags=SA_RESTART|SA_SIGINFO
SIGILL: [libjvm.dylib+0x45b030], sa_mask[0]=11111111011111110111111111111111, sa_flags=SA_RESTART|SA_SIGINFO
SIGUSR1: SIG_DFL, sa_mask[0]=00000000000000000000000000000000, sa_flags=none
SIGUSR2: [libjvm.dylib+0x45ab4e], sa_mask[0]=00100000000000000000000000000000, sa_flags=SA_RESTART|SA_SIGINFO
SIGHUP: [libjvm.dylib+0x459121], sa_mask[0]=11111111011111110111111111111111, sa_flags=SA_RESTART|SA_SIGINFO
SIGINT: [libjvm.dylib+0x459121], sa_mask[0]=11111111011111110111111111111111, sa_flags=SA_RESTART|SA_SIGINFO
SIGTERM: [libjvm.dylib+0x459121], sa_mask[0]=11111111011111110111111111111111, sa_flags=SA_RESTART|SA_SIGINFO
SIGQUIT: [libjvm.dylib+0x459121], sa_mask[0]=11111111011111110111111111111111, sa_flags=SA_RESTART|SA_SIGINFO


---------------  S Y S T E M  ---------------

OS:Bsduname:Darwin 14.3.0 Darwin Kernel Version 14.3.0: Mon Mar 23 11:59:05 PDT 2015; root:xnu-2782.20.48~5/RELEASE_X86_64 x86_64
rlimit: STACK 8192k, CORE 0k, NPROC 709, NOFILE 10240, AS infinity
load average:2.24 1.72 1.70

CPU:total 8 (4 cores per cpu, 2 threads per core) family 6 model 70 stepping 1, cmov, cx8, fxsr, mmx, sse, sse2, sse3, ssse3, sse4.1, sse4.2, popcnt, avx, avx2, aes, clmul, erms, lzcnt, ht, tsc, tscinvbit, bmi1, bmi2

Memory: 4k page, physical 16777216k(2782528k free)

/proc/meminfo:


vm_info: Java HotSpot(TM) 64-Bit Server VM (25.25-b02) for bsd-amd64 JRE (1.8.0_25-b17), built on Sep 17 2014 16:56:50 by "java_re" with gcc 4.2.1 (Based on Apple Inc. build 5658) (LLVM build 2336.11.00)

time: Wed Jun 24 21:31:31 2015
elapsed time: 57 seconds (0d 0h 0m 57s)

