#
# A fatal error has been detected by the Java Runtime Environment:
#
#  SIGSEGV (0xb) at pc=0x00007fff8a411a90, pid=88891, tid=57099
#
# JRE version: Java(TM) SE Runtime Environment (8.0_25-b17) (build 1.8.0_25-b17)
# Java VM: Java HotSpot(TM) 64-Bit Server VM (25.25-b02 mixed mode bsd-amd64 compressed oops)
# Problematic frame:
# C  [GLEngine+0x15ba90]  gleRunVertexSubmitImmediate+0x22e0
#
# Failed to write core dump. Core dumps have been disabled. To enable core dumping, try "ulimit -c unlimited" before starting Java again
#
# If you would like to submit a bug report, please visit:
#   http://bugreport.sun.com/bugreport/crash.jsp
# The crash happened outside the Java Virtual Machine in native code.
# See problematic frame for where to report the bug.
#

---------------  T H R E A D  ---------------

Current thread (0x00007fd5521f6000):  JavaThread "AWT-EventQueue-0" [_thread_in_native, id=57099, stack(0x000000012b179000,0x000000012b279000)]

siginfo: si_signo: 11 (SIGSEGV), si_code: 1 (SEGV_MAPERR), si_addr: 0x0000000000000000

Registers:
RAX=0x00007fff8a411a90, RBX=0x0000000000000006, RCX=0x0000000000000000, RDX=0x00007fff8a4124b8
RSP=0x000000012b276fa0, RBP=0x000000012b2771f0, RSI=0x0000000000000005, RDI=0x0000000000000027
R8 =0x0000000000845800, R9 =0x00007fd55684d600, R10=0x00007fd558c290e0, R11=0x00007fd55684d600
R12=0x0000000000000001, R13=0x0000000000841804, R14=0x00007fd558c290e0, R15=0x0000000000000001
RIP=0x00007fff8a411a90, EFLAGS=0x0000000000010217, ERR=0x0000000000000004
  TRAPNO=0x000000000000000e

Top of Stack: (sp=0x000000012b276fa0)
0x000000012b276fa0:   00007fff7679b070 00007fd5549f9c30
0x000000012b276fb0:   000000012b277170 00001234001051a3
0x000000012b276fc0:   000000012b276ff0 000000000000003c
0x000000012b276fd0:   000000012b277130 00007fff8a39b078
0x000000012b276fe0:   000000012b277000 00007fff88b80dd4
0x000000012b276ff0:   00007fd5533da600 0000000000000000
0x000000012b277000:   000000012b27707c 00000000000aac60
0x000000012b277010:   00007fd554a03088 0000000000002001
0x000000012b277020:   0000002000000000 0000000000000000
0x000000012b277030:   000000012d438c60 00007fd5549fcb10
0x000000012b277040:   0000000000000000 0000000000000001
0x000000012b277050:   00447e0000e78006 007e7f1c7ffff3e7
0x000000012b277060:   00007fd55684de10 00007fff88b80b4e
0x000000012b277070:   00007fd55684d740 00007fd55684d770
0x000000012b277080:   00007fd55684d750 00007fd55684d780
0x000000012b277090:   00007fd55684d760 00007fd55684d7a0
0x000000012b2770a0:   0000000000000000 0000000000000000
0x000000012b2770b0:   fffffffe00000002 00007fd5549fcb10
0x000000012b2770c0:   000000000000108b 0000000000000001
0x000000012b2770d0:   ffffffff10008010 0000000000000001
0x000000012b2770e0:   00007fd55684d790 0000000010008010
0x000000012b2770f0:   7a00000300000000 0000000000000000
0x000000012b277100:   0000043100000000 00007fff88b80dd4
0x000000012b277110:   0000000002116000 0000000000000000
0x000000012b277120:   000000012b27719c 000000012b2771a0
0x000000012b277130:   000000012b2771a4 00007fd558c29048
0x000000012b277140:   0000000000000000 0000000000000000
0x000000012b277150:   0000000000000000 00007fd558c29048
0x000000012b277160:   0000000000000836 00007fd55684d600
0x000000012b277170:   0000000000000000 00007fd55684d600
0x000000012b277180:   0000000000000000 000000012e5c3060
0x000000012b277190:   000000012e5d3720 0000000000000000 

Instructions: (pc=0x00007fff8a411a90)
0x00007fff8a411a70:   ba 00 00 80 7f 0f 44 da e9 ad 00 00 00 48 8d 15
0x00007fff8a411a80:   34 0a 00 00 48 63 04 82 48 01 d0 4d 89 f2 ff e0
0x00007fff8a411a90:   f3 0f 10 01 f3 0f 11 45 80 4d 89 de e9 af 07 00
0x00007fff8a411aa0:   00 41 83 fc 04 0f 85 7e 03 00 00 f2 0f 10 01 e9 

Register to memory mapping:

RAX=0x00007fff8a411a90: gleRunVertexSubmitImmediate+0x22e0 in /System/Library/Frameworks/OpenGL.framework/Versions/A/Resources/GLEngine.bundle/GLEngine at 0x00007fff8a2b6000
RBX=0x0000000000000006 is an unknown value
RCX=0x0000000000000000 is an unknown value
RDX=0x00007fff8a4124b8: gleRunVertexSubmitImmediate+0x2d08 in /System/Library/Frameworks/OpenGL.framework/Versions/A/Resources/GLEngine.bundle/GLEngine at 0x00007fff8a2b6000
RSP=0x000000012b276fa0 is pointing into the stack for thread: 0x00007fd5521f6000
RBP=0x000000012b2771f0 is pointing into the stack for thread: 0x00007fd5521f6000
RSI=0x0000000000000005 is an unknown value
RDI=0x0000000000000027 is an unknown value
R8 =0x0000000000845800 is an unknown value
R9 =0x00007fd55684d600 is an unknown value
R10=0x00007fd558c290e0 is an unknown value
R11=0x00007fd55684d600 is an unknown value
R12=0x0000000000000001 is an unknown value
R13=0x0000000000841804 is an unknown value
R14=0x00007fd558c290e0 is an unknown value
R15=0x0000000000000001 is an unknown value


Stack: [0x000000012b179000,0x000000012b279000],  sp=0x000000012b276fa0,  free space=1015k
Native frames: (J=compiled Java code, j=interpreted, Vv=VM code, C=native code)
C  [GLEngine+0x15ba90]  gleRunVertexSubmitImmediate+0x22e0
C  [GLEngine+0xd48b8]  glDrawArrays_ACC_GL3Exec+0x2e6
C  [libjogl_desktop.jnilib+0x2afe0]  Java_jogamp_opengl_gl4_GL4bcImpl_dispatch_1glDrawArrays1__IIIJ+0x40
J 1434  jogamp.opengl.gl4.GL4bcImpl.dispatch_glDrawArrays1(IIIJ)V (0 bytes) @ 0x00000001079c67f2 [0x00000001079c6740+0xb2]
J 1473 C2 jogamp.opengl.gl4.GL4bcImpl.glDrawArrays(III)V (49 bytes) @ 0x00000001079fcb24 [0x00000001079fcae0+0x44]
J 1630 C1 Renderer.display()V (839 bytes) @ 0x0000000107a5498c [0x0000000107a50e40+0x3b4c]
J 1176 C1 FrameMaster.display(Lcom/jogamp/opengl/GLAutoDrawable;)V (65 bytes) @ 0x0000000107925474 [0x00000001079251a0+0x2d4]
J 1175 C1 jogamp.opengl.GLDrawableHelper.displayImpl(Lcom/jogamp/opengl/GLAutoDrawable;)V (105 bytes) @ 0x00000001079235bc [0x0000000107922820+0xd9c]
J 1166 C1 com.jogamp.opengl.awt.GLCanvas$11.run()V (122 bytes) @ 0x00000001079190b4 [0x0000000107918a80+0x634]
J 1162 C1 jogamp.opengl.GLDrawableHelper.invokeGLImpl(Lcom/jogamp/opengl/GLDrawable;Lcom/jogamp/opengl/GLContext;Ljava/lang/Runnable;Ljava/lang/Runnable;)V (579 bytes) @ 0x00000001079134ec [0x00000001079126a0+0xe4c]
J 1161 C1 jogamp.opengl.GLDrawableHelper.invokeGL(Lcom/jogamp/opengl/GLDrawable;Lcom/jogamp/opengl/GLContext;Ljava/lang/Runnable;Ljava/lang/Runnable;)V (76 bytes) @ 0x00000001079120c4 [0x0000000107912000+0xc4]
J 1070 C1 com.jogamp.opengl.awt.GLCanvas$12.run()V (126 bytes) @ 0x00000001078ddebc [0x00000001078dd880+0x63c]
J 996 C1 java.awt.event.InvocationEvent.dispatch()V (69 bytes) @ 0x00000001078a050c [0x00000001078a03c0+0x14c]
J 1003 C1 java.awt.EventQueue.dispatchEventImpl(Ljava/awt/AWTEvent;Ljava/lang/Object;)V (149 bytes) @ 0x00000001078a43d4 [0x00000001078a2a00+0x19d4]
J 1001 C1 java.awt.EventQueue$3.run()Ljava/lang/Void; (60 bytes) @ 0x00000001078a1e14 [0x00000001078a1c00+0x214]
J 1000 C1 java.awt.EventQueue$3.run()Ljava/lang/Object; (5 bytes) @ 0x00000001078a188c [0x00000001078a1800+0x8c]
v  ~StubRoutines::call_stub
V  [libjvm.dylib+0x2d4516]  JavaCalls::call_helper(JavaValue*, methodHandle*, JavaCallArguments*, Thread*)+0x6ae
V  [libjvm.dylib+0x32aeb2]  JVM_DoPrivileged+0x4b8
J 874  java.security.AccessController.doPrivileged(Ljava/security/PrivilegedAction;Ljava/security/AccessControlContext;)Ljava/lang/Object; (0 bytes) @ 0x000000010785cd15 [0x000000010785cc40+0xd5]
J 960 C1 java.awt.EventQueue.dispatchEvent(Ljava/awt/AWTEvent;)V (80 bytes) @ 0x0000000107881e04 [0x0000000107881540+0x8c4]
J 963 C1 java.awt.EventDispatchThread.pumpOneEventForFilters(I)V (295 bytes) @ 0x00000001078852ac [0x0000000107883740+0x1b6c]
j  java.awt.EventDispatchThread.pumpEventsForFilter(ILjava/awt/Conditional;Ljava/awt/EventFilter;)V+35
j  java.awt.EventDispatchThread.pumpEventsForHierarchy(ILjava/awt/Conditional;Ljava/awt/Component;)V+11
j  java.awt.EventDispatchThread.pumpEvents(ILjava/awt/Conditional;)V+4
j  java.awt.EventDispatchThread.pumpEvents(Ljava/awt/Conditional;)V+3
j  java.awt.EventDispatchThread.run()V+9
v  ~StubRoutines::call_stub
V  [libjvm.dylib+0x2d4516]  JavaCalls::call_helper(JavaValue*, methodHandle*, JavaCallArguments*, Thread*)+0x6ae
V  [libjvm.dylib+0x2d4ca4]  JavaCalls::call_virtual(JavaValue*, KlassHandle, Symbol*, Symbol*, JavaCallArguments*, Thread*)+0x164
V  [libjvm.dylib+0x2d4e50]  JavaCalls::call_virtual(JavaValue*, Handle, KlassHandle, Symbol*, Symbol*, Thread*)+0x4a
V  [libjvm.dylib+0x32583f]  thread_entry(JavaThread*, Thread*)+0x7c
V  [libjvm.dylib+0x535ed9]  JavaThread::thread_main_inner()+0x9b
V  [libjvm.dylib+0x53761c]  JavaThread::run()+0x1c2
V  [libjvm.dylib+0x45d87e]  java_start(Thread*)+0xf6
C  [libsystem_pthread.dylib+0x3268]  _pthread_body+0x83
C  [libsystem_pthread.dylib+0x31e5]  _pthread_body+0x0
C  [libsystem_pthread.dylib+0x141d]  thread_start+0xd
C  0x0000000000000000

Java frames: (J=compiled Java code, j=interpreted, Vv=VM code)
J 1434  jogamp.opengl.gl4.GL4bcImpl.dispatch_glDrawArrays1(IIIJ)V (0 bytes) @ 0x00000001079c6778 [0x00000001079c6740+0x38]
J 1473 C2 jogamp.opengl.gl4.GL4bcImpl.glDrawArrays(III)V (49 bytes) @ 0x00000001079fcb24 [0x00000001079fcae0+0x44]
J 1630 C1 Renderer.display()V (839 bytes) @ 0x0000000107a5498c [0x0000000107a50e40+0x3b4c]
J 1176 C1 FrameMaster.display(Lcom/jogamp/opengl/GLAutoDrawable;)V (65 bytes) @ 0x0000000107925474 [0x00000001079251a0+0x2d4]
J 1175 C1 jogamp.opengl.GLDrawableHelper.displayImpl(Lcom/jogamp/opengl/GLAutoDrawable;)V (105 bytes) @ 0x00000001079235bc [0x0000000107922820+0xd9c]
J 1166 C1 com.jogamp.opengl.awt.GLCanvas$11.run()V (122 bytes) @ 0x00000001079190b4 [0x0000000107918a80+0x634]
J 1162 C1 jogamp.opengl.GLDrawableHelper.invokeGLImpl(Lcom/jogamp/opengl/GLDrawable;Lcom/jogamp/opengl/GLContext;Ljava/lang/Runnable;Ljava/lang/Runnable;)V (579 bytes) @ 0x00000001079134ec [0x00000001079126a0+0xe4c]
J 1161 C1 jogamp.opengl.GLDrawableHelper.invokeGL(Lcom/jogamp/opengl/GLDrawable;Lcom/jogamp/opengl/GLContext;Ljava/lang/Runnable;Ljava/lang/Runnable;)V (76 bytes) @ 0x00000001079120c4 [0x0000000107912000+0xc4]
J 1070 C1 com.jogamp.opengl.awt.GLCanvas$12.run()V (126 bytes) @ 0x00000001078ddebc [0x00000001078dd880+0x63c]
J 996 C1 java.awt.event.InvocationEvent.dispatch()V (69 bytes) @ 0x00000001078a050c [0x00000001078a03c0+0x14c]
J 1003 C1 java.awt.EventQueue.dispatchEventImpl(Ljava/awt/AWTEvent;Ljava/lang/Object;)V (149 bytes) @ 0x00000001078a43d4 [0x00000001078a2a00+0x19d4]
J 1001 C1 java.awt.EventQueue$3.run()Ljava/lang/Void; (60 bytes) @ 0x00000001078a1e14 [0x00000001078a1c00+0x214]
J 1000 C1 java.awt.EventQueue$3.run()Ljava/lang/Object; (5 bytes) @ 0x00000001078a188c [0x00000001078a1800+0x8c]
v  ~StubRoutines::call_stub
J 874  java.security.AccessController.doPrivileged(Ljava/security/PrivilegedAction;Ljava/security/AccessControlContext;)Ljava/lang/Object; (0 bytes) @ 0x000000010785cca3 [0x000000010785cc40+0x63]
J 960 C1 java.awt.EventQueue.dispatchEvent(Ljava/awt/AWTEvent;)V (80 bytes) @ 0x0000000107881e04 [0x0000000107881540+0x8c4]
J 963 C1 java.awt.EventDispatchThread.pumpOneEventForFilters(I)V (295 bytes) @ 0x00000001078852ac [0x0000000107883740+0x1b6c]
j  java.awt.EventDispatchThread.pumpEventsForFilter(ILjava/awt/Conditional;Ljava/awt/EventFilter;)V+35
j  java.awt.EventDispatchThread.pumpEventsForHierarchy(ILjava/awt/Conditional;Ljava/awt/Component;)V+11
j  java.awt.EventDispatchThread.pumpEvents(ILjava/awt/Conditional;)V+4
j  java.awt.EventDispatchThread.pumpEvents(Ljava/awt/Conditional;)V+3
j  java.awt.EventDispatchThread.run()V+9
v  ~StubRoutines::call_stub

---------------  P R O C E S S  ---------------

Java Threads: ( => current thread )
  0x00007fd5522bc800 JavaThread "TimerQueue" daemon [_thread_blocked, id=40719, stack(0x00000001394b1000,0x00000001395b1000)]
  0x00007fd554023800 JavaThread "DestroyJavaVM" [_thread_blocked, id=4867, stack(0x000000010546f000,0x000000010556f000)]
  0x00007fd554a0a000 JavaThread "main-FPSAWTAnimator#00-Timer0" [_thread_blocked, id=62727, stack(0x000000012dd01000,0x000000012de01000)]
=>0x00007fd5521f6000 JavaThread "AWT-EventQueue-0" [_thread_in_native, id=57099, stack(0x000000012b179000,0x000000012b279000)]
  0x00007fd55495a000 JavaThread "Java2D Disposer" daemon [_thread_blocked, id=56343, stack(0x000000012a524000,0x000000012a624000)]
  0x00007fd55586d800 JavaThread "Java2D Queue Flusher" daemon [_thread_blocked, id=55047, stack(0x0000000129b85000,0x0000000129c85000)]
  0x00007fd552801000 JavaThread "AWT-Shutdown" [_thread_blocked, id=29971, stack(0x000000012696c000,0x0000000126a6c000)]
  0x00007fd554809000 JavaThread "AWT-AppKit" daemon [_thread_in_native, id=1811, stack(0x00007fff5a0a7000,0x00007fff5a8a7000)]
  0x00007fd55204d000 JavaThread "Service Thread" daemon [_thread_blocked, id=20739, stack(0x0000000124ee8000,0x0000000124fe8000)]
  0x00007fd55480c800 JavaThread "C1 CompilerThread3" daemon [_thread_blocked, id=20227, stack(0x0000000124de5000,0x0000000124ee5000)]
  0x00007fd555803800 JavaThread "C2 CompilerThread2" daemon [_thread_blocked, id=19715, stack(0x0000000124ce2000,0x0000000124de2000)]
  0x00007fd555802800 JavaThread "C2 CompilerThread1" daemon [_thread_blocked, id=19203, stack(0x0000000124bdf000,0x0000000124cdf000)]
  0x00007fd55480c000 JavaThread "C2 CompilerThread0" daemon [_thread_blocked, id=18691, stack(0x0000000124adc000,0x0000000124bdc000)]
  0x00007fd555800000 JavaThread "Signal Dispatcher" daemon [_thread_blocked, id=15379, stack(0x00000001249d9000,0x0000000124ad9000)]
  0x00007fd553805800 JavaThread "Finalizer" daemon [_thread_blocked, id=13571, stack(0x0000000122fc5000,0x00000001230c5000)]
  0x00007fd553804800 JavaThread "Reference Handler" daemon [_thread_blocked, id=13059, stack(0x0000000122ec2000,0x0000000122fc2000)]

Other Threads:
  0x00007fd55206a000 VMThread [stack: 0x0000000122dbf000,0x0000000122ebf000] [id=12547]
  0x00007fd552048800 WatcherThread [stack: 0x0000000124feb000,0x00000001250eb000] [id=21251]

VM state:not at safepoint (normal execution)

VM Mutex/Monitor currently owned by a thread: None

Heap:
 PSYoungGen      total 141824K, used 51010K [0x000000076ab00000, 0x0000000774000000, 0x00000007c0000000)
  eden space 131072K, 30% used [0x000000076ab00000,0x000000076d252b88,0x0000000772b00000)
  from space 10752K, 99% used [0x0000000773580000,0x0000000773ffde78,0x0000000774000000)
  to   space 10752K, 0% used [0x0000000772b00000,0x0000000772b00000,0x0000000773580000)
 ParOldGen       total 175104K, used 64067K [0x00000006c0000000, 0x00000006cab00000, 0x000000076ab00000)
  object space 175104K, 36% used [0x00000006c0000000,0x00000006c3e90e30,0x00000006cab00000)
 Metaspace       used 18920K, capacity 19110K, committed 19328K, reserved 1067008K
  class space    used 2075K, capacity 2143K, committed 2176K, reserved 1048576K

Card table byte_map: [0x00000001168dc000,0x00000001170dd000] byte_map_base: 0x00000001132dc000

Marking Bits: (ParMarkBitMap*) 0x0000000106e9d390
 Begin Bits: [0x0000000117e4b000, 0x000000011be4b000)
 End Bits:   [0x000000011be4b000, 0x000000011fe4b000)

Polling page: 0x00000001055b3000

CodeCache: size=245760Kb used=5630Kb max_used=5633Kb free=240130Kb
 bounds [0x000000010751c000, 0x0000000107aac000, 0x000000011651c000]
 total_blobs=2564 nmethods=1720 adapters=758
 compilation: enabled

Compilation events (10 events):
Event: 33.678 Thread 0x00007fd55480c000 1780       4       java.nio.Buffer::<init> (121 bytes)
Event: 33.679 Thread 0x00007fd55480c000 nmethod 1780 0x0000000107a90f10 code [0x0000000107a91060, 0x0000000107a91158]
Event: 33.695 Thread 0x00007fd55480c800 1781       3       java.lang.Long::stringSize (38 bytes)
Event: 33.695 Thread 0x00007fd55480c800 nmethod 1781 0x0000000107a90a10 code [0x0000000107a90b80, 0x0000000107a90dd0]
Event: 33.695 Thread 0x00007fd55480c800 1782       3       java.lang.Long::getChars (221 bytes)
Event: 33.696 Thread 0x00007fd55480c800 nmethod 1782 0x0000000107a95b50 code [0x0000000107a95d20, 0x0000000107a96370]
Event: 33.697 Thread 0x00007fd55480c800 1783       3       java.lang.StringBuilder::append (8 bytes)
Event: 33.697 Thread 0x00007fd55480c800 nmethod 1783 0x0000000107a957d0 code [0x0000000107a95940, 0x0000000107a95ac8]
Event: 33.697 Thread 0x00007fd55480c800 1784       3       java.lang.AbstractStringBuilder::append (70 bytes)
Event: 33.698 Thread 0x00007fd55480c800 nmethod 1784 0x0000000107a94f50 code [0x0000000107a95100, 0x0000000107a95608]

GC Heap History (8 events):
Event: 29.893 GC heap before
{Heap before GC invocations=1 (full 0):
 PSYoungGen      total 76288K, used 65536K [0x000000076ab00000, 0x0000000770000000, 0x00000007c0000000)
  eden space 65536K, 100% used [0x000000076ab00000,0x000000076eb00000,0x000000076eb00000)
  from space 10752K, 0% used [0x000000076f580000,0x000000076f580000,0x0000000770000000)
  to   space 10752K, 0% used [0x000000076eb00000,0x000000076eb00000,0x000000076f580000)
 ParOldGen       total 175104K, used 0K [0x00000006c0000000, 0x00000006cab00000, 0x000000076ab00000)
  object space 175104K, 0% used [0x00000006c0000000,0x00000006c0000000,0x00000006cab00000)
 Metaspace       used 17858K, capacity 18100K, committed 18432K, reserved 1064960K
  class space    used 1939K, capacity 2004K, committed 2048K, reserved 1048576K
Event: 29.910 GC heap after
Heap after GC invocations=1 (full 0):
 PSYoungGen      total 76288K, used 10722K [0x000000076ab00000, 0x0000000770000000, 0x00000007c0000000)
  eden space 65536K, 0% used [0x000000076ab00000,0x000000076ab00000,0x000000076eb00000)
  from space 10752K, 99% used [0x000000076eb00000,0x000000076f578ab0,0x000000076f580000)
  to   space 10752K, 0% used [0x000000076f580000,0x000000076f580000,0x0000000770000000)
 ParOldGen       total 175104K, used 25221K [0x00000006c0000000, 0x00000006cab00000, 0x000000076ab00000)
  object space 175104K, 14% used [0x00000006c0000000,0x00000006c18a1420,0x00000006cab00000)
 Metaspace       used 17858K, capacity 18100K, committed 18432K, reserved 1064960K
  class space    used 1939K, capacity 2004K, committed 2048K, reserved 1048576K
}
Event: 30.193 GC heap before
{Heap before GC invocations=2 (full 0):
 PSYoungGen      total 76288K, used 76163K [0x000000076ab00000, 0x0000000770000000, 0x00000007c0000000)
  eden space 65536K, 99% used [0x000000076ab00000,0x000000076eae8218,0x000000076eb00000)
  from space 10752K, 99% used [0x000000076eb00000,0x000000076f578ab0,0x000000076f580000)
  to   space 10752K, 0% used [0x000000076f580000,0x000000076f580000,0x0000000770000000)
 ParOldGen       total 175104K, used 25221K [0x00000006c0000000, 0x00000006cab00000, 0x000000076ab00000)
  object space 175104K, 14% used [0x00000006c0000000,0x00000006c18a1420,0x00000006cab00000)
 Metaspace       used 17909K, capacity 18100K, committed 18432K, reserved 1064960K
  class space    used 1941K, capacity 2004K, committed 2048K, reserved 1048576K
Event: 30.205 GC heap after
Heap after GC invocations=2 (full 0):
 PSYoungGen      total 76288K, used 10729K [0x000000076ab00000, 0x0000000774000000, 0x00000007c0000000)
  eden space 65536K, 0% used [0x000000076ab00000,0x000000076ab00000,0x000000076eb00000)
  from space 10752K, 99% used [0x000000076f580000,0x000000076fffa640,0x0000000770000000)
  to   space 10752K, 0% used [0x000000076eb00000,0x000000076eb00000,0x000000076f580000)
 ParOldGen       total 175104K, used 36516K [0x00000006c0000000, 0x00000006cab00000, 0x000000076ab00000)
  object space 175104K, 20% used [0x00000006c0000000,0x00000006c23a90a0,0x00000006cab00000)
 Metaspace       used 17909K, capacity 18100K, committed 18432K, reserved 1064960K
  class space    used 1941K, capacity 2004K, committed 2048K, reserved 1048576K
}
Event: 30.300 GC heap before
{Heap before GC invocations=3 (full 0):
 PSYoungGen      total 76288K, used 76005K [0x000000076ab00000, 0x0000000774000000, 0x00000007c0000000)
  eden space 65536K, 99% used [0x000000076ab00000,0x000000076eabef58,0x000000076eb00000)
  from space 10752K, 99% used [0x000000076f580000,0x000000076fffa640,0x0000000770000000)
  to   space 10752K, 0% used [0x000000076eb00000,0x000000076eb00000,0x000000076f580000)
 ParOldGen       total 175104K, used 36516K [0x00000006c0000000, 0x00000006cab00000, 0x000000076ab00000)
  object space 175104K, 20% used [0x00000006c0000000,0x00000006c23a90a0,0x00000006cab00000)
 Metaspace       used 17923K, capacity 18100K, committed 18432K, reserved 1064960K
  class space    used 1941K, capacity 2004K, committed 2048K, reserved 1048576K
Event: 30.309 GC heap after
Heap after GC invocations=3 (full 0):
 PSYoungGen      total 76288K, used 10740K [0x000000076ab00000, 0x0000000774000000, 0x00000007c0000000)
  eden space 65536K, 0% used [0x000000076ab00000,0x000000076ab00000,0x000000076eb00000)
  from space 10752K, 99% used [0x000000076eb00000,0x000000076f57d0d0,0x000000076f580000)
  to   space 10752K, 0% used [0x0000000773580000,0x0000000773580000,0x0000000774000000)
 ParOldGen       total 175104K, used 49115K [0x00000006c0000000, 0x00000006cab00000, 0x000000076ab00000)
  object space 175104K, 28% used [0x00000006c0000000,0x00000006c2ff6d60,0x00000006cab00000)
 Metaspace       used 17923K, capacity 18100K, committed 18432K, reserved 1064960K
  class space    used 1941K, capacity 2004K, committed 2048K, reserved 1048576K
}
Event: 33.660 GC heap before
{Heap before GC invocations=4 (full 0):
 PSYoungGen      total 76288K, used 76276K [0x000000076ab00000, 0x0000000774000000, 0x00000007c0000000)
  eden space 65536K, 100% used [0x000000076ab00000,0x000000076eb00000,0x000000076eb00000)
  from space 10752K, 99% used [0x000000076eb00000,0x000000076f57d0d0,0x000000076f580000)
  to   space 10752K, 0% used [0x0000000773580000,0x0000000773580000,0x0000000774000000)
 ParOldGen       total 175104K, used 49115K [0x00000006c0000000, 0x00000006cab00000, 0x000000076ab00000)
  object space 175104K, 28% used [0x00000006c0000000,0x00000006c2ff6d60,0x00000006cab00000)
 Metaspace       used 18919K, capacity 19110K, committed 19328K, reserved 1067008K
  class space    used 2075K, capacity 2143K, committed 2176K, reserved 1048576K
Event: 33.674 GC heap after
Heap after GC invocations=4 (full 0):
 PSYoungGen      total 141824K, used 10743K [0x000000076ab00000, 0x0000000774000000, 0x00000007c0000000)
  eden space 131072K, 0% used [0x000000076ab00000,0x000000076ab00000,0x0000000772b00000)
  from space 10752K, 99% used [0x0000000773580000,0x0000000773ffde78,0x0000000774000000)
  to   space 10752K, 0% used [0x0000000772b00000,0x0000000772b00000,0x0000000773580000)
 ParOldGen       total 175104K, used 64067K [0x00000006c0000000, 0x00000006cab00000, 0x000000076ab00000)
  object space 175104K, 36% used [0x00000006c0000000,0x00000006c3e90e30,0x00000006cab00000)
 Metaspace       used 18919K, capacity 19110K, committed 19328K, reserved 1067008K
  class space    used 2075K, capacity 2143K, committed 2176K, reserved 1048576K
}

Deoptimization events (9 events):
Event: 31.588 Thread 0x00007fd5521f6000 Uncommon trap: reason=class_check action=maybe_recompile pc=0x0000000107688f78 method=java.awt.Color.getAlpha()I @ 1
Event: 31.588 Thread 0x00007fd5521f6000 Uncommon trap: reason=class_check action=maybe_recompile pc=0x0000000107688f78 method=java.awt.Color.getAlpha()I @ 1
Event: 31.588 Thread 0x00007fd5521f6000 Uncommon trap: reason=class_check action=maybe_recompile pc=0x0000000107688f78 method=java.awt.Color.getAlpha()I @ 1
Event: 31.589 Thread 0x00007fd5521f6000 Uncommon trap: reason=class_check action=maybe_recompile pc=0x0000000107688f78 method=java.awt.Color.getAlpha()I @ 1
Event: 31.605 Thread 0x00007fd5521f6000 Uncommon trap: reason=class_check action=maybe_recompile pc=0x0000000107694080 method=java.lang.String.equals(Ljava/lang/Object;)Z @ 8
Event: 31.605 Thread 0x00007fd5521f6000 Uncommon trap: reason=class_check action=maybe_recompile pc=0x0000000107694080 method=java.lang.String.equals(Ljava/lang/Object;)Z @ 8
Event: 31.605 Thread 0x00007fd5521f6000 Uncommon trap: reason=class_check action=maybe_recompile pc=0x0000000107694080 method=java.lang.String.equals(Ljava/lang/Object;)Z @ 8
Event: 31.605 Thread 0x00007fd5521f6000 Uncommon trap: reason=class_check action=maybe_recompile pc=0x0000000107694080 method=java.lang.String.equals(Ljava/lang/Object;)Z @ 8
Event: 31.621 Thread 0x00007fd5521f6000 Uncommon trap: reason=unreached action=reinterpret pc=0x000000010775abe0 method=java.util.HashMap.getNode(ILjava/lang/Object;)Ljava/util/HashMap$Node; @ 53

Internal exceptions (10 events):
Event: 31.591 Thread 0x00007fd5521f6000 Exception <a 'java/security/PrivilegedActionException'> (0x000000076cfffad0) thrown at [/HUDSON3/workspace/8-2-build-macosx-x86_64/jdk8u25/1514/hotspot/src/share/vm/prims/jvm.cpp, line 1312]
Event: 31.594 Thread 0x00007fd5521f6000 Exception <a 'java/security/PrivilegedActionException'> (0x000000076d00cb00) thrown at [/HUDSON3/workspace/8-2-build-macosx-x86_64/jdk8u25/1514/hotspot/src/share/vm/prims/jvm.cpp, line 1312]
Event: 31.597 Thread 0x00007fd5521f6000 Exception <a 'java/security/PrivilegedActionException'> (0x000000076d017488) thrown at [/HUDSON3/workspace/8-2-build-macosx-x86_64/jdk8u25/1514/hotspot/src/share/vm/prims/jvm.cpp, line 1312]
Event: 31.597 Thread 0x00007fd5521f6000 Exception <a 'java/security/PrivilegedActionException'> (0x000000076d01a238) thrown at [/HUDSON3/workspace/8-2-build-macosx-x86_64/jdk8u25/1514/hotspot/src/share/vm/prims/jvm.cpp, line 1312]
Event: 31.601 Thread 0x00007fd5521f6000 Exception <a 'java/security/PrivilegedActionException'> (0x000000076d020ed8) thrown at [/HUDSON3/workspace/8-2-build-macosx-x86_64/jdk8u25/1514/hotspot/src/share/vm/prims/jvm.cpp, line 1312]
Event: 31.602 Thread 0x00007fd5521f6000 Exception <a 'java/security/PrivilegedActionException'> (0x000000076d024b48) thrown at [/HUDSON3/workspace/8-2-build-macosx-x86_64/jdk8u25/1514/hotspot/src/share/vm/prims/jvm.cpp, line 1312]
Event: 31.615 Thread 0x00007fd5521f6000 Exception <a 'java/security/PrivilegedActionException'> (0x000000076d039348) thrown at [/HUDSON3/workspace/8-2-build-macosx-x86_64/jdk8u25/1514/hotspot/src/share/vm/prims/jvm.cpp, line 1312]
Event: 31.616 Thread 0x00007fd5521f6000 Exception <a 'java/security/PrivilegedActionException'> (0x000000076d03e680) thrown at [/HUDSON3/workspace/8-2-build-macosx-x86_64/jdk8u25/1514/hotspot/src/share/vm/prims/jvm.cpp, line 1312]
Event: 31.618 Thread 0x00007fd5521f6000 Exception <a 'java/security/PrivilegedActionException'> (0x000000076d052240) thrown at [/HUDSON3/workspace/8-2-build-macosx-x86_64/jdk8u25/1514/hotspot/src/share/vm/prims/jvm.cpp, line 1312]
Event: 31.622 Thread 0x00007fd5521f6000 Exception <a 'java/security/PrivilegedActionException'> (0x000000076d066160) thrown at [/HUDSON3/workspace/8-2-build-macosx-x86_64/jdk8u25/1514/hotspot/src/share/vm/prims/jvm.cpp, line 1312]

Events (10 events):
Event: 32.779 loading class java/awt/KeyboardFocusManager$4
Event: 32.779 loading class java/awt/KeyboardFocusManager$4 done
Event: 33.574 Thread 0x00007fd5521f6000 DEOPT PACKING pc=0x0000000107978338 sp=0x000000012b275ff0
Event: 33.574 Thread 0x00007fd5521f6000 DEOPT UNPACKING pc=0x0000000107563373 sp=0x000000012b275e28 mode 0
Event: 33.660 Executing VM operation: ParallelGCFailedAllocation
Event: 33.674 Executing VM operation: ParallelGCFailedAllocation done
Event: 33.674 Executing VM operation: RevokeBias
Event: 33.675 Executing VM operation: RevokeBias done
Event: 33.675 Executing VM operation: BulkRevokeBias
Event: 33.676 Executing VM operation: BulkRevokeBias done


Dynamic libraries:
0x0000000004aca000 	/System/Library/Frameworks/Cocoa.framework/Versions/A/Cocoa
0x0000000004aca000 	/System/Library/Frameworks/Security.framework/Versions/A/Security
0x0000000004aca000 	/System/Library/Frameworks/ApplicationServices.framework/Versions/A/ApplicationServices
0x0000000004aca000 	/usr/lib/libz.1.dylib
0x0000000004aca000 	/usr/lib/libSystem.B.dylib
0x0000000004aca000 	/usr/lib/libobjc.A.dylib
0x0000000004aca000 	/System/Library/Frameworks/CoreFoundation.framework/Versions/A/CoreFoundation
0x0000000004aca000 	/System/Library/Frameworks/Foundation.framework/Versions/C/Foundation
0x0000000004aca000 	/System/Library/Frameworks/AppKit.framework/Versions/C/AppKit
0x0000000004aca000 	/System/Library/Frameworks/CoreData.framework/Versions/A/CoreData
0x0000000004aca000 	/System/Library/PrivateFrameworks/RemoteViewServices.framework/Versions/A/RemoteViewServices
0x0000000004aca000 	/System/Library/PrivateFrameworks/UIFoundation.framework/Versions/A/UIFoundation
0x0000000004aca000 	/System/Library/Frameworks/IOSurface.framework/Versions/A/IOSurface
0x0000000004aca000 	/System/Library/Frameworks/AudioToolbox.framework/Versions/A/AudioToolbox
0x0000000004aca000 	/System/Library/Frameworks/AudioUnit.framework/Versions/A/AudioUnit
0x0000000004aca000 	/System/Library/PrivateFrameworks/DataDetectorsCore.framework/Versions/A/DataDetectorsCore
0x0000000004aca000 	/System/Library/PrivateFrameworks/DesktopServicesPriv.framework/Versions/A/DesktopServicesPriv
0x0000000004aca000 	/System/Library/Frameworks/Carbon.framework/Versions/A/Frameworks/HIToolbox.framework/Versions/A/HIToolbox
0x0000000004aca000 	/System/Library/Frameworks/QuartzCore.framework/Versions/A/QuartzCore
0x0000000004aca000 	/System/Library/Frameworks/Carbon.framework/Versions/A/Frameworks/SpeechRecognition.framework/Versions/A/SpeechRecognition
0x0000000004aca000 	/usr/lib/libauto.dylib
0x0000000004aca000 	/usr/lib/libicucore.A.dylib
0x0000000004aca000 	/usr/lib/libxml2.2.dylib
0x0000000004aca000 	/System/Library/PrivateFrameworks/CoreUI.framework/Versions/A/CoreUI
0x0000000004aca000 	/System/Library/Frameworks/CoreAudio.framework/Versions/A/CoreAudio
0x0000000004aca000 	/System/Library/Frameworks/DiskArbitration.framework/Versions/A/DiskArbitration
0x0000000004aca000 	/usr/lib/liblangid.dylib
0x0000000004aca000 	/System/Library/PrivateFrameworks/MultitouchSupport.framework/Versions/A/MultitouchSupport
0x0000000004aca000 	/System/Library/Frameworks/IOKit.framework/Versions/A/IOKit
0x0000000004aca000 	/usr/lib/libDiagnosticMessagesClient.dylib
0x0000000004aca000 	/System/Library/Frameworks/CoreServices.framework/Versions/A/CoreServices
0x0000000004aca000 	/System/Library/PrivateFrameworks/PerformanceAnalysis.framework/Versions/A/PerformanceAnalysis
0x0000000004aca000 	/System/Library/PrivateFrameworks/GenerationalStorage.framework/Versions/A/GenerationalStorage
0x0000000004aca000 	/System/Library/Frameworks/OpenGL.framework/Versions/A/OpenGL
0x0000000004aca000 	/System/Library/PrivateFrameworks/Sharing.framework/Versions/A/Sharing
0x0000000004aca000 	/System/Library/Frameworks/CoreGraphics.framework/Versions/A/CoreGraphics
0x0000000004aca000 	/System/Library/Frameworks/CoreText.framework/Versions/A/CoreText
0x0000000004aca000 	/System/Library/Frameworks/ImageIO.framework/Versions/A/ImageIO
0x0000000004aca000 	/usr/lib/libextension.dylib
0x0000000004aca000 	/System/Library/PrivateFrameworks/Backup.framework/Versions/A/Backup
0x0000000004aca000 	/usr/lib/libarchive.2.dylib
0x0000000004aca000 	/System/Library/Frameworks/CFNetwork.framework/Versions/A/CFNetwork
0x0000000004aca000 	/System/Library/Frameworks/SystemConfiguration.framework/Versions/A/SystemConfiguration
0x0000000004aca000 	/usr/lib/libCRFSuite.dylib
0x0000000004aca000 	/usr/lib/libc++.1.dylib
0x0000000004aca000 	/usr/lib/libc++abi.dylib
0x0000000004aca000 	/usr/lib/system/libcache.dylib
0x0000000004aca000 	/usr/lib/system/libcommonCrypto.dylib
0x0000000004aca000 	/usr/lib/system/libcompiler_rt.dylib
0x0000000004aca000 	/usr/lib/system/libcopyfile.dylib
0x0000000004aca000 	/usr/lib/system/libcorecrypto.dylib
0x0000000004aca000 	/usr/lib/system/libdispatch.dylib
0x0000000004aca000 	/usr/lib/system/libdyld.dylib
0x0000000004aca000 	/usr/lib/system/libkeymgr.dylib
0x0000000004aca000 	/usr/lib/system/liblaunch.dylib
0x0000000004aca000 	/usr/lib/system/libmacho.dylib
0x0000000004aca000 	/usr/lib/system/libquarantine.dylib
0x0000000004aca000 	/usr/lib/system/libremovefile.dylib
0x0000000004aca000 	/usr/lib/system/libsystem_asl.dylib
0x0000000004aca000 	/usr/lib/system/libsystem_blocks.dylib
0x0000000004aca000 	/usr/lib/system/libsystem_c.dylib
0x0000000004aca000 	/usr/lib/system/libsystem_configuration.dylib
0x0000000004aca000 	/usr/lib/system/libsystem_coreservices.dylib
0x0000000004aca000 	/usr/lib/system/libsystem_coretls.dylib
0x0000000004aca000 	/usr/lib/system/libsystem_dnssd.dylib
0x0000000004aca000 	/usr/lib/system/libsystem_info.dylib
0x0000000004aca000 	/usr/lib/system/libsystem_kernel.dylib
0x0000000004aca000 	/usr/lib/system/libsystem_m.dylib
0x0000000004aca000 	/usr/lib/system/libsystem_malloc.dylib
0x0000000004aca000 	/usr/lib/system/libsystem_network.dylib
0x0000000004aca000 	/usr/lib/system/libsystem_networkextension.dylib
0x0000000004aca000 	/usr/lib/system/libsystem_notify.dylib
0x0000000004aca000 	/usr/lib/system/libsystem_platform.dylib
0x0000000004aca000 	/usr/lib/system/libsystem_pthread.dylib
0x0000000004aca000 	/usr/lib/system/libsystem_sandbox.dylib
0x0000000004aca000 	/usr/lib/system/libsystem_secinit.dylib
0x0000000004aca000 	/usr/lib/system/libsystem_stats.dylib
0x0000000004aca000 	/usr/lib/system/libsystem_trace.dylib
0x0000000004aca000 	/usr/lib/system/libunc.dylib
0x0000000004aca000 	/usr/lib/system/libunwind.dylib
0x0000000004aca000 	/usr/lib/system/libxpc.dylib
0x0000000004aca000 	/usr/lib/libbz2.1.0.dylib
0x0000000004aca000 	/usr/lib/liblzma.5.dylib
0x0000000004aca000 	/usr/lib/libbsm.0.dylib
0x0000000004aca000 	/usr/lib/libsqlite3.dylib
0x0000000004aca000 	/usr/lib/system/libkxld.dylib
0x0000000004aca000 	/usr/lib/libxar.1.dylib
0x0000000004aca000 	/usr/lib/libpam.2.dylib
0x0000000004aca000 	/usr/lib/libOpenScriptingUtil.dylib
0x0000000004aca000 	/System/Library/Frameworks/CoreServices.framework/Versions/A/Frameworks/FSEvents.framework/Versions/A/FSEvents
0x0000000004aca000 	/System/Library/Frameworks/CoreServices.framework/Versions/A/Frameworks/CarbonCore.framework/Versions/A/CarbonCore
0x0000000004aca000 	/System/Library/Frameworks/CoreServices.framework/Versions/A/Frameworks/Metadata.framework/Versions/A/Metadata
0x0000000004aca000 	/System/Library/Frameworks/CoreServices.framework/Versions/A/Frameworks/OSServices.framework/Versions/A/OSServices
0x0000000004aca000 	/System/Library/Frameworks/CoreServices.framework/Versions/A/Frameworks/SearchKit.framework/Versions/A/SearchKit
0x0000000004aca000 	/System/Library/Frameworks/CoreServices.framework/Versions/A/Frameworks/AE.framework/Versions/A/AE
0x0000000004aca000 	/System/Library/Frameworks/CoreServices.framework/Versions/A/Frameworks/LaunchServices.framework/Versions/A/LaunchServices
0x0000000004aca000 	/System/Library/Frameworks/CoreServices.framework/Versions/A/Frameworks/DictionaryServices.framework/Versions/A/DictionaryServices
0x0000000004aca000 	/System/Library/Frameworks/NetFS.framework/Versions/A/NetFS
0x0000000004aca000 	/System/Library/PrivateFrameworks/NetAuth.framework/Versions/A/NetAuth
0x0000000004aca000 	/System/Library/PrivateFrameworks/login.framework/Versions/A/Frameworks/loginsupport.framework/Versions/A/loginsupport
0x0000000004aca000 	/System/Library/PrivateFrameworks/TCC.framework/Versions/A/TCC
0x0000000004aca000 	/usr/lib/libmecabra.dylib
0x0000000004aca000 	/System/Library/Frameworks/ApplicationServices.framework/Versions/A/Frameworks/ATS.framework/Versions/A/ATS
0x0000000004aca000 	/System/Library/Frameworks/ApplicationServices.framework/Versions/A/Frameworks/ColorSync.framework/Versions/A/ColorSync
0x0000000004aca000 	/System/Library/Frameworks/ApplicationServices.framework/Versions/A/Frameworks/HIServices.framework/Versions/A/HIServices
0x0000000004aca000 	/System/Library/Frameworks/ApplicationServices.framework/Versions/A/Frameworks/LangAnalysis.framework/Versions/A/LangAnalysis
0x0000000004aca000 	/System/Library/Frameworks/ApplicationServices.framework/Versions/A/Frameworks/PrintCore.framework/Versions/A/PrintCore
0x0000000004aca000 	/System/Library/Frameworks/ApplicationServices.framework/Versions/A/Frameworks/QD.framework/Versions/A/QD
0x0000000004aca000 	/System/Library/Frameworks/ApplicationServices.framework/Versions/A/Frameworks/SpeechSynthesis.framework/Versions/A/SpeechSynthesis
0x0000000004aca000 	/System/Library/Frameworks/Accelerate.framework/Versions/A/Accelerate
0x0000000004aca000 	/System/Library/Frameworks/Accelerate.framework/Versions/A/Frameworks/vImage.framework/Versions/A/vImage
0x0000000004aca000 	/System/Library/Frameworks/Accelerate.framework/Versions/A/Frameworks/vecLib.framework/Versions/A/vecLib
0x0000000004aca000 	/System/Library/Frameworks/Accelerate.framework/Versions/A/Frameworks/vecLib.framework/Versions/A/libvDSP.dylib
0x0000000004aca000 	/System/Library/Frameworks/Accelerate.framework/Versions/A/Frameworks/vecLib.framework/Versions/A/libvMisc.dylib
0x0000000004aca000 	/System/Library/Frameworks/Accelerate.framework/Versions/A/Frameworks/vecLib.framework/Versions/A/libLAPACK.dylib
0x0000000004aca000 	/System/Library/Frameworks/Accelerate.framework/Versions/A/Frameworks/vecLib.framework/Versions/A/libBLAS.dylib
0x0000000004aca000 	/System/Library/Frameworks/Accelerate.framework/Versions/A/Frameworks/vecLib.framework/Versions/A/libLinearAlgebra.dylib
0x0000000004aca000 	/System/Library/Frameworks/ApplicationServices.framework/Versions/A/Frameworks/ATS.framework/Versions/A/Resources/libFontParser.dylib
0x0000000004aca000 	/System/Library/Frameworks/ApplicationServices.framework/Versions/A/Frameworks/ATS.framework/Versions/A/Resources/libFontRegistry.dylib
0x0000000004aca000 	/System/Library/PrivateFrameworks/AppleVPA.framework/Versions/A/AppleVPA
0x0000000004aca000 	/System/Library/PrivateFrameworks/AppleJPEG.framework/Versions/A/AppleJPEG
0x0000000004aca000 	/System/Library/Frameworks/ImageIO.framework/Versions/A/Resources/libJPEG.dylib
0x0000000004aca000 	/System/Library/Frameworks/ImageIO.framework/Versions/A/Resources/libTIFF.dylib
0x0000000004aca000 	/System/Library/Frameworks/ImageIO.framework/Versions/A/Resources/libPng.dylib
0x0000000004aca000 	/System/Library/Frameworks/ImageIO.framework/Versions/A/Resources/libGIF.dylib
0x0000000004aca000 	/System/Library/Frameworks/ImageIO.framework/Versions/A/Resources/libJP2.dylib
0x0000000004aca000 	/System/Library/Frameworks/ImageIO.framework/Versions/A/Resources/libRadiance.dylib
0x0000000004aca000 	/System/Library/Frameworks/CoreVideo.framework/Versions/A/CoreVideo
0x0000000004aca000 	/System/Library/Frameworks/OpenGL.framework/Versions/A/Libraries/libGLU.dylib
0x0000000004aca000 	/System/Library/Frameworks/OpenGL.framework/Versions/A/Libraries/libGFXShared.dylib
0x0000000004aca000 	/System/Library/Frameworks/OpenGL.framework/Versions/A/Libraries/libGL.dylib
0x0000000004aca000 	/System/Library/Frameworks/OpenGL.framework/Versions/A/Libraries/libGLImage.dylib
0x0000000004aca000 	/System/Library/Frameworks/OpenGL.framework/Versions/A/Libraries/libCVMSPluginSupport.dylib
0x0000000004aca000 	/System/Library/Frameworks/OpenGL.framework/Versions/A/Libraries/libCoreVMClient.dylib
0x0000000004aca000 	/usr/lib/libcups.2.dylib
0x0000000004aca000 	/System/Library/Frameworks/Kerberos.framework/Versions/A/Kerberos
0x0000000004aca000 	/System/Library/Frameworks/GSS.framework/Versions/A/GSS
0x0000000004aca000 	/usr/lib/libresolv.9.dylib
0x0000000004aca000 	/usr/lib/libiconv.2.dylib
0x0000000004aca000 	/System/Library/PrivateFrameworks/Heimdal.framework/Versions/A/Heimdal
0x0000000004aca000 	/usr/lib/libheimdal-asn1.dylib
0x0000000004aca000 	/System/Library/Frameworks/OpenDirectory.framework/Versions/A/OpenDirectory
0x0000000004aca000 	/System/Library/PrivateFrameworks/CommonAuth.framework/Versions/A/CommonAuth
0x0000000004aca000 	/System/Library/Frameworks/OpenDirectory.framework/Versions/A/Frameworks/CFOpenDirectory.framework/Versions/A/CFOpenDirectory
0x0000000004aca000 	/System/Library/Frameworks/SecurityFoundation.framework/Versions/A/SecurityFoundation
0x0000000004aca000 	/System/Library/PrivateFrameworks/LanguageModeling.framework/Versions/A/LanguageModeling
0x0000000004aca000 	/usr/lib/libcmph.dylib
0x0000000004aca000 	/System/Library/Frameworks/ServiceManagement.framework/Versions/A/ServiceManagement
0x0000000004aca000 	/usr/lib/libxslt.1.dylib
0x0000000004aca000 	/System/Library/Frameworks/Carbon.framework/Versions/A/Frameworks/Ink.framework/Versions/A/Ink
0x0000000004aca000 	/System/Library/Frameworks/QuartzCore.framework/Versions/A/Frameworks/CoreImage.framework/Versions/A/CoreImage
0x0000000004aca000 	/System/Library/PrivateFrameworks/CrashReporterSupport.framework/Versions/A/CrashReporterSupport
0x0000000004aca000 	/System/Library/Frameworks/OpenCL.framework/Versions/A/OpenCL
0x0000000004aca000 	/System/Library/PrivateFrameworks/FaceCore.framework/Versions/A/FaceCore
0x0000000004aca000 	/System/Library/PrivateFrameworks/Ubiquity.framework/Versions/A/Ubiquity
0x0000000004aca000 	/System/Library/PrivateFrameworks/IconServices.framework/Versions/A/IconServices
0x0000000004aca000 	/System/Library/PrivateFrameworks/ChunkingLibrary.framework/Versions/A/ChunkingLibrary
0x0000000004aca000 	/System/Library/PrivateFrameworks/Apple80211.framework/Versions/A/Apple80211
0x0000000004aca000 	/System/Library/Frameworks/CoreWLAN.framework/Versions/A/CoreWLAN
0x0000000004aca000 	/System/Library/Frameworks/IOBluetooth.framework/Versions/A/IOBluetooth
0x0000000004aca000 	/System/Library/PrivateFrameworks/CoreWiFi.framework/Versions/A/CoreWiFi
0x0000000004aca000 	/System/Library/Frameworks/CoreBluetooth.framework/Versions/A/CoreBluetooth
0x0000000004aca000 	/System/Library/PrivateFrameworks/DebugSymbols.framework/Versions/A/DebugSymbols
0x0000000004aca000 	/System/Library/PrivateFrameworks/CoreSymbolication.framework/Versions/A/CoreSymbolication
0x0000000004aca000 	/System/Library/PrivateFrameworks/Symbolication.framework/Versions/A/Symbolication
0x0000000004aca000 	/System/Library/PrivateFrameworks/SpeechRecognitionCore.framework/Versions/A/SpeechRecognitionCore
0x0000000106600000 	/Library/Java/JavaVirtualMachines/jdk1.8.0_25.jdk/Contents/Home/jre/lib/server/libjvm.dylib
0x0000000004aca000 	/usr/lib/libstdc++.6.dylib
0x0000000105571000 	/Library/Java/JavaVirtualMachines/jdk1.8.0_25.jdk/Contents/Home/jre/lib/libverify.dylib
0x000000010557f000 	/Library/Java/JavaVirtualMachines/jdk1.8.0_25.jdk/Contents/Home/jre/lib/libjava.dylib
0x00000001055bd000 	/Library/Java/JavaVirtualMachines/jdk1.8.0_25.jdk/Contents/Home/jre/lib/libzip.dylib
0x00000001230c7000 	/System/Library/Frameworks/JavaVM.framework/Frameworks/JavaRuntimeSupport.framework/JavaRuntimeSupport
0x00000001230df000 	/System/Library/Frameworks/JavaVM.framework/Versions/A/Frameworks/JavaNativeFoundation.framework/Versions/A/JavaNativeFoundation
0x00000001055ef000 	/System/Library/Frameworks/JavaVM.framework/Versions/A/JavaVM
0x0000000004aca000 	/System/Library/Frameworks/Carbon.framework/Versions/A/Carbon
0x00000001230f4000 	/System/Library/PrivateFrameworks/JavaLaunching.framework/Versions/A/JavaLaunching
0x0000000004aca000 	/System/Library/Frameworks/Carbon.framework/Versions/A/Frameworks/CommonPanels.framework/Versions/A/CommonPanels
0x0000000004aca000 	/System/Library/Frameworks/Carbon.framework/Versions/A/Frameworks/Help.framework/Versions/A/Help
0x0000000004aca000 	/System/Library/Frameworks/Carbon.framework/Versions/A/Frameworks/ImageCapture.framework/Versions/A/ImageCapture
0x0000000004aca000 	/System/Library/Frameworks/Carbon.framework/Versions/A/Frameworks/OpenScripting.framework/Versions/A/OpenScripting
0x0000000004aca000 	/System/Library/Frameworks/Carbon.framework/Versions/A/Frameworks/Print.framework/Versions/A/Print
0x0000000004aca000 	/System/Library/Frameworks/Carbon.framework/Versions/A/Frameworks/SecurityHI.framework/Versions/A/SecurityHI
0x0000000125129000 	/Library/Java/JavaVirtualMachines/jdk1.8.0_25.jdk/Contents/Home/jre/lib/libawt.dylib
0x00000001251d8000 	/Library/Java/JavaVirtualMachines/jdk1.8.0_25.jdk/Contents/Home/jre/lib/./libmlib_image.dylib
0x00000001252a4000 	/Library/Java/JavaVirtualMachines/jdk1.8.0_25.jdk/Contents/Home/jre/lib/libawt_lwawt.dylib
0x0000000125357000 	/Library/Java/JavaVirtualMachines/jdk1.8.0_25.jdk/Contents/Home/jre/lib/./libosxapp.dylib
0x0000000004aca000 	/System/Library/Frameworks/ExceptionHandling.framework/Versions/A/ExceptionHandling
0x0000000004aca000 	/System/Library/PrivateFrameworks/CoreServicesInternal.framework/Versions/A/CoreServicesInternal
0x0000000004aca000 	/System/Library/PrivateFrameworks/CloudDocs.framework/Versions/A/CloudDocs
0x0000000004aca000 	/System/Library/PrivateFrameworks/CoreDuet.framework/Versions/A/CoreDuet
0x0000000004aca000 	/System/Library/Frameworks/CloudKit.framework/Versions/A/CloudKit
0x0000000004aca000 	/System/Library/PrivateFrameworks/ProtocolBuffer.framework/Versions/A/ProtocolBuffer
0x0000000004aca000 	/System/Library/PrivateFrameworks/CoreDuetDaemonProtocol.framework/Versions/A/CoreDuetDaemonProtocol
0x0000000004aca000 	/System/Library/PrivateFrameworks/CoreDuetDebugLogging.framework/Versions/A/CoreDuetDebugLogging
0x0000000004aca000 	/System/Library/PrivateFrameworks/MMCS.framework/Versions/A/MMCS
0x0000000004aca000 	/System/Library/Frameworks/CoreLocation.framework/Versions/A/CoreLocation
0x0000000004aca000 	/System/Library/PrivateFrameworks/ProtectedCloudStorage.framework/Versions/A/ProtectedCloudStorage
0x0000000004aca000 	/System/Library/PrivateFrameworks/GeoServices.framework/Versions/A/GeoServices
0x0000000004aca000 	/System/Library/Frameworks/CoreGraphics.framework/Versions/A/Resources/libCGCMS.A.dylib
0x0000000004aca000 	/System/Library/Frameworks/CoreGraphics.framework/Versions/A/Resources/libRIP.A.dylib
0x0000000004aca000 	/System/Library/Frameworks/CoreGraphics.framework/Versions/A/Resources/libCGXType.A.dylib
0x0000000004aca000 	/System/Library/Frameworks/OpenCL.framework/Versions/A/Libraries/libcldcpuengine.dylib
0x0000000004aca000 	/System/Library/PrivateFrameworks/DiskImages.framework/Versions/A/DiskImages
0x0000000004aca000 	/System/Library/Frameworks/DiscRecording.framework/Versions/A/DiscRecording
0x0000000004aca000 	/usr/lib/libcsfde.dylib
0x0000000004aca000 	/usr/lib/libcurl.4.dylib
0x0000000004aca000 	/System/Library/PrivateFrameworks/MediaKit.framework/Versions/A/MediaKit
0x0000000004aca000 	/usr/lib/libCoreStorage.dylib
0x0000000004aca000 	/System/Library/PrivateFrameworks/EFILogin.framework/Versions/A/EFILogin
0x0000000004aca000 	/usr/lib/libutil.dylib
0x0000000004aca000 	/System/Library/PrivateFrameworks/FindMyDevice.framework/Versions/A/FindMyDevice
0x0000000004aca000 	/System/Library/Frameworks/LDAP.framework/Versions/A/LDAP
0x0000000004aca000 	/usr/lib/libsasl2.2.dylib
0x0000000004aca000 	/System/Library/PrivateFrameworks/CoreDaemon.framework/Versions/B/CoreDaemon
0x0000000004aca000 	/usr/lib/libcrypto.0.9.8.dylib
0x0000000004aca000 	/System/Library/PrivateFrameworks/AppleSRP.framework/Versions/A/AppleSRP
0x0000000004aca000 	/System/Library/PrivateFrameworks/TrustEvaluationAgent.framework/Versions/A/TrustEvaluationAgent
0x0000000128537000 	cl_kernels
0x0000000128539000 	/System/Library/Frameworks/OpenCL.framework/Versions/A/Libraries/ImageFormats/unorm8_bgra.dylib
0x0000000128529000 	cl_kernels
0x0000000004aca000 	/System/Library/PrivateFrameworks/FamilyControls.framework/Versions/A/FamilyControls
0x0000000004aca000 	/System/Library/PrivateFrameworks/CommerceKit.framework/Versions/A/Frameworks/CommerceCore.framework/Versions/A/CommerceCore
0x0000000004aca000 	/System/Library/PrivateFrameworks/SystemAdministration.framework/Versions/A/SystemAdministration
0x0000000004aca000 	/System/Library/PrivateFrameworks/AppContainer.framework/Versions/A/AppContainer
0x0000000004aca000 	/System/Library/PrivateFrameworks/SecCodeWrapper.framework/Versions/A/SecCodeWrapper
0x0000000004aca000 	/System/Library/Frameworks/DirectoryService.framework/Versions/A/DirectoryService
0x0000000004aca000 	/System/Library/PrivateFrameworks/LoginUIKit.framework/Versions/A/Frameworks/LoginUICore.framework/Versions/A/LoginUICore
0x0000000004aca000 	/usr/lib/libodfde.dylib
0x0000000129ad6000 	/Library/Java/JavaVirtualMachines/jdk1.8.0_25.jdk/Contents/Home/jre/lib/libfontmanager.dylib
0x0000000127918000 	/Library/Java/JavaVirtualMachines/jdk1.8.0_25.jdk/Contents/Home/jre/lib/libosxui.dylib
0x0000000004aca000 	/System/Library/Frameworks/OpenGL.framework/Versions/A/Resources/GLEngine.bundle/GLEngine
0x0000000004aca000 	/System/Library/Frameworks/OpenGL.framework/Versions/A/Libraries/libGLProgrammability.dylib
0x0000000000000000 	/System/Library/Extensions/AppleIntelHD5000GraphicsGLDriver.bundle/Contents/MacOS/AppleIntelHD5000GraphicsGLDriver
0x0000000004aca000 	/System/Library/PrivateFrameworks/IOAccelerator.framework/Versions/A/IOAccelerator
0x0000000004aca000 	/System/Library/PrivateFrameworks/GPUSupport.framework/Versions/A/Libraries/libGPUSupportMercury.dylib
0x0000000004aca000 	/System/Library/Frameworks/OpenGL.framework/Versions/A/Resources/GLRendererFloat.bundle/GLRendererFloat
0x000000012af44000 	/Library/Java/JavaVirtualMachines/jdk1.8.0_25.jdk/Contents/Home/jre/lib/libnet.dylib
0x000000012af5b000 	/Library/Java/JavaVirtualMachines/jdk1.8.0_25.jdk/Contents/Home/jre/lib/libnio.dylib
0x000000012af6c000 	/private/var/folders/88/by9rmpdj33v0z3ft9n2pmj6w0000gn/T/jogamp_0000/file_cache/jln3545439849276546810/jln1375303641964310979/libgluegen-rt.jnilib
0x000000012b172000 	/private/var/folders/88/by9rmpdj33v0z3ft9n2pmj6w0000gn/T/jogamp_0000/file_cache/jln3545439849276546810/jln1375303641964310979/libnativewindow_awt.jnilib
0x000000012b175000 	/Library/Java/JavaVirtualMachines/jdk1.8.0_25.jdk/Contents/Home/jre/lib/libjawt.dylib
0x000000012b27b000 	/private/var/folders/88/by9rmpdj33v0z3ft9n2pmj6w0000gn/T/jogamp_0000/file_cache/jln3545439849276546810/jln1375303641964310979/libnativewindow_macosx.jnilib
0x000000012b51f000 	/private/var/folders/88/by9rmpdj33v0z3ft9n2pmj6w0000gn/T/jogamp_0000/file_cache/jln3545439849276546810/jln1375303641964310979/libjogl_desktop.jnilib
0x000000012b5f7000 	/private/var/folders/88/by9rmpdj33v0z3ft9n2pmj6w0000gn/T/jogamp_0000/file_cache/jln3545439849276546810/jln1375303641964310979/libjogl_mobile.jnilib
0x0000000004aca000 	/System/Library/PrivateFrameworks/Shortcut.framework/Versions/A/Shortcut
0x0000000004aca000 	/System/Library/PrivateFrameworks/HelpData.framework/Versions/A/HelpData
0x0000000004aca000 	/usr/lib/libtidy.A.dylib
0x0000000004aca000 	/System/Library/Frameworks/Accelerate.framework/Versions/A/Frameworks/vImage.framework/Versions/A/Libraries/libCGInterfaces.dylib

VM Arguments:
jvm_args: -Dfile.encoding=UTF-8 
java_command: Main
java_class_path (initial): /Users/chrishawkins/Documents/workspace/Fits3D/bin:/Users/chrishawkins/Documents/workspace/jogamp-all-platforms/jar/gluegen-rt.jar:/Users/chrishawkins/Documents/workspace/jogamp-all-platforms/jar/jogl-all.jar:/Users/chrishawkins/Documents/workspace/Fits3D/commons-compress-1.9.jar:/Users/chrishawkins/Documents/workspace/Fits3D/fits.jar:/Users/chrishawkins/Documents/workspace/Fits3D/commons-math3-3.4.1.jar:/Users/chrishawkins/Documents/workspace/Fits3D/miglayout-4.0-swing.jar
Launcher Type: SUN_STANDARD

Environment Variables:
PATH=/usr/bin:/bin:/usr/sbin:/sbin
SHELL=/bin/bash
DISPLAY=/private/tmp/com.apple.launchd.z0GLMKb34z/org.macosforge.xquartz:0

Signal Handlers:
SIGSEGV: [libjvm.dylib+0x579dc7], sa_mask[0]=11111111011111110111111111111111, sa_flags=SA_ONSTACK|SA_RESTART|SA_SIGINFO
SIGBUS: [libjvm.dylib+0x579dc7], sa_mask[0]=11111111011111110111111111111111, sa_flags=SA_RESTART|SA_SIGINFO
SIGFPE: [libjvm.dylib+0x45b030], sa_mask[0]=11111111011111110111111111111111, sa_flags=SA_RESTART|SA_SIGINFO
SIGPIPE: [libjvm.dylib+0x45b030], sa_mask[0]=11111111011111110111111111111111, sa_flags=SA_RESTART|SA_SIGINFO
SIGXFSZ: [libjvm.dylib+0x45b030], sa_mask[0]=11111111011111110111111111111111, sa_flags=SA_RESTART|SA_SIGINFO
SIGILL: [libjvm.dylib+0x45b030], sa_mask[0]=11111111011111110111111111111111, sa_flags=SA_RESTART|SA_SIGINFO
SIGUSR1: SIG_DFL, sa_mask[0]=00000000000000000000000000000000, sa_flags=none
SIGUSR2: [libjvm.dylib+0x45ab4e], sa_mask[0]=00100000000000000000000000000000, sa_flags=SA_RESTART|SA_SIGINFO
SIGHUP: [libjvm.dylib+0x459121], sa_mask[0]=11111111011111110111111111111111, sa_flags=SA_RESTART|SA_SIGINFO
SIGINT: [libjvm.dylib+0x459121], sa_mask[0]=11111111011111110111111111111111, sa_flags=SA_RESTART|SA_SIGINFO
SIGTERM: [libjvm.dylib+0x459121], sa_mask[0]=11111111011111110111111111111111, sa_flags=SA_RESTART|SA_SIGINFO
SIGQUIT: [libjvm.dylib+0x459121], sa_mask[0]=11111111011111110111111111111111, sa_flags=SA_RESTART|SA_SIGINFO


---------------  S Y S T E M  ---------------

OS:Bsduname:Darwin 14.3.0 Darwin Kernel Version 14.3.0: Mon Mar 23 11:59:05 PDT 2015; root:xnu-2782.20.48~5/RELEASE_X86_64 x86_64
rlimit: STACK 8192k, CORE 0k, NPROC 709, NOFILE 10240, AS infinity
load average:2.03 2.06 2.16

CPU:total 8 (4 cores per cpu, 2 threads per core) family 6 model 70 stepping 1, cmov, cx8, fxsr, mmx, sse, sse2, sse3, ssse3, sse4.1, sse4.2, popcnt, avx, avx2, aes, clmul, erms, lzcnt, ht, tsc, tscinvbit, bmi1, bmi2

Memory: 4k page, physical 16777216k(1789600k free)

/proc/meminfo:


vm_info: Java HotSpot(TM) 64-Bit Server VM (25.25-b02) for bsd-amd64 JRE (1.8.0_25-b17), built on Sep 17 2014 16:56:50 by "java_re" with gcc 4.2.1 (Based on Apple Inc. build 5658) (LLVM build 2336.11.00)

time: Tue May 26 23:30:19 2015
elapsed time: 33 seconds (0d 0h 0m 33s)

