#
# A fatal error has been detected by the Java Runtime Environment:
#
#  SIGSEGV (0xb) at pc=0x00007fff9195ba90, pid=29562, tid=55319
#
# JRE version: Java(TM) SE Runtime Environment (8.0_25-b17) (build 1.8.0_25-b17)
# Java VM: Java HotSpot(TM) 64-Bit Server VM (25.25-b02 mixed mode bsd-amd64 compressed oops)
# Problematic frame:
# C  [GLEngine+0x15ba90]  gleRunVertexSubmitImmediate+0x22e0
#
# Failed to write core dump. Core dumps have been disabled. To enable core dumping, try "ulimit -c unlimited" before starting Java again
#
# If you would like to submit a bug report, please visit:
#   http://bugreport.sun.com/bugreport/crash.jsp
# The crash happened outside the Java Virtual Machine in native code.
# See problematic frame for where to report the bug.
#

---------------  T H R E A D  ---------------

Current thread (0x00007fba2716c000):  JavaThread "AWT-EventQueue-0" [_thread_in_native, id=55319, stack(0x0000000126b41000,0x0000000126c41000)]

siginfo: si_signo: 11 (SIGSEGV), si_code: 1 (SEGV_MAPERR), si_addr: 0x0000000000000000

Registers:
RAX=0x00007fff9195ba90, RBX=0x0000000000000006, RCX=0x0000000000000000, RDX=0x00007fff9195c4b8
RSP=0x0000000126c3f070, RBP=0x0000000126c3f2c0, RSI=0x0000000000000005, RDI=0x0000000000000027
R8 =0x0000000000845800, R9 =0x00007fba29857000, R10=0x00007fba2b173e00, R11=0x00007fba29857000
R12=0x0000000000000001, R13=0x0000000000841804, R14=0x00007fba2b173e00, R15=0x0000000000000001
RIP=0x00007fff9195ba90, EFLAGS=0x0000000000010217, ERR=0x0000000000000004
  TRAPNO=0x000000000000000e

Top of Stack: (sp=0x0000000126c3f070)
0x0000000126c3f070:   00007fff7dce5070 00007fba27288c30
0x0000000126c3f080:   0000000126c3f240 00001234001051a3
0x0000000126c3f090:   0000000126c3f0e0 0000000000000001
0x0000000126c3f0a0:   0000000126c3f200 00007fff918e5078
0x0000000126c3f0b0:   0000000126c3f0d0 00007fff900cadd4
0x0000000126c3f0c0:   00007fba2b401a00 0000000000000000
0x0000000126c3f0d0:   0000000126c3f14c 0000000000040060
0x0000000126c3f0e0:   00007fba27292088 0000000000002001
0x0000000126c3f0f0:   0000002000000000 0000000000000000
0x0000000126c3f100:   000000013b73b060 00007fba2728bb10
0x0000000126c3f110:   0000000000000000 0000000000000001
0x0000000126c3f120:   00447e0000e78006 007e7f1c7ffff3e7
0x0000000126c3f130:   00007fba29857810 00007fff900cab4e
0x0000000126c3f140:   00007fba29857140 00007fba29857170
0x0000000126c3f150:   00007fba29857150 00007fba29857180
0x0000000126c3f160:   00007fba29857160 00007fba298571a0
0x0000000126c3f170:   0000000000000000 0000000000000000
0x0000000126c3f180:   fffffffe00000002 00007fba2728bb10
0x0000000126c3f190:   000000000000108b 0000000000000001
0x0000000126c3f1a0:   ffffffff10008010 0000000000000001
0x0000000126c3f1b0:   00007fba29857190 0000000010008010
0x0000000126c3f1c0:   7a00000300000000 0000000000000000
0x0000000126c3f1d0:   0000043100000000 00007fff900cadd4
0x0000000126c3f1e0:   0000000002116000 0000000000000000
0x0000000126c3f1f0:   0000000126c3f26c 0000000126c3f270
0x0000000126c3f200:   0000000126c3f274 00007fba2b173d68
0x0000000126c3f210:   0000000000000000 0000000000000000
0x0000000126c3f220:   0000000000000000 00007fba2b173d68
0x0000000126c3f230:   00000000000012b9 00007fba29857000
0x0000000126c3f240:   0000000000000000 00007fba29857000
0x0000000126c3f250:   0000000000000000 0000000129a99060
0x0000000126c3f260:   0000000129abe780 0000000000000000 

Instructions: (pc=0x00007fff9195ba90)
0x00007fff9195ba70:   ba 00 00 80 7f 0f 44 da e9 ad 00 00 00 48 8d 15
0x00007fff9195ba80:   34 0a 00 00 48 63 04 82 48 01 d0 4d 89 f2 ff e0
0x00007fff9195ba90:   f3 0f 10 01 f3 0f 11 45 80 4d 89 de e9 af 07 00
0x00007fff9195baa0:   00 41 83 fc 04 0f 85 7e 03 00 00 f2 0f 10 01 e9 

Register to memory mapping:

RAX=0x00007fff9195ba90: gleRunVertexSubmitImmediate+0x22e0 in /System/Library/Frameworks/OpenGL.framework/Versions/A/Resources/GLEngine.bundle/GLEngine at 0x00007fff91800000
RBX=0x0000000000000006 is an unknown value
RCX=0x0000000000000000 is an unknown value
RDX=0x00007fff9195c4b8: gleRunVertexSubmitImmediate+0x2d08 in /System/Library/Frameworks/OpenGL.framework/Versions/A/Resources/GLEngine.bundle/GLEngine at 0x00007fff91800000
RSP=0x0000000126c3f070 is pointing into the stack for thread: 0x00007fba2716c000
RBP=0x0000000126c3f2c0 is pointing into the stack for thread: 0x00007fba2716c000
RSI=0x0000000000000005 is an unknown value
RDI=0x0000000000000027 is an unknown value
R8 =0x0000000000845800 is an unknown value
R9 =0x00007fba29857000 is an unknown value
R10=0x00007fba2b173e00 is an unknown value
R11=0x00007fba29857000 is an unknown value
R12=0x0000000000000001 is an unknown value
R13=0x0000000000841804 is an unknown value
R14=0x00007fba2b173e00 is an unknown value
R15=0x0000000000000001 is an unknown value


Stack: [0x0000000126b41000,0x0000000126c41000],  sp=0x0000000126c3f070,  free space=1016k
Native frames: (J=compiled Java code, j=interpreted, Vv=VM code, C=native code)
C  [GLEngine+0x15ba90]  gleRunVertexSubmitImmediate+0x22e0
C  [GLEngine+0xd48b8]  glDrawArrays_ACC_GL3Exec+0x2e6
C  [libjogl_desktop.jnilib+0x2afe0]  Java_jogamp_opengl_gl4_GL4bcImpl_dispatch_1glDrawArrays1__IIIJ+0x40
J 1723  jogamp.opengl.gl4.GL4bcImpl.dispatch_glDrawArrays1(IIIJ)V (0 bytes) @ 0x0000000103d92ab2 [0x0000000103d92a00+0xb2]
J 2018 C2 Renderer.display()V (839 bytes) @ 0x0000000103ea001c [0x0000000103e9ed60+0x12bc]

Java frames: (J=compiled Java code, j=interpreted, Vv=VM code)
J 1723  jogamp.opengl.gl4.GL4bcImpl.dispatch_glDrawArrays1(IIIJ)V (0 bytes) @ 0x0000000103d92a38 [0x0000000103d92a00+0x38]
J 2018 C2 Renderer.display()V (839 bytes) @ 0x0000000103ea001c [0x0000000103e9ed60+0x12bc]
J 1987 C1 FrameMaster.display(Lcom/jogamp/opengl/GLAutoDrawable;)V (84 bytes) @ 0x0000000103e641b4 [0x0000000103e63ec0+0x2f4]
J 1986 C1 jogamp.opengl.GLDrawableHelper.displayImpl(Lcom/jogamp/opengl/GLAutoDrawable;)V (105 bytes) @ 0x0000000103e6257c [0x0000000103e617e0+0xd9c]
J 1923 C1 com.jogamp.opengl.awt.GLCanvas$11.run()V (122 bytes) @ 0x0000000103e237f4 [0x0000000103e231c0+0x634]
J 1921 C1 jogamp.opengl.GLDrawableHelper.invokeGLImpl(Lcom/jogamp/opengl/GLDrawable;Lcom/jogamp/opengl/GLContext;Ljava/lang/Runnable;Ljava/lang/Runnable;)V (579 bytes) @ 0x0000000103e1f3ac [0x0000000103e1e560+0xe4c]
J 1920 C1 jogamp.opengl.GLDrawableHelper.invokeGL(Lcom/jogamp/opengl/GLDrawable;Lcom/jogamp/opengl/GLContext;Ljava/lang/Runnable;Ljava/lang/Runnable;)V (76 bytes) @ 0x0000000103e1df84 [0x0000000103e1dec0+0xc4]
J 1466 C1 com.jogamp.opengl.awt.GLCanvas$12.run()V (126 bytes) @ 0x0000000103cb71bc [0x0000000103cb6b80+0x63c]
J 1307 C1 java.awt.event.InvocationEvent.dispatch()V (69 bytes) @ 0x0000000103c447cc [0x0000000103c44680+0x14c]
J 1317 C1 java.awt.EventQueue.dispatchEventImpl(Ljava/awt/AWTEvent;Ljava/lang/Object;)V (149 bytes) @ 0x0000000103c4eb94 [0x0000000103c4d1c0+0x19d4]
J 1315 C1 java.awt.EventQueue$3.run()Ljava/lang/Void; (60 bytes) @ 0x0000000103c4c5d4 [0x0000000103c4c3c0+0x214]
J 1314 C1 java.awt.EventQueue$3.run()Ljava/lang/Object; (5 bytes) @ 0x0000000103c4c04c [0x0000000103c4bfc0+0x8c]
v  ~StubRoutines::call_stub
J 869  java.security.AccessController.doPrivileged(Ljava/security/PrivilegedAction;Ljava/security/AccessControlContext;)Ljava/lang/Object; (0 bytes) @ 0x0000000103b68463 [0x0000000103b68400+0x63]
J 980 C1 java.awt.EventQueue.dispatchEvent(Ljava/awt/AWTEvent;)V (80 bytes) @ 0x0000000103ba33c4 [0x0000000103ba2b00+0x8c4]
J 983 C1 java.awt.EventDispatchThread.pumpOneEventForFilters(I)V (295 bytes) @ 0x0000000103ba67ec [0x0000000103ba4c80+0x1b6c]
j  java.awt.EventDispatchThread.pumpEventsForFilter(ILjava/awt/Conditional;Ljava/awt/EventFilter;)V+35
j  java.awt.EventDispatchThread.pumpEventsForHierarchy(ILjava/awt/Conditional;Ljava/awt/Component;)V+11
j  java.awt.EventDispatchThread.pumpEvents(ILjava/awt/Conditional;)V+4
j  java.awt.EventDispatchThread.pumpEvents(Ljava/awt/Conditional;)V+3
j  java.awt.EventDispatchThread.run()V+9
v  ~StubRoutines::call_stub

---------------  P R O C E S S  ---------------

Java Threads: ( => current thread )
  0x00007fba272c2800 JavaThread "TimerQueue" daemon [_thread_blocked, id=70803, stack(0x0000000145e5e000,0x0000000145f5e000)]
  0x00007fba24801000 JavaThread "DestroyJavaVM" [_thread_blocked, id=4867, stack(0x000000010371d000,0x000000010381d000)]
  0x00007fba249d4000 JavaThread "main-FPSAWTAnimator#00-Timer0" [_thread_blocked, id=60931, stack(0x0000000133a74000,0x0000000133b74000)]
=>0x00007fba2716c000 JavaThread "AWT-EventQueue-0" [_thread_in_native, id=55319, stack(0x0000000126b41000,0x0000000126c41000)]
  0x00007fba24848800 JavaThread "Java2D Disposer" daemon [_thread_blocked, id=55063, stack(0x0000000126798000,0x0000000126898000)]
  0x00007fba25918000 JavaThread "Java2D Queue Flusher" daemon [_thread_blocked, id=53511, stack(0x0000000125dee000,0x0000000125eee000)]
  0x00007fba27084000 JavaThread "AWT-Shutdown" [_thread_blocked, id=30739, stack(0x0000000122d37000,0x0000000122e37000)]
  0x00007fba2403b000 JavaThread "AWT-AppKit" daemon [_thread_in_native, id=1811, stack(0x00007fff5de06000,0x00007fff5e606000)]
  0x00007fba27010000 JavaThread "Service Thread" daemon [_thread_blocked, id=20739, stack(0x000000012118a000,0x000000012128a000)]
  0x00007fba2582e000 JavaThread "C1 CompilerThread3" daemon [_thread_blocked, id=20227, stack(0x0000000121087000,0x0000000121187000)]
  0x00007fba2401c000 JavaThread "C2 CompilerThread2" daemon [_thread_blocked, id=19715, stack(0x0000000120f84000,0x0000000121084000)]
  0x00007fba2401b000 JavaThread "C2 CompilerThread1" daemon [_thread_blocked, id=19203, stack(0x0000000120e81000,0x0000000120f81000)]
  0x00007fba24819000 JavaThread "C2 CompilerThread0" daemon [_thread_blocked, id=18691, stack(0x0000000120d7e000,0x0000000120e7e000)]
  0x00007fba2481b000 JavaThread "Signal Dispatcher" daemon [_thread_blocked, id=18203, stack(0x0000000120c7b000,0x0000000120d7b000)]
  0x00007fba25852800 JavaThread "Finalizer" daemon [_thread_blocked, id=13571, stack(0x000000011f258000,0x000000011f358000)]
  0x00007fba25851800 JavaThread "Reference Handler" daemon [_thread_blocked, id=13059, stack(0x000000011f155000,0x000000011f255000)]

Other Threads:
  0x00007fba2480e000 VMThread [stack: 0x000000011f052000,0x000000011f152000] [id=12547]
  0x00007fba27011000 WatcherThread [stack: 0x000000012128d000,0x000000012138d000] [id=21251]

VM state:not at safepoint (normal execution)

VM Mutex/Monitor currently owned by a thread: None

Heap:
 PSYoungGen      total 140800K, used 120200K [0x000000076ab00000, 0x0000000781200000, 0x00000007c0000000)
  eden space 130048K, 84% used [0x000000076ab00000,0x00000007715e2698,0x0000000772a00000)
  from space 10752K, 99% used [0x0000000772a00000,0x000000077347fd20,0x0000000773480000)
  to   space 56320K, 0% used [0x000000077db00000,0x000000077db00000,0x0000000781200000)
 ParOldGen       total 140800K, used 92122K [0x00000006c0000000, 0x00000006c8980000, 0x000000076ab00000)
  object space 140800K, 65% used [0x00000006c0000000,0x00000006c59f6840,0x00000006c8980000)
 Metaspace       used 21519K, capacity 21738K, committed 22144K, reserved 1069056K
  class space    used 2499K, capacity 2569K, committed 2688K, reserved 1048576K

Card table byte_map: [0x0000000112bdf000,0x00000001133e0000] byte_map_base: 0x000000010f5df000

Marking Bits: (ParMarkBitMap*) 0x000000010309d390
 Begin Bits: [0x000000011414e000, 0x000000011814e000)
 End Bits:   [0x000000011814e000, 0x000000011c14e000)

Polling page: 0x0000000101751000

CodeCache: size=245760Kb used=6931Kb max_used=6950Kb free=238828Kb
 bounds [0x000000010381f000, 0x0000000103eef000, 0x000000011281f000]
 total_blobs=2960 nmethods=2095 adapters=779
 compilation: enabled

Compilation events (10 events):
Event: 14.070 Thread 0x00007fba2582e000 2100   !   3       java.io.PrintStream::newLine (73 bytes)
Event: 14.071 Thread 0x00007fba2582e000 nmethod 2100 0x0000000103ede050 code [0x0000000103ede260, 0x0000000103edec78]
Event: 14.078 Thread 0x00007fba2582e000 2101       3       java.nio.HeapFloatBuffer::put (54 bytes)
Event: 14.078 Thread 0x00007fba2582e000 nmethod 2101 0x0000000103ee3d50 code [0x0000000103ee3f20, 0x0000000103ee4678]
Event: 14.094 Thread 0x00007fba2582e000 2102       1       java.io.OutputStream::flush (1 bytes)
Event: 14.094 Thread 0x00007fba2582e000 nmethod 2102 0x0000000103eddd90 code [0x0000000103eddee0, 0x0000000103eddff0]
Event: 14.273 Thread 0x00007fba2401b000 2103       4       java.nio.Buffer::limit (62 bytes)
Event: 14.274 Thread 0x00007fba2401b000 nmethod 2103 0x0000000103ee0e50 code [0x0000000103ee0fa0, 0x0000000103ee1038]
Event: 14.280 Thread 0x00007fba24819000 2104       4       sun.nio.cs.UTF_8$Encoder::encodeArrayLoop (489 bytes)
Event: 14.289 Thread 0x00007fba24819000 nmethod 2104 0x0000000103ee1590 code [0x0000000103ee1760, 0x0000000103ee2010]

GC Heap History (10 events):
Event: 7.437 GC heap before
{Heap before GC invocations=2 (full 0):
 PSYoungGen      total 76288K, used 40366K [0x000000076ab00000, 0x0000000770000000, 0x00000007c0000000)
  eden space 65536K, 45% used [0x000000076ab00000,0x000000076c7f1190,0x000000076eb00000)
  from space 10752K, 99% used [0x000000076eb00000,0x000000076f57a970,0x000000076f580000)
  to   space 10752K, 0% used [0x000000076f580000,0x000000076f580000,0x0000000770000000)
 ParOldGen       total 175104K, used 5736K [0x00000006c0000000, 0x00000006cab00000, 0x000000076ab00000)
  object space 175104K, 3% used [0x00000006c0000000,0x00000006c059a260,0x00000006cab00000)
 Metaspace       used 20814K, capacity 21066K, committed 21248K, reserved 1069056K
  class space    used 2452K, capacity 2543K, committed 2560K, reserved 1048576K
Event: 7.454 GC heap after
Heap after GC invocations=2 (full 0):
 PSYoungGen      total 76288K, used 10725K [0x000000076ab00000, 0x0000000774000000, 0x00000007c0000000)
  eden space 65536K, 0% used [0x000000076ab00000,0x000000076ab00000,0x000000076eb00000)
  from space 10752K, 99% used [0x000000076f580000,0x000000076fff9628,0x0000000770000000)
  to   space 10752K, 0% used [0x000000076eb00000,0x000000076eb00000,0x000000076f580000)
 ParOldGen       total 175104K, used 32681K [0x00000006c0000000, 0x00000006cab00000, 0x000000076ab00000)
  object space 175104K, 18% used [0x00000006c0000000,0x00000006c1fea708,0x00000006cab00000)
 Metaspace       used 20814K, capacity 21066K, committed 21248K, reserved 1069056K
  class space    used 2452K, capacity 2543K, committed 2560K, reserved 1048576K
}
Event: 7.454 GC heap before
{Heap before GC invocations=3 (full 1):
 PSYoungGen      total 76288K, used 10725K [0x000000076ab00000, 0x0000000774000000, 0x00000007c0000000)
  eden space 65536K, 0% used [0x000000076ab00000,0x000000076ab00000,0x000000076eb00000)
  from space 10752K, 99% used [0x000000076f580000,0x000000076fff9628,0x0000000770000000)
  to   space 10752K, 0% used [0x000000076eb00000,0x000000076eb00000,0x000000076f580000)
 ParOldGen       total 175104K, used 32681K [0x00000006c0000000, 0x00000006cab00000, 0x000000076ab00000)
  object space 175104K, 18% used [0x00000006c0000000,0x00000006c1fea708,0x00000006cab00000)
 Metaspace       used 20814K, capacity 21066K, committed 21248K, reserved 1069056K
  class space    used 2452K, capacity 2543K, committed 2560K, reserved 1048576K
Event: 7.497 GC heap after
Heap after GC invocations=3 (full 1):
 PSYoungGen      total 76288K, used 0K [0x000000076ab00000, 0x0000000774000000, 0x00000007c0000000)
  eden space 65536K, 0% used [0x000000076ab00000,0x000000076ab00000,0x000000076eb00000)
  from space 10752K, 0% used [0x000000076f580000,0x000000076f580000,0x0000000770000000)
  to   space 10752K, 0% used [0x000000076eb00000,0x000000076eb00000,0x000000076f580000)
 ParOldGen       total 140800K, used 41910K [0x00000006c0000000, 0x00000006c8980000, 0x000000076ab00000)
  object space 140800K, 29% used [0x00000006c0000000,0x00000006c28edb48,0x00000006c8980000)
 Metaspace       used 20801K, capacity 21048K, committed 21248K, reserved 1069056K
  class space    used 2446K, capacity 2534K, committed 2560K, reserved 1048576K
}
Event: 7.810 GC heap before
{Heap before GC invocations=4 (full 1):
 PSYoungGen      total 76288K, used 65528K [0x000000076ab00000, 0x0000000774000000, 0x00000007c0000000)
  eden space 65536K, 99% used [0x000000076ab00000,0x000000076eafe008,0x000000076eb00000)
  from space 10752K, 0% used [0x000000076f580000,0x000000076f580000,0x0000000770000000)
  to   space 10752K, 0% used [0x000000076eb00000,0x000000076eb00000,0x000000076f580000)
 ParOldGen       total 140800K, used 41910K [0x00000006c0000000, 0x00000006c8980000, 0x000000076ab00000)
  object space 140800K, 29% used [0x00000006c0000000,0x00000006c28edb48,0x00000006c8980000)
 Metaspace       used 20843K, capacity 21112K, committed 21504K, reserved 1069056K
  class space    used 2448K, capacity 2534K, committed 2560K, reserved 1048576K
Event: 7.812 GC heap after
Heap after GC invocations=4 (full 1):
 PSYoungGen      total 76288K, used 7035K [0x000000076ab00000, 0x0000000773f00000, 0x00000007c0000000)
  eden space 65536K, 0% used [0x000000076ab00000,0x000000076ab00000,0x000000076eb00000)
  from space 10752K, 65% used [0x000000076eb00000,0x000000076f1deed8,0x000000076f580000)
  to   space 10752K, 0% used [0x0000000773480000,0x0000000773480000,0x0000000773f00000)
 ParOldGen       total 140800K, used 41918K [0x00000006c0000000, 0x00000006c8980000, 0x000000076ab00000)
  object space 140800K, 29% used [0x00000006c0000000,0x00000006c28efb48,0x00000006c8980000)
 Metaspace       used 20843K, capacity 21112K, committed 21504K, reserved 1069056K
  class space    used 2448K, capacity 2534K, committed 2560K, reserved 1048576K
}
Event: 7.908 GC heap before
{Heap before GC invocations=5 (full 1):
 PSYoungGen      total 76288K, used 72367K [0x000000076ab00000, 0x0000000773f00000, 0x00000007c0000000)
  eden space 65536K, 99% used [0x000000076ab00000,0x000000076eacd068,0x000000076eb00000)
  from space 10752K, 65% used [0x000000076eb00000,0x000000076f1deed8,0x000000076f580000)
  to   space 10752K, 0% used [0x0000000773480000,0x0000000773480000,0x0000000773f00000)
 ParOldGen       total 140800K, used 41918K [0x00000006c0000000, 0x00000006c8980000, 0x000000076ab00000)
  object space 140800K, 29% used [0x00000006c0000000,0x00000006c28efb48,0x00000006c8980000)
 Metaspace       used 20859K, capacity 21112K, committed 21504K, reserved 1069056K
  class space    used 2448K, capacity 2534K, committed 2560K, reserved 1048576K
Event: 7.918 GC heap after
Heap after GC invocations=5 (full 1):
 PSYoungGen      total 140288K, used 10747K [0x000000076ab00000, 0x0000000773f00000, 0x00000007c0000000)
  eden space 129536K, 0% used [0x000000076ab00000,0x000000076ab00000,0x0000000772980000)
  from space 10752K, 99% used [0x0000000773480000,0x0000000773efef28,0x0000000773f00000)
  to   space 10752K, 0% used [0x0000000772a00000,0x0000000772a00000,0x0000000773480000)
 ParOldGen       total 140800K, used 51202K [0x00000006c0000000, 0x00000006c8980000, 0x000000076ab00000)
  object space 140800K, 36% used [0x00000006c0000000,0x00000006c3200ab8,0x00000006c8980000)
 Metaspace       used 20859K, capacity 21112K, committed 21504K, reserved 1069056K
  class space    used 2448K, capacity 2534K, committed 2560K, reserved 1048576K
}
Event: 14.135 GC heap before
{Heap before GC invocations=6 (full 1):
 PSYoungGen      total 140288K, used 140283K [0x000000076ab00000, 0x0000000773f00000, 0x00000007c0000000)
  eden space 129536K, 100% used [0x000000076ab00000,0x0000000772980000,0x0000000772980000)
  from space 10752K, 99% used [0x0000000773480000,0x0000000773efef28,0x0000000773f00000)
  to   space 10752K, 0% used [0x0000000772a00000,0x0000000772a00000,0x0000000773480000)
 ParOldGen       total 140800K, used 51202K [0x00000006c0000000, 0x00000006c8980000, 0x000000076ab00000)
  object space 140800K, 36% used [0x00000006c0000000,0x00000006c3200ab8,0x00000006c8980000)
 Metaspace       used 21519K, capacity 21738K, committed 22144K, reserved 1069056K
  class space    used 2499K, capacity 2569K, committed 2688K, reserved 1048576K
Event: 14.160 GC heap after
Heap after GC invocations=6 (full 1):
 PSYoungGen      total 140800K, used 10751K [0x000000076ab00000, 0x0000000781200000, 0x00000007c0000000)
  eden space 130048K, 0% used [0x000000076ab00000,0x000000076ab00000,0x0000000772a00000)
  from space 10752K, 99% used [0x0000000772a00000,0x000000077347fd20,0x0000000773480000)
  to   space 56320K, 0% used [0x000000077db00000,0x000000077db00000,0x0000000781200000)
 ParOldGen       total 140800K, used 92122K [0x00000006c0000000, 0x00000006c8980000, 0x000000076ab00000)
  object space 140800K, 65% used [0x00000006c0000000,0x00000006c59f6840,0x00000006c8980000)
 Metaspace       used 21519K, capacity 21738K, committed 22144K, reserved 1069056K
  class space    used 2499K, capacity 2569K, committed 2688K, reserved 1048576K
}

Deoptimization events (5 events):
Event: 4.274 Thread 0x00007fba2716c000 Uncommon trap: reason=class_check action=maybe_recompile pc=0x0000000103997580 method=java.lang.String.equals(Ljava/lang/Object;)Z @ 8
Event: 4.274 Thread 0x00007fba2716c000 Uncommon trap: reason=class_check action=maybe_recompile pc=0x0000000103997580 method=java.lang.String.equals(Ljava/lang/Object;)Z @ 8
Event: 4.285 Thread 0x00007fba2716c000 Uncommon trap: reason=class_check action=maybe_recompile pc=0x0000000103997580 method=java.lang.String.equals(Ljava/lang/Object;)Z @ 8
Event: 4.285 Thread 0x00007fba2716c000 Uncommon trap: reason=class_check action=maybe_recompile pc=0x0000000103997580 method=java.lang.String.equals(Ljava/lang/Object;)Z @ 8
Event: 8.791 Thread 0x00007fba2716c000 Uncommon trap: reason=unreached action=reinterpret pc=0x0000000103a60730 method=java.util.HashMap.getNode(ILjava/lang/Object;)Ljava/util/HashMap$Node; @ 53

Internal exceptions (10 events):
Event: 7.997 Thread 0x00007fba2716c000 Exception <a 'java/security/PrivilegedActionException'> (0x000000076c48efa8) thrown at [/HUDSON3/workspace/8-2-build-macosx-x86_64/jdk8u25/1514/hotspot/src/share/vm/prims/jvm.cpp, line 1312]
Event: 8.756 Thread 0x00007fba2716c000 Exception <a 'java/security/PrivilegedActionException'> (0x000000076c8ced68) thrown at [/HUDSON3/workspace/8-2-build-macosx-x86_64/jdk8u25/1514/hotspot/src/share/vm/prims/jvm.cpp, line 1312]
Event: 8.759 Thread 0x00007fba2716c000 Exception <a 'java/security/PrivilegedActionException'> (0x000000076c8dbf78) thrown at [/HUDSON3/workspace/8-2-build-macosx-x86_64/jdk8u25/1514/hotspot/src/share/vm/prims/jvm.cpp, line 1312]
Event: 8.761 Thread 0x00007fba2716c000 Exception <a 'java/security/PrivilegedActionException'> (0x000000076c8e4600) thrown at [/HUDSON3/workspace/8-2-build-macosx-x86_64/jdk8u25/1514/hotspot/src/share/vm/prims/jvm.cpp, line 1312]
Event: 8.762 Thread 0x00007fba2716c000 Exception <a 'java/security/PrivilegedActionException'> (0x000000076c8e73b0) thrown at [/HUDSON3/workspace/8-2-build-macosx-x86_64/jdk8u25/1514/hotspot/src/share/vm/prims/jvm.cpp, line 1312]
Event: 8.765 Thread 0x00007fba2716c000 Exception <a 'java/security/PrivilegedActionException'> (0x000000076c8ed9f0) thrown at [/HUDSON3/workspace/8-2-build-macosx-x86_64/jdk8u25/1514/hotspot/src/share/vm/prims/jvm.cpp, line 1312]
Event: 8.765 Thread 0x00007fba2716c000 Exception <a 'java/security/PrivilegedActionException'> (0x000000076c8f1660) thrown at [/HUDSON3/workspace/8-2-build-macosx-x86_64/jdk8u25/1514/hotspot/src/share/vm/prims/jvm.cpp, line 1312]
Event: 8.785 Thread 0x00007fba2716c000 Exception <a 'java/security/PrivilegedActionException'> (0x000000076c909838) thrown at [/HUDSON3/workspace/8-2-build-macosx-x86_64/jdk8u25/1514/hotspot/src/share/vm/prims/jvm.cpp, line 1312]
Event: 8.785 Thread 0x00007fba2716c000 Exception <a 'java/security/PrivilegedActionException'> (0x000000076c90eb70) thrown at [/HUDSON3/workspace/8-2-build-macosx-x86_64/jdk8u25/1514/hotspot/src/share/vm/prims/jvm.cpp, line 1312]
Event: 8.788 Thread 0x00007fba2716c000 Exception <a 'java/security/PrivilegedActionException'> (0x000000076cac7768) thrown at [/HUDSON3/workspace/8-2-build-macosx-x86_64/jdk8u25/1514/hotspot/src/share/vm/prims/jvm.cpp, line 1312]

Events (10 events):
Event: 14.161 Executing VM operation: BulkRevokeBias done
Event: 14.274 Thread 0x00007fba2401b000 flushing nmethod 0x000000010391e710
Event: 14.274 Thread 0x00007fba2401b000 flushing nmethod 0x000000010391ed50
Event: 14.274 Thread 0x00007fba2401b000 flushing nmethod 0x000000010391f5d0
Event: 14.274 Thread 0x00007fba2401b000 flushing nmethod 0x0000000103928710
Event: 14.274 Thread 0x00007fba2401b000 flushing nmethod 0x0000000103928fd0
Event: 14.274 Thread 0x00007fba2401b000 flushing nmethod 0x0000000103929350
Event: 14.274 Thread 0x00007fba2401b000 flushing nmethod 0x0000000103943310
Event: 14.274 Thread 0x00007fba2401b000 flushing nmethod 0x0000000103947950
Event: 14.274 Thread 0x00007fba2401b000 flushing nmethod 0x0000000103948010


Dynamic libraries:
0x000000000c014000 	/System/Library/Frameworks/Cocoa.framework/Versions/A/Cocoa
0x000000000c014000 	/System/Library/Frameworks/Security.framework/Versions/A/Security
0x000000000c014000 	/System/Library/Frameworks/ApplicationServices.framework/Versions/A/ApplicationServices
0x000000000c014000 	/usr/lib/libz.1.dylib
0x000000000c014000 	/usr/lib/libSystem.B.dylib
0x000000000c014000 	/usr/lib/libobjc.A.dylib
0x000000000c014000 	/System/Library/Frameworks/CoreFoundation.framework/Versions/A/CoreFoundation
0x000000000c014000 	/System/Library/Frameworks/Foundation.framework/Versions/C/Foundation
0x000000000c014000 	/System/Library/Frameworks/AppKit.framework/Versions/C/AppKit
0x000000000c014000 	/System/Library/Frameworks/CoreData.framework/Versions/A/CoreData
0x000000000c014000 	/System/Library/PrivateFrameworks/RemoteViewServices.framework/Versions/A/RemoteViewServices
0x000000000c014000 	/System/Library/PrivateFrameworks/UIFoundation.framework/Versions/A/UIFoundation
0x000000000c014000 	/System/Library/Frameworks/IOSurface.framework/Versions/A/IOSurface
0x000000000c014000 	/System/Library/Frameworks/AudioToolbox.framework/Versions/A/AudioToolbox
0x000000000c014000 	/System/Library/Frameworks/AudioUnit.framework/Versions/A/AudioUnit
0x000000000c014000 	/System/Library/PrivateFrameworks/DataDetectorsCore.framework/Versions/A/DataDetectorsCore
0x000000000c014000 	/System/Library/PrivateFrameworks/DesktopServicesPriv.framework/Versions/A/DesktopServicesPriv
0x000000000c014000 	/System/Library/Frameworks/Carbon.framework/Versions/A/Frameworks/HIToolbox.framework/Versions/A/HIToolbox
0x000000000c014000 	/System/Library/Frameworks/QuartzCore.framework/Versions/A/QuartzCore
0x000000000c014000 	/System/Library/Frameworks/Carbon.framework/Versions/A/Frameworks/SpeechRecognition.framework/Versions/A/SpeechRecognition
0x000000000c014000 	/usr/lib/libauto.dylib
0x000000000c014000 	/usr/lib/libicucore.A.dylib
0x000000000c014000 	/usr/lib/libxml2.2.dylib
0x000000000c014000 	/System/Library/PrivateFrameworks/CoreUI.framework/Versions/A/CoreUI
0x000000000c014000 	/System/Library/Frameworks/CoreAudio.framework/Versions/A/CoreAudio
0x000000000c014000 	/System/Library/Frameworks/DiskArbitration.framework/Versions/A/DiskArbitration
0x000000000c014000 	/usr/lib/liblangid.dylib
0x000000000c014000 	/System/Library/PrivateFrameworks/MultitouchSupport.framework/Versions/A/MultitouchSupport
0x000000000c014000 	/System/Library/Frameworks/IOKit.framework/Versions/A/IOKit
0x000000000c014000 	/usr/lib/libDiagnosticMessagesClient.dylib
0x000000000c014000 	/System/Library/Frameworks/CoreServices.framework/Versions/A/CoreServices
0x000000000c014000 	/System/Library/PrivateFrameworks/PerformanceAnalysis.framework/Versions/A/PerformanceAnalysis
0x000000000c014000 	/System/Library/PrivateFrameworks/GenerationalStorage.framework/Versions/A/GenerationalStorage
0x000000000c014000 	/System/Library/Frameworks/OpenGL.framework/Versions/A/OpenGL
0x000000000c014000 	/System/Library/PrivateFrameworks/Sharing.framework/Versions/A/Sharing
0x000000000c014000 	/System/Library/Frameworks/CoreGraphics.framework/Versions/A/CoreGraphics
0x000000000c014000 	/System/Library/Frameworks/CoreText.framework/Versions/A/CoreText
0x000000000c014000 	/System/Library/Frameworks/ImageIO.framework/Versions/A/ImageIO
0x000000000c014000 	/usr/lib/libextension.dylib
0x000000000c014000 	/System/Library/PrivateFrameworks/Backup.framework/Versions/A/Backup
0x000000000c014000 	/usr/lib/libarchive.2.dylib
0x000000000c014000 	/System/Library/Frameworks/CFNetwork.framework/Versions/A/CFNetwork
0x000000000c014000 	/System/Library/Frameworks/SystemConfiguration.framework/Versions/A/SystemConfiguration
0x000000000c014000 	/usr/lib/libCRFSuite.dylib
0x000000000c014000 	/usr/lib/libc++.1.dylib
0x000000000c014000 	/usr/lib/libc++abi.dylib
0x000000000c014000 	/usr/lib/system/libcache.dylib
0x000000000c014000 	/usr/lib/system/libcommonCrypto.dylib
0x000000000c014000 	/usr/lib/system/libcompiler_rt.dylib
0x000000000c014000 	/usr/lib/system/libcopyfile.dylib
0x000000000c014000 	/usr/lib/system/libcorecrypto.dylib
0x000000000c014000 	/usr/lib/system/libdispatch.dylib
0x000000000c014000 	/usr/lib/system/libdyld.dylib
0x000000000c014000 	/usr/lib/system/libkeymgr.dylib
0x000000000c014000 	/usr/lib/system/liblaunch.dylib
0x000000000c014000 	/usr/lib/system/libmacho.dylib
0x000000000c014000 	/usr/lib/system/libquarantine.dylib
0x000000000c014000 	/usr/lib/system/libremovefile.dylib
0x000000000c014000 	/usr/lib/system/libsystem_asl.dylib
0x000000000c014000 	/usr/lib/system/libsystem_blocks.dylib
0x000000000c014000 	/usr/lib/system/libsystem_c.dylib
0x000000000c014000 	/usr/lib/system/libsystem_configuration.dylib
0x000000000c014000 	/usr/lib/system/libsystem_coreservices.dylib
0x000000000c014000 	/usr/lib/system/libsystem_coretls.dylib
0x000000000c014000 	/usr/lib/system/libsystem_dnssd.dylib
0x000000000c014000 	/usr/lib/system/libsystem_info.dylib
0x000000000c014000 	/usr/lib/system/libsystem_kernel.dylib
0x000000000c014000 	/usr/lib/system/libsystem_m.dylib
0x000000000c014000 	/usr/lib/system/libsystem_malloc.dylib
0x000000000c014000 	/usr/lib/system/libsystem_network.dylib
0x000000000c014000 	/usr/lib/system/libsystem_networkextension.dylib
0x000000000c014000 	/usr/lib/system/libsystem_notify.dylib
0x000000000c014000 	/usr/lib/system/libsystem_platform.dylib
0x000000000c014000 	/usr/lib/system/libsystem_pthread.dylib
0x000000000c014000 	/usr/lib/system/libsystem_sandbox.dylib
0x000000000c014000 	/usr/lib/system/libsystem_secinit.dylib
0x000000000c014000 	/usr/lib/system/libsystem_stats.dylib
0x000000000c014000 	/usr/lib/system/libsystem_trace.dylib
0x000000000c014000 	/usr/lib/system/libunc.dylib
0x000000000c014000 	/usr/lib/system/libunwind.dylib
0x000000000c014000 	/usr/lib/system/libxpc.dylib
0x000000000c014000 	/usr/lib/libbz2.1.0.dylib
0x000000000c014000 	/usr/lib/liblzma.5.dylib
0x000000000c014000 	/usr/lib/libbsm.0.dylib
0x000000000c014000 	/usr/lib/libsqlite3.dylib
0x000000000c014000 	/usr/lib/system/libkxld.dylib
0x000000000c014000 	/usr/lib/libxar.1.dylib
0x000000000c014000 	/usr/lib/libpam.2.dylib
0x000000000c014000 	/usr/lib/libOpenScriptingUtil.dylib
0x000000000c014000 	/System/Library/Frameworks/CoreServices.framework/Versions/A/Frameworks/FSEvents.framework/Versions/A/FSEvents
0x000000000c014000 	/System/Library/Frameworks/CoreServices.framework/Versions/A/Frameworks/CarbonCore.framework/Versions/A/CarbonCore
0x000000000c014000 	/System/Library/Frameworks/CoreServices.framework/Versions/A/Frameworks/Metadata.framework/Versions/A/Metadata
0x000000000c014000 	/System/Library/Frameworks/CoreServices.framework/Versions/A/Frameworks/OSServices.framework/Versions/A/OSServices
0x000000000c014000 	/System/Library/Frameworks/CoreServices.framework/Versions/A/Frameworks/SearchKit.framework/Versions/A/SearchKit
0x000000000c014000 	/System/Library/Frameworks/CoreServices.framework/Versions/A/Frameworks/AE.framework/Versions/A/AE
0x000000000c014000 	/System/Library/Frameworks/CoreServices.framework/Versions/A/Frameworks/LaunchServices.framework/Versions/A/LaunchServices
0x000000000c014000 	/System/Library/Frameworks/CoreServices.framework/Versions/A/Frameworks/DictionaryServices.framework/Versions/A/DictionaryServices
0x000000000c014000 	/System/Library/Frameworks/NetFS.framework/Versions/A/NetFS
0x000000000c014000 	/System/Library/PrivateFrameworks/NetAuth.framework/Versions/A/NetAuth
0x000000000c014000 	/System/Library/PrivateFrameworks/login.framework/Versions/A/Frameworks/loginsupport.framework/Versions/A/loginsupport
0x000000000c014000 	/System/Library/PrivateFrameworks/TCC.framework/Versions/A/TCC
0x000000000c014000 	/usr/lib/libmecabra.dylib
0x000000000c014000 	/System/Library/Frameworks/ApplicationServices.framework/Versions/A/Frameworks/ATS.framework/Versions/A/ATS
0x000000000c014000 	/System/Library/Frameworks/ApplicationServices.framework/Versions/A/Frameworks/ColorSync.framework/Versions/A/ColorSync
0x000000000c014000 	/System/Library/Frameworks/ApplicationServices.framework/Versions/A/Frameworks/HIServices.framework/Versions/A/HIServices
0x000000000c014000 	/System/Library/Frameworks/ApplicationServices.framework/Versions/A/Frameworks/LangAnalysis.framework/Versions/A/LangAnalysis
0x000000000c014000 	/System/Library/Frameworks/ApplicationServices.framework/Versions/A/Frameworks/PrintCore.framework/Versions/A/PrintCore
0x000000000c014000 	/System/Library/Frameworks/ApplicationServices.framework/Versions/A/Frameworks/QD.framework/Versions/A/QD
0x000000000c014000 	/System/Library/Frameworks/ApplicationServices.framework/Versions/A/Frameworks/SpeechSynthesis.framework/Versions/A/SpeechSynthesis
0x000000000c014000 	/System/Library/Frameworks/Accelerate.framework/Versions/A/Accelerate
0x000000000c014000 	/System/Library/Frameworks/Accelerate.framework/Versions/A/Frameworks/vImage.framework/Versions/A/vImage
0x000000000c014000 	/System/Library/Frameworks/Accelerate.framework/Versions/A/Frameworks/vecLib.framework/Versions/A/vecLib
0x000000000c014000 	/System/Library/Frameworks/Accelerate.framework/Versions/A/Frameworks/vecLib.framework/Versions/A/libvDSP.dylib
0x000000000c014000 	/System/Library/Frameworks/Accelerate.framework/Versions/A/Frameworks/vecLib.framework/Versions/A/libvMisc.dylib
0x000000000c014000 	/System/Library/Frameworks/Accelerate.framework/Versions/A/Frameworks/vecLib.framework/Versions/A/libLAPACK.dylib
0x000000000c014000 	/System/Library/Frameworks/Accelerate.framework/Versions/A/Frameworks/vecLib.framework/Versions/A/libBLAS.dylib
0x000000000c014000 	/System/Library/Frameworks/Accelerate.framework/Versions/A/Frameworks/vecLib.framework/Versions/A/libLinearAlgebra.dylib
0x000000000c014000 	/System/Library/Frameworks/ApplicationServices.framework/Versions/A/Frameworks/ATS.framework/Versions/A/Resources/libFontParser.dylib
0x000000000c014000 	/System/Library/Frameworks/ApplicationServices.framework/Versions/A/Frameworks/ATS.framework/Versions/A/Resources/libFontRegistry.dylib
0x000000000c014000 	/System/Library/PrivateFrameworks/AppleVPA.framework/Versions/A/AppleVPA
0x000000000c014000 	/System/Library/PrivateFrameworks/AppleJPEG.framework/Versions/A/AppleJPEG
0x000000000c014000 	/System/Library/Frameworks/ImageIO.framework/Versions/A/Resources/libJPEG.dylib
0x000000000c014000 	/System/Library/Frameworks/ImageIO.framework/Versions/A/Resources/libTIFF.dylib
0x000000000c014000 	/System/Library/Frameworks/ImageIO.framework/Versions/A/Resources/libPng.dylib
0x000000000c014000 	/System/Library/Frameworks/ImageIO.framework/Versions/A/Resources/libGIF.dylib
0x000000000c014000 	/System/Library/Frameworks/ImageIO.framework/Versions/A/Resources/libJP2.dylib
0x000000000c014000 	/System/Library/Frameworks/ImageIO.framework/Versions/A/Resources/libRadiance.dylib
0x000000000c014000 	/System/Library/Frameworks/CoreVideo.framework/Versions/A/CoreVideo
0x000000000c014000 	/System/Library/Frameworks/OpenGL.framework/Versions/A/Libraries/libGLU.dylib
0x000000000c014000 	/System/Library/Frameworks/OpenGL.framework/Versions/A/Libraries/libGFXShared.dylib
0x000000000c014000 	/System/Library/Frameworks/OpenGL.framework/Versions/A/Libraries/libGL.dylib
0x000000000c014000 	/System/Library/Frameworks/OpenGL.framework/Versions/A/Libraries/libGLImage.dylib
0x000000000c014000 	/System/Library/Frameworks/OpenGL.framework/Versions/A/Libraries/libCVMSPluginSupport.dylib
0x000000000c014000 	/System/Library/Frameworks/OpenGL.framework/Versions/A/Libraries/libCoreVMClient.dylib
0x000000000c014000 	/usr/lib/libcups.2.dylib
0x000000000c014000 	/System/Library/Frameworks/Kerberos.framework/Versions/A/Kerberos
0x000000000c014000 	/System/Library/Frameworks/GSS.framework/Versions/A/GSS
0x000000000c014000 	/usr/lib/libresolv.9.dylib
0x000000000c014000 	/usr/lib/libiconv.2.dylib
0x000000000c014000 	/System/Library/PrivateFrameworks/Heimdal.framework/Versions/A/Heimdal
0x000000000c014000 	/usr/lib/libheimdal-asn1.dylib
0x000000000c014000 	/System/Library/Frameworks/OpenDirectory.framework/Versions/A/OpenDirectory
0x000000000c014000 	/System/Library/PrivateFrameworks/CommonAuth.framework/Versions/A/CommonAuth
0x000000000c014000 	/System/Library/Frameworks/OpenDirectory.framework/Versions/A/Frameworks/CFOpenDirectory.framework/Versions/A/CFOpenDirectory
0x000000000c014000 	/System/Library/Frameworks/SecurityFoundation.framework/Versions/A/SecurityFoundation
0x000000000c014000 	/System/Library/PrivateFrameworks/LanguageModeling.framework/Versions/A/LanguageModeling
0x000000000c014000 	/usr/lib/libcmph.dylib
0x000000000c014000 	/System/Library/Frameworks/ServiceManagement.framework/Versions/A/ServiceManagement
0x000000000c014000 	/usr/lib/libxslt.1.dylib
0x000000000c014000 	/System/Library/Frameworks/Carbon.framework/Versions/A/Frameworks/Ink.framework/Versions/A/Ink
0x000000000c014000 	/System/Library/Frameworks/QuartzCore.framework/Versions/A/Frameworks/CoreImage.framework/Versions/A/CoreImage
0x000000000c014000 	/System/Library/PrivateFrameworks/CrashReporterSupport.framework/Versions/A/CrashReporterSupport
0x000000000c014000 	/System/Library/Frameworks/OpenCL.framework/Versions/A/OpenCL
0x000000000c014000 	/System/Library/PrivateFrameworks/FaceCore.framework/Versions/A/FaceCore
0x000000000c014000 	/System/Library/PrivateFrameworks/Ubiquity.framework/Versions/A/Ubiquity
0x000000000c014000 	/System/Library/PrivateFrameworks/IconServices.framework/Versions/A/IconServices
0x000000000c014000 	/System/Library/PrivateFrameworks/ChunkingLibrary.framework/Versions/A/ChunkingLibrary
0x000000000c014000 	/System/Library/PrivateFrameworks/Apple80211.framework/Versions/A/Apple80211
0x000000000c014000 	/System/Library/Frameworks/CoreWLAN.framework/Versions/A/CoreWLAN
0x000000000c014000 	/System/Library/Frameworks/IOBluetooth.framework/Versions/A/IOBluetooth
0x000000000c014000 	/System/Library/PrivateFrameworks/CoreWiFi.framework/Versions/A/CoreWiFi
0x000000000c014000 	/System/Library/Frameworks/CoreBluetooth.framework/Versions/A/CoreBluetooth
0x000000000c014000 	/System/Library/PrivateFrameworks/DebugSymbols.framework/Versions/A/DebugSymbols
0x000000000c014000 	/System/Library/PrivateFrameworks/CoreSymbolication.framework/Versions/A/CoreSymbolication
0x000000000c014000 	/System/Library/PrivateFrameworks/Symbolication.framework/Versions/A/Symbolication
0x000000000c014000 	/System/Library/PrivateFrameworks/SpeechRecognitionCore.framework/Versions/A/SpeechRecognitionCore
0x0000000102800000 	/Library/Java/JavaVirtualMachines/jdk1.8.0_25.jdk/Contents/Home/jre/lib/server/libjvm.dylib
0x000000000c014000 	/usr/lib/libstdc++.6.dylib
0x000000010170f000 	/Library/Java/JavaVirtualMachines/jdk1.8.0_25.jdk/Contents/Home/jre/lib/libverify.dylib
0x000000010171d000 	/Library/Java/JavaVirtualMachines/jdk1.8.0_25.jdk/Contents/Home/jre/lib/libjava.dylib
0x000000010175b000 	/Library/Java/JavaVirtualMachines/jdk1.8.0_25.jdk/Contents/Home/jre/lib/libzip.dylib
0x000000011f35a000 	/System/Library/Frameworks/JavaVM.framework/Frameworks/JavaRuntimeSupport.framework/JavaRuntimeSupport
0x000000011f372000 	/System/Library/Frameworks/JavaVM.framework/Versions/A/Frameworks/JavaNativeFoundation.framework/Versions/A/JavaNativeFoundation
0x000000011f387000 	/System/Library/Frameworks/JavaVM.framework/Versions/A/JavaVM
0x000000000c014000 	/System/Library/Frameworks/Carbon.framework/Versions/A/Carbon
0x000000011f394000 	/System/Library/PrivateFrameworks/JavaLaunching.framework/Versions/A/JavaLaunching
0x000000000c014000 	/System/Library/Frameworks/Carbon.framework/Versions/A/Frameworks/CommonPanels.framework/Versions/A/CommonPanels
0x000000000c014000 	/System/Library/Frameworks/Carbon.framework/Versions/A/Frameworks/Help.framework/Versions/A/Help
0x000000000c014000 	/System/Library/Frameworks/Carbon.framework/Versions/A/Frameworks/ImageCapture.framework/Versions/A/ImageCapture
0x000000000c014000 	/System/Library/Frameworks/Carbon.framework/Versions/A/Frameworks/OpenScripting.framework/Versions/A/OpenScripting
0x000000000c014000 	/System/Library/Frameworks/Carbon.framework/Versions/A/Frameworks/Print.framework/Versions/A/Print
0x000000000c014000 	/System/Library/Frameworks/Carbon.framework/Versions/A/Frameworks/SecurityHI.framework/Versions/A/SecurityHI
0x00000001213ca000 	/Library/Java/JavaVirtualMachines/jdk1.8.0_25.jdk/Contents/Home/jre/lib/libawt.dylib
0x0000000121479000 	/Library/Java/JavaVirtualMachines/jdk1.8.0_25.jdk/Contents/Home/jre/lib/./libmlib_image.dylib
0x0000000121545000 	/Library/Java/JavaVirtualMachines/jdk1.8.0_25.jdk/Contents/Home/jre/lib/libawt_lwawt.dylib
0x00000001215f8000 	/Library/Java/JavaVirtualMachines/jdk1.8.0_25.jdk/Contents/Home/jre/lib/./libosxapp.dylib
0x000000000c014000 	/System/Library/Frameworks/ExceptionHandling.framework/Versions/A/ExceptionHandling
0x000000000c014000 	/System/Library/PrivateFrameworks/CoreServicesInternal.framework/Versions/A/CoreServicesInternal
0x000000000c014000 	/System/Library/PrivateFrameworks/CloudDocs.framework/Versions/A/CloudDocs
0x000000000c014000 	/System/Library/PrivateFrameworks/CoreDuet.framework/Versions/A/CoreDuet
0x000000000c014000 	/System/Library/Frameworks/CloudKit.framework/Versions/A/CloudKit
0x000000000c014000 	/System/Library/PrivateFrameworks/ProtocolBuffer.framework/Versions/A/ProtocolBuffer
0x000000000c014000 	/System/Library/PrivateFrameworks/CoreDuetDaemonProtocol.framework/Versions/A/CoreDuetDaemonProtocol
0x000000000c014000 	/System/Library/PrivateFrameworks/CoreDuetDebugLogging.framework/Versions/A/CoreDuetDebugLogging
0x000000000c014000 	/System/Library/PrivateFrameworks/MMCS.framework/Versions/A/MMCS
0x000000000c014000 	/System/Library/Frameworks/CoreLocation.framework/Versions/A/CoreLocation
0x000000000c014000 	/System/Library/PrivateFrameworks/ProtectedCloudStorage.framework/Versions/A/ProtectedCloudStorage
0x000000000c014000 	/System/Library/PrivateFrameworks/GeoServices.framework/Versions/A/GeoServices
0x000000000c014000 	/System/Library/Frameworks/CoreGraphics.framework/Versions/A/Resources/libCGCMS.A.dylib
0x000000000c014000 	/System/Library/Frameworks/CoreGraphics.framework/Versions/A/Resources/libRIP.A.dylib
0x000000000c014000 	/System/Library/Frameworks/CoreGraphics.framework/Versions/A/Resources/libCGXType.A.dylib
0x000000000c014000 	/System/Library/Frameworks/OpenCL.framework/Versions/A/Libraries/libcldcpuengine.dylib
0x000000000c014000 	/System/Library/PrivateFrameworks/DiskImages.framework/Versions/A/DiskImages
0x000000000c014000 	/System/Library/Frameworks/DiscRecording.framework/Versions/A/DiscRecording
0x000000000c014000 	/usr/lib/libcsfde.dylib
0x000000000c014000 	/usr/lib/libcurl.4.dylib
0x000000000c014000 	/System/Library/PrivateFrameworks/MediaKit.framework/Versions/A/MediaKit
0x000000000c014000 	/usr/lib/libCoreStorage.dylib
0x000000000c014000 	/System/Library/PrivateFrameworks/EFILogin.framework/Versions/A/EFILogin
0x000000000c014000 	/usr/lib/libutil.dylib
0x000000000c014000 	/System/Library/PrivateFrameworks/FindMyDevice.framework/Versions/A/FindMyDevice
0x000000000c014000 	/System/Library/Frameworks/LDAP.framework/Versions/A/LDAP
0x000000000c014000 	/usr/lib/libsasl2.2.dylib
0x000000000c014000 	/System/Library/PrivateFrameworks/CoreDaemon.framework/Versions/B/CoreDaemon
0x000000000c014000 	/usr/lib/libcrypto.0.9.8.dylib
0x000000000c014000 	/System/Library/PrivateFrameworks/AppleSRP.framework/Versions/A/AppleSRP
0x000000000c014000 	/System/Library/PrivateFrameworks/TrustEvaluationAgent.framework/Versions/A/TrustEvaluationAgent
0x000000012197d000 	cl_kernels
0x0000000124883000 	/System/Library/Frameworks/OpenCL.framework/Versions/A/Libraries/ImageFormats/unorm8_bgra.dylib
0x000000012196f000 	cl_kernels
0x000000000c014000 	/System/Library/PrivateFrameworks/FamilyControls.framework/Versions/A/FamilyControls
0x000000000c014000 	/System/Library/PrivateFrameworks/CommerceKit.framework/Versions/A/Frameworks/CommerceCore.framework/Versions/A/CommerceCore
0x000000000c014000 	/System/Library/PrivateFrameworks/SystemAdministration.framework/Versions/A/SystemAdministration
0x000000000c014000 	/System/Library/PrivateFrameworks/AppContainer.framework/Versions/A/AppContainer
0x000000000c014000 	/System/Library/PrivateFrameworks/SecCodeWrapper.framework/Versions/A/SecCodeWrapper
0x000000000c014000 	/System/Library/Frameworks/DirectoryService.framework/Versions/A/DirectoryService
0x000000000c014000 	/System/Library/PrivateFrameworks/LoginUIKit.framework/Versions/A/Frameworks/LoginUICore.framework/Versions/A/LoginUICore
0x000000000c014000 	/usr/lib/libodfde.dylib
0x0000000125d5e000 	/Library/Java/JavaVirtualMachines/jdk1.8.0_25.jdk/Contents/Home/jre/lib/libfontmanager.dylib
0x0000000123cd7000 	/Library/Java/JavaVirtualMachines/jdk1.8.0_25.jdk/Contents/Home/jre/lib/libosxui.dylib
0x000000000c014000 	/System/Library/Frameworks/OpenGL.framework/Versions/A/Resources/GLEngine.bundle/GLEngine
0x000000000c014000 	/System/Library/Frameworks/OpenGL.framework/Versions/A/Libraries/libGLProgrammability.dylib
0x0000000000000000 	/System/Library/Extensions/AppleIntelHD5000GraphicsGLDriver.bundle/Contents/MacOS/AppleIntelHD5000GraphicsGLDriver
0x000000000c014000 	/System/Library/PrivateFrameworks/IOAccelerator.framework/Versions/A/IOAccelerator
0x000000000c014000 	/System/Library/PrivateFrameworks/GPUSupport.framework/Versions/A/Libraries/libGPUSupportMercury.dylib
0x000000000c014000 	/System/Library/Frameworks/OpenGL.framework/Versions/A/Resources/GLRendererFloat.bundle/GLRendererFloat
0x00000001268c4000 	/Library/Java/JavaVirtualMachines/jdk1.8.0_25.jdk/Contents/Home/jre/lib/libnet.dylib
0x0000000126923000 	/Library/Java/JavaVirtualMachines/jdk1.8.0_25.jdk/Contents/Home/jre/lib/libnio.dylib
0x0000000126934000 	/private/var/folders/88/by9rmpdj33v0z3ft9n2pmj6w0000gn/T/jogamp_0000/file_cache/jln7606202419841506923/jln1790491756679252147/libgluegen-rt.jnilib
0x0000000126b3a000 	/private/var/folders/88/by9rmpdj33v0z3ft9n2pmj6w0000gn/T/jogamp_0000/file_cache/jln7606202419841506923/jln1790491756679252147/libnativewindow_awt.jnilib
0x0000000126b3d000 	/Library/Java/JavaVirtualMachines/jdk1.8.0_25.jdk/Contents/Home/jre/lib/libjawt.dylib
0x0000000126c43000 	/private/var/folders/88/by9rmpdj33v0z3ft9n2pmj6w0000gn/T/jogamp_0000/file_cache/jln7606202419841506923/jln1790491756679252147/libnativewindow_macosx.jnilib
0x0000000126ee7000 	/private/var/folders/88/by9rmpdj33v0z3ft9n2pmj6w0000gn/T/jogamp_0000/file_cache/jln7606202419841506923/jln1790491756679252147/libjogl_desktop.jnilib
0x0000000126fbf000 	/private/var/folders/88/by9rmpdj33v0z3ft9n2pmj6w0000gn/T/jogamp_0000/file_cache/jln7606202419841506923/jln1790491756679252147/libjogl_mobile.jnilib
0x000000000c014000 	/System/Library/PrivateFrameworks/Shortcut.framework/Versions/A/Shortcut
0x000000000c014000 	/System/Library/PrivateFrameworks/HelpData.framework/Versions/A/HelpData
0x000000000c014000 	/usr/lib/libtidy.A.dylib
0x000000000c014000 	/System/Library/Frameworks/ApplicationServices.framework/Versions/A/Frameworks/ATS.framework/Versions/A/Resources/libTrueTypeScaler.dylib
0x000000000c014000 	/System/Library/Frameworks/Accelerate.framework/Versions/A/Frameworks/vImage.framework/Versions/A/Libraries/libCGInterfaces.dylib

VM Arguments:
jvm_args: -Dfile.encoding=UTF-8 
java_command: Main
java_class_path (initial): /Users/chrishawkins/Documents/workspace/Fits3D/bin:/Users/chrishawkins/Documents/workspace/jogamp-all-platforms/jar/gluegen-rt.jar:/Users/chrishawkins/Documents/workspace/jogamp-all-platforms/jar/jogl-all.jar:/Users/chrishawkins/Documents/workspace/Fits3D/commons-compress-1.9.jar:/Users/chrishawkins/Documents/workspace/Fits3D/fits.jar:/Users/chrishawkins/Documents/workspace/Fits3D/commons-math3-3.4.1.jar:/Users/chrishawkins/Documents/workspace/Fits3D/miglayout-4.0-swing.jar
Launcher Type: SUN_STANDARD

Environment Variables:
PATH=/usr/bin:/bin:/usr/sbin:/sbin
SHELL=/bin/bash
DISPLAY=/private/tmp/com.apple.launchd.29KkAtr93d/org.macosforge.xquartz:0

Signal Handlers:
SIGSEGV: [libjvm.dylib+0x579dc7], sa_mask[0]=11111111011111110111111111111111, sa_flags=SA_ONSTACK|SA_RESTART|SA_SIGINFO
SIGBUS: [libjvm.dylib+0x579dc7], sa_mask[0]=11111111011111110111111111111111, sa_flags=SA_RESTART|SA_SIGINFO
SIGFPE: [libjvm.dylib+0x45b030], sa_mask[0]=11111111011111110111111111111111, sa_flags=SA_RESTART|SA_SIGINFO
SIGPIPE: [libjvm.dylib+0x45b030], sa_mask[0]=11111111011111110111111111111111, sa_flags=SA_RESTART|SA_SIGINFO
SIGXFSZ: [libjvm.dylib+0x45b030], sa_mask[0]=11111111011111110111111111111111, sa_flags=SA_RESTART|SA_SIGINFO
SIGILL: [libjvm.dylib+0x45b030], sa_mask[0]=11111111011111110111111111111111, sa_flags=SA_RESTART|SA_SIGINFO
SIGUSR1: SIG_DFL, sa_mask[0]=00000000000000000000000000000000, sa_flags=none
SIGUSR2: [libjvm.dylib+0x45ab4e], sa_mask[0]=00100000000000000000000000000000, sa_flags=SA_RESTART|SA_SIGINFO
SIGHUP: [libjvm.dylib+0x459121], sa_mask[0]=11111111011111110111111111111111, sa_flags=SA_RESTART|SA_SIGINFO
SIGINT: [libjvm.dylib+0x459121], sa_mask[0]=11111111011111110111111111111111, sa_flags=SA_RESTART|SA_SIGINFO
SIGTERM: [libjvm.dylib+0x459121], sa_mask[0]=11111111011111110111111111111111, sa_flags=SA_RESTART|SA_SIGINFO
SIGQUIT: [libjvm.dylib+0x459121], sa_mask[0]=11111111011111110111111111111111, sa_flags=SA_RESTART|SA_SIGINFO


---------------  S Y S T E M  ---------------

OS:Bsduname:Darwin 14.3.0 Darwin Kernel Version 14.3.0: Mon Mar 23 11:59:05 PDT 2015; root:xnu-2782.20.48~5/RELEASE_X86_64 x86_64
rlimit: STACK 8192k, CORE 0k, NPROC 709, NOFILE 10240, AS infinity
load average:1.55 1.38 1.44

CPU:total 8 (4 cores per cpu, 2 threads per core) family 6 model 70 stepping 1, cmov, cx8, fxsr, mmx, sse, sse2, sse3, ssse3, sse4.1, sse4.2, popcnt, avx, avx2, aes, clmul, erms, lzcnt, ht, tsc, tscinvbit, bmi1, bmi2

Memory: 4k page, physical 16777216k(759136k free)

/proc/meminfo:


vm_info: Java HotSpot(TM) 64-Bit Server VM (25.25-b02) for bsd-amd64 JRE (1.8.0_25-b17), built on Sep 17 2014 16:56:50 by "java_re" with gcc 4.2.1 (Based on Apple Inc. build 5658) (LLVM build 2336.11.00)

time: Thu Jun 25 00:00:24 2015
elapsed time: 14 seconds (0d 0h 0m 14s)

