#
# A fatal error has been detected by the Java Runtime Environment:
#
#  SIGSEGV (0xb) at pc=0x00007fff9195ba90, pid=81968, tid=57351
#
# JRE version: Java(TM) SE Runtime Environment (8.0_25-b17) (build 1.8.0_25-b17)
# Java VM: Java HotSpot(TM) 64-Bit Server VM (25.25-b02 mixed mode bsd-amd64 compressed oops)
# Problematic frame:
# C  [GLEngine+0x15ba90]  gleRunVertexSubmitImmediate+0x22e0
#
# Failed to write core dump. Core dumps have been disabled. To enable core dumping, try "ulimit -c unlimited" before starting Java again
#
# If you would like to submit a bug report, please visit:
#   http://bugreport.sun.com/bugreport/crash.jsp
# The crash happened outside the Java Virtual Machine in native code.
# See problematic frame for where to report the bug.
#

---------------  T H R E A D  ---------------

Current thread (0x00007fca8319f000):  JavaThread "AWT-EventQueue-0" [_thread_in_native, id=57351, stack(0x000000012fb1c000,0x000000012fc1c000)]

siginfo: si_signo: 11 (SIGSEGV), si_code: 1 (SEGV_MAPERR), si_addr: 0x0000000000000000

Registers:
RAX=0x00007fff9195ba90, RBX=0x0000000000000006, RCX=0x0000000000000000, RDX=0x00007fff9195c4b8
RSP=0x000000012fc18a00, RBP=0x000000012fc18c50, RSI=0x0000000000000005, RDI=0x0000000000000027
R8 =0x0000000000845800, R9 =0x00007fca87818400, R10=0x00007fca82439ed0, R11=0x00007fca87818400
R12=0x0000000000000001, R13=0x0000000000841804, R14=0x00007fca82439ed0, R15=0x0000000000000001
RIP=0x00007fff9195ba90, EFLAGS=0x0000000000010217, ERR=0x0000000000000004
  TRAPNO=0x000000000000000e

Top of Stack: (sp=0x000000012fc18a00)
0x000000012fc18a00:   00007fff7dce5070 00007fca82ce4430
0x000000012fc18a10:   000000012fc18bd0 00001234001051a3
0x000000012fc18a20:   00000000ffffffff 0000000000000001
0x000000012fc18a30:   000000012fc18b90 00007fff918e5078
0x000000012fc18a40:   000000012fc18a60 00007fff900cadd4
0x000000012fc18a50:   00007fca88e1d200 0000000000000000
0x000000012fc18a60:   000000012fc18adc 000000000009cf20
0x000000012fc18a70:   00007fca82ced888 0000000000002001
0x000000012fc18a80:   0000002000000000 0000000000000000
0x000000012fc18a90:   000000012fdcaf20 00007fca82ce7310
0x000000012fc18aa0:   0000000000000000 0000000000000001
0x000000012fc18ab0:   00447e0000e78006 007e7f1c7ffff3e7
0x000000012fc18ac0:   00007fca87818c10 00007fff900cab4e
0x000000012fc18ad0:   00007fca87818540 00007fca87818570
0x000000012fc18ae0:   00007fca87818550 00007fca87818580
0x000000012fc18af0:   00007fca87818560 00007fca878185a0
0x000000012fc18b00:   0000000000000000 0000000000000000
0x000000012fc18b10:   fffffffe00000002 00007fca82ce7310
0x000000012fc18b20:   000000000000108b 0000000000000001
0x000000012fc18b30:   ffffffff10008010 0000000000000001
0x000000012fc18b40:   00007fca87818590 0000000010008010
0x000000012fc18b50:   7a00000300000000 0000000000000000
0x000000012fc18b60:   0000043100000000 00007fff900cadd4
0x000000012fc18b70:   0000000002116000 0000000000000000
0x000000012fc18b80:   000000012fc18bfc 000000012fc18c00
0x000000012fc18b90:   000000012fc18c04 00007fca82439e38
0x000000012fc18ba0:   0000000000000000 0000000000000000
0x000000012fc18bb0:   0000000000000000 00007fca82439e38
0x000000012fc18bc0:   0000000000000f9a 00007fca87818400
0x000000012fc18bd0:   0000000000000000 00007fca87818400
0x000000012fc18be0:   0000000000000000 000000012f4f9060
0x000000012fc18bf0:   000000012f5183a0 0000000000000000 

Instructions: (pc=0x00007fff9195ba90)
0x00007fff9195ba70:   ba 00 00 80 7f 0f 44 da e9 ad 00 00 00 48 8d 15
0x00007fff9195ba80:   34 0a 00 00 48 63 04 82 48 01 d0 4d 89 f2 ff e0
0x00007fff9195ba90:   f3 0f 10 01 f3 0f 11 45 80 4d 89 de e9 af 07 00
0x00007fff9195baa0:   00 41 83 fc 04 0f 85 7e 03 00 00 f2 0f 10 01 e9 

Register to memory mapping:

RAX=0x00007fff9195ba90: gleRunVertexSubmitImmediate+0x22e0 in /System/Library/Frameworks/OpenGL.framework/Versions/A/Resources/GLEngine.bundle/GLEngine at 0x00007fff91800000
RBX=0x0000000000000006 is an unknown value
RCX=0x0000000000000000 is an unknown value
RDX=0x00007fff9195c4b8: gleRunVertexSubmitImmediate+0x2d08 in /System/Library/Frameworks/OpenGL.framework/Versions/A/Resources/GLEngine.bundle/GLEngine at 0x00007fff91800000
RSP=0x000000012fc18a00 is pointing into the stack for thread: 0x00007fca8319f000
RBP=0x000000012fc18c50 is pointing into the stack for thread: 0x00007fca8319f000
RSI=0x0000000000000005 is an unknown value
RDI=0x0000000000000027 is an unknown value
R8 =0x0000000000845800 is an unknown value
R9 =0x00007fca87818400 is an unknown value
R10=0x00007fca82439ed0 is an unknown value
R11=0x00007fca87818400 is an unknown value
R12=0x0000000000000001 is an unknown value
R13=0x0000000000841804 is an unknown value
R14=0x00007fca82439ed0 is an unknown value
R15=0x0000000000000001 is an unknown value


Stack: [0x000000012fb1c000,0x000000012fc1c000],  sp=0x000000012fc18a00,  free space=1010k
Native frames: (J=compiled Java code, j=interpreted, Vv=VM code, C=native code)
C  [GLEngine+0x15ba90]  gleRunVertexSubmitImmediate+0x22e0
C  [GLEngine+0xd48b8]  glDrawArrays_ACC_GL3Exec+0x2e6
C  [libjogl_desktop.jnilib+0x2afe0]  Java_jogamp_opengl_gl4_GL4bcImpl_dispatch_1glDrawArrays1__IIIJ+0x40
J 2239  jogamp.opengl.gl4.GL4bcImpl.dispatch_glDrawArrays1(IIIJ)V (0 bytes) @ 0x000000010b64b072 [0x000000010b64afc0+0xb2]
J 2637 C2 Renderer.display()V (839 bytes) @ 0x000000010b7a52cc [0x000000010b7a41a0+0x112c]

Java frames: (J=compiled Java code, j=interpreted, Vv=VM code)
J 2239  jogamp.opengl.gl4.GL4bcImpl.dispatch_glDrawArrays1(IIIJ)V (0 bytes) @ 0x000000010b64aff8 [0x000000010b64afc0+0x38]
J 2637 C2 Renderer.display()V (839 bytes) @ 0x000000010b7a52cc [0x000000010b7a41a0+0x112c]
j  FrameMaster.display(Lcom/jogamp/opengl/GLAutoDrawable;)V+80
j  jogamp.opengl.GLDrawableHelper.displayImpl(Lcom/jogamp/opengl/GLAutoDrawable;)V+81
j  jogamp.opengl.GLDrawableHelper.display(Lcom/jogamp/opengl/GLAutoDrawable;)V+2
j  com.jogamp.opengl.awt.GLCanvas$11.run()V+118
j  jogamp.opengl.GLDrawableHelper.invokeGLImpl(Lcom/jogamp/opengl/GLDrawable;Lcom/jogamp/opengl/GLContext;Ljava/lang/Runnable;Ljava/lang/Runnable;)V+203
j  jogamp.opengl.GLDrawableHelper.invokeGL(Lcom/jogamp/opengl/GLDrawable;Lcom/jogamp/opengl/GLContext;Ljava/lang/Runnable;Ljava/lang/Runnable;)V+72
j  com.jogamp.opengl.awt.GLCanvas$12.run()V+104
J 2619 C1 com.jogamp.opengl.awt.GLCanvas.display()V (68 bytes) @ 0x000000010b7910ac [0x000000010b790ca0+0x40c]
J 2636 C1 FrameMaster.setNeedsDisplay()V (10 bytes) @ 0x000000010b79b00c [0x000000010b79af80+0x8c]
j  Attribute.notifyWithValue(Ljava/lang/Object;)V+10
j  Attribute$SteppedRangeAttribute.notifyWithValue(Ljava/lang/Object;)V+2
j  Tweakable.notifyAttributes()V+28
j  Tweakable$ClickySlider.stateChanged(Ljavax/swing/event/ChangeEvent;)V+12
j  javax.swing.JSlider.fireStateChanged()V+56
j  javax.swing.JSlider$ModelListener.stateChanged(Ljavax/swing/event/ChangeEvent;)V+4
j  javax.swing.DefaultBoundedRangeModel.fireStateChanged()V+56
J 2657 C1 javax.swing.DefaultBoundedRangeModel.setRangeProperties(IIIIZ)V (134 bytes) @ 0x000000010b20b0fc [0x000000010b20ada0+0x35c]
j  javax.swing.DefaultBoundedRangeModel.setValueIsAdjusting(Z)V+18
j  javax.swing.JSlider.setValueIsAdjusting(Z)V+14
j  com.apple.laf.AquaSliderUI$TrackListener.mousePressed(Ljava/awt/event/MouseEvent;)V+209
j  java.awt.Component.processMouseEvent(Ljava/awt/event/MouseEvent;)V+54
j  javax.swing.JComponent.processMouseEvent(Ljava/awt/event/MouseEvent;)V+23
J 1436 C1 java.awt.Component.processEvent(Ljava/awt/AWTEvent;)V (220 bytes) @ 0x000000010b3dd0dc [0x000000010b3dcbc0+0x51c]
J 1479 C1 java.awt.Container.processEvent(Ljava/awt/AWTEvent;)V (22 bytes) @ 0x000000010b40d3c4 [0x000000010b40d0a0+0x324]
J 1476 C1 java.awt.Component.dispatchEventImpl(Ljava/awt/AWTEvent;)V (883 bytes) @ 0x000000010b404fb4 [0x000000010b3ffaa0+0x5514]
J 1232 C1 java.awt.Container.dispatchEventImpl(Ljava/awt/AWTEvent;)V (129 bytes) @ 0x000000010b32ff6c [0x000000010b32fe20+0x14c]
J 1443 C1 java.awt.LightweightDispatcher.retargetMouseEvent(Ljava/awt/Component;ILjava/awt/event/MouseEvent;)V (350 bytes) @ 0x000000010b3e309c [0x000000010b3e0b40+0x255c]
J 1531 C1 java.awt.LightweightDispatcher.processMouseEvent(Ljava/awt/event/MouseEvent;)Z (301 bytes) @ 0x000000010b44aaf4 [0x000000010b4497e0+0x1314]
J 1475 C1 java.awt.LightweightDispatcher.dispatchEvent(Ljava/awt/AWTEvent;)Z (73 bytes) @ 0x000000010b40b634 [0x000000010b40b200+0x434]
J 1232 C1 java.awt.Container.dispatchEventImpl(Ljava/awt/AWTEvent;)V (129 bytes) @ 0x000000010b32ff0c [0x000000010b32fe20+0xec]
J 1468 C1 java.awt.Window.dispatchEventImpl(Ljava/awt/AWTEvent;)V (23 bytes) @ 0x000000010b3fb4cc [0x000000010b3faee0+0x5ec]
J 1254 C1 java.awt.EventQueue.dispatchEventImpl(Ljava/awt/AWTEvent;Ljava/lang/Object;)V (149 bytes) @ 0x000000010b33bb0c [0x000000010b33a3c0+0x174c]
J 1122 C1 java.awt.EventQueue$3.run()Ljava/lang/Void; (60 bytes) @ 0x000000010b2f97d4 [0x000000010b2f95c0+0x214]
J 1121 C1 java.awt.EventQueue$3.run()Ljava/lang/Object; (5 bytes) @ 0x000000010b2f924c [0x000000010b2f91c0+0x8c]
v  ~StubRoutines::call_stub
J 942  java.security.AccessController.doPrivileged(Ljava/security/PrivilegedAction;Ljava/security/AccessControlContext;)Ljava/lang/Object; (0 bytes) @ 0x000000010b28e0a3 [0x000000010b28e040+0x63]
J 2050 C2 java.security.ProtectionDomain$1.doIntersectionPrivilege(Ljava/security/PrivilegedAction;Ljava/security/AccessControlContext;Ljava/security/AccessControlContext;)Ljava/lang/Object; (32 bytes) @ 0x000000010b5d4a94 [0x000000010b5d49c0+0xd4]
J 1000 C1 java.awt.EventQueue$4.run()Ljava/lang/Object; (5 bytes) @ 0x000000010b2ac6dc [0x000000010b2ac2e0+0x3fc]
v  ~StubRoutines::call_stub
J 942  java.security.AccessController.doPrivileged(Ljava/security/PrivilegedAction;Ljava/security/AccessControlContext;)Ljava/lang/Object; (0 bytes) @ 0x000000010b28e0a3 [0x000000010b28e040+0x63]
J 983 C1 java.awt.EventQueue.dispatchEvent(Ljava/awt/AWTEvent;)V (80 bytes) @ 0x000000010b2a696c [0x000000010b2a5c80+0xcec]
J 1125 C1 java.awt.EventDispatchThread.pumpOneEventForFilters(I)V (295 bytes) @ 0x000000010b2fbfec [0x000000010b2fa480+0x1b6c]
j  java.awt.EventDispatchThread.pumpEventsForFilter(ILjava/awt/Conditional;Ljava/awt/EventFilter;)V+35
j  java.awt.EventDispatchThread.pumpEventsForHierarchy(ILjava/awt/Conditional;Ljava/awt/Component;)V+11
j  java.awt.EventDispatchThread.pumpEvents(ILjava/awt/Conditional;)V+4
j  java.awt.EventDispatchThread.pumpEvents(Ljava/awt/Conditional;)V+3
j  java.awt.EventDispatchThread.run()V+9
v  ~StubRoutines::call_stub

---------------  P R O C E S S  ---------------

Java Threads: ( => current thread )
  0x00007fca848ad000 JavaThread "TimerQueue" daemon [_thread_blocked, id=39111, stack(0x0000000128ddd000,0x0000000128edd000)]
  0x00007fca8280f800 JavaThread "DestroyJavaVM" [_thread_blocked, id=4867, stack(0x0000000108e66000,0x0000000108f66000)]
=>0x00007fca8319f000 JavaThread "AWT-EventQueue-0" [_thread_in_native, id=57351, stack(0x000000012fb1c000,0x000000012fc1c000)]
  0x00007fca84089000 JavaThread "Java2D Queue Flusher" daemon [_thread_blocked, id=53767, stack(0x000000012d6d2000,0x000000012d7d2000)]
  0x00007fca82938000 JavaThread "Java2D Disposer" daemon [_thread_blocked, id=52235, stack(0x000000012d491000,0x000000012d591000)]
  0x00007fca84821000 JavaThread "AWT-Shutdown" [_thread_blocked, id=30483, stack(0x000000012a46d000,0x000000012a56d000)]
  0x00007fca83078000 JavaThread "AWT-AppKit" daemon [_thread_in_native, id=1811, stack(0x00007fff566b0000,0x00007fff56eb0000)]
  0x00007fca8306e000 JavaThread "Service Thread" daemon [_thread_blocked, id=20739, stack(0x00000001288df000,0x00000001289df000)]
  0x00007fca8305b800 JavaThread "C1 CompilerThread3" daemon [_thread_blocked, id=20227, stack(0x00000001287dc000,0x00000001288dc000)]
  0x00007fca84021800 JavaThread "C2 CompilerThread2" daemon [_thread_blocked, id=19715, stack(0x00000001286d9000,0x00000001287d9000)]
  0x00007fca8402d800 JavaThread "C2 CompilerThread1" daemon [_thread_blocked, id=19203, stack(0x00000001285d6000,0x00000001286d6000)]
  0x00007fca82825000 JavaThread "C2 CompilerThread0" daemon [_thread_blocked, id=18691, stack(0x00000001284d3000,0x00000001285d3000)]
  0x00007fca82823800 JavaThread "Signal Dispatcher" daemon [_thread_blocked, id=14859, stack(0x00000001283d0000,0x00000001284d0000)]
  0x00007fca83053800 JavaThread "Finalizer" daemon [_thread_blocked, id=13571, stack(0x00000001269c5000,0x0000000126ac5000)]
  0x00007fca83052800 JavaThread "Reference Handler" daemon [_thread_blocked, id=13059, stack(0x00000001268c2000,0x00000001269c2000)]

Other Threads:
  0x00007fca8304e000 VMThread [stack: 0x00000001267bf000,0x00000001268bf000] [id=12547]
  0x00007fca84022800 WatcherThread [stack: 0x00000001289e2000,0x0000000128ae2000] [id=21251]

VM state:not at safepoint (normal execution)

VM Mutex/Monitor currently owned by a thread: None

Heap:
 PSYoungGen      total 162304K, used 87569K [0x000000076ab00000, 0x0000000776b80000, 0x00000007c0000000)
  eden space 129536K, 61% used [0x000000076ab00000,0x000000076f8fc4e8,0x0000000772980000)
  from space 32768K, 23% used [0x0000000774b80000,0x0000000775308028,0x0000000776b80000)
  to   space 33792K, 0% used [0x0000000772980000,0x0000000772980000,0x0000000774a80000)
 ParOldGen       total 134656K, used 43791K [0x00000006c0000000, 0x00000006c8380000, 0x000000076ab00000)
  object space 134656K, 32% used [0x00000006c0000000,0x00000006c2ac3f30,0x00000006c8380000)
 Metaspace       used 22211K, capacity 22516K, committed 22912K, reserved 1069056K
  class space    used 2551K, capacity 2634K, committed 2688K, reserved 1048576K

Card table byte_map: [0x000000011a2dc000,0x000000011aadd000] byte_map_base: 0x0000000116cdc000

Marking Bits: (ParMarkBitMap*) 0x000000010a89d390
 Begin Bits: [0x000000011b84b000, 0x000000011f84b000)
 End Bits:   [0x000000011f84b000, 0x000000012384b000)

Polling page: 0x0000000108faa000

CodeCache: size=245760Kb used=8454Kb max_used=8690Kb free=237305Kb
 bounds [0x000000010af1c000, 0x000000010b7bc000, 0x0000000119f1c000]
 total_blobs=3399 nmethods=2520 adapters=792
 compilation: enabled

Compilation events (10 events):
Event: 111.052 Thread 0x00007fca8305b800 2689       1       nom.tam.util.HashedList::access$200 (5 bytes)
Event: 111.052 Thread 0x00007fca8305b800 nmethod 2689 0x000000010b2a7a10 code [0x000000010b2a7b60, 0x000000010b2a7c50]
Event: 111.053 Thread 0x00007fca8305b800 2690       3       java.lang.String::<init> (38 bytes)
Event: 111.053 Thread 0x00007fca8305b800 nmethod 2690 0x000000010b2bedd0 code [0x000000010b2bef60, 0x000000010b2bf2a8]
Event: 111.056 Thread 0x00007fca8402d800 2691   !   4       RegionRepresentation::<init> (780 bytes)
Event: 111.133 Thread 0x00007fca8402d800 nmethod 2691 0x000000010b2ef410 code [0x000000010b2ef980, 0x000000010b2f3108]
Event: 111.249 Thread 0x00007fca8305b800 2692       3       java.nio.HeapFloatBuffer::put (54 bytes)
Event: 111.249 Thread 0x00007fca8305b800 nmethod 2692 0x000000010b05b290 code [0x000000010b05b460, 0x000000010b05bbb8]
Event: 111.392 Thread 0x00007fca82825000 2693       4       sun.nio.cs.UTF_8$Encoder::encodeArrayLoop (489 bytes)
Event: 111.402 Thread 0x00007fca82825000 nmethod 2693 0x000000010b0290d0 code [0x000000010b0292a0, 0x000000010b029b50]

GC Heap History (10 events):
Event: 90.152 GC heap before
{Heap before GC invocations=4 (full 1):
 PSYoungGen      total 76288K, used 65030K [0x000000076ab00000, 0x0000000774000000, 0x00000007c0000000)
  eden space 65536K, 99% used [0x000000076ab00000,0x000000076ea81b80,0x000000076eb00000)
  from space 10752K, 0% used [0x000000076f580000,0x000000076f580000,0x0000000770000000)
  to   space 10752K, 0% used [0x000000076eb00000,0x000000076eb00000,0x000000076f580000)
 ParOldGen       total 74240K, used 6051K [0x00000006c0000000, 0x00000006c4880000, 0x000000076ab00000)
  object space 74240K, 8% used [0x00000006c0000000,0x00000006c05e8fe8,0x00000006c4880000)
 Metaspace       used 21611K, capacity 21876K, committed 22400K, reserved 1069056K
  class space    used 2511K, capacity 2598K, committed 2688K, reserved 1048576K
Event: 90.168 GC heap after
Heap after GC invocations=4 (full 1):
 PSYoungGen      total 76288K, used 10740K [0x000000076ab00000, 0x0000000770000000, 0x00000007c0000000)
  eden space 65536K, 0% used [0x000000076ab00000,0x000000076ab00000,0x000000076eb00000)
  from space 10752K, 99% used [0x000000076eb00000,0x000000076f57d0b0,0x000000076f580000)
  to   space 10752K, 0% used [0x000000076f580000,0x000000076f580000,0x0000000770000000)
 ParOldGen       total 74240K, used 32983K [0x00000006c0000000, 0x00000006c4880000, 0x000000076ab00000)
  object space 74240K, 44% used [0x00000006c0000000,0x00000006c2035e88,0x00000006c4880000)
 Metaspace       used 21611K, capacity 21876K, committed 22400K, reserved 1069056K
  class space    used 2511K, capacity 2598K, committed 2688K, reserved 1048576K
}
Event: 90.254 GC heap before
{Heap before GC invocations=5 (full 1):
 PSYoungGen      total 76288K, used 76276K [0x000000076ab00000, 0x0000000770000000, 0x00000007c0000000)
  eden space 65536K, 100% used [0x000000076ab00000,0x000000076eb00000,0x000000076eb00000)
  from space 10752K, 99% used [0x000000076eb00000,0x000000076f57d0b0,0x000000076f580000)
  to   space 10752K, 0% used [0x000000076f580000,0x000000076f580000,0x0000000770000000)
 ParOldGen       total 74240K, used 32983K [0x00000006c0000000, 0x00000006c4880000, 0x000000076ab00000)
  object space 74240K, 44% used [0x00000006c0000000,0x00000006c2035e88,0x00000006c4880000)
 Metaspace       used 21620K, capacity 21876K, committed 22400K, reserved 1069056K
  class space    used 2511K, capacity 2598K, committed 2688K, reserved 1048576K
Event: 90.261 GC heap after
Heap after GC invocations=5 (full 1):
 PSYoungGen      total 76288K, used 10726K [0x000000076ab00000, 0x0000000773f80000, 0x00000007c0000000)
  eden space 65536K, 0% used [0x000000076ab00000,0x000000076ab00000,0x000000076eb00000)
  from space 10752K, 99% used [0x000000076f580000,0x000000076fff9be8,0x0000000770000000)
  to   space 10752K, 0% used [0x000000076eb00000,0x000000076eb00000,0x000000076f580000)
 ParOldGen       total 74240K, used 42623K [0x00000006c0000000, 0x00000006c4880000, 0x000000076ab00000)
  object space 74240K, 57% used [0x00000006c0000000,0x00000006c299ffd0,0x00000006c4880000)
 Metaspace       used 21620K, capacity 21876K, committed 22400K, reserved 1069056K
  class space    used 2511K, capacity 2598K, committed 2688K, reserved 1048576K
}
Event: 90.362 GC heap before
{Heap before GC invocations=6 (full 1):
 PSYoungGen      total 76288K, used 76262K [0x000000076ab00000, 0x0000000773f80000, 0x00000007c0000000)
  eden space 65536K, 100% used [0x000000076ab00000,0x000000076eb00000,0x000000076eb00000)
  from space 10752K, 99% used [0x000000076f580000,0x000000076fff9be8,0x0000000770000000)
  to   space 10752K, 0% used [0x000000076eb00000,0x000000076eb00000,0x000000076f580000)
 ParOldGen       total 74240K, used 42624K [0x00000006c0000000, 0x00000006c4880000, 0x000000076ab00000)
  object space 74240K, 57% used [0x00000006c0000000,0x00000006c29a0030,0x00000006c4880000)
 Metaspace       used 21623K, capacity 21876K, committed 22400K, reserved 1069056K
  class space    used 2511K, capacity 2598K, committed 2688K, reserved 1048576K
Event: 90.369 GC heap after
Heap after GC invocations=6 (full 1):
 PSYoungGen      total 76288K, used 10730K [0x000000076ab00000, 0x0000000776c80000, 0x00000007c0000000)
  eden space 65536K, 0% used [0x000000076ab00000,0x000000076ab00000,0x000000076eb00000)
  from space 10752K, 99% used [0x000000076eb00000,0x000000076f57a978,0x000000076f580000)
  to   space 33792K, 0% used [0x0000000774b80000,0x0000000774b80000,0x0000000776c80000)
 ParOldGen       total 74240K, used 52614K [0x00000006c0000000, 0x00000006c4880000, 0x000000076ab00000)
  object space 74240K, 70% used [0x00000006c0000000,0x00000006c3361ae0,0x00000006c4880000)
 Metaspace       used 21623K, capacity 21876K, committed 22400K, reserved 1069056K
  class space    used 2511K, capacity 2598K, committed 2688K, reserved 1048576K
}
Event: 111.250 GC heap before
{Heap before GC invocations=7 (full 2):
 PSYoungGen      total 76288K, used 76266K [0x000000076ab00000, 0x0000000776c80000, 0x00000007c0000000)
  eden space 65536K, 100% used [0x000000076ab00000,0x000000076eb00000,0x000000076eb00000)
  from space 10752K, 99% used [0x000000076eb00000,0x000000076f57a978,0x000000076f580000)
  to   space 33792K, 0% used [0x0000000774b80000,0x0000000774b80000,0x0000000776c80000)
 ParOldGen       total 74240K, used 57859K [0x00000006c0000000, 0x00000006c4880000, 0x000000076ab00000)
  object space 74240K, 77% used [0x00000006c0000000,0x00000006c3880c18,0x00000006c4880000)
 Metaspace       used 22211K, capacity 22516K, committed 22912K, reserved 1069056K
  class space    used 2551K, capacity 2634K, committed 2688K, reserved 1048576K
Event: 111.280 GC heap after
Heap after GC invocations=7 (full 2):
 PSYoungGen      total 76288K, used 0K [0x000000076ab00000, 0x0000000776c80000, 0x00000007c0000000)
  eden space 65536K, 0% used [0x000000076ab00000,0x000000076ab00000,0x000000076eb00000)
  from space 10752K, 0% used [0x000000076eb00000,0x000000076eb00000,0x000000076f580000)
  to   space 33792K, 0% used [0x0000000774b80000,0x0000000774b80000,0x0000000776c80000)
 ParOldGen       total 134656K, used 43791K [0x00000006c0000000, 0x00000006c8380000, 0x000000076ab00000)
  object space 134656K, 32% used [0x00000006c0000000,0x00000006c2ac3f30,0x00000006c8380000)
 Metaspace       used 22211K, capacity 22516K, committed 22912K, reserved 1069056K
  class space    used 2551K, capacity 2634K, committed 2688K, reserved 1048576K
}
Event: 111.360 GC heap before
{Heap before GC invocations=8 (full 2):
 PSYoungGen      total 76288K, used 65463K [0x000000076ab00000, 0x0000000776c80000, 0x00000007c0000000)
  eden space 65536K, 99% used [0x000000076ab00000,0x000000076eaedfc8,0x000000076eb00000)
  from space 10752K, 0% used [0x000000076eb00000,0x000000076eb00000,0x000000076f580000)
  to   space 33792K, 0% used [0x0000000774b80000,0x0000000774b80000,0x0000000776c80000)
 ParOldGen       total 134656K, used 43791K [0x00000006c0000000, 0x00000006c8380000, 0x000000076ab00000)
  object space 134656K, 32% used [0x00000006c0000000,0x00000006c2ac3f30,0x00000006c8380000)
 Metaspace       used 22211K, capacity 22516K, committed 22912K, reserved 1069056K
  class space    used 2551K, capacity 2634K, committed 2688K, reserved 1048576K
Event: 111.365 GC heap after
Heap after GC invocations=8 (full 2):
 PSYoungGen      total 162304K, used 7712K [0x000000076ab00000, 0x0000000776b80000, 0x00000007c0000000)
  eden space 129536K, 0% used [0x000000076ab00000,0x000000076ab00000,0x0000000772980000)
  from space 32768K, 23% used [0x0000000774b80000,0x0000000775308028,0x0000000776b80000)
  to   space 33792K, 0% used [0x0000000772980000,0x0000000772980000,0x0000000774a80000)
 ParOldGen       total 134656K, used 43791K [0x00000006c0000000, 0x00000006c8380000, 0x000000076ab00000)
  object space 134656K, 32% used [0x00000006c0000000,0x00000006c2ac3f30,0x00000006c8380000)
 Metaspace       used 22211K, capacity 22516K, committed 22912K, reserved 1069056K
  class space    used 2551K, capacity 2634K, committed 2688K, reserved 1048576K
}

Deoptimization events (10 events):
Event: 81.604 Thread 0x00007fca8319f000 Uncommon trap: reason=bimorphic action=maybe_recompile pc=0x000000010b44f8a4 method=sun.java2d.opengl.OGLRenderer.validateContext(Lsun/java2d/SunGraphics2D;)V @ 4
Event: 81.604 Thread 0x00007fca8319f000 Uncommon trap: reason=bimorphic action=maybe_recompile pc=0x000000010b44f8a4 method=sun.java2d.opengl.OGLRenderer.validateContext(Lsun/java2d/SunGraphics2D;)V @ 4
Event: 81.604 Thread 0x00007fca8319f000 Uncommon trap: reason=bimorphic action=maybe_recompile pc=0x000000010b3c2068 method=sun.java2d.opengl.OGLRenderer.validateContext(Lsun/java2d/SunGraphics2D;)V @ 4
Event: 81.857 Thread 0x00007fca8319f000 Uncommon trap: reason=range_check action=make_not_entrant pc=0x000000010b59a870 method=java.awt.geom.AffineTransform.<init>([D)V @ 7
Event: 83.992 Thread 0x00007fca8319f000 Uncommon trap: reason=unreached action=reinterpret pc=0x000000010b4a53a0 method=java.awt.Container$MouseEventTargetFilter.accept(Ljava/awt/Component;)Z @ 57
Event: 90.445 Thread 0x00007fca8319f000 Uncommon trap: reason=unreached action=reinterpret pc=0x000000010b5d3184 method=java.awt.Component.getInputContext()Ljava/awt/im/InputContext; @ 6
Event: 107.132 Thread 0x00007fca8319f000 Uncommon trap: reason=class_check action=maybe_recompile pc=0x000000010b6f6908 method=sun.java2d.pipe.Region.appendSpans(Lsun/java2d/pipe/SpanIterator;)V @ 7
Event: 107.133 Thread 0x00007fca8319f000 Uncommon trap: reason=class_check action=maybe_recompile pc=0x000000010b6f6908 method=sun.java2d.pipe.Region.appendSpans(Lsun/java2d/pipe/SpanIterator;)V @ 7
Event: 107.149 Thread 0x00007fca8319f000 Uncommon trap: reason=class_check action=maybe_recompile pc=0x000000010b6f6908 method=sun.java2d.pipe.Region.appendSpans(Lsun/java2d/pipe/SpanIterator;)V @ 7
Event: 107.150 Thread 0x00007fca8319f000 Uncommon trap: reason=class_check action=maybe_recompile pc=0x000000010b6f6908 method=sun.java2d.pipe.Region.appendSpans(Lsun/java2d/pipe/SpanIterator;)V @ 7

Internal exceptions (10 events):
Event: 90.098 Thread 0x00007fca8319f000 Exception <a 'java/security/PrivilegedActionException'> (0x000000076d291c48) thrown at [/HUDSON3/workspace/8-2-build-macosx-x86_64/jdk8u25/1514/hotspot/src/share/vm/prims/jvm.cpp, line 1312]
Event: 90.392 Thread 0x00007fca8319f000 Exception <a 'java/security/PrivilegedActionException'> (0x000000076ab05220) thrown at [/HUDSON3/workspace/8-2-build-macosx-x86_64/jdk8u25/1514/hotspot/src/share/vm/prims/jvm.cpp, line 1312]
Event: 90.403 Thread 0x00007fca8319f000 Exception <a 'java/security/PrivilegedActionException'> (0x000000076ab171c0) thrown at [/HUDSON3/workspace/8-2-build-macosx-x86_64/jdk8u25/1514/hotspot/src/share/vm/prims/jvm.cpp, line 1312]
Event: 90.406 Thread 0x00007fca8319f000 Exception <a 'java/security/PrivilegedActionException'> (0x000000076ab1a400) thrown at [/HUDSON3/workspace/8-2-build-macosx-x86_64/jdk8u25/1514/hotspot/src/share/vm/prims/jvm.cpp, line 1312]
Event: 90.408 Thread 0x00007fca8319f000 Exception <a 'java/security/PrivilegedActionException'> (0x000000076ab1fc58) thrown at [/HUDSON3/workspace/8-2-build-macosx-x86_64/jdk8u25/1514/hotspot/src/share/vm/prims/jvm.cpp, line 1312]
Event: 103.308 Thread 0x00007fca8319f000 Exception <a 'java/security/PrivilegedActionException'> (0x000000076b7f3f18) thrown at [/HUDSON3/workspace/8-2-build-macosx-x86_64/jdk8u25/1514/hotspot/src/share/vm/prims/jvm.cpp, line 1312]
Event: 103.310 Thread 0x00007fca8319f000 Exception <a 'java/security/PrivilegedActionException'> (0x000000076b7fe5e8) thrown at [/HUDSON3/workspace/8-2-build-macosx-x86_64/jdk8u25/1514/hotspot/src/share/vm/prims/jvm.cpp, line 1312]
Event: 103.311 Thread 0x00007fca8319f000 Exception <a 'java/security/PrivilegedActionException'> (0x000000076b801398) thrown at [/HUDSON3/workspace/8-2-build-macosx-x86_64/jdk8u25/1514/hotspot/src/share/vm/prims/jvm.cpp, line 1312]
Event: 103.319 Thread 0x00007fca8319f000 Exception <a 'java/security/PrivilegedActionException'> (0x000000076b807c08) thrown at [/HUDSON3/workspace/8-2-build-macosx-x86_64/jdk8u25/1514/hotspot/src/share/vm/prims/jvm.cpp, line 1312]
Event: 103.320 Thread 0x00007fca8319f000 Exception <a 'java/security/PrivilegedActionException'> (0x000000076b80bcb8) thrown at [/HUDSON3/workspace/8-2-build-macosx-x86_64/jdk8u25/1514/hotspot/src/share/vm/prims/jvm.cpp, line 1312]

Events (10 events):
Event: 111.280 Executing VM operation: RevokeBias
Event: 111.281 Executing VM operation: RevokeBias done
Event: 111.281 Executing VM operation: RevokeBias
Event: 111.281 Executing VM operation: RevokeBias done
Event: 111.281 Executing VM operation: RevokeBias
Event: 111.281 Executing VM operation: RevokeBias done
Event: 111.281 Executing VM operation: RevokeBias
Event: 111.281 Executing VM operation: RevokeBias done
Event: 111.360 Executing VM operation: ParallelGCFailedAllocation
Event: 111.365 Executing VM operation: ParallelGCFailedAllocation done


Dynamic libraries:
0x000000000c014000 	/System/Library/Frameworks/Cocoa.framework/Versions/A/Cocoa
0x000000000c014000 	/System/Library/Frameworks/Security.framework/Versions/A/Security
0x000000000c014000 	/System/Library/Frameworks/ApplicationServices.framework/Versions/A/ApplicationServices
0x000000000c014000 	/usr/lib/libz.1.dylib
0x000000000c014000 	/usr/lib/libSystem.B.dylib
0x000000000c014000 	/usr/lib/libobjc.A.dylib
0x000000000c014000 	/System/Library/Frameworks/CoreFoundation.framework/Versions/A/CoreFoundation
0x000000000c014000 	/System/Library/Frameworks/Foundation.framework/Versions/C/Foundation
0x000000000c014000 	/System/Library/Frameworks/AppKit.framework/Versions/C/AppKit
0x000000000c014000 	/System/Library/Frameworks/CoreData.framework/Versions/A/CoreData
0x000000000c014000 	/System/Library/PrivateFrameworks/RemoteViewServices.framework/Versions/A/RemoteViewServices
0x000000000c014000 	/System/Library/PrivateFrameworks/UIFoundation.framework/Versions/A/UIFoundation
0x000000000c014000 	/System/Library/Frameworks/IOSurface.framework/Versions/A/IOSurface
0x000000000c014000 	/System/Library/Frameworks/AudioToolbox.framework/Versions/A/AudioToolbox
0x000000000c014000 	/System/Library/Frameworks/AudioUnit.framework/Versions/A/AudioUnit
0x000000000c014000 	/System/Library/PrivateFrameworks/DataDetectorsCore.framework/Versions/A/DataDetectorsCore
0x000000000c014000 	/System/Library/PrivateFrameworks/DesktopServicesPriv.framework/Versions/A/DesktopServicesPriv
0x000000000c014000 	/System/Library/Frameworks/Carbon.framework/Versions/A/Frameworks/HIToolbox.framework/Versions/A/HIToolbox
0x000000000c014000 	/System/Library/Frameworks/QuartzCore.framework/Versions/A/QuartzCore
0x000000000c014000 	/System/Library/Frameworks/Carbon.framework/Versions/A/Frameworks/SpeechRecognition.framework/Versions/A/SpeechRecognition
0x000000000c014000 	/usr/lib/libauto.dylib
0x000000000c014000 	/usr/lib/libicucore.A.dylib
0x000000000c014000 	/usr/lib/libxml2.2.dylib
0x000000000c014000 	/System/Library/PrivateFrameworks/CoreUI.framework/Versions/A/CoreUI
0x000000000c014000 	/System/Library/Frameworks/CoreAudio.framework/Versions/A/CoreAudio
0x000000000c014000 	/System/Library/Frameworks/DiskArbitration.framework/Versions/A/DiskArbitration
0x000000000c014000 	/usr/lib/liblangid.dylib
0x000000000c014000 	/System/Library/PrivateFrameworks/MultitouchSupport.framework/Versions/A/MultitouchSupport
0x000000000c014000 	/System/Library/Frameworks/IOKit.framework/Versions/A/IOKit
0x000000000c014000 	/usr/lib/libDiagnosticMessagesClient.dylib
0x000000000c014000 	/System/Library/Frameworks/CoreServices.framework/Versions/A/CoreServices
0x000000000c014000 	/System/Library/PrivateFrameworks/PerformanceAnalysis.framework/Versions/A/PerformanceAnalysis
0x000000000c014000 	/System/Library/PrivateFrameworks/GenerationalStorage.framework/Versions/A/GenerationalStorage
0x000000000c014000 	/System/Library/Frameworks/OpenGL.framework/Versions/A/OpenGL
0x000000000c014000 	/System/Library/PrivateFrameworks/Sharing.framework/Versions/A/Sharing
0x000000000c014000 	/System/Library/Frameworks/CoreGraphics.framework/Versions/A/CoreGraphics
0x000000000c014000 	/System/Library/Frameworks/CoreText.framework/Versions/A/CoreText
0x000000000c014000 	/System/Library/Frameworks/ImageIO.framework/Versions/A/ImageIO
0x000000000c014000 	/usr/lib/libextension.dylib
0x000000000c014000 	/System/Library/PrivateFrameworks/Backup.framework/Versions/A/Backup
0x000000000c014000 	/usr/lib/libarchive.2.dylib
0x000000000c014000 	/System/Library/Frameworks/CFNetwork.framework/Versions/A/CFNetwork
0x000000000c014000 	/System/Library/Frameworks/SystemConfiguration.framework/Versions/A/SystemConfiguration
0x000000000c014000 	/usr/lib/libCRFSuite.dylib
0x000000000c014000 	/usr/lib/libc++.1.dylib
0x000000000c014000 	/usr/lib/libc++abi.dylib
0x000000000c014000 	/usr/lib/system/libcache.dylib
0x000000000c014000 	/usr/lib/system/libcommonCrypto.dylib
0x000000000c014000 	/usr/lib/system/libcompiler_rt.dylib
0x000000000c014000 	/usr/lib/system/libcopyfile.dylib
0x000000000c014000 	/usr/lib/system/libcorecrypto.dylib
0x000000000c014000 	/usr/lib/system/libdispatch.dylib
0x000000000c014000 	/usr/lib/system/libdyld.dylib
0x000000000c014000 	/usr/lib/system/libkeymgr.dylib
0x000000000c014000 	/usr/lib/system/liblaunch.dylib
0x000000000c014000 	/usr/lib/system/libmacho.dylib
0x000000000c014000 	/usr/lib/system/libquarantine.dylib
0x000000000c014000 	/usr/lib/system/libremovefile.dylib
0x000000000c014000 	/usr/lib/system/libsystem_asl.dylib
0x000000000c014000 	/usr/lib/system/libsystem_blocks.dylib
0x000000000c014000 	/usr/lib/system/libsystem_c.dylib
0x000000000c014000 	/usr/lib/system/libsystem_configuration.dylib
0x000000000c014000 	/usr/lib/system/libsystem_coreservices.dylib
0x000000000c014000 	/usr/lib/system/libsystem_coretls.dylib
0x000000000c014000 	/usr/lib/system/libsystem_dnssd.dylib
0x000000000c014000 	/usr/lib/system/libsystem_info.dylib
0x000000000c014000 	/usr/lib/system/libsystem_kernel.dylib
0x000000000c014000 	/usr/lib/system/libsystem_m.dylib
0x000000000c014000 	/usr/lib/system/libsystem_malloc.dylib
0x000000000c014000 	/usr/lib/system/libsystem_network.dylib
0x000000000c014000 	/usr/lib/system/libsystem_networkextension.dylib
0x000000000c014000 	/usr/lib/system/libsystem_notify.dylib
0x000000000c014000 	/usr/lib/system/libsystem_platform.dylib
0x000000000c014000 	/usr/lib/system/libsystem_pthread.dylib
0x000000000c014000 	/usr/lib/system/libsystem_sandbox.dylib
0x000000000c014000 	/usr/lib/system/libsystem_secinit.dylib
0x000000000c014000 	/usr/lib/system/libsystem_stats.dylib
0x000000000c014000 	/usr/lib/system/libsystem_trace.dylib
0x000000000c014000 	/usr/lib/system/libunc.dylib
0x000000000c014000 	/usr/lib/system/libunwind.dylib
0x000000000c014000 	/usr/lib/system/libxpc.dylib
0x000000000c014000 	/usr/lib/libbz2.1.0.dylib
0x000000000c014000 	/usr/lib/liblzma.5.dylib
0x000000000c014000 	/usr/lib/libbsm.0.dylib
0x000000000c014000 	/usr/lib/libsqlite3.dylib
0x000000000c014000 	/usr/lib/system/libkxld.dylib
0x000000000c014000 	/usr/lib/libxar.1.dylib
0x000000000c014000 	/usr/lib/libpam.2.dylib
0x000000000c014000 	/usr/lib/libOpenScriptingUtil.dylib
0x000000000c014000 	/System/Library/Frameworks/CoreServices.framework/Versions/A/Frameworks/FSEvents.framework/Versions/A/FSEvents
0x000000000c014000 	/System/Library/Frameworks/CoreServices.framework/Versions/A/Frameworks/CarbonCore.framework/Versions/A/CarbonCore
0x000000000c014000 	/System/Library/Frameworks/CoreServices.framework/Versions/A/Frameworks/Metadata.framework/Versions/A/Metadata
0x000000000c014000 	/System/Library/Frameworks/CoreServices.framework/Versions/A/Frameworks/OSServices.framework/Versions/A/OSServices
0x000000000c014000 	/System/Library/Frameworks/CoreServices.framework/Versions/A/Frameworks/SearchKit.framework/Versions/A/SearchKit
0x000000000c014000 	/System/Library/Frameworks/CoreServices.framework/Versions/A/Frameworks/AE.framework/Versions/A/AE
0x000000000c014000 	/System/Library/Frameworks/CoreServices.framework/Versions/A/Frameworks/LaunchServices.framework/Versions/A/LaunchServices
0x000000000c014000 	/System/Library/Frameworks/CoreServices.framework/Versions/A/Frameworks/DictionaryServices.framework/Versions/A/DictionaryServices
0x000000000c014000 	/System/Library/Frameworks/NetFS.framework/Versions/A/NetFS
0x000000000c014000 	/System/Library/PrivateFrameworks/NetAuth.framework/Versions/A/NetAuth
0x000000000c014000 	/System/Library/PrivateFrameworks/login.framework/Versions/A/Frameworks/loginsupport.framework/Versions/A/loginsupport
0x000000000c014000 	/System/Library/PrivateFrameworks/TCC.framework/Versions/A/TCC
0x000000000c014000 	/usr/lib/libmecabra.dylib
0x000000000c014000 	/System/Library/Frameworks/ApplicationServices.framework/Versions/A/Frameworks/ATS.framework/Versions/A/ATS
0x000000000c014000 	/System/Library/Frameworks/ApplicationServices.framework/Versions/A/Frameworks/ColorSync.framework/Versions/A/ColorSync
0x000000000c014000 	/System/Library/Frameworks/ApplicationServices.framework/Versions/A/Frameworks/HIServices.framework/Versions/A/HIServices
0x000000000c014000 	/System/Library/Frameworks/ApplicationServices.framework/Versions/A/Frameworks/LangAnalysis.framework/Versions/A/LangAnalysis
0x000000000c014000 	/System/Library/Frameworks/ApplicationServices.framework/Versions/A/Frameworks/PrintCore.framework/Versions/A/PrintCore
0x000000000c014000 	/System/Library/Frameworks/ApplicationServices.framework/Versions/A/Frameworks/QD.framework/Versions/A/QD
0x000000000c014000 	/System/Library/Frameworks/ApplicationServices.framework/Versions/A/Frameworks/SpeechSynthesis.framework/Versions/A/SpeechSynthesis
0x000000000c014000 	/System/Library/Frameworks/Accelerate.framework/Versions/A/Accelerate
0x000000000c014000 	/System/Library/Frameworks/Accelerate.framework/Versions/A/Frameworks/vImage.framework/Versions/A/vImage
0x000000000c014000 	/System/Library/Frameworks/Accelerate.framework/Versions/A/Frameworks/vecLib.framework/Versions/A/vecLib
0x000000000c014000 	/System/Library/Frameworks/Accelerate.framework/Versions/A/Frameworks/vecLib.framework/Versions/A/libvDSP.dylib
0x000000000c014000 	/System/Library/Frameworks/Accelerate.framework/Versions/A/Frameworks/vecLib.framework/Versions/A/libvMisc.dylib
0x000000000c014000 	/System/Library/Frameworks/Accelerate.framework/Versions/A/Frameworks/vecLib.framework/Versions/A/libLAPACK.dylib
0x000000000c014000 	/System/Library/Frameworks/Accelerate.framework/Versions/A/Frameworks/vecLib.framework/Versions/A/libBLAS.dylib
0x000000000c014000 	/System/Library/Frameworks/Accelerate.framework/Versions/A/Frameworks/vecLib.framework/Versions/A/libLinearAlgebra.dylib
0x000000000c014000 	/System/Library/Frameworks/ApplicationServices.framework/Versions/A/Frameworks/ATS.framework/Versions/A/Resources/libFontParser.dylib
0x000000000c014000 	/System/Library/Frameworks/ApplicationServices.framework/Versions/A/Frameworks/ATS.framework/Versions/A/Resources/libFontRegistry.dylib
0x000000000c014000 	/System/Library/PrivateFrameworks/AppleVPA.framework/Versions/A/AppleVPA
0x000000000c014000 	/System/Library/PrivateFrameworks/AppleJPEG.framework/Versions/A/AppleJPEG
0x000000000c014000 	/System/Library/Frameworks/ImageIO.framework/Versions/A/Resources/libJPEG.dylib
0x000000000c014000 	/System/Library/Frameworks/ImageIO.framework/Versions/A/Resources/libTIFF.dylib
0x000000000c014000 	/System/Library/Frameworks/ImageIO.framework/Versions/A/Resources/libPng.dylib
0x000000000c014000 	/System/Library/Frameworks/ImageIO.framework/Versions/A/Resources/libGIF.dylib
0x000000000c014000 	/System/Library/Frameworks/ImageIO.framework/Versions/A/Resources/libJP2.dylib
0x000000000c014000 	/System/Library/Frameworks/ImageIO.framework/Versions/A/Resources/libRadiance.dylib
0x000000000c014000 	/System/Library/Frameworks/CoreVideo.framework/Versions/A/CoreVideo
0x000000000c014000 	/System/Library/Frameworks/OpenGL.framework/Versions/A/Libraries/libGLU.dylib
0x000000000c014000 	/System/Library/Frameworks/OpenGL.framework/Versions/A/Libraries/libGFXShared.dylib
0x000000000c014000 	/System/Library/Frameworks/OpenGL.framework/Versions/A/Libraries/libGL.dylib
0x000000000c014000 	/System/Library/Frameworks/OpenGL.framework/Versions/A/Libraries/libGLImage.dylib
0x000000000c014000 	/System/Library/Frameworks/OpenGL.framework/Versions/A/Libraries/libCVMSPluginSupport.dylib
0x000000000c014000 	/System/Library/Frameworks/OpenGL.framework/Versions/A/Libraries/libCoreVMClient.dylib
0x000000000c014000 	/usr/lib/libcups.2.dylib
0x000000000c014000 	/System/Library/Frameworks/Kerberos.framework/Versions/A/Kerberos
0x000000000c014000 	/System/Library/Frameworks/GSS.framework/Versions/A/GSS
0x000000000c014000 	/usr/lib/libresolv.9.dylib
0x000000000c014000 	/usr/lib/libiconv.2.dylib
0x000000000c014000 	/System/Library/PrivateFrameworks/Heimdal.framework/Versions/A/Heimdal
0x000000000c014000 	/usr/lib/libheimdal-asn1.dylib
0x000000000c014000 	/System/Library/Frameworks/OpenDirectory.framework/Versions/A/OpenDirectory
0x000000000c014000 	/System/Library/PrivateFrameworks/CommonAuth.framework/Versions/A/CommonAuth
0x000000000c014000 	/System/Library/Frameworks/OpenDirectory.framework/Versions/A/Frameworks/CFOpenDirectory.framework/Versions/A/CFOpenDirectory
0x000000000c014000 	/System/Library/Frameworks/SecurityFoundation.framework/Versions/A/SecurityFoundation
0x000000000c014000 	/System/Library/PrivateFrameworks/LanguageModeling.framework/Versions/A/LanguageModeling
0x000000000c014000 	/usr/lib/libcmph.dylib
0x000000000c014000 	/System/Library/Frameworks/ServiceManagement.framework/Versions/A/ServiceManagement
0x000000000c014000 	/usr/lib/libxslt.1.dylib
0x000000000c014000 	/System/Library/Frameworks/Carbon.framework/Versions/A/Frameworks/Ink.framework/Versions/A/Ink
0x000000000c014000 	/System/Library/Frameworks/QuartzCore.framework/Versions/A/Frameworks/CoreImage.framework/Versions/A/CoreImage
0x000000000c014000 	/System/Library/PrivateFrameworks/CrashReporterSupport.framework/Versions/A/CrashReporterSupport
0x000000000c014000 	/System/Library/Frameworks/OpenCL.framework/Versions/A/OpenCL
0x000000000c014000 	/System/Library/PrivateFrameworks/FaceCore.framework/Versions/A/FaceCore
0x000000000c014000 	/System/Library/PrivateFrameworks/Ubiquity.framework/Versions/A/Ubiquity
0x000000000c014000 	/System/Library/PrivateFrameworks/IconServices.framework/Versions/A/IconServices
0x000000000c014000 	/System/Library/PrivateFrameworks/ChunkingLibrary.framework/Versions/A/ChunkingLibrary
0x000000000c014000 	/System/Library/PrivateFrameworks/Apple80211.framework/Versions/A/Apple80211
0x000000000c014000 	/System/Library/Frameworks/CoreWLAN.framework/Versions/A/CoreWLAN
0x000000000c014000 	/System/Library/Frameworks/IOBluetooth.framework/Versions/A/IOBluetooth
0x000000000c014000 	/System/Library/PrivateFrameworks/CoreWiFi.framework/Versions/A/CoreWiFi
0x000000000c014000 	/System/Library/Frameworks/CoreBluetooth.framework/Versions/A/CoreBluetooth
0x000000000c014000 	/System/Library/PrivateFrameworks/DebugSymbols.framework/Versions/A/DebugSymbols
0x000000000c014000 	/System/Library/PrivateFrameworks/CoreSymbolication.framework/Versions/A/CoreSymbolication
0x000000000c014000 	/System/Library/PrivateFrameworks/Symbolication.framework/Versions/A/Symbolication
0x000000000c014000 	/System/Library/PrivateFrameworks/SpeechRecognitionCore.framework/Versions/A/SpeechRecognitionCore
0x000000010a000000 	/Library/Java/JavaVirtualMachines/jdk1.8.0_25.jdk/Contents/Home/jre/lib/server/libjvm.dylib
0x000000000c014000 	/usr/lib/libstdc++.6.dylib
0x0000000108f68000 	/Library/Java/JavaVirtualMachines/jdk1.8.0_25.jdk/Contents/Home/jre/lib/libverify.dylib
0x0000000108f76000 	/Library/Java/JavaVirtualMachines/jdk1.8.0_25.jdk/Contents/Home/jre/lib/libjava.dylib
0x0000000108fb4000 	/Library/Java/JavaVirtualMachines/jdk1.8.0_25.jdk/Contents/Home/jre/lib/libzip.dylib
0x0000000108fe6000 	/System/Library/Frameworks/JavaVM.framework/Frameworks/JavaRuntimeSupport.framework/JavaRuntimeSupport
0x0000000126ac7000 	/System/Library/Frameworks/JavaVM.framework/Versions/A/Frameworks/JavaNativeFoundation.framework/Versions/A/JavaNativeFoundation
0x0000000126adc000 	/System/Library/Frameworks/JavaVM.framework/Versions/A/JavaVM
0x000000000c014000 	/System/Library/Frameworks/Carbon.framework/Versions/A/Carbon
0x0000000126ae9000 	/System/Library/PrivateFrameworks/JavaLaunching.framework/Versions/A/JavaLaunching
0x000000000c014000 	/System/Library/Frameworks/Carbon.framework/Versions/A/Frameworks/CommonPanels.framework/Versions/A/CommonPanels
0x000000000c014000 	/System/Library/Frameworks/Carbon.framework/Versions/A/Frameworks/Help.framework/Versions/A/Help
0x000000000c014000 	/System/Library/Frameworks/Carbon.framework/Versions/A/Frameworks/ImageCapture.framework/Versions/A/ImageCapture
0x000000000c014000 	/System/Library/Frameworks/Carbon.framework/Versions/A/Frameworks/OpenScripting.framework/Versions/A/OpenScripting
0x000000000c014000 	/System/Library/Frameworks/Carbon.framework/Versions/A/Frameworks/Print.framework/Versions/A/Print
0x000000000c014000 	/System/Library/Frameworks/Carbon.framework/Versions/A/Frameworks/SecurityHI.framework/Versions/A/SecurityHI
0x0000000128b20000 	/Library/Java/JavaVirtualMachines/jdk1.8.0_25.jdk/Contents/Home/jre/lib/libawt.dylib
0x0000000128bcf000 	/Library/Java/JavaVirtualMachines/jdk1.8.0_25.jdk/Contents/Home/jre/lib/./libmlib_image.dylib
0x0000000128c9b000 	/Library/Java/JavaVirtualMachines/jdk1.8.0_25.jdk/Contents/Home/jre/lib/libawt_lwawt.dylib
0x0000000128d4e000 	/Library/Java/JavaVirtualMachines/jdk1.8.0_25.jdk/Contents/Home/jre/lib/./libosxapp.dylib
0x000000000c014000 	/System/Library/Frameworks/ExceptionHandling.framework/Versions/A/ExceptionHandling
0x000000000c014000 	/System/Library/PrivateFrameworks/CoreServicesInternal.framework/Versions/A/CoreServicesInternal
0x000000000c014000 	/System/Library/PrivateFrameworks/CloudDocs.framework/Versions/A/CloudDocs
0x000000000c014000 	/System/Library/PrivateFrameworks/CoreDuet.framework/Versions/A/CoreDuet
0x000000000c014000 	/System/Library/Frameworks/CloudKit.framework/Versions/A/CloudKit
0x000000000c014000 	/System/Library/PrivateFrameworks/ProtocolBuffer.framework/Versions/A/ProtocolBuffer
0x000000000c014000 	/System/Library/PrivateFrameworks/CoreDuetDaemonProtocol.framework/Versions/A/CoreDuetDaemonProtocol
0x000000000c014000 	/System/Library/PrivateFrameworks/CoreDuetDebugLogging.framework/Versions/A/CoreDuetDebugLogging
0x000000000c014000 	/System/Library/PrivateFrameworks/MMCS.framework/Versions/A/MMCS
0x000000000c014000 	/System/Library/Frameworks/CoreLocation.framework/Versions/A/CoreLocation
0x000000000c014000 	/System/Library/PrivateFrameworks/ProtectedCloudStorage.framework/Versions/A/ProtectedCloudStorage
0x000000000c014000 	/System/Library/PrivateFrameworks/GeoServices.framework/Versions/A/GeoServices
0x000000000c014000 	/System/Library/Frameworks/CoreGraphics.framework/Versions/A/Resources/libCGCMS.A.dylib
0x000000000c014000 	/System/Library/Frameworks/CoreGraphics.framework/Versions/A/Resources/libRIP.A.dylib
0x000000000c014000 	/System/Library/Frameworks/CoreGraphics.framework/Versions/A/Resources/libCGXType.A.dylib
0x000000000c014000 	/System/Library/Frameworks/OpenCL.framework/Versions/A/Libraries/libcldcpuengine.dylib
0x000000000c014000 	/System/Library/PrivateFrameworks/DiskImages.framework/Versions/A/DiskImages
0x000000000c014000 	/System/Library/Frameworks/DiscRecording.framework/Versions/A/DiscRecording
0x000000000c014000 	/usr/lib/libcsfde.dylib
0x000000000c014000 	/usr/lib/libcurl.4.dylib
0x000000000c014000 	/System/Library/PrivateFrameworks/MediaKit.framework/Versions/A/MediaKit
0x000000000c014000 	/usr/lib/libCoreStorage.dylib
0x000000000c014000 	/System/Library/PrivateFrameworks/EFILogin.framework/Versions/A/EFILogin
0x000000000c014000 	/usr/lib/libutil.dylib
0x000000000c014000 	/System/Library/PrivateFrameworks/FindMyDevice.framework/Versions/A/FindMyDevice
0x000000000c014000 	/System/Library/Frameworks/LDAP.framework/Versions/A/LDAP
0x000000000c014000 	/usr/lib/libsasl2.2.dylib
0x000000000c014000 	/System/Library/PrivateFrameworks/CoreDaemon.framework/Versions/B/CoreDaemon
0x000000000c014000 	/usr/lib/libcrypto.0.9.8.dylib
0x000000000c014000 	/System/Library/PrivateFrameworks/AppleSRP.framework/Versions/A/AppleSRP
0x000000000c014000 	/System/Library/PrivateFrameworks/TrustEvaluationAgent.framework/Versions/A/TrustEvaluationAgent
0x000000012bfde000 	cl_kernels
0x000000012bfe0000 	/System/Library/Frameworks/OpenCL.framework/Versions/A/Libraries/ImageFormats/unorm8_bgra.dylib
0x000000012bfd0000 	cl_kernels
0x000000000c014000 	/System/Library/PrivateFrameworks/FamilyControls.framework/Versions/A/FamilyControls
0x000000000c014000 	/System/Library/PrivateFrameworks/CommerceKit.framework/Versions/A/Frameworks/CommerceCore.framework/Versions/A/CommerceCore
0x000000000c014000 	/System/Library/PrivateFrameworks/SystemAdministration.framework/Versions/A/SystemAdministration
0x000000000c014000 	/System/Library/PrivateFrameworks/AppContainer.framework/Versions/A/AppContainer
0x000000000c014000 	/System/Library/PrivateFrameworks/SecCodeWrapper.framework/Versions/A/SecCodeWrapper
0x000000000c014000 	/System/Library/Frameworks/DirectoryService.framework/Versions/A/DirectoryService
0x000000000c014000 	/System/Library/PrivateFrameworks/LoginUIKit.framework/Versions/A/Frameworks/LoginUICore.framework/Versions/A/LoginUICore
0x000000000c014000 	/usr/lib/libodfde.dylib
0x000000000c014000 	/System/Library/Frameworks/OpenGL.framework/Versions/A/Resources/GLEngine.bundle/GLEngine
0x000000000c014000 	/System/Library/Frameworks/OpenGL.framework/Versions/A/Libraries/libGLProgrammability.dylib
0x0000000000000000 	/System/Library/Extensions/AppleIntelHD5000GraphicsGLDriver.bundle/Contents/MacOS/AppleIntelHD5000GraphicsGLDriver
0x000000000c014000 	/System/Library/PrivateFrameworks/IOAccelerator.framework/Versions/A/IOAccelerator
0x000000000c014000 	/System/Library/PrivateFrameworks/GPUSupport.framework/Versions/A/Libraries/libGPUSupportMercury.dylib
0x000000000c014000 	/System/Library/Frameworks/OpenGL.framework/Versions/A/Resources/GLRendererFloat.bundle/GLRendererFloat
0x000000012e2b5000 	/Library/Java/JavaVirtualMachines/jdk1.8.0_25.jdk/Contents/Home/jre/lib/libfontmanager.dylib
0x000000012e31c000 	/Library/Java/JavaVirtualMachines/jdk1.8.0_25.jdk/Contents/Home/jre/lib/libosxui.dylib
0x0000000132b99000 	/Library/Java/JavaVirtualMachines/jdk1.8.0_25.jdk/Contents/Home/jre/lib/libnet.dylib
0x0000000132bb0000 	/Library/Java/JavaVirtualMachines/jdk1.8.0_25.jdk/Contents/Home/jre/lib/libnio.dylib
0x00000001330f1000 	/private/var/folders/88/by9rmpdj33v0z3ft9n2pmj6w0000gn/T/jogamp_0000/file_cache/jln6047381215713288849/jln5584732143363264996/libgluegen-rt.jnilib
0x00000001330f5000 	/private/var/folders/88/by9rmpdj33v0z3ft9n2pmj6w0000gn/T/jogamp_0000/file_cache/jln6047381215713288849/jln5584732143363264996/libnativewindow_awt.jnilib
0x00000001330f8000 	/Library/Java/JavaVirtualMachines/jdk1.8.0_25.jdk/Contents/Home/jre/lib/libjawt.dylib
0x00000001330fb000 	/private/var/folders/88/by9rmpdj33v0z3ft9n2pmj6w0000gn/T/jogamp_0000/file_cache/jln6047381215713288849/jln5584732143363264996/libnativewindow_macosx.jnilib
0x0000000133305000 	/private/var/folders/88/by9rmpdj33v0z3ft9n2pmj6w0000gn/T/jogamp_0000/file_cache/jln6047381215713288849/jln5584732143363264996/libjogl_desktop.jnilib
0x0000000133433000 	/private/var/folders/88/by9rmpdj33v0z3ft9n2pmj6w0000gn/T/jogamp_0000/file_cache/jln6047381215713288849/jln5584732143363264996/libjogl_mobile.jnilib
0x000000000c014000 	/System/Library/Frameworks/ApplicationServices.framework/Versions/A/Frameworks/ATS.framework/Versions/A/Resources/libTrueTypeScaler.dylib
0x000000012c108000 	/Library/Java/JavaVirtualMachines/jdk1.8.0_25.jdk/Contents/Home/jre/lib/libdcpr.dylib
0x000000000c014000 	/System/Library/PrivateFrameworks/Shortcut.framework/Versions/A/Shortcut
0x000000000c014000 	/System/Library/PrivateFrameworks/HelpData.framework/Versions/A/HelpData
0x000000000c014000 	/usr/lib/libtidy.A.dylib
0x000000000c014000 	/System/Library/Frameworks/Accelerate.framework/Versions/A/Frameworks/vImage.framework/Versions/A/Libraries/libCGInterfaces.dylib

VM Arguments:
jvm_args: -Djava.library.path=/Users/chrishawkins/Documents/workspace/JOGL/jar:/Users/chrishawkins/Documents/workspace/JOGL/jar -Dfile.encoding=UTF-8 
java_command: Fits3D
java_class_path (initial): /Users/chrishawkins/Documents/workspace/Fits3D/bin:/Users/chrishawkins/Documents/workspace/Fits3D/commons-compress-1.9.jar:/Users/chrishawkins/Documents/workspace/Fits3D/commons-math3-3.4.1.jar:/Users/chrishawkins/Documents/workspace/Fits3D/fits.jar:/Users/chrishawkins/Documents/workspace/Fits3D/miglayout-4.0-swing.jar:/Users/chrishawkins/Documents/workspace/JOGL/jar/gluegen-rt.jar:/Users/chrishawkins/Documents/workspace/JOGL/jar/jogl-all.jar:/Users/chrishawkins/Documents/workspace/JOGL/jar/jogl-all-natives-macosx-universal.jar:/Users/chrishawkins/Documents/workspace/JOGL/jar/gluegen-rt-natives-macosx-universal.jar:/Users/chrishawkins/Documents/workspace/Fits3D/jreliability-1.2.1.jar:/Users/chrishawkins/Documents/workspace/Fits3D/jfreechart-1.0.19.jar:/Users/chrishawkins/Documents/workspace/Fits3D/jcommon-1.0.23.jar
Launcher Type: SUN_STANDARD

Environment Variables:
PATH=/usr/bin:/bin:/usr/sbin:/sbin
SHELL=/bin/bash
DISPLAY=/private/tmp/com.apple.launchd.29KkAtr93d/org.macosforge.xquartz:0

Signal Handlers:
SIGSEGV: [libjvm.dylib+0x579dc7], sa_mask[0]=11111111011111110111111111111111, sa_flags=SA_ONSTACK|SA_RESTART|SA_SIGINFO
SIGBUS: [libjvm.dylib+0x579dc7], sa_mask[0]=11111111011111110111111111111111, sa_flags=SA_RESTART|SA_SIGINFO
SIGFPE: [libjvm.dylib+0x45b030], sa_mask[0]=11111111011111110111111111111111, sa_flags=SA_RESTART|SA_SIGINFO
SIGPIPE: [libjvm.dylib+0x45b030], sa_mask[0]=11111111011111110111111111111111, sa_flags=SA_RESTART|SA_SIGINFO
SIGXFSZ: [libjvm.dylib+0x45b030], sa_mask[0]=11111111011111110111111111111111, sa_flags=SA_RESTART|SA_SIGINFO
SIGILL: [libjvm.dylib+0x45b030], sa_mask[0]=11111111011111110111111111111111, sa_flags=SA_RESTART|SA_SIGINFO
SIGUSR1: SIG_DFL, sa_mask[0]=00000000000000000000000000000000, sa_flags=none
SIGUSR2: [libjvm.dylib+0x45ab4e], sa_mask[0]=00100000000000000000000000000000, sa_flags=SA_RESTART|SA_SIGINFO
SIGHUP: [libjvm.dylib+0x459121], sa_mask[0]=11111111011111110111111111111111, sa_flags=SA_RESTART|SA_SIGINFO
SIGINT: [libjvm.dylib+0x459121], sa_mask[0]=11111111011111110111111111111111, sa_flags=SA_RESTART|SA_SIGINFO
SIGTERM: [libjvm.dylib+0x459121], sa_mask[0]=11111111011111110111111111111111, sa_flags=SA_RESTART|SA_SIGINFO
SIGQUIT: [libjvm.dylib+0x459121], sa_mask[0]=11111111011111110111111111111111, sa_flags=SA_RESTART|SA_SIGINFO


---------------  S Y S T E M  ---------------

OS:Bsduname:Darwin 14.3.0 Darwin Kernel Version 14.3.0: Mon Mar 23 11:59:05 PDT 2015; root:xnu-2782.20.48~5/RELEASE_X86_64 x86_64
rlimit: STACK 8192k, CORE 0k, NPROC 709, NOFILE 10240, AS infinity
load average:1.56 1.58 1.67

CPU:total 8 (4 cores per cpu, 2 threads per core) family 6 model 70 stepping 1, cmov, cx8, fxsr, mmx, sse, sse2, sse3, ssse3, sse4.1, sse4.2, popcnt, avx, avx2, aes, clmul, erms, lzcnt, ht, tsc, tscinvbit, bmi1, bmi2

Memory: 4k page, physical 16777216k(1489872k free)

/proc/meminfo:


vm_info: Java HotSpot(TM) 64-Bit Server VM (25.25-b02) for bsd-amd64 JRE (1.8.0_25-b17), built on Sep 17 2014 16:56:50 by "java_re" with gcc 4.2.1 (Based on Apple Inc. build 5658) (LLVM build 2336.11.00)

time: Sat Jun 27 21:34:10 2015
elapsed time: 111 seconds (0d 0h 1m 51s)

