#
# A fatal error has been detected by the Java Runtime Environment:
#
#  SIGSEGV (0xb) at pc=0x00007fff8a411a90, pid=89727, tid=56619
#
# JRE version: Java(TM) SE Runtime Environment (8.0_25-b17) (build 1.8.0_25-b17)
# Java VM: Java HotSpot(TM) 64-Bit Server VM (25.25-b02 mixed mode bsd-amd64 compressed oops)
# Problematic frame:
# C  [GLEngine+0x15ba90]  gleRunVertexSubmitImmediate+0x22e0
#
# Failed to write core dump. Core dumps have been disabled. To enable core dumping, try "ulimit -c unlimited" before starting Java again
#
# If you would like to submit a bug report, please visit:
#   http://bugreport.sun.com/bugreport/crash.jsp
# The crash happened outside the Java Virtual Machine in native code.
# See problematic frame for where to report the bug.
#

---------------  T H R E A D  ---------------

Current thread (0x00007fd0c4216800):  JavaThread "AWT-EventQueue-0" [_thread_in_native, id=56619, stack(0x0000000127ad8000,0x0000000127bd8000)]

siginfo: si_signo: 11 (SIGSEGV), si_code: 1 (SEGV_MAPERR), si_addr: 0x0000000000000000

Registers:
RAX=0x00007fff8a411a90, RBX=0x0000000000000006, RCX=0x0000000000000000, RDX=0x00007fff8a4124b8
RSP=0x0000000127bd5f80, RBP=0x0000000127bd61d0, RSI=0x0000000000000005, RDI=0x0000000000000027
R8 =0x0000000000845800, R9 =0x00007fd0c9000000, R10=0x00007fd0c994ecf0, R11=0x00007fd0c9000000
R12=0x0000000000000001, R13=0x0000000000841804, R14=0x00007fd0c994ecf0, R15=0x0000000000000001
RIP=0x00007fff8a411a90, EFLAGS=0x0000000000010217, ERR=0x0000000000000004
  TRAPNO=0x000000000000000e

Top of Stack: (sp=0x0000000127bd5f80)
0x0000000127bd5f80:   00007fff7679b070 00007fd0c32f9c30
0x0000000127bd5f90:   0000000127bd6150 00001234001051a3
0x0000000127bd5fa0:   0000000127bd5fd0 000000000000005a
0x0000000127bd5fb0:   0000000127bd6110 00007fff8a39b078
0x0000000127bd5fc0:   0000000127bd5fe0 00007fff88b80dd4
0x0000000127bd5fd0:   00007fd0c9f1b300 0000000000000000
0x0000000127bd5fe0:   0000000127bd605c 0000000000011760
0x0000000127bd5ff0:   00007fd0c3303088 0000000000002001
0x0000000127bd6000:   0000002000000000 0000000000000000
0x0000000127bd6010:   0000000129a9a760 00007fd0c32fcb10
0x0000000127bd6020:   0000000000000000 0000000000000001
0x0000000127bd6030:   00447e0000e78006 007e7f1c7ffff3e7
0x0000000127bd6040:   00007fd0c9000810 00007fff88b80b4e
0x0000000127bd6050:   00007fd0c9000140 00007fd0c9000170
0x0000000127bd6060:   00007fd0c9000150 00007fd0c9000180
0x0000000127bd6070:   00007fd0c9000160 00007fd0c90001a0
0x0000000127bd6080:   0000000000000000 0000000000000000
0x0000000127bd6090:   fffffffe00000002 00007fd0c32fcb10
0x0000000127bd60a0:   000000000000108b 0000000000000001
0x0000000127bd60b0:   ffffffff10008010 0000000000000001
0x0000000127bd60c0:   00007fd0c9000190 0000000010008010
0x0000000127bd60d0:   7a00000300000000 0000000000000000
0x0000000127bd60e0:   0000043100000000 00007fff88b80dd4
0x0000000127bd60f0:   0000000002116000 0000000000000000
0x0000000127bd6100:   0000000127bd617c 0000000127bd6180
0x0000000127bd6110:   0000000127bd6184 00007fd0c994ec58
0x0000000127bd6120:   0000000000000000 0000000000000000
0x0000000127bd6130:   0000000000000000 00007fd0c994ec58
0x0000000127bd6140:   00000000000012b9 00007fd0c9000000
0x0000000127bd6150:   0000000000000000 00007fd0c9000000
0x0000000127bd6160:   0000000000000000 000000012aa4b060
0x0000000127bd6170:   000000012aa70780 0000000000000000 

Instructions: (pc=0x00007fff8a411a90)
0x00007fff8a411a70:   ba 00 00 80 7f 0f 44 da e9 ad 00 00 00 48 8d 15
0x00007fff8a411a80:   34 0a 00 00 48 63 04 82 48 01 d0 4d 89 f2 ff e0
0x00007fff8a411a90:   f3 0f 10 01 f3 0f 11 45 80 4d 89 de e9 af 07 00
0x00007fff8a411aa0:   00 41 83 fc 04 0f 85 7e 03 00 00 f2 0f 10 01 e9 

Register to memory mapping:

RAX=0x00007fff8a411a90: gleRunVertexSubmitImmediate+0x22e0 in /System/Library/Frameworks/OpenGL.framework/Versions/A/Resources/GLEngine.bundle/GLEngine at 0x00007fff8a2b6000
RBX=0x0000000000000006 is an unknown value
RCX=0x0000000000000000 is an unknown value
RDX=0x00007fff8a4124b8: gleRunVertexSubmitImmediate+0x2d08 in /System/Library/Frameworks/OpenGL.framework/Versions/A/Resources/GLEngine.bundle/GLEngine at 0x00007fff8a2b6000
RSP=0x0000000127bd5f80 is pointing into the stack for thread: 0x00007fd0c4216800
RBP=0x0000000127bd61d0 is pointing into the stack for thread: 0x00007fd0c4216800
RSI=0x0000000000000005 is an unknown value
RDI=0x0000000000000027 is an unknown value
R8 =0x0000000000845800 is an unknown value
R9 =0x00007fd0c9000000 is an unknown value
R10=0x00007fd0c994ecf0 is an unknown value
R11=0x00007fd0c9000000 is an unknown value
R12=0x0000000000000001 is an unknown value
R13=0x0000000000841804 is an unknown value
R14=0x00007fd0c994ecf0 is an unknown value
R15=0x0000000000000001 is an unknown value


Stack: [0x0000000127ad8000,0x0000000127bd8000],  sp=0x0000000127bd5f80,  free space=1015k
Native frames: (J=compiled Java code, j=interpreted, Vv=VM code, C=native code)
C  [GLEngine+0x15ba90]  gleRunVertexSubmitImmediate+0x22e0
C  [GLEngine+0xd48b8]  glDrawArrays_ACC_GL3Exec+0x2e6
C  [libjogl_desktop.jnilib+0x2afe0]  Java_jogamp_opengl_gl4_GL4bcImpl_dispatch_1glDrawArrays1__IIIJ+0x40
J 1684  jogamp.opengl.gl4.GL4bcImpl.dispatch_glDrawArrays1(IIIJ)V (0 bytes) @ 0x000000010437fa72 [0x000000010437f9c0+0xb2]
J 1765 C2 jogamp.opengl.gl4.GL4bcImpl.glDrawArrays(III)V (49 bytes) @ 0x00000001043b2424 [0x00000001043b23e0+0x44]
J 1880 C1 Renderer.display()V (839 bytes) @ 0x00000001043f984c [0x00000001043f5d00+0x3b4c]
J 1920 C1 FrameMaster.display(Lcom/jogamp/opengl/GLAutoDrawable;)V (84 bytes) @ 0x0000000104428d74 [0x0000000104428a80+0x2f4]
J 1919 C1 jogamp.opengl.GLDrawableHelper.displayImpl(Lcom/jogamp/opengl/GLAutoDrawable;)V (105 bytes) @ 0x000000010442286c [0x0000000104421aa0+0xdcc]
J 1917 C1 com.jogamp.opengl.awt.GLCanvas$11.run()V (122 bytes) @ 0x0000000104427c34 [0x0000000104427600+0x634]
J 1912 C1 jogamp.opengl.GLDrawableHelper.invokeGLImpl(Lcom/jogamp/opengl/GLDrawable;Lcom/jogamp/opengl/GLContext;Ljava/lang/Runnable;Ljava/lang/Runnable;)V (579 bytes) @ 0x000000010441e9ec [0x000000010441dba0+0xe4c]
J 1911 C1 jogamp.opengl.GLDrawableHelper.invokeGL(Lcom/jogamp/opengl/GLDrawable;Lcom/jogamp/opengl/GLContext;Ljava/lang/Runnable;Ljava/lang/Runnable;)V (76 bytes) @ 0x000000010441d5c4 [0x000000010441d500+0xc4]
J 1406 C1 com.jogamp.opengl.awt.GLCanvas$12.run()V (126 bytes) @ 0x00000001042b1dfc [0x00000001042b17c0+0x63c]
J 1261 C1 java.awt.event.InvocationEvent.dispatch()V (69 bytes) @ 0x000000010423d0cc [0x000000010423cf80+0x14c]
J 1359 C1 java.awt.EventQueue.dispatchEventImpl(Ljava/awt/AWTEvent;Ljava/lang/Object;)V (149 bytes) @ 0x000000010427ea14 [0x000000010427d040+0x19d4]
J 1131 C1 java.awt.EventQueue$3.run()Ljava/lang/Void; (60 bytes) @ 0x0000000104208e14 [0x0000000104208c00+0x214]
J 1130 C1 java.awt.EventQueue$3.run()Ljava/lang/Object; (5 bytes) @ 0x000000010420610c [0x0000000104206080+0x8c]
v  ~StubRoutines::call_stub
V  [libjvm.dylib+0x2d4516]
V  [libjvm.dylib+0x32aeb2]
J 847  java.security.AccessController.doPrivileged(Ljava/security/PrivilegedAction;Ljava/security/AccessControlContext;)Ljava/lang/Object; (0 bytes) @ 0x0000000103f63d95 [0x0000000103f63cc0+0xd5]
J 938 C1 java.awt.EventQueue.dispatchEvent(Ljava/awt/AWTEvent;)V (80 bytes) @ 0x00000001041b49c4 [0x00000001041b4100+0x8c4]
J 945 C1 java.awt.EventDispatchThread.pumpOneEventForFilters(I)V (295 bytes) @ 0x00000001041b986c [0x00000001041b7d00+0x1b6c]
j  java.awt.EventDispatchThread.pumpEventsForFilter(ILjava/awt/Conditional;Ljava/awt/EventFilter;)V+35
j  java.awt.EventDispatchThread.pumpEventsForHierarchy(ILjava/awt/Conditional;Ljava/awt/Component;)V+11
j  java.awt.EventDispatchThread.pumpEvents(ILjava/awt/Conditional;)V+4
j  java.awt.EventDispatchThread.pumpEvents(Ljava/awt/Conditional;)V+3
j  java.awt.EventDispatchThread.run()V+9
v  ~StubRoutines::call_stub
V  [libjvm.dylib+0x2d4516]
V  [libjvm.dylib+0x2d4ca4]
V  [libjvm.dylib+0x2d4e50]
V  [libjvm.dylib+0x32583f]
V  [libjvm.dylib+0x535ed9]
V  [libjvm.dylib+0x53761c]
V  [libjvm.dylib+0x45d87e]
C  [libsystem_pthread.dylib+0x3268]  _pthread_body+0x83
C  [libsystem_pthread.dylib+0x31e5]  _pthread_body+0x0
C  [libsystem_pthread.dylib+0x141d]  thread_start+0xd
C  0x0000000000000000

Java frames: (J=compiled Java code, j=interpreted, Vv=VM code)
J 1684  jogamp.opengl.gl4.GL4bcImpl.dispatch_glDrawArrays1(IIIJ)V (0 bytes) @ 0x000000010437f9f8 [0x000000010437f9c0+0x38]
J 1765 C2 jogamp.opengl.gl4.GL4bcImpl.glDrawArrays(III)V (49 bytes) @ 0x00000001043b2424 [0x00000001043b23e0+0x44]
J 1880 C1 Renderer.display()V (839 bytes) @ 0x00000001043f984c [0x00000001043f5d00+0x3b4c]
J 1920 C1 FrameMaster.display(Lcom/jogamp/opengl/GLAutoDrawable;)V (84 bytes) @ 0x0000000104428d74 [0x0000000104428a80+0x2f4]
J 1919 C1 jogamp.opengl.GLDrawableHelper.displayImpl(Lcom/jogamp/opengl/GLAutoDrawable;)V (105 bytes) @ 0x000000010442286c [0x0000000104421aa0+0xdcc]
J 1917 C1 com.jogamp.opengl.awt.GLCanvas$11.run()V (122 bytes) @ 0x0000000104427c34 [0x0000000104427600+0x634]
J 1912 C1 jogamp.opengl.GLDrawableHelper.invokeGLImpl(Lcom/jogamp/opengl/GLDrawable;Lcom/jogamp/opengl/GLContext;Ljava/lang/Runnable;Ljava/lang/Runnable;)V (579 bytes) @ 0x000000010441e9ec [0x000000010441dba0+0xe4c]
J 1911 C1 jogamp.opengl.GLDrawableHelper.invokeGL(Lcom/jogamp/opengl/GLDrawable;Lcom/jogamp/opengl/GLContext;Ljava/lang/Runnable;Ljava/lang/Runnable;)V (76 bytes) @ 0x000000010441d5c4 [0x000000010441d500+0xc4]
J 1406 C1 com.jogamp.opengl.awt.GLCanvas$12.run()V (126 bytes) @ 0x00000001042b1dfc [0x00000001042b17c0+0x63c]
J 1261 C1 java.awt.event.InvocationEvent.dispatch()V (69 bytes) @ 0x000000010423d0cc [0x000000010423cf80+0x14c]
J 1359 C1 java.awt.EventQueue.dispatchEventImpl(Ljava/awt/AWTEvent;Ljava/lang/Object;)V (149 bytes) @ 0x000000010427ea14 [0x000000010427d040+0x19d4]
J 1131 C1 java.awt.EventQueue$3.run()Ljava/lang/Void; (60 bytes) @ 0x0000000104208e14 [0x0000000104208c00+0x214]
J 1130 C1 java.awt.EventQueue$3.run()Ljava/lang/Object; (5 bytes) @ 0x000000010420610c [0x0000000104206080+0x8c]
v  ~StubRoutines::call_stub
J 847  java.security.AccessController.doPrivileged(Ljava/security/PrivilegedAction;Ljava/security/AccessControlContext;)Ljava/lang/Object; (0 bytes) @ 0x0000000103f63d23 [0x0000000103f63cc0+0x63]
J 938 C1 java.awt.EventQueue.dispatchEvent(Ljava/awt/AWTEvent;)V (80 bytes) @ 0x00000001041b49c4 [0x00000001041b4100+0x8c4]
J 945 C1 java.awt.EventDispatchThread.pumpOneEventForFilters(I)V (295 bytes) @ 0x00000001041b986c [0x00000001041b7d00+0x1b6c]
j  java.awt.EventDispatchThread.pumpEventsForFilter(ILjava/awt/Conditional;Ljava/awt/EventFilter;)V+35
j  java.awt.EventDispatchThread.pumpEventsForHierarchy(ILjava/awt/Conditional;Ljava/awt/Component;)V+11
j  java.awt.EventDispatchThread.pumpEvents(ILjava/awt/Conditional;)V+4
j  java.awt.EventDispatchThread.pumpEvents(Ljava/awt/Conditional;)V+3
j  java.awt.EventDispatchThread.run()V+9
v  ~StubRoutines::call_stub

---------------  P R O C E S S  ---------------

Java Threads: ( => current thread )
  0x00007fd0c38a8000 JavaThread "TimerQueue" daemon [_thread_blocked, id=72823, stack(0x000000013834d000,0x000000013844d000)]
  0x00007fd0c3251800 JavaThread "DestroyJavaVM" [_thread_blocked, id=4867, stack(0x0000000103d1d000,0x0000000103e1d000)]
  0x00007fd0c50fb000 JavaThread "main-FPSAWTAnimator#00-Timer0" [_thread_blocked, id=61703, stack(0x00000001291f2000,0x00000001292f2000)]
=>0x00007fd0c4216800 JavaThread "AWT-EventQueue-0" [_thread_in_native, id=56619, stack(0x0000000127ad8000,0x0000000127bd8000)]
  0x00007fd0c4215000 JavaThread "Java2D Disposer" daemon [_thread_blocked, id=55575, stack(0x0000000126e81000,0x0000000126f81000)]
  0x00007fd0c4093000 JavaThread "Java2D Queue Flusher" daemon [_thread_blocked, id=54279, stack(0x00000001264e8000,0x00000001265e8000)]
  0x00007fd0c5028800 JavaThread "AWT-Shutdown" [_thread_blocked, id=31251, stack(0x0000000123404000,0x0000000123504000)]
  0x00007fd0c3885800 JavaThread "AWT-AppKit" daemon [_thread_in_native, id=1811, stack(0x00007fff5d748000,0x00007fff5df48000)]
  0x00007fd0c5013000 JavaThread "Service Thread" daemon [_thread_blocked, id=20739, stack(0x0000000121847000,0x0000000121947000)]
  0x00007fd0c4046000 JavaThread "C1 CompilerThread3" daemon [_thread_blocked, id=20227, stack(0x0000000121744000,0x0000000121844000)]
  0x00007fd0c5000000 JavaThread "C2 CompilerThread2" daemon [_thread_blocked, id=19715, stack(0x0000000121641000,0x0000000121741000)]
  0x00007fd0c4016800 JavaThread "C2 CompilerThread1" daemon [_thread_blocked, id=19203, stack(0x000000012153e000,0x000000012163e000)]
  0x00007fd0c3819000 JavaThread "C2 CompilerThread0" daemon [_thread_blocked, id=18691, stack(0x000000012143b000,0x000000012153b000)]
  0x00007fd0c381b000 JavaThread "Signal Dispatcher" daemon [_thread_blocked, id=14355, stack(0x0000000121338000,0x0000000121438000)]
  0x00007fd0c4010800 JavaThread "Finalizer" daemon [_thread_blocked, id=13571, stack(0x000000011f924000,0x000000011fa24000)]
  0x00007fd0c4010000 JavaThread "Reference Handler" daemon [_thread_blocked, id=13059, stack(0x000000011f821000,0x000000011f921000)]

Other Threads:
  0x00007fd0c3050800 VMThread [stack: 0x000000011f71e000,0x000000011f81e000] [id=12547]
  0x00007fd0c381d000 WatcherThread [stack: 0x000000012194a000,0x0000000121a4a000] [id=21251]

VM state:not at safepoint (normal execution)

VM Mutex/Monitor currently owned by a thread: None

Heap:
 PSYoungGen      total 141824K, used 88226K [0x000000076ab00000, 0x0000000780780000, 0x00000007c0000000)
  eden space 131072K, 59% used [0x000000076ab00000,0x000000076f6a9e40,0x0000000772b00000)
  from space 10752K, 99% used [0x0000000772b00000,0x000000077357ecc8,0x0000000773580000)
  to   space 50688K, 0% used [0x000000077d600000,0x000000077d600000,0x0000000780780000)
 ParOldGen       total 160256K, used 95184K [0x00000006c0000000, 0x00000006c9c80000, 0x000000076ab00000)
  object space 160256K, 59% used [0x00000006c0000000,0x00000006c5cf4248,0x00000006c9c80000)
 Metaspace       used 21368K, capacity 21602K, committed 21888K, reserved 1069056K
  class space    used 2490K, capacity 2567K, committed 2688K, reserved 1048576K

Card table byte_map: [0x0000000113213000,0x0000000113a14000] byte_map_base: 0x000000010fc13000

Marking Bits: (ParMarkBitMap*) 0x000000010369d390
 Begin Bits: [0x0000000114782000, 0x0000000118782000)
 End Bits:   [0x0000000118782000, 0x000000011c782000)

Polling page: 0x0000000101ddb000

CodeCache: size=245760Kb used=6297Kb max_used=6311Kb free=239462Kb
 bounds [0x0000000103e53000, 0x0000000104483000, 0x0000000112e53000]
 total_blobs=2810 nmethods=1947 adapters=777
 compilation: enabled

Compilation events (10 events):
Event: 23.781 Thread 0x00007fd0c4046000 2012       3       java.nio.HeapFloatBuffer::put (54 bytes)
Event: 23.781 Thread 0x00007fd0c4046000 nmethod 2012 0x000000010446c590 code [0x000000010446c760, 0x000000010446ceb8]
Event: 23.795 Thread 0x00007fd0c4046000 2013       1       java.io.OutputStream::flush (1 bytes)
Event: 23.795 Thread 0x00007fd0c4046000 nmethod 2013 0x0000000104479e10 code [0x0000000104479f60, 0x000000010447a070]
Event: 23.812 Thread 0x00007fd0c4046000 2014       3       java.lang.Long::getChars (221 bytes)
Event: 23.813 Thread 0x00007fd0c4046000 nmethod 2014 0x000000010447a0d0 code [0x000000010447a2a0, 0x000000010447a8f0]
Event: 23.906 Thread 0x00007fd0c4046000 2015       1       java.lang.ref.Reference::access$100 (4 bytes)
Event: 23.906 Thread 0x00007fd0c4046000 nmethod 2015 0x000000010447b050 code [0x000000010447b1a0, 0x000000010447b290]
Event: 23.982 Thread 0x00007fd0c4016800 2016       4       sun.nio.cs.UTF_8$Encoder::encodeArrayLoop (489 bytes)
Event: 23.991 Thread 0x00007fd0c4016800 nmethod 2016 0x000000010447e7d0 code [0x000000010447e9a0, 0x000000010447f250]

GC Heap History (10 events):
Event: 19.405 GC heap before
{Heap before GC invocations=2 (full 0):
 PSYoungGen      total 76288K, used 76162K [0x000000076ab00000, 0x0000000770000000, 0x00000007c0000000)
  eden space 65536K, 99% used [0x000000076ab00000,0x000000076eae6f08,0x000000076eb00000)
  from space 10752K, 99% used [0x000000076eb00000,0x000000076f579bb0,0x000000076f580000)
  to   space 10752K, 0% used [0x000000076f580000,0x000000076f580000,0x0000000770000000)
 ParOldGen       total 175104K, used 9459K [0x00000006c0000000, 0x00000006cab00000, 0x000000076ab00000)
  object space 175104K, 5% used [0x00000006c0000000,0x00000006c093cee0,0x00000006cab00000)
 Metaspace       used 20745K, capacity 20962K, committed 21248K, reserved 1069056K
  class space    used 2443K, capacity 2509K, committed 2560K, reserved 1048576K
Event: 19.423 GC heap after
Heap after GC invocations=2 (full 0):
 PSYoungGen      total 76288K, used 10740K [0x000000076ab00000, 0x0000000774000000, 0x00000007c0000000)
  eden space 65536K, 0% used [0x000000076ab00000,0x000000076ab00000,0x000000076eb00000)
  from space 10752K, 99% used [0x000000076f580000,0x000000076fffd348,0x0000000770000000)
  to   space 10752K, 0% used [0x000000076eb00000,0x000000076eb00000,0x000000076f580000)
 ParOldGen       total 175104K, used 36994K [0x00000006c0000000, 0x00000006cab00000, 0x000000076ab00000)
  object space 175104K, 21% used [0x00000006c0000000,0x00000006c2420bf0,0x00000006cab00000)
 Metaspace       used 20745K, capacity 20962K, committed 21248K, reserved 1069056K
  class space    used 2443K, capacity 2509K, committed 2560K, reserved 1048576K
}
Event: 19.525 GC heap before
{Heap before GC invocations=3 (full 0):
 PSYoungGen      total 76288K, used 76060K [0x000000076ab00000, 0x0000000774000000, 0x00000007c0000000)
  eden space 65536K, 99% used [0x000000076ab00000,0x000000076eac9e88,0x000000076eb00000)
  from space 10752K, 99% used [0x000000076f580000,0x000000076fffd348,0x0000000770000000)
  to   space 10752K, 0% used [0x000000076eb00000,0x000000076eb00000,0x000000076f580000)
 ParOldGen       total 175104K, used 36994K [0x00000006c0000000, 0x00000006cab00000, 0x000000076ab00000)
  object space 175104K, 21% used [0x00000006c0000000,0x00000006c2420bf0,0x00000006cab00000)
 Metaspace       used 20759K, capacity 21026K, committed 21248K, reserved 1069056K
  class space    used 2443K, capacity 2509K, committed 2560K, reserved 1048576K
Event: 19.533 GC heap after
Heap after GC invocations=3 (full 0):
 PSYoungGen      total 76288K, used 10746K [0x000000076ab00000, 0x0000000774000000, 0x00000007c0000000)
  eden space 65536K, 0% used [0x000000076ab00000,0x000000076ab00000,0x000000076eb00000)
  from space 10752K, 99% used [0x000000076eb00000,0x000000076f57e990,0x000000076f580000)
  to   space 10752K, 0% used [0x0000000773580000,0x0000000773580000,0x0000000774000000)
 ParOldGen       total 175104K, used 47934K [0x00000006c0000000, 0x00000006cab00000, 0x000000076ab00000)
  object space 175104K, 27% used [0x00000006c0000000,0x00000006c2ecfbd0,0x00000006cab00000)
 Metaspace       used 20759K, capacity 21026K, committed 21248K, reserved 1069056K
  class space    used 2443K, capacity 2509K, committed 2560K, reserved 1048576K
}
Event: 19.654 GC heap before
{Heap before GC invocations=4 (full 0):
 PSYoungGen      total 76288K, used 63656K [0x000000076ab00000, 0x0000000774000000, 0x00000007c0000000)
  eden space 65536K, 80% used [0x000000076ab00000,0x000000076deab7e0,0x000000076eb00000)
  from space 10752K, 99% used [0x000000076eb00000,0x000000076f57e990,0x000000076f580000)
  to   space 10752K, 0% used [0x0000000773580000,0x0000000773580000,0x0000000774000000)
 ParOldGen       total 175104K, used 47934K [0x00000006c0000000, 0x00000006cab00000, 0x000000076ab00000)
  object space 175104K, 27% used [0x00000006c0000000,0x00000006c2ecfbd0,0x00000006cab00000)
 Metaspace       used 20806K, capacity 21026K, committed 21248K, reserved 1069056K
  class space    used 2444K, capacity 2509K, committed 2560K, reserved 1048576K
Event: 19.664 GC heap after
Heap after GC invocations=4 (full 0):
 PSYoungGen      total 141824K, used 10751K [0x000000076ab00000, 0x0000000774000000, 0x00000007c0000000)
  eden space 131072K, 0% used [0x000000076ab00000,0x000000076ab00000,0x0000000772b00000)
  from space 10752K, 99% used [0x0000000773580000,0x0000000773ffff00,0x0000000774000000)
  to   space 10752K, 0% used [0x0000000772b00000,0x0000000772b00000,0x0000000773580000)
 ParOldGen       total 175104K, used 55083K [0x00000006c0000000, 0x00000006cab00000, 0x000000076ab00000)
  object space 175104K, 31% used [0x00000006c0000000,0x00000006c35cae78,0x00000006cab00000)
 Metaspace       used 20806K, capacity 21026K, committed 21248K, reserved 1069056K
  class space    used 2444K, capacity 2509K, committed 2560K, reserved 1048576K
}
Event: 19.664 GC heap before
{Heap before GC invocations=5 (full 1):
 PSYoungGen      total 141824K, used 10751K [0x000000076ab00000, 0x0000000774000000, 0x00000007c0000000)
  eden space 131072K, 0% used [0x000000076ab00000,0x000000076ab00000,0x0000000772b00000)
  from space 10752K, 99% used [0x0000000773580000,0x0000000773ffff00,0x0000000774000000)
  to   space 10752K, 0% used [0x0000000772b00000,0x0000000772b00000,0x0000000773580000)
 ParOldGen       total 175104K, used 55083K [0x00000006c0000000, 0x00000006cab00000, 0x000000076ab00000)
  object space 175104K, 31% used [0x00000006c0000000,0x00000006c35cae78,0x00000006cab00000)
 Metaspace       used 20806K, capacity 21026K, committed 21248K, reserved 1069056K
  class space    used 2444K, capacity 2509K, committed 2560K, reserved 1048576K
Event: 19.705 GC heap after
Heap after GC invocations=5 (full 1):
 PSYoungGen      total 141824K, used 0K [0x000000076ab00000, 0x0000000774000000, 0x00000007c0000000)
  eden space 131072K, 0% used [0x000000076ab00000,0x000000076ab00000,0x0000000772b00000)
  from space 10752K, 0% used [0x0000000773580000,0x0000000773580000,0x0000000774000000)
  to   space 10752K, 0% used [0x0000000772b00000,0x0000000772b00000,0x0000000773580000)
 ParOldGen       total 160256K, used 61897K [0x00000006c0000000, 0x00000006c9c80000, 0x000000076ab00000)
  object space 160256K, 38% used [0x00000006c0000000,0x00000006c3c724f0,0x00000006c9c80000)
 Metaspace       used 20793K, capacity 21008K, committed 21248K, reserved 1069056K
  class space    used 2438K, capacity 2500K, committed 2560K, reserved 1048576K
}
Event: 23.884 GC heap before
{Heap before GC invocations=6 (full 1):
 PSYoungGen      total 141824K, used 130955K [0x000000076ab00000, 0x0000000774000000, 0x00000007c0000000)
  eden space 131072K, 99% used [0x000000076ab00000,0x0000000772ae2f60,0x0000000772b00000)
  from space 10752K, 0% used [0x0000000773580000,0x0000000773580000,0x0000000774000000)
  to   space 10752K, 0% used [0x0000000772b00000,0x0000000772b00000,0x0000000773580000)
 ParOldGen       total 160256K, used 61897K [0x00000006c0000000, 0x00000006c9c80000, 0x000000076ab00000)
  object space 160256K, 38% used [0x00000006c0000000,0x00000006c3c724f0,0x00000006c9c80000)
 Metaspace       used 21368K, capacity 21602K, committed 21888K, reserved 1069056K
  class space    used 2490K, capacity 2567K, committed 2688K, reserved 1048576K
Event: 23.906 GC heap after
Heap after GC invocations=6 (full 1):
 PSYoungGen      total 141824K, used 10747K [0x000000076ab00000, 0x0000000780780000, 0x00000007c0000000)
  eden space 131072K, 0% used [0x000000076ab00000,0x000000076ab00000,0x0000000772b00000)
  from space 10752K, 99% used [0x0000000772b00000,0x000000077357ecc8,0x0000000773580000)
  to   space 50688K, 0% used [0x000000077d600000,0x000000077d600000,0x0000000780780000)
 ParOldGen       total 160256K, used 95184K [0x00000006c0000000, 0x00000006c9c80000, 0x000000076ab00000)
  object space 160256K, 59% used [0x00000006c0000000,0x00000006c5cf4248,0x00000006c9c80000)
 Metaspace       used 21368K, capacity 21602K, committed 21888K, reserved 1069056K
  class space    used 2490K, capacity 2567K, committed 2688K, reserved 1048576K
}

Deoptimization events (6 events):
Event: 15.595 Thread 0x00007fd0c4216800 Uncommon trap: reason=class_check action=maybe_recompile pc=0x0000000103fcc300 method=java.lang.String.equals(Ljava/lang/Object;)Z @ 8
Event: 15.595 Thread 0x00007fd0c4216800 Uncommon trap: reason=class_check action=maybe_recompile pc=0x0000000103fcc300 method=java.lang.String.equals(Ljava/lang/Object;)Z @ 8
Event: 15.608 Thread 0x00007fd0c4216800 Uncommon trap: reason=class_check action=maybe_recompile pc=0x0000000103fcc300 method=java.lang.String.equals(Ljava/lang/Object;)Z @ 8
Event: 15.608 Thread 0x00007fd0c4216800 Uncommon trap: reason=class_check action=maybe_recompile pc=0x0000000103fcc300 method=java.lang.String.equals(Ljava/lang/Object;)Z @ 8
Event: 19.114 Thread 0x00007fd0c4216800 Uncommon trap: reason=unreached action=reinterpret pc=0x000000010431f6a4 method=RegionRepresentation.<init>(Lnom/tam/fits/Fits;FLVolume;)V @ 469
Event: 21.315 Thread 0x00007fd0c4216800 Uncommon trap: reason=unreached action=reinterpret pc=0x0000000104091b70 method=java.util.HashMap.getNode(ILjava/lang/Object;)Ljava/util/HashMap$Node; @ 53

Internal exceptions (10 events):
Event: 21.289 Thread 0x00007fd0c4216800 Exception <a 'java/security/PrivilegedActionException'> (0x000000076b43a038) thrown at [/HUDSON3/workspace/8-2-build-macosx-x86_64/jdk8u25/1514/hotspot/src/share/vm/prims/jvm.cpp, line 1312]
Event: 21.291 Thread 0x00007fd0c4216800 Exception <a 'java/security/PrivilegedActionException'> (0x000000076b447068) thrown at [/HUDSON3/workspace/8-2-build-macosx-x86_64/jdk8u25/1514/hotspot/src/share/vm/prims/jvm.cpp, line 1312]
Event: 21.293 Thread 0x00007fd0c4216800 Exception <a 'java/security/PrivilegedActionException'> (0x000000076b44f6f0) thrown at [/HUDSON3/workspace/8-2-build-macosx-x86_64/jdk8u25/1514/hotspot/src/share/vm/prims/jvm.cpp, line 1312]
Event: 21.293 Thread 0x00007fd0c4216800 Exception <a 'java/security/PrivilegedActionException'> (0x000000076b4524a0) thrown at [/HUDSON3/workspace/8-2-build-macosx-x86_64/jdk8u25/1514/hotspot/src/share/vm/prims/jvm.cpp, line 1312]
Event: 21.297 Thread 0x00007fd0c4216800 Exception <a 'java/security/PrivilegedActionException'> (0x000000076b458ae0) thrown at [/HUDSON3/workspace/8-2-build-macosx-x86_64/jdk8u25/1514/hotspot/src/share/vm/prims/jvm.cpp, line 1312]
Event: 21.297 Thread 0x00007fd0c4216800 Exception <a 'java/security/PrivilegedActionException'> (0x000000076b45c750) thrown at [/HUDSON3/workspace/8-2-build-macosx-x86_64/jdk8u25/1514/hotspot/src/share/vm/prims/jvm.cpp, line 1312]
Event: 21.308 Thread 0x00007fd0c4216800 Exception <a 'java/security/PrivilegedActionException'> (0x000000076b46ebe8) thrown at [/HUDSON3/workspace/8-2-build-macosx-x86_64/jdk8u25/1514/hotspot/src/share/vm/prims/jvm.cpp, line 1312]
Event: 21.309 Thread 0x00007fd0c4216800 Exception <a 'java/security/PrivilegedActionException'> (0x000000076b473f20) thrown at [/HUDSON3/workspace/8-2-build-macosx-x86_64/jdk8u25/1514/hotspot/src/share/vm/prims/jvm.cpp, line 1312]
Event: 21.312 Thread 0x00007fd0c4216800 Exception <a 'java/security/PrivilegedActionException'> (0x000000076b487ae0) thrown at [/HUDSON3/workspace/8-2-build-macosx-x86_64/jdk8u25/1514/hotspot/src/share/vm/prims/jvm.cpp, line 1312]
Event: 21.317 Thread 0x00007fd0c4216800 Exception <a 'java/security/PrivilegedActionException'> (0x000000076b49ba00) thrown at [/HUDSON3/workspace/8-2-build-macosx-x86_64/jdk8u25/1514/hotspot/src/share/vm/prims/jvm.cpp, line 1312]

Events (10 events):
Event: 21.316 loading class javax/swing/JTabbedPane
Event: 21.316 loading class javax/swing/JTabbedPane done
Event: 21.316 loading class net/miginfocom/swing/MigLayout$2
Event: 21.316 loading class net/miginfocom/swing/MigLayout$2 done
Event: 22.201 Executing VM operation: BulkRevokeBias
Event: 22.201 Executing VM operation: BulkRevokeBias done
Event: 22.235 Executing VM operation: BulkRevokeBias
Event: 22.235 Executing VM operation: BulkRevokeBias done
Event: 23.884 Executing VM operation: ParallelGCFailedAllocation
Event: 23.906 Executing VM operation: ParallelGCFailedAllocation done


Dynamic libraries:
0x0000000004aca000 	/System/Library/Frameworks/Cocoa.framework/Versions/A/Cocoa
0x0000000004aca000 	/System/Library/Frameworks/Security.framework/Versions/A/Security
0x0000000004aca000 	/System/Library/Frameworks/ApplicationServices.framework/Versions/A/ApplicationServices
0x0000000004aca000 	/usr/lib/libz.1.dylib
0x0000000004aca000 	/usr/lib/libSystem.B.dylib
0x0000000004aca000 	/usr/lib/libobjc.A.dylib
0x0000000004aca000 	/System/Library/Frameworks/CoreFoundation.framework/Versions/A/CoreFoundation
0x0000000004aca000 	/System/Library/Frameworks/Foundation.framework/Versions/C/Foundation
0x0000000004aca000 	/System/Library/Frameworks/AppKit.framework/Versions/C/AppKit
0x0000000004aca000 	/System/Library/Frameworks/CoreData.framework/Versions/A/CoreData
0x0000000004aca000 	/System/Library/PrivateFrameworks/RemoteViewServices.framework/Versions/A/RemoteViewServices
0x0000000004aca000 	/System/Library/PrivateFrameworks/UIFoundation.framework/Versions/A/UIFoundation
0x0000000004aca000 	/System/Library/Frameworks/IOSurface.framework/Versions/A/IOSurface
0x0000000004aca000 	/System/Library/Frameworks/AudioToolbox.framework/Versions/A/AudioToolbox
0x0000000004aca000 	/System/Library/Frameworks/AudioUnit.framework/Versions/A/AudioUnit
0x0000000004aca000 	/System/Library/PrivateFrameworks/DataDetectorsCore.framework/Versions/A/DataDetectorsCore
0x0000000004aca000 	/System/Library/PrivateFrameworks/DesktopServicesPriv.framework/Versions/A/DesktopServicesPriv
0x0000000004aca000 	/System/Library/Frameworks/Carbon.framework/Versions/A/Frameworks/HIToolbox.framework/Versions/A/HIToolbox
0x0000000004aca000 	/System/Library/Frameworks/QuartzCore.framework/Versions/A/QuartzCore
0x0000000004aca000 	/System/Library/Frameworks/Carbon.framework/Versions/A/Frameworks/SpeechRecognition.framework/Versions/A/SpeechRecognition
0x0000000004aca000 	/usr/lib/libauto.dylib
0x0000000004aca000 	/usr/lib/libicucore.A.dylib
0x0000000004aca000 	/usr/lib/libxml2.2.dylib
0x0000000004aca000 	/System/Library/PrivateFrameworks/CoreUI.framework/Versions/A/CoreUI
0x0000000004aca000 	/System/Library/Frameworks/CoreAudio.framework/Versions/A/CoreAudio
0x0000000004aca000 	/System/Library/Frameworks/DiskArbitration.framework/Versions/A/DiskArbitration
0x0000000004aca000 	/usr/lib/liblangid.dylib
0x0000000004aca000 	/System/Library/PrivateFrameworks/MultitouchSupport.framework/Versions/A/MultitouchSupport
0x0000000004aca000 	/System/Library/Frameworks/IOKit.framework/Versions/A/IOKit
0x0000000004aca000 	/usr/lib/libDiagnosticMessagesClient.dylib
0x0000000004aca000 	/System/Library/Frameworks/CoreServices.framework/Versions/A/CoreServices
0x0000000004aca000 	/System/Library/PrivateFrameworks/PerformanceAnalysis.framework/Versions/A/PerformanceAnalysis
0x0000000004aca000 	/System/Library/PrivateFrameworks/GenerationalStorage.framework/Versions/A/GenerationalStorage
0x0000000004aca000 	/System/Library/Frameworks/OpenGL.framework/Versions/A/OpenGL
0x0000000004aca000 	/System/Library/PrivateFrameworks/Sharing.framework/Versions/A/Sharing
0x0000000004aca000 	/System/Library/Frameworks/CoreGraphics.framework/Versions/A/CoreGraphics
0x0000000004aca000 	/System/Library/Frameworks/CoreText.framework/Versions/A/CoreText
0x0000000004aca000 	/System/Library/Frameworks/ImageIO.framework/Versions/A/ImageIO
0x0000000004aca000 	/usr/lib/libextension.dylib
0x0000000004aca000 	/System/Library/PrivateFrameworks/Backup.framework/Versions/A/Backup
0x0000000004aca000 	/usr/lib/libarchive.2.dylib
0x0000000004aca000 	/System/Library/Frameworks/CFNetwork.framework/Versions/A/CFNetwork
0x0000000004aca000 	/System/Library/Frameworks/SystemConfiguration.framework/Versions/A/SystemConfiguration
0x0000000004aca000 	/usr/lib/libCRFSuite.dylib
0x0000000004aca000 	/usr/lib/libc++.1.dylib
0x0000000004aca000 	/usr/lib/libc++abi.dylib
0x0000000004aca000 	/usr/lib/system/libcache.dylib
0x0000000004aca000 	/usr/lib/system/libcommonCrypto.dylib
0x0000000004aca000 	/usr/lib/system/libcompiler_rt.dylib
0x0000000004aca000 	/usr/lib/system/libcopyfile.dylib
0x0000000004aca000 	/usr/lib/system/libcorecrypto.dylib
0x0000000004aca000 	/usr/lib/system/libdispatch.dylib
0x0000000004aca000 	/usr/lib/system/libdyld.dylib
0x0000000004aca000 	/usr/lib/system/libkeymgr.dylib
0x0000000004aca000 	/usr/lib/system/liblaunch.dylib
0x0000000004aca000 	/usr/lib/system/libmacho.dylib
0x0000000004aca000 	/usr/lib/system/libquarantine.dylib
0x0000000004aca000 	/usr/lib/system/libremovefile.dylib
0x0000000004aca000 	/usr/lib/system/libsystem_asl.dylib
0x0000000004aca000 	/usr/lib/system/libsystem_blocks.dylib
0x0000000004aca000 	/usr/lib/system/libsystem_c.dylib
0x0000000004aca000 	/usr/lib/system/libsystem_configuration.dylib
0x0000000004aca000 	/usr/lib/system/libsystem_coreservices.dylib
0x0000000004aca000 	/usr/lib/system/libsystem_coretls.dylib
0x0000000004aca000 	/usr/lib/system/libsystem_dnssd.dylib
0x0000000004aca000 	/usr/lib/system/libsystem_info.dylib
0x0000000004aca000 	/usr/lib/system/libsystem_kernel.dylib
0x0000000004aca000 	/usr/lib/system/libsystem_m.dylib
0x0000000004aca000 	/usr/lib/system/libsystem_malloc.dylib
0x0000000004aca000 	/usr/lib/system/libsystem_network.dylib
0x0000000004aca000 	/usr/lib/system/libsystem_networkextension.dylib
0x0000000004aca000 	/usr/lib/system/libsystem_notify.dylib
0x0000000004aca000 	/usr/lib/system/libsystem_platform.dylib
0x0000000004aca000 	/usr/lib/system/libsystem_pthread.dylib
0x0000000004aca000 	/usr/lib/system/libsystem_sandbox.dylib
0x0000000004aca000 	/usr/lib/system/libsystem_secinit.dylib
0x0000000004aca000 	/usr/lib/system/libsystem_stats.dylib
0x0000000004aca000 	/usr/lib/system/libsystem_trace.dylib
0x0000000004aca000 	/usr/lib/system/libunc.dylib
0x0000000004aca000 	/usr/lib/system/libunwind.dylib
0x0000000004aca000 	/usr/lib/system/libxpc.dylib
0x0000000004aca000 	/usr/lib/libbz2.1.0.dylib
0x0000000004aca000 	/usr/lib/liblzma.5.dylib
0x0000000004aca000 	/usr/lib/libbsm.0.dylib
0x0000000004aca000 	/usr/lib/libsqlite3.dylib
0x0000000004aca000 	/usr/lib/system/libkxld.dylib
0x0000000004aca000 	/usr/lib/libxar.1.dylib
0x0000000004aca000 	/usr/lib/libpam.2.dylib
0x0000000004aca000 	/usr/lib/libOpenScriptingUtil.dylib
0x0000000004aca000 	/System/Library/Frameworks/CoreServices.framework/Versions/A/Frameworks/FSEvents.framework/Versions/A/FSEvents
0x0000000004aca000 	/System/Library/Frameworks/CoreServices.framework/Versions/A/Frameworks/CarbonCore.framework/Versions/A/CarbonCore
0x0000000004aca000 	/System/Library/Frameworks/CoreServices.framework/Versions/A/Frameworks/Metadata.framework/Versions/A/Metadata
0x0000000004aca000 	/System/Library/Frameworks/CoreServices.framework/Versions/A/Frameworks/OSServices.framework/Versions/A/OSServices
0x0000000004aca000 	/System/Library/Frameworks/CoreServices.framework/Versions/A/Frameworks/SearchKit.framework/Versions/A/SearchKit
0x0000000004aca000 	/System/Library/Frameworks/CoreServices.framework/Versions/A/Frameworks/AE.framework/Versions/A/AE
0x0000000004aca000 	/System/Library/Frameworks/CoreServices.framework/Versions/A/Frameworks/LaunchServices.framework/Versions/A/LaunchServices
0x0000000004aca000 	/System/Library/Frameworks/CoreServices.framework/Versions/A/Frameworks/DictionaryServices.framework/Versions/A/DictionaryServices
0x0000000004aca000 	/System/Library/Frameworks/NetFS.framework/Versions/A/NetFS
0x0000000004aca000 	/System/Library/PrivateFrameworks/NetAuth.framework/Versions/A/NetAuth
0x0000000004aca000 	/System/Library/PrivateFrameworks/login.framework/Versions/A/Frameworks/loginsupport.framework/Versions/A/loginsupport
0x0000000004aca000 	/System/Library/PrivateFrameworks/TCC.framework/Versions/A/TCC
0x0000000004aca000 	/usr/lib/libmecabra.dylib
0x0000000004aca000 	/System/Library/Frameworks/ApplicationServices.framework/Versions/A/Frameworks/ATS.framework/Versions/A/ATS
0x0000000004aca000 	/System/Library/Frameworks/ApplicationServices.framework/Versions/A/Frameworks/ColorSync.framework/Versions/A/ColorSync
0x0000000004aca000 	/System/Library/Frameworks/ApplicationServices.framework/Versions/A/Frameworks/HIServices.framework/Versions/A/HIServices
0x0000000004aca000 	/System/Library/Frameworks/ApplicationServices.framework/Versions/A/Frameworks/LangAnalysis.framework/Versions/A/LangAnalysis
0x0000000004aca000 	/System/Library/Frameworks/ApplicationServices.framework/Versions/A/Frameworks/PrintCore.framework/Versions/A/PrintCore
0x0000000004aca000 	/System/Library/Frameworks/ApplicationServices.framework/Versions/A/Frameworks/QD.framework/Versions/A/QD
0x0000000004aca000 	/System/Library/Frameworks/ApplicationServices.framework/Versions/A/Frameworks/SpeechSynthesis.framework/Versions/A/SpeechSynthesis
0x0000000004aca000 	/System/Library/Frameworks/Accelerate.framework/Versions/A/Accelerate
0x0000000004aca000 	/System/Library/Frameworks/Accelerate.framework/Versions/A/Frameworks/vImage.framework/Versions/A/vImage
0x0000000004aca000 	/System/Library/Frameworks/Accelerate.framework/Versions/A/Frameworks/vecLib.framework/Versions/A/vecLib
0x0000000004aca000 	/System/Library/Frameworks/Accelerate.framework/Versions/A/Frameworks/vecLib.framework/Versions/A/libvDSP.dylib
0x0000000004aca000 	/System/Library/Frameworks/Accelerate.framework/Versions/A/Frameworks/vecLib.framework/Versions/A/libvMisc.dylib
0x0000000004aca000 	/System/Library/Frameworks/Accelerate.framework/Versions/A/Frameworks/vecLib.framework/Versions/A/libLAPACK.dylib
0x0000000004aca000 	/System/Library/Frameworks/Accelerate.framework/Versions/A/Frameworks/vecLib.framework/Versions/A/libBLAS.dylib
0x0000000004aca000 	/System/Library/Frameworks/Accelerate.framework/Versions/A/Frameworks/vecLib.framework/Versions/A/libLinearAlgebra.dylib
0x0000000004aca000 	/System/Library/Frameworks/ApplicationServices.framework/Versions/A/Frameworks/ATS.framework/Versions/A/Resources/libFontParser.dylib
0x0000000004aca000 	/System/Library/Frameworks/ApplicationServices.framework/Versions/A/Frameworks/ATS.framework/Versions/A/Resources/libFontRegistry.dylib
0x0000000004aca000 	/System/Library/PrivateFrameworks/AppleVPA.framework/Versions/A/AppleVPA
0x0000000004aca000 	/System/Library/PrivateFrameworks/AppleJPEG.framework/Versions/A/AppleJPEG
0x0000000004aca000 	/System/Library/Frameworks/ImageIO.framework/Versions/A/Resources/libJPEG.dylib
0x0000000004aca000 	/System/Library/Frameworks/ImageIO.framework/Versions/A/Resources/libTIFF.dylib
0x0000000004aca000 	/System/Library/Frameworks/ImageIO.framework/Versions/A/Resources/libPng.dylib
0x0000000004aca000 	/System/Library/Frameworks/ImageIO.framework/Versions/A/Resources/libGIF.dylib
0x0000000004aca000 	/System/Library/Frameworks/ImageIO.framework/Versions/A/Resources/libJP2.dylib
0x0000000004aca000 	/System/Library/Frameworks/ImageIO.framework/Versions/A/Resources/libRadiance.dylib
0x0000000004aca000 	/System/Library/Frameworks/CoreVideo.framework/Versions/A/CoreVideo
0x0000000004aca000 	/System/Library/Frameworks/OpenGL.framework/Versions/A/Libraries/libGLU.dylib
0x0000000004aca000 	/System/Library/Frameworks/OpenGL.framework/Versions/A/Libraries/libGFXShared.dylib
0x0000000004aca000 	/System/Library/Frameworks/OpenGL.framework/Versions/A/Libraries/libGL.dylib
0x0000000004aca000 	/System/Library/Frameworks/OpenGL.framework/Versions/A/Libraries/libGLImage.dylib
0x0000000004aca000 	/System/Library/Frameworks/OpenGL.framework/Versions/A/Libraries/libCVMSPluginSupport.dylib
0x0000000004aca000 	/System/Library/Frameworks/OpenGL.framework/Versions/A/Libraries/libCoreVMClient.dylib
0x0000000004aca000 	/usr/lib/libcups.2.dylib
0x0000000004aca000 	/System/Library/Frameworks/Kerberos.framework/Versions/A/Kerberos
0x0000000004aca000 	/System/Library/Frameworks/GSS.framework/Versions/A/GSS
0x0000000004aca000 	/usr/lib/libresolv.9.dylib
0x0000000004aca000 	/usr/lib/libiconv.2.dylib
0x0000000004aca000 	/System/Library/PrivateFrameworks/Heimdal.framework/Versions/A/Heimdal
0x0000000004aca000 	/usr/lib/libheimdal-asn1.dylib
0x0000000004aca000 	/System/Library/Frameworks/OpenDirectory.framework/Versions/A/OpenDirectory
0x0000000004aca000 	/System/Library/PrivateFrameworks/CommonAuth.framework/Versions/A/CommonAuth
0x0000000004aca000 	/System/Library/Frameworks/OpenDirectory.framework/Versions/A/Frameworks/CFOpenDirectory.framework/Versions/A/CFOpenDirectory
0x0000000004aca000 	/System/Library/Frameworks/SecurityFoundation.framework/Versions/A/SecurityFoundation
0x0000000004aca000 	/System/Library/PrivateFrameworks/LanguageModeling.framework/Versions/A/LanguageModeling
0x0000000004aca000 	/usr/lib/libcmph.dylib
0x0000000004aca000 	/System/Library/Frameworks/ServiceManagement.framework/Versions/A/ServiceManagement
0x0000000004aca000 	/usr/lib/libxslt.1.dylib
0x0000000004aca000 	/System/Library/Frameworks/Carbon.framework/Versions/A/Frameworks/Ink.framework/Versions/A/Ink
0x0000000004aca000 	/System/Library/Frameworks/QuartzCore.framework/Versions/A/Frameworks/CoreImage.framework/Versions/A/CoreImage
0x0000000004aca000 	/System/Library/PrivateFrameworks/CrashReporterSupport.framework/Versions/A/CrashReporterSupport
0x0000000004aca000 	/System/Library/Frameworks/OpenCL.framework/Versions/A/OpenCL
0x0000000004aca000 	/System/Library/PrivateFrameworks/FaceCore.framework/Versions/A/FaceCore
0x0000000004aca000 	/System/Library/PrivateFrameworks/Ubiquity.framework/Versions/A/Ubiquity
0x0000000004aca000 	/System/Library/PrivateFrameworks/IconServices.framework/Versions/A/IconServices
0x0000000004aca000 	/System/Library/PrivateFrameworks/ChunkingLibrary.framework/Versions/A/ChunkingLibrary
0x0000000004aca000 	/System/Library/PrivateFrameworks/Apple80211.framework/Versions/A/Apple80211
0x0000000004aca000 	/System/Library/Frameworks/CoreWLAN.framework/Versions/A/CoreWLAN
0x0000000004aca000 	/System/Library/Frameworks/IOBluetooth.framework/Versions/A/IOBluetooth
0x0000000004aca000 	/System/Library/PrivateFrameworks/CoreWiFi.framework/Versions/A/CoreWiFi
0x0000000004aca000 	/System/Library/Frameworks/CoreBluetooth.framework/Versions/A/CoreBluetooth
0x0000000004aca000 	/System/Library/PrivateFrameworks/DebugSymbols.framework/Versions/A/DebugSymbols
0x0000000004aca000 	/System/Library/PrivateFrameworks/CoreSymbolication.framework/Versions/A/CoreSymbolication
0x0000000004aca000 	/System/Library/PrivateFrameworks/Symbolication.framework/Versions/A/Symbolication
0x0000000004aca000 	/System/Library/PrivateFrameworks/SpeechRecognitionCore.framework/Versions/A/SpeechRecognitionCore
0x0000000102e00000 	/Library/Java/JavaVirtualMachines/jdk1.8.0_25.jdk/Contents/Home/jre/lib/server/libjvm.dylib
0x0000000004aca000 	/usr/lib/libstdc++.6.dylib
0x0000000101dcd000 	/Library/Java/JavaVirtualMachines/jdk1.8.0_25.jdk/Contents/Home/jre/lib/libverify.dylib
0x0000000103e1f000 	/Library/Java/JavaVirtualMachines/jdk1.8.0_25.jdk/Contents/Home/jre/lib/libjava.dylib
0x0000000101de5000 	/Library/Java/JavaVirtualMachines/jdk1.8.0_25.jdk/Contents/Home/jre/lib/libzip.dylib
0x000000011fa26000 	/System/Library/Frameworks/JavaVM.framework/Frameworks/JavaRuntimeSupport.framework/JavaRuntimeSupport
0x000000011fa3e000 	/System/Library/Frameworks/JavaVM.framework/Versions/A/Frameworks/JavaNativeFoundation.framework/Versions/A/JavaNativeFoundation
0x0000000101def000 	/System/Library/Frameworks/JavaVM.framework/Versions/A/JavaVM
0x0000000004aca000 	/System/Library/Frameworks/Carbon.framework/Versions/A/Carbon
0x000000011fa53000 	/System/Library/PrivateFrameworks/JavaLaunching.framework/Versions/A/JavaLaunching
0x0000000004aca000 	/System/Library/Frameworks/Carbon.framework/Versions/A/Frameworks/CommonPanels.framework/Versions/A/CommonPanels
0x0000000004aca000 	/System/Library/Frameworks/Carbon.framework/Versions/A/Frameworks/Help.framework/Versions/A/Help
0x0000000004aca000 	/System/Library/Frameworks/Carbon.framework/Versions/A/Frameworks/ImageCapture.framework/Versions/A/ImageCapture
0x0000000004aca000 	/System/Library/Frameworks/Carbon.framework/Versions/A/Frameworks/OpenScripting.framework/Versions/A/OpenScripting
0x0000000004aca000 	/System/Library/Frameworks/Carbon.framework/Versions/A/Frameworks/Print.framework/Versions/A/Print
0x0000000004aca000 	/System/Library/Frameworks/Carbon.framework/Versions/A/Frameworks/SecurityHI.framework/Versions/A/SecurityHI
0x0000000121a88000 	/Library/Java/JavaVirtualMachines/jdk1.8.0_25.jdk/Contents/Home/jre/lib/libawt.dylib
0x0000000121b37000 	/Library/Java/JavaVirtualMachines/jdk1.8.0_25.jdk/Contents/Home/jre/lib/./libmlib_image.dylib
0x0000000121c03000 	/Library/Java/JavaVirtualMachines/jdk1.8.0_25.jdk/Contents/Home/jre/lib/libawt_lwawt.dylib
0x0000000121cb6000 	/Library/Java/JavaVirtualMachines/jdk1.8.0_25.jdk/Contents/Home/jre/lib/./libosxapp.dylib
0x0000000004aca000 	/System/Library/Frameworks/ExceptionHandling.framework/Versions/A/ExceptionHandling
0x0000000004aca000 	/System/Library/PrivateFrameworks/CoreServicesInternal.framework/Versions/A/CoreServicesInternal
0x0000000004aca000 	/System/Library/PrivateFrameworks/CloudDocs.framework/Versions/A/CloudDocs
0x0000000004aca000 	/System/Library/PrivateFrameworks/CoreDuet.framework/Versions/A/CoreDuet
0x0000000004aca000 	/System/Library/Frameworks/CloudKit.framework/Versions/A/CloudKit
0x0000000004aca000 	/System/Library/PrivateFrameworks/ProtocolBuffer.framework/Versions/A/ProtocolBuffer
0x0000000004aca000 	/System/Library/PrivateFrameworks/CoreDuetDaemonProtocol.framework/Versions/A/CoreDuetDaemonProtocol
0x0000000004aca000 	/System/Library/PrivateFrameworks/CoreDuetDebugLogging.framework/Versions/A/CoreDuetDebugLogging
0x0000000004aca000 	/System/Library/PrivateFrameworks/MMCS.framework/Versions/A/MMCS
0x0000000004aca000 	/System/Library/Frameworks/CoreLocation.framework/Versions/A/CoreLocation
0x0000000004aca000 	/System/Library/PrivateFrameworks/ProtectedCloudStorage.framework/Versions/A/ProtectedCloudStorage
0x0000000004aca000 	/System/Library/PrivateFrameworks/GeoServices.framework/Versions/A/GeoServices
0x0000000004aca000 	/System/Library/Frameworks/CoreGraphics.framework/Versions/A/Resources/libCGCMS.A.dylib
0x0000000004aca000 	/System/Library/Frameworks/CoreGraphics.framework/Versions/A/Resources/libRIP.A.dylib
0x0000000004aca000 	/System/Library/Frameworks/CoreGraphics.framework/Versions/A/Resources/libCGXType.A.dylib
0x0000000004aca000 	/System/Library/Frameworks/OpenCL.framework/Versions/A/Libraries/libcldcpuengine.dylib
0x0000000004aca000 	/System/Library/PrivateFrameworks/DiskImages.framework/Versions/A/DiskImages
0x0000000004aca000 	/System/Library/Frameworks/DiscRecording.framework/Versions/A/DiscRecording
0x0000000004aca000 	/usr/lib/libcsfde.dylib
0x0000000004aca000 	/usr/lib/libcurl.4.dylib
0x0000000004aca000 	/System/Library/PrivateFrameworks/MediaKit.framework/Versions/A/MediaKit
0x0000000004aca000 	/usr/lib/libCoreStorage.dylib
0x0000000004aca000 	/System/Library/PrivateFrameworks/EFILogin.framework/Versions/A/EFILogin
0x0000000004aca000 	/usr/lib/libutil.dylib
0x0000000004aca000 	/System/Library/PrivateFrameworks/FindMyDevice.framework/Versions/A/FindMyDevice
0x0000000004aca000 	/System/Library/Frameworks/LDAP.framework/Versions/A/LDAP
0x0000000004aca000 	/usr/lib/libsasl2.2.dylib
0x0000000004aca000 	/System/Library/PrivateFrameworks/CoreDaemon.framework/Versions/B/CoreDaemon
0x0000000004aca000 	/usr/lib/libcrypto.0.9.8.dylib
0x0000000004aca000 	/System/Library/PrivateFrameworks/AppleSRP.framework/Versions/A/AppleSRP
0x0000000004aca000 	/System/Library/PrivateFrameworks/TrustEvaluationAgent.framework/Versions/A/TrustEvaluationAgent
0x0000000122052000 	cl_kernels
0x0000000124f27000 	/System/Library/Frameworks/OpenCL.framework/Versions/A/Libraries/ImageFormats/unorm8_bgra.dylib
0x0000000122044000 	cl_kernels
0x0000000004aca000 	/System/Library/PrivateFrameworks/FamilyControls.framework/Versions/A/FamilyControls
0x0000000004aca000 	/System/Library/PrivateFrameworks/CommerceKit.framework/Versions/A/Frameworks/CommerceCore.framework/Versions/A/CommerceCore
0x0000000004aca000 	/System/Library/PrivateFrameworks/SystemAdministration.framework/Versions/A/SystemAdministration
0x0000000004aca000 	/System/Library/PrivateFrameworks/AppContainer.framework/Versions/A/AppContainer
0x0000000004aca000 	/System/Library/PrivateFrameworks/SecCodeWrapper.framework/Versions/A/SecCodeWrapper
0x0000000004aca000 	/System/Library/Frameworks/DirectoryService.framework/Versions/A/DirectoryService
0x0000000004aca000 	/System/Library/PrivateFrameworks/LoginUIKit.framework/Versions/A/Frameworks/LoginUICore.framework/Versions/A/LoginUICore
0x0000000004aca000 	/usr/lib/libodfde.dylib
0x0000000126439000 	/Library/Java/JavaVirtualMachines/jdk1.8.0_25.jdk/Contents/Home/jre/lib/libfontmanager.dylib
0x00000001243ad000 	/Library/Java/JavaVirtualMachines/jdk1.8.0_25.jdk/Contents/Home/jre/lib/libosxui.dylib
0x0000000004aca000 	/System/Library/Frameworks/OpenGL.framework/Versions/A/Resources/GLEngine.bundle/GLEngine
0x0000000004aca000 	/System/Library/Frameworks/OpenGL.framework/Versions/A/Libraries/libGLProgrammability.dylib
0x0000000000000000 	/System/Library/Extensions/AppleIntelHD5000GraphicsGLDriver.bundle/Contents/MacOS/AppleIntelHD5000GraphicsGLDriver
0x0000000004aca000 	/System/Library/PrivateFrameworks/IOAccelerator.framework/Versions/A/IOAccelerator
0x0000000004aca000 	/System/Library/PrivateFrameworks/GPUSupport.framework/Versions/A/Libraries/libGPUSupportMercury.dylib
0x0000000004aca000 	/System/Library/Frameworks/OpenGL.framework/Versions/A/Resources/GLRendererFloat.bundle/GLRendererFloat
0x00000001278a3000 	/Library/Java/JavaVirtualMachines/jdk1.8.0_25.jdk/Contents/Home/jre/lib/libnet.dylib
0x00000001278ba000 	/Library/Java/JavaVirtualMachines/jdk1.8.0_25.jdk/Contents/Home/jre/lib/libnio.dylib
0x00000001278cb000 	/private/var/folders/88/by9rmpdj33v0z3ft9n2pmj6w0000gn/T/jogamp_0000/file_cache/jln3853281169639230873/jln869620262536579206/libgluegen-rt.jnilib
0x0000000127ad1000 	/private/var/folders/88/by9rmpdj33v0z3ft9n2pmj6w0000gn/T/jogamp_0000/file_cache/jln3853281169639230873/jln869620262536579206/libnativewindow_awt.jnilib
0x0000000127ad4000 	/Library/Java/JavaVirtualMachines/jdk1.8.0_25.jdk/Contents/Home/jre/lib/libjawt.dylib
0x0000000127bda000 	/private/var/folders/88/by9rmpdj33v0z3ft9n2pmj6w0000gn/T/jogamp_0000/file_cache/jln3853281169639230873/jln869620262536579206/libnativewindow_macosx.jnilib
0x0000000127e7e000 	/private/var/folders/88/by9rmpdj33v0z3ft9n2pmj6w0000gn/T/jogamp_0000/file_cache/jln3853281169639230873/jln869620262536579206/libjogl_desktop.jnilib
0x0000000127f56000 	/private/var/folders/88/by9rmpdj33v0z3ft9n2pmj6w0000gn/T/jogamp_0000/file_cache/jln3853281169639230873/jln869620262536579206/libjogl_mobile.jnilib
0x0000000004aca000 	/System/Library/PrivateFrameworks/Shortcut.framework/Versions/A/Shortcut
0x0000000004aca000 	/System/Library/PrivateFrameworks/HelpData.framework/Versions/A/HelpData
0x0000000004aca000 	/usr/lib/libtidy.A.dylib
0x0000000004aca000 	/System/Library/Frameworks/Accelerate.framework/Versions/A/Frameworks/vImage.framework/Versions/A/Libraries/libCGInterfaces.dylib

VM Arguments:
jvm_args: -Dfile.encoding=UTF-8 
java_command: Main
java_class_path (initial): /Users/chrishawkins/Documents/workspace/Fits3D/bin:/Users/chrishawkins/Documents/workspace/jogamp-all-platforms/jar/gluegen-rt.jar:/Users/chrishawkins/Documents/workspace/jogamp-all-platforms/jar/jogl-all.jar:/Users/chrishawkins/Documents/workspace/Fits3D/commons-compress-1.9.jar:/Users/chrishawkins/Documents/workspace/Fits3D/fits.jar:/Users/chrishawkins/Documents/workspace/Fits3D/commons-math3-3.4.1.jar:/Users/chrishawkins/Documents/workspace/Fits3D/miglayout-4.0-swing.jar
Launcher Type: SUN_STANDARD

Environment Variables:
PATH=/usr/bin:/bin:/usr/sbin:/sbin
SHELL=/bin/bash
DISPLAY=/private/tmp/com.apple.launchd.z0GLMKb34z/org.macosforge.xquartz:0

Signal Handlers:
SIGSEGV: [libjvm.dylib+0x579dc7], sa_mask[0]=11111111011111110111111111111111, sa_flags=SA_ONSTACK|SA_RESTART|SA_SIGINFO
SIGBUS: [libjvm.dylib+0x579dc7], sa_mask[0]=11111111011111110111111111111111, sa_flags=SA_RESTART|SA_SIGINFO
SIGFPE: [libjvm.dylib+0x45b030], sa_mask[0]=11111111011111110111111111111111, sa_flags=SA_RESTART|SA_SIGINFO
SIGPIPE: [libjvm.dylib+0x45b030], sa_mask[0]=11111111011111110111111111111111, sa_flags=SA_RESTART|SA_SIGINFO
SIGXFSZ: [libjvm.dylib+0x45b030], sa_mask[0]=11111111011111110111111111111111, sa_flags=SA_RESTART|SA_SIGINFO
SIGILL: [libjvm.dylib+0x45b030], sa_mask[0]=11111111011111110111111111111111, sa_flags=SA_RESTART|SA_SIGINFO
SIGUSR1: SIG_DFL, sa_mask[0]=00000000000000000000000000000000, sa_flags=none
SIGUSR2: [libjvm.dylib+0x45ab4e], sa_mask[0]=00100000000000000000000000000000, sa_flags=SA_RESTART|SA_SIGINFO
SIGHUP: [libjvm.dylib+0x459121], sa_mask[0]=11111111011111110111111111111111, sa_flags=SA_RESTART|SA_SIGINFO
SIGINT: [libjvm.dylib+0x459121], sa_mask[0]=11111111011111110111111111111111, sa_flags=SA_RESTART|SA_SIGINFO
SIGTERM: [libjvm.dylib+0x459121], sa_mask[0]=11111111011111110111111111111111, sa_flags=SA_RESTART|SA_SIGINFO
SIGQUIT: [libjvm.dylib+0x459121], sa_mask[0]=11111111011111110111111111111111, sa_flags=SA_RESTART|SA_SIGINFO


---------------  S Y S T E M  ---------------

OS:Bsduname:Darwin 14.3.0 Darwin Kernel Version 14.3.0: Mon Mar 23 11:59:05 PDT 2015; root:xnu-2782.20.48~5/RELEASE_X86_64 x86_64
rlimit: STACK 8192k, CORE 0k, NPROC 709, NOFILE 10240, AS infinity
load average:1.86 2.00 2.11

CPU:total 8 (4 cores per cpu, 2 threads per core) family 6 model 70 stepping 1, cmov, cx8, fxsr, mmx, sse, sse2, sse3, ssse3, sse4.1, sse4.2, popcnt, avx, avx2, aes, clmul, erms, lzcnt, ht, tsc, tscinvbit, bmi1, bmi2

Memory: 4k page, physical 16777216k(647400k free)

/proc/meminfo:


vm_info: Java HotSpot(TM) 64-Bit Server VM (25.25-b02) for bsd-amd64 JRE (1.8.0_25-b17), built on Sep 17 2014 16:56:50 by "java_re" with gcc 4.2.1 (Based on Apple Inc. build 5658) (LLVM build 2336.11.00)

time: Tue May 26 23:36:44 2015
elapsed time: 24 seconds (0d 0h 0m 24s)

