#
# A fatal error has been detected by the Java Runtime Environment:
#
#  SIGSEGV (0xb) at pc=0x0000000129f4da90, pid=4530, tid=56327
#
# JRE version: Java(TM) SE Runtime Environment (8.0_25-b17) (build 1.8.0_25-b17)
# Java VM: Java HotSpot(TM) 64-Bit Server VM (25.25-b02 mixed mode bsd-amd64 compressed oops)
# Problematic frame:
# C  [GLEngine+0x15ba90]  gleRunVertexSubmitImmediate+0x22e0
#
# Failed to write core dump. Core dumps have been disabled. To enable core dumping, try "ulimit -c unlimited" before starting Java again
#
# If you would like to submit a bug report, please visit:
#   http://bugreport.sun.com/bugreport/crash.jsp
# The crash happened outside the Java Virtual Machine in native code.
# See problematic frame for where to report the bug.
#

---------------  T H R E A D  ---------------

Current thread (0x00007fa3189bf000):  JavaThread "AWT-EventQueue-0" [_thread_in_native, id=56327, stack(0x000000012b587000,0x000000012b687000)]

siginfo: si_signo: 11 (SIGSEGV), si_code: 1 (SEGV_MAPERR), si_addr: 0x0000000000000000

Registers:
RAX=0x0000000129f4da90, RBX=0x0000000000000006, RCX=0x0000000000000000, RDX=0x0000000129f4e4b8
RSP=0x000000012b6850c0, RBP=0x000000012b685310, RSI=0x0000000000000005, RDI=0x0000000000000027
R8 =0x0000000000845800, R9 =0x00007fa31d034600, R10=0x00007fa3184e7fb0, R11=0x00007fa31d034600
R12=0x0000000000000001, R13=0x0000000000841804, R14=0x00007fa3184e7fb0, R15=0x0000000000000001
RIP=0x0000000129f4da90, EFLAGS=0x0000000000010217, ERR=0x0000000000000004
  TRAPNO=0x000000000000000e

Top of Stack: (sp=0x000000012b6850c0)
0x000000012b6850c0:   00007fff74699070 00007fa318ac1430
0x000000012b6850d0:   000000012b685290 00001234001051a3
0x000000012b6850e0:   00007fa318412400 0000000000000000
0x000000012b6850f0:   000000012b68516c 000000012b685170
0x000000012b685100:   000000012b685174 00007fa3184d8c00
0x000000012b685110:   ffffffffffffffff 0000206000000040
0x000000012b685120:   00007fa3184d8c18 00000000000003e0
0x000000012b685130:   00007fa318aca888 0000000100002001
0x000000012b685140:   0000002000000000 0000000000000000
0x000000012b685150:   00000001352d03e0 00007fa318ac4310
0x000000012b685160:   0000000000000000 0000000000000001
0x000000012b685170:   00407e0000000000 007e7fffffffffe7
0x000000012b685180:   00007fa31d034e10 0002000000000001
0x000000012b685190:   00007fa31d034740 00007fa31d034770
0x000000012b6851a0:   00007fa31d034750 00007fa31d034780
0x000000012b6851b0:   00007fa31d034760 00007fa31d0347a0
0x000000012b6851c0:   0000000000000000 0000000000000000
0x000000012b6851d0:   fffffffe00000002 00007fa318ac4310
0x000000012b6851e0:   000000000000108b 0000000000000001
0x000000012b6851f0:   ffffffff10008010 0000000000000001
0x000000012b685200:   00007fa31d034790 0000000010008010
0x000000012b685210:   7a00000300000000 0000000000000000
0x000000012b685220:   0000043100000000 00007fff838e9dd4
0x000000012b685230:   0000000002116000 0000000000000000
0x000000012b685240:   000000012b6852bc 000000012b6852c0
0x000000012b685250:   000000012b6852c4 00007fa3184e7f18
0x000000012b685260:   0000000000000000 0000000000000000
0x000000012b685270:   0000000000000000 00007fa3184e7f18
0x000000012b685280:   0000000000001fec 00007fa31d034600
0x000000012b685290:   0000000000000000 00007fa31d034600
0x000000012b6852a0:   0000000000000000 0000000136928060
0x000000012b6852b0:   0000000136967de0 0000000000000000 

Instructions: (pc=0x0000000129f4da90)
0x0000000129f4da70:   ba 00 00 80 7f 0f 44 da e9 ad 00 00 00 48 8d 15
0x0000000129f4da80:   34 0a 00 00 48 63 04 82 48 01 d0 4d 89 f2 ff e0
0x0000000129f4da90:   f3 0f 10 01 f3 0f 11 45 80 4d 89 de e9 af 07 00
0x0000000129f4daa0:   00 41 83 fc 04 0f 85 7e 03 00 00 f2 0f 10 01 e9 

Register to memory mapping:

RAX=0x0000000129f4da90: gleRunVertexSubmitImmediate+0x22e0 in /System/Library/Frameworks/OpenGL.framework/Resources/GLEngine.bundle/GLEngine at 0x0000000129df2000
RBX=0x0000000000000006 is an unknown value
RCX=0x0000000000000000 is an unknown value
RDX=0x0000000129f4e4b8: gleRunVertexSubmitImmediate+0x2d08 in /System/Library/Frameworks/OpenGL.framework/Resources/GLEngine.bundle/GLEngine at 0x0000000129df2000
RSP=0x000000012b6850c0 is pointing into the stack for thread: 0x00007fa3189bf000
RBP=0x000000012b685310 is pointing into the stack for thread: 0x00007fa3189bf000
RSI=0x0000000000000005 is an unknown value
RDI=0x0000000000000027 is an unknown value
R8 =0x0000000000845800 is an unknown value
R9 =0x00007fa31d034600 is an unknown value
R10=0x00007fa3184e7fb0 is an unknown value
R11=0x00007fa31d034600 is an unknown value
R12=0x0000000000000001 is an unknown value
R13=0x0000000000841804 is an unknown value
R14=0x00007fa3184e7fb0 is an unknown value
R15=0x0000000000000001 is an unknown value


Stack: [0x000000012b587000,0x000000012b687000],  sp=0x000000012b6850c0,  free space=1016k
Native frames: (J=compiled Java code, j=interpreted, Vv=VM code, C=native code)
C  [GLEngine+0x15ba90]  gleRunVertexSubmitImmediate+0x22e0
C  [GLEngine+0xbb946]  glDrawArrays_GL3Exec+0x28f
C  [libjogl_desktop.jnilib+0x2afe0]  Java_jogamp_opengl_gl4_GL4bcImpl_dispatch_1glDrawArrays1__IIIJ+0x40
j  jogamp.opengl.gl4.GL4bcImpl.dispatch_glDrawArrays1(IIIJ)V+0
j  jogamp.opengl.gl4.GL4bcImpl.glDrawArrays(III)V+45
j  Renderer.display()V+216
j  FrameMaster.display(Lcom/jogamp/opengl/GLAutoDrawable;)V+42
j  jogamp.opengl.GLDrawableHelper.displayImpl(Lcom/jogamp/opengl/GLAutoDrawable;)V+81
j  jogamp.opengl.GLDrawableHelper.display(Lcom/jogamp/opengl/GLAutoDrawable;)V+2
j  com.jogamp.opengl.awt.GLCanvas$11.run()V+118
j  jogamp.opengl.GLDrawableHelper.invokeGLImpl(Lcom/jogamp/opengl/GLDrawable;Lcom/jogamp/opengl/GLContext;Ljava/lang/Runnable;Ljava/lang/Runnable;)V+203
j  jogamp.opengl.GLDrawableHelper.invokeGL(Lcom/jogamp/opengl/GLDrawable;Lcom/jogamp/opengl/GLContext;Ljava/lang/Runnable;Ljava/lang/Runnable;)V+72
j  com.jogamp.opengl.awt.GLCanvas$12.run()V+104
j  java.awt.event.InvocationEvent.dispatch()V+11
j  java.awt.EventQueue.dispatchEventImpl(Ljava/awt/AWTEvent;Ljava/lang/Object;)V+21
j  java.awt.EventQueue.access$400(Ljava/awt/EventQueue;Ljava/awt/AWTEvent;Ljava/lang/Object;)V+3
j  java.awt.EventQueue$3.run()Ljava/lang/Void;+32
j  java.awt.EventQueue$3.run()Ljava/lang/Object;+1
v  ~StubRoutines::call_stub
V  [libjvm.dylib+0x2d4516]
V  [libjvm.dylib+0x32aeb2]
J 839  java.security.AccessController.doPrivileged(Ljava/security/PrivilegedAction;Ljava/security/AccessControlContext;)Ljava/lang/Object; (0 bytes) @ 0x0000000107a528d5 [0x0000000107a52800+0xd5]
j  java.security.ProtectionDomain$1.doIntersectionPrivilege(Ljava/security/PrivilegedAction;Ljava/security/AccessControlContext;Ljava/security/AccessControlContext;)Ljava/lang/Object;+28
j  java.awt.EventQueue.dispatchEvent(Ljava/awt/AWTEvent;)V+46
j  java.awt.EventDispatchThread.pumpOneEventForFilters(I)V+245
j  java.awt.EventDispatchThread.pumpEventsForFilter(ILjava/awt/Conditional;Ljava/awt/EventFilter;)V+35
j  java.awt.EventDispatchThread.pumpEventsForHierarchy(ILjava/awt/Conditional;Ljava/awt/Component;)V+11
j  java.awt.EventDispatchThread.pumpEvents(ILjava/awt/Conditional;)V+4
j  java.awt.EventDispatchThread.pumpEvents(Ljava/awt/Conditional;)V+3
j  java.awt.EventDispatchThread.run()V+9
v  ~StubRoutines::call_stub
V  [libjvm.dylib+0x2d4516]
V  [libjvm.dylib+0x2d4ca4]
V  [libjvm.dylib+0x2d4e50]
V  [libjvm.dylib+0x32583f]
V  [libjvm.dylib+0x535ed9]
V  [libjvm.dylib+0x53761c]
V  [libjvm.dylib+0x45d87e]
C  [libsystem_pthread.dylib+0x3268]  _pthread_body+0x83
C  [libsystem_pthread.dylib+0x31e5]  _pthread_body+0x0
C  [libsystem_pthread.dylib+0x141d]  thread_start+0xd
C  0x0000000000000000

Java frames: (J=compiled Java code, j=interpreted, Vv=VM code)
j  jogamp.opengl.gl4.GL4bcImpl.dispatch_glDrawArrays1(IIIJ)V+0
j  jogamp.opengl.gl4.GL4bcImpl.glDrawArrays(III)V+45
j  Renderer.display()V+216
j  FrameMaster.display(Lcom/jogamp/opengl/GLAutoDrawable;)V+42
j  jogamp.opengl.GLDrawableHelper.displayImpl(Lcom/jogamp/opengl/GLAutoDrawable;)V+81
j  jogamp.opengl.GLDrawableHelper.display(Lcom/jogamp/opengl/GLAutoDrawable;)V+2
j  com.jogamp.opengl.awt.GLCanvas$11.run()V+118
j  jogamp.opengl.GLDrawableHelper.invokeGLImpl(Lcom/jogamp/opengl/GLDrawable;Lcom/jogamp/opengl/GLContext;Ljava/lang/Runnable;Ljava/lang/Runnable;)V+203
j  jogamp.opengl.GLDrawableHelper.invokeGL(Lcom/jogamp/opengl/GLDrawable;Lcom/jogamp/opengl/GLContext;Ljava/lang/Runnable;Ljava/lang/Runnable;)V+72
j  com.jogamp.opengl.awt.GLCanvas$12.run()V+104
j  java.awt.event.InvocationEvent.dispatch()V+11
j  java.awt.EventQueue.dispatchEventImpl(Ljava/awt/AWTEvent;Ljava/lang/Object;)V+21
j  java.awt.EventQueue.access$400(Ljava/awt/EventQueue;Ljava/awt/AWTEvent;Ljava/lang/Object;)V+3
j  java.awt.EventQueue$3.run()Ljava/lang/Void;+32
j  java.awt.EventQueue$3.run()Ljava/lang/Object;+1
v  ~StubRoutines::call_stub
J 839  java.security.AccessController.doPrivileged(Ljava/security/PrivilegedAction;Ljava/security/AccessControlContext;)Ljava/lang/Object; (0 bytes) @ 0x0000000107a52863 [0x0000000107a52800+0x63]
j  java.security.ProtectionDomain$1.doIntersectionPrivilege(Ljava/security/PrivilegedAction;Ljava/security/AccessControlContext;Ljava/security/AccessControlContext;)Ljava/lang/Object;+28
j  java.awt.EventQueue.dispatchEvent(Ljava/awt/AWTEvent;)V+46
j  java.awt.EventDispatchThread.pumpOneEventForFilters(I)V+245
j  java.awt.EventDispatchThread.pumpEventsForFilter(ILjava/awt/Conditional;Ljava/awt/EventFilter;)V+35
j  java.awt.EventDispatchThread.pumpEventsForHierarchy(ILjava/awt/Conditional;Ljava/awt/Component;)V+11
j  java.awt.EventDispatchThread.pumpEvents(ILjava/awt/Conditional;)V+4
j  java.awt.EventDispatchThread.pumpEvents(Ljava/awt/Conditional;)V+3
j  java.awt.EventDispatchThread.run()V+9
v  ~StubRoutines::call_stub

---------------  P R O C E S S  ---------------

Java Threads: ( => current thread )
  0x00007fa319801000 JavaThread "DestroyJavaVM" [_thread_blocked, id=4867, stack(0x000000010565f000,0x000000010575f000)]
  0x00007fa318aa6800 JavaThread "main-FPSAWTAnimator#00-Timer0" [_thread_blocked, id=61971, stack(0x0000000130791000,0x0000000130891000)]
=>0x00007fa3189bf000 JavaThread "AWT-EventQueue-0" [_thread_in_native, id=56327, stack(0x000000012b587000,0x000000012b687000)]
  0x00007fa31a923800 JavaThread "Java2D Disposer" daemon [_thread_blocked, id=55079, stack(0x000000012a891000,0x000000012a991000)]
  0x00007fa3190b9000 JavaThread "Java2D Queue Flusher" daemon [_thread_blocked, id=53007, stack(0x0000000129cf0000,0x0000000129df0000)]
  0x00007fa31b01d000 JavaThread "AWT-Shutdown" [_thread_blocked, id=31251, stack(0x0000000126bc3000,0x0000000126cc3000)]
  0x00007fa31b023800 JavaThread "AWT-AppKit" daemon [_thread_in_native, id=1811, stack(0x00007fff59eb7000,0x00007fff5a6b7000)]
  0x00007fa318899800 JavaThread "Service Thread" daemon [_thread_blocked, id=20739, stack(0x00000001250d9000,0x00000001251d9000)]
  0x00007fa318856000 JavaThread "C1 CompilerThread3" daemon [_thread_blocked, id=20227, stack(0x0000000124fd6000,0x00000001250d6000)]
  0x00007fa318855800 JavaThread "C2 CompilerThread2" daemon [_thread_blocked, id=19715, stack(0x0000000124ed3000,0x0000000124fd3000)]
  0x00007fa31902e000 JavaThread "C2 CompilerThread1" daemon [_thread_blocked, id=19203, stack(0x0000000124dd0000,0x0000000124ed0000)]
  0x00007fa31b00e800 JavaThread "C2 CompilerThread0" daemon [_thread_blocked, id=18691, stack(0x0000000124ccd000,0x0000000124dcd000)]
  0x00007fa319025000 JavaThread "Signal Dispatcher" daemon [_thread_blocked, id=14615, stack(0x0000000124bca000,0x0000000124cca000)]
  0x00007fa31a809000 JavaThread "Finalizer" daemon [_thread_blocked, id=13571, stack(0x00000001231a5000,0x00000001232a5000)]
  0x00007fa31a808000 JavaThread "Reference Handler" daemon [_thread_blocked, id=13059, stack(0x00000001230a2000,0x00000001231a2000)]

Other Threads:
  0x00007fa31a803800 VMThread [stack: 0x0000000122f9f000,0x000000012309f000] [id=12547]
  0x00007fa31880b000 WatcherThread [stack: 0x00000001251dc000,0x00000001252dc000] [id=21251]

VM state:not at safepoint (normal execution)

VM Mutex/Monitor currently owned by a thread: None

Heap:
 PSYoungGen      total 139776K, used 93832K [0x000000076ab00000, 0x0000000773e80000, 0x00000007c0000000)
  eden space 129024K, 72% used [0x000000076ab00000,0x00000007706a20f8,0x0000000772900000)
  from space 10752K, 0% used [0x0000000773380000,0x0000000773380000,0x0000000773e00000)
  to   space 10752K, 0% used [0x0000000772900000,0x0000000772900000,0x0000000773380000)
 ParOldGen       total 2700800K, used 2654165K [0x00000006c0000000, 0x0000000764d80000, 0x000000076ab00000)
  object space 2700800K, 98% used [0x00000006c0000000,0x0000000761ff5758,0x0000000764d80000)
 Metaspace       used 16740K, capacity 16940K, committed 17280K, reserved 1064960K
  class space    used 1809K, capacity 1870K, committed 1920K, reserved 1048576K

Card table byte_map: [0x0000000116adc000,0x00000001172dd000] byte_map_base: 0x00000001134dc000

Marking Bits: (ParMarkBitMap*) 0x000000010709d390
 Begin Bits: [0x000000011804b000, 0x000000011c04b000)
 End Bits:   [0x000000011c04b000, 0x000000012004b000)

Polling page: 0x00000001057a3000

CodeCache: size=245760Kb used=3524Kb max_used=3526Kb free=242235Kb
 bounds [0x000000010771c000, 0x0000000107a9c000, 0x000000011671c000]
 total_blobs=1753 nmethods=927 adapters=741
 compilation: enabled

Compilation events (10 events):
Event: 4.410 Thread 0x00007fa31902e000 nmethod 920 0x0000000107a86410 code [0x0000000107a86580, 0x0000000107a86698]
Event: 4.412 Thread 0x00007fa318856000 nmethod 922% 0x0000000107a874d0 code [0x0000000107a878c0, 0x0000000107a89fb8]
Event: 4.412 Thread 0x00007fa318855800  923 %     4       PointCloud::loadFloatBuffers @ 89 (456 bytes)
Event: 4.420 Thread 0x00007fa318855800 nmethod 923% 0x0000000107a842d0 code [0x0000000107a844a0, 0x0000000107a84cd8]
Event: 4.420 Thread 0x00007fa31b00e800  924       4       PointCloud::loadFloatBuffers (456 bytes)
Event: 4.434 Thread 0x00007fa31b00e800 nmethod 924 0x0000000107a8d710 code [0x0000000107a8d9a0, 0x0000000107a8e9a0]
Event: 4.434 Thread 0x00007fa31902e000  925 %     4       PointCloud::loadFloatBuffers @ 89 (456 bytes)
Event: 4.448 Thread 0x00007fa31902e000 nmethod 925% 0x0000000107a8f890 code [0x0000000107a8fb20, 0x0000000107a90870]
Event: 5.287 Thread 0x00007fa318856000  927       3       java.nio.Buffer::hasRemaining (17 bytes)
Event: 5.287 Thread 0x00007fa318856000 nmethod 927 0x0000000107a86e10 code [0x0000000107a86f80, 0x0000000107a87130]

GC Heap History (10 events):
Event: 2.902 GC heap before
{Heap before GC invocations=2 (full 0):
 PSYoungGen      total 76288K, used 76269K [0x000000076ab00000, 0x0000000770000000, 0x00000007c0000000)
  eden space 65536K, 100% used [0x000000076ab00000,0x000000076eb00000,0x000000076eb00000)
  from space 10752K, 99% used [0x000000076eb00000,0x000000076f57b430,0x000000076f580000)
  to   space 10752K, 0% used [0x000000076f580000,0x000000076f580000,0x0000000770000000)
 ParOldGen       total 175104K, used 29076K [0x00000006c0000000, 0x00000006cab00000, 0x000000076ab00000)
  object space 175104K, 16% used [0x00000006c0000000,0x00000006c1c652f8,0x00000006cab00000)
 Metaspace       used 16693K, capacity 16878K, committed 17024K, reserved 1064960K
  class space    used 1807K, capacity 1871K, committed 1920K, reserved 1048576K
Event: 2.938 GC heap after
Heap after GC invocations=2 (full 0):
 PSYoungGen      total 76288K, used 10745K [0x000000076ab00000, 0x0000000774000000, 0x00000007c0000000)
  eden space 65536K, 0% used [0x000000076ab00000,0x000000076ab00000,0x000000076eb00000)
  from space 10752K, 99% used [0x000000076f580000,0x000000076fffe5f0,0x0000000770000000)
  to   space 10752K, 0% used [0x000000076eb00000,0x000000076eb00000,0x000000076f580000)
 ParOldGen       total 175104K, used 98708K [0x00000006c0000000, 0x00000006cab00000, 0x000000076ab00000)
  object space 175104K, 56% used [0x00000006c0000000,0x00000006c60652f8,0x00000006cab00000)
 Metaspace       used 16693K, capacity 16878K, committed 17024K, reserved 1064960K
  class space    used 1807K, capacity 1871K, committed 1920K, reserved 1048576K
}
Event: 2.938 GC heap before
{Heap before GC invocations=3 (full 1):
 PSYoungGen      total 76288K, used 10745K [0x000000076ab00000, 0x0000000774000000, 0x00000007c0000000)
  eden space 65536K, 0% used [0x000000076ab00000,0x000000076ab00000,0x000000076eb00000)
  from space 10752K, 99% used [0x000000076f580000,0x000000076fffe5f0,0x0000000770000000)
  to   space 10752K, 0% used [0x000000076eb00000,0x000000076eb00000,0x000000076f580000)
 ParOldGen       total 175104K, used 98708K [0x00000006c0000000, 0x00000006cab00000, 0x000000076ab00000)
  object space 175104K, 56% used [0x00000006c0000000,0x00000006c60652f8,0x00000006cab00000)
 Metaspace       used 16693K, capacity 16878K, committed 17024K, reserved 1064960K
  class space    used 1807K, capacity 1871K, committed 1920K, reserved 1048576K
Event: 2.981 GC heap after
Heap after GC invocations=3 (full 1):
 PSYoungGen      total 76288K, used 0K [0x000000076ab00000, 0x0000000774000000, 0x00000007c0000000)
  eden space 65536K, 0% used [0x000000076ab00000,0x000000076ab00000,0x000000076eb00000)
  from space 10752K, 0% used [0x000000076f580000,0x000000076f580000,0x0000000770000000)
  to   space 10752K, 0% used [0x000000076eb00000,0x000000076eb00000,0x000000076f580000)
 ParOldGen       total 245248K, used 96960K [0x00000006c0000000, 0x00000006cef80000, 0x000000076ab00000)
  object space 245248K, 39% used [0x00000006c0000000,0x00000006c5eb01c8,0x00000006cef80000)
 Metaspace       used 16691K, capacity 16876K, committed 17024K, reserved 1064960K
  class space    used 1807K, capacity 1870K, committed 1920K, reserved 1048576K
}
Event: 2.990 GC heap before
{Heap before GC invocations=4 (full 1):
 PSYoungGen      total 76288K, used 65536K [0x000000076ab00000, 0x0000000774000000, 0x00000007c0000000)
  eden space 65536K, 100% used [0x000000076ab00000,0x000000076eb00000,0x000000076eb00000)
  from space 10752K, 0% used [0x000000076f580000,0x000000076f580000,0x0000000770000000)
  to   space 10752K, 0% used [0x000000076eb00000,0x000000076eb00000,0x000000076f580000)
 ParOldGen       total 245248K, used 96960K [0x00000006c0000000, 0x00000006cef80000, 0x000000076ab00000)
  object space 245248K, 39% used [0x00000006c0000000,0x00000006c5eb01c8,0x00000006cef80000)
 Metaspace       used 16691K, capacity 16876K, committed 17024K, reserved 1064960K
  class space    used 1807K, capacity 1870K, committed 1920K, reserved 1048576K
Event: 3.017 GC heap after
Heap after GC invocations=4 (full 1):
 PSYoungGen      total 76288K, used 10752K [0x000000076ab00000, 0x0000000773e00000, 0x00000007c0000000)
  eden space 65536K, 0% used [0x000000076ab00000,0x000000076ab00000,0x000000076eb00000)
  from space 10752K, 100% used [0x000000076eb00000,0x000000076f580000,0x000000076f580000)
  to   space 10752K, 0% used [0x0000000773380000,0x0000000773380000,0x0000000773e00000)
 ParOldGen       total 245248K, used 157464K [0x00000006c0000000, 0x00000006cef80000, 0x000000076ab00000)
  object space 245248K, 64% used [0x00000006c0000000,0x00000006c99c61c8,0x00000006cef80000)
 Metaspace       used 16691K, capacity 16876K, committed 17024K, reserved 1064960K
  class space    used 1807K, capacity 1870K, committed 1920K, reserved 1048576K
}
Event: 3.024 GC heap before
{Heap before GC invocations=5 (full 1):
 PSYoungGen      total 76288K, used 76288K [0x000000076ab00000, 0x0000000773e00000, 0x00000007c0000000)
  eden space 65536K, 100% used [0x000000076ab00000,0x000000076eb00000,0x000000076eb00000)
  from space 10752K, 100% used [0x000000076eb00000,0x000000076f580000,0x000000076f580000)
  to   space 10752K, 0% used [0x0000000773380000,0x0000000773380000,0x0000000773e00000)
 ParOldGen       total 245248K, used 157464K [0x00000006c0000000, 0x00000006cef80000, 0x000000076ab00000)
  object space 245248K, 64% used [0x00000006c0000000,0x00000006c99c61c8,0x00000006cef80000)
 Metaspace       used 16691K, capacity 16876K, committed 17024K, reserved 1064960K
  class space    used 1807K, capacity 1870K, committed 1920K, reserved 1048576K
Event: 3.060 GC heap after
Heap after GC invocations=5 (full 1):
 PSYoungGen      total 139776K, used 10752K [0x000000076ab00000, 0x0000000773e80000, 0x00000007c0000000)
  eden space 129024K, 0% used [0x000000076ab00000,0x000000076ab00000,0x0000000772900000)
  from space 10752K, 100% used [0x0000000773380000,0x0000000773e00000,0x0000000773e00000)
  to   space 10752K, 0% used [0x0000000772900000,0x0000000772900000,0x0000000773380000)
 ParOldGen       total 245248K, used 230512K [0x00000006c0000000, 0x00000006cef80000, 0x000000076ab00000)
  object space 245248K, 93% used [0x00000006c0000000,0x00000006ce11c1c8,0x00000006cef80000)
 Metaspace       used 16691K, capacity 16876K, committed 17024K, reserved 1064960K
  class space    used 1807K, capacity 1870K, committed 1920K, reserved 1048576K
}
Event: 3.060 GC heap before
{Heap before GC invocations=6 (full 2):
 PSYoungGen      total 139776K, used 10752K [0x000000076ab00000, 0x0000000773e80000, 0x00000007c0000000)
  eden space 129024K, 0% used [0x000000076ab00000,0x000000076ab00000,0x0000000772900000)
  from space 10752K, 100% used [0x0000000773380000,0x0000000773e00000,0x0000000773e00000)
  to   space 10752K, 0% used [0x0000000772900000,0x0000000772900000,0x0000000773380000)
 ParOldGen       total 245248K, used 230512K [0x00000006c0000000, 0x00000006cef80000, 0x000000076ab00000)
  object space 245248K, 93% used [0x00000006c0000000,0x00000006ce11c1c8,0x00000006cef80000)
 Metaspace       used 16691K, capacity 16876K, committed 17024K, reserved 1064960K
  class space    used 1807K, capacity 1870K, committed 1920K, reserved 1048576K
Event: 3.091 GC heap after
Heap after GC invocations=6 (full 2):
 PSYoungGen      total 139776K, used 0K [0x000000076ab00000, 0x0000000773e80000, 0x00000007c0000000)
  eden space 129024K, 0% used [0x000000076ab00000,0x000000076ab00000,0x0000000772900000)
  from space 10752K, 0% used [0x0000000773380000,0x0000000773380000,0x0000000773e00000)
  to   space 10752K, 0% used [0x0000000772900000,0x0000000772900000,0x0000000773380000)
 ParOldGen       total 400896K, used 226799K [0x00000006c0000000, 0x00000006d8780000, 0x000000076ab00000)
  object space 400896K, 56% used [0x00000006c0000000,0x00000006cdd7bd68,0x00000006d8780000)
 Metaspace       used 16691K, capacity 16876K, committed 17024K, reserved 1064960K
  class space    used 1807K, capacity 1870K, committed 1920K, reserved 1048576K
}

Deoptimization events (2 events):
Event: 1.687 Thread 0x00007fa3189bf000 Uncommon trap: reason=unloaded action=reinterpret pc=0x00000001078f40d8 method=java.lang.CharacterData.of(I)Ljava/lang/CharacterData; @ 96
Event: 4.420 Thread 0x00007fa3189bf000 Uncommon trap: reason=unreached action=reinterpret pc=0x0000000107a84b98 method=PointCloud.loadFloatBuffers()V @ 328

Internal exceptions (10 events):
Event: 2.858 Thread 0x00007fa3189bf000 Exception <a 'java/security/PrivilegedActionException'> (0x000000076cdaaec0) thrown at [/HUDSON3/workspace/8-2-build-macosx-x86_64/jdk8u25/1514/hotspot/src/share/vm/prims/jvm.cpp, line 1312]
Event: 2.858 Thread 0x00007fa3189bf000 Exception <a 'java/security/PrivilegedActionException'> (0x000000076cdaeca8) thrown at [/HUDSON3/workspace/8-2-build-macosx-x86_64/jdk8u25/1514/hotspot/src/share/vm/prims/jvm.cpp, line 1312]
Event: 2.858 Thread 0x00007fa3189bf000 Exception <a 'java/security/PrivilegedActionException'> (0x000000076cdb35c8) thrown at [/HUDSON3/workspace/8-2-build-macosx-x86_64/jdk8u25/1514/hotspot/src/share/vm/prims/jvm.cpp, line 1312]
Event: 2.859 Thread 0x00007fa3189bf000 Exception <a 'java/security/PrivilegedActionException'> (0x000000076cdb7400) thrown at [/HUDSON3/workspace/8-2-build-macosx-x86_64/jdk8u25/1514/hotspot/src/share/vm/prims/jvm.cpp, line 1312]
Event: 2.859 Thread 0x00007fa3189bf000 Exception <a 'java/security/PrivilegedActionException'> (0x000000076cdcbc48) thrown at [/HUDSON3/workspace/8-2-build-macosx-x86_64/jdk8u25/1514/hotspot/src/share/vm/prims/jvm.cpp, line 1312]
Event: 2.895 Thread 0x00007fa31a809000 Exception <a 'java/lang/NullPointerException'> (0x000000076b0ca2c0) thrown at [/HUDSON3/workspace/8-2-build-macosx-x86_64/jdk8u25/1514/hotspot/src/share/vm/interpreter/linkResolver.cpp, line 1178]
Event: 5.151 Thread 0x00007fa3189bf000 Exception <a 'java/security/PrivilegedActionException'> (0x000000076dabe210) thrown at [/HUDSON3/workspace/8-2-build-macosx-x86_64/jdk8u25/1514/hotspot/src/share/vm/prims/jvm.cpp, line 1312]
Event: 5.287 Thread 0x00007fa3189bf000 Exception <a 'java/security/PrivilegedActionException'> (0x000000076dac11f8) thrown at [/HUDSON3/workspace/8-2-build-macosx-x86_64/jdk8u25/1514/hotspot/src/share/vm/prims/jvm.cpp, line 1312]
Event: 5.291 Thread 0x00007fa3189bf000 Exception <a 'java/security/PrivilegedActionException'> (0x000000076dad3a40) thrown at [/HUDSON3/workspace/8-2-build-macosx-x86_64/jdk8u25/1514/hotspot/src/share/vm/prims/jvm.cpp, line 1312]
Event: 5.292 Thread 0x00007fa3189bf000 Exception <a 'java/security/PrivilegedActionException'> (0x000000076dad8b38) thrown at [/HUDSON3/workspace/8-2-build-macosx-x86_64/jdk8u25/1514/hotspot/src/share/vm/prims/jvm.cpp, line 1312]

Events (10 events):
Event: 4.420 Thread 0x00007fa3189bf000 DEOPT PACKING pc=0x0000000107a84b98 sp=0x000000012b6843b0
Event: 4.420 Thread 0x00007fa3189bf000 DEOPT UNPACKING pc=0x0000000107720f69 sp=0x000000012b684338 mode 2
Event: 5.151 loading class Renderer
Event: 5.151 loading class Renderer done
Event: 5.287 loading class ShaderHelper
Event: 5.287 loading class ShaderHelper done
Event: 5.291 loading class com/jogamp/opengl/math/Matrix4
Event: 5.291 loading class com/jogamp/opengl/math/Matrix4 done
Event: 5.292 loading class com/jogamp/opengl/math/VectorUtil
Event: 5.292 loading class com/jogamp/opengl/math/VectorUtil done


Dynamic libraries:
0x00000000021ce000 	/System/Library/Frameworks/Cocoa.framework/Versions/A/Cocoa
0x00000000021ce000 	/System/Library/Frameworks/Security.framework/Versions/A/Security
0x00000000021ce000 	/System/Library/Frameworks/ApplicationServices.framework/Versions/A/ApplicationServices
0x00000000021ce000 	/usr/lib/libz.1.dylib
0x00000000021ce000 	/usr/lib/libSystem.B.dylib
0x00000000021ce000 	/usr/lib/libobjc.A.dylib
0x00000000021ce000 	/System/Library/Frameworks/CoreFoundation.framework/Versions/A/CoreFoundation
0x00000000021ce000 	/System/Library/Frameworks/Foundation.framework/Versions/C/Foundation
0x00000000021ce000 	/System/Library/Frameworks/AppKit.framework/Versions/C/AppKit
0x00000000021ce000 	/System/Library/Frameworks/CoreData.framework/Versions/A/CoreData
0x00000000021ce000 	/System/Library/PrivateFrameworks/RemoteViewServices.framework/Versions/A/RemoteViewServices
0x00000000021ce000 	/System/Library/PrivateFrameworks/UIFoundation.framework/Versions/A/UIFoundation
0x00000000021ce000 	/System/Library/Frameworks/IOSurface.framework/Versions/A/IOSurface
0x00000000021ce000 	/System/Library/Frameworks/AudioToolbox.framework/Versions/A/AudioToolbox
0x00000000021ce000 	/System/Library/Frameworks/AudioUnit.framework/Versions/A/AudioUnit
0x00000000021ce000 	/System/Library/PrivateFrameworks/DataDetectorsCore.framework/Versions/A/DataDetectorsCore
0x00000000021ce000 	/System/Library/PrivateFrameworks/DesktopServicesPriv.framework/Versions/A/DesktopServicesPriv
0x00000000021ce000 	/System/Library/Frameworks/Carbon.framework/Versions/A/Frameworks/HIToolbox.framework/Versions/A/HIToolbox
0x00000000021ce000 	/System/Library/Frameworks/QuartzCore.framework/Versions/A/QuartzCore
0x00000000021ce000 	/System/Library/Frameworks/Carbon.framework/Versions/A/Frameworks/SpeechRecognition.framework/Versions/A/SpeechRecognition
0x00000000021ce000 	/usr/lib/libauto.dylib
0x00000000021ce000 	/usr/lib/libicucore.A.dylib
0x00000000021ce000 	/usr/lib/libxml2.2.dylib
0x00000000021ce000 	/System/Library/PrivateFrameworks/CoreUI.framework/Versions/A/CoreUI
0x00000000021ce000 	/System/Library/Frameworks/CoreAudio.framework/Versions/A/CoreAudio
0x00000000021ce000 	/System/Library/Frameworks/DiskArbitration.framework/Versions/A/DiskArbitration
0x00000000021ce000 	/usr/lib/liblangid.dylib
0x00000000021ce000 	/System/Library/PrivateFrameworks/MultitouchSupport.framework/Versions/A/MultitouchSupport
0x00000000021ce000 	/System/Library/Frameworks/IOKit.framework/Versions/A/IOKit
0x00000000021ce000 	/usr/lib/libDiagnosticMessagesClient.dylib
0x00000000021ce000 	/System/Library/Frameworks/CoreServices.framework/Versions/A/CoreServices
0x00000000021ce000 	/System/Library/PrivateFrameworks/PerformanceAnalysis.framework/Versions/A/PerformanceAnalysis
0x00000000021ce000 	/System/Library/PrivateFrameworks/GenerationalStorage.framework/Versions/A/GenerationalStorage
0x00000000021ce000 	/System/Library/Frameworks/OpenGL.framework/Versions/A/OpenGL
0x00000000021ce000 	/System/Library/PrivateFrameworks/Sharing.framework/Versions/A/Sharing
0x00000000021ce000 	/System/Library/Frameworks/CoreGraphics.framework/Versions/A/CoreGraphics
0x00000000021ce000 	/System/Library/Frameworks/CoreText.framework/Versions/A/CoreText
0x00000000021ce000 	/System/Library/Frameworks/ImageIO.framework/Versions/A/ImageIO
0x00000000021ce000 	/usr/lib/libextension.dylib
0x00000000021ce000 	/System/Library/PrivateFrameworks/Backup.framework/Versions/A/Backup
0x00000000021ce000 	/usr/lib/libarchive.2.dylib
0x00000000021ce000 	/System/Library/Frameworks/CFNetwork.framework/Versions/A/CFNetwork
0x00000000021ce000 	/System/Library/Frameworks/SystemConfiguration.framework/Versions/A/SystemConfiguration
0x00000000021ce000 	/usr/lib/libCRFSuite.dylib
0x00000000021ce000 	/usr/lib/libc++.1.dylib
0x00000000021ce000 	/usr/lib/libc++abi.dylib
0x00000000021ce000 	/usr/lib/system/libcache.dylib
0x00000000021ce000 	/usr/lib/system/libcommonCrypto.dylib
0x00000000021ce000 	/usr/lib/system/libcompiler_rt.dylib
0x00000000021ce000 	/usr/lib/system/libcopyfile.dylib
0x00000000021ce000 	/usr/lib/system/libcorecrypto.dylib
0x00000000021ce000 	/usr/lib/system/libdispatch.dylib
0x00000000021ce000 	/usr/lib/system/libdyld.dylib
0x00000000021ce000 	/usr/lib/system/libkeymgr.dylib
0x00000000021ce000 	/usr/lib/system/liblaunch.dylib
0x00000000021ce000 	/usr/lib/system/libmacho.dylib
0x00000000021ce000 	/usr/lib/system/libquarantine.dylib
0x00000000021ce000 	/usr/lib/system/libremovefile.dylib
0x00000000021ce000 	/usr/lib/system/libsystem_asl.dylib
0x00000000021ce000 	/usr/lib/system/libsystem_blocks.dylib
0x00000000021ce000 	/usr/lib/system/libsystem_c.dylib
0x00000000021ce000 	/usr/lib/system/libsystem_configuration.dylib
0x00000000021ce000 	/usr/lib/system/libsystem_coreservices.dylib
0x00000000021ce000 	/usr/lib/system/libsystem_coretls.dylib
0x00000000021ce000 	/usr/lib/system/libsystem_dnssd.dylib
0x00000000021ce000 	/usr/lib/system/libsystem_info.dylib
0x00000000021ce000 	/usr/lib/system/libsystem_kernel.dylib
0x00000000021ce000 	/usr/lib/system/libsystem_m.dylib
0x00000000021ce000 	/usr/lib/system/libsystem_malloc.dylib
0x00000000021ce000 	/usr/lib/system/libsystem_network.dylib
0x00000000021ce000 	/usr/lib/system/libsystem_networkextension.dylib
0x00000000021ce000 	/usr/lib/system/libsystem_notify.dylib
0x00000000021ce000 	/usr/lib/system/libsystem_platform.dylib
0x00000000021ce000 	/usr/lib/system/libsystem_pthread.dylib
0x00000000021ce000 	/usr/lib/system/libsystem_sandbox.dylib
0x00000000021ce000 	/usr/lib/system/libsystem_secinit.dylib
0x00000000021ce000 	/usr/lib/system/libsystem_stats.dylib
0x00000000021ce000 	/usr/lib/system/libsystem_trace.dylib
0x00000000021ce000 	/usr/lib/system/libunc.dylib
0x00000000021ce000 	/usr/lib/system/libunwind.dylib
0x00000000021ce000 	/usr/lib/system/libxpc.dylib
0x00000000021ce000 	/usr/lib/libbz2.1.0.dylib
0x00000000021ce000 	/usr/lib/liblzma.5.dylib
0x00000000021ce000 	/usr/lib/libbsm.0.dylib
0x00000000021ce000 	/usr/lib/libsqlite3.dylib
0x00000000021ce000 	/usr/lib/system/libkxld.dylib
0x00000000021ce000 	/usr/lib/libxar.1.dylib
0x00000000021ce000 	/usr/lib/libpam.2.dylib
0x00000000021ce000 	/usr/lib/libOpenScriptingUtil.dylib
0x00000000021ce000 	/System/Library/Frameworks/CoreServices.framework/Versions/A/Frameworks/FSEvents.framework/Versions/A/FSEvents
0x00000000021ce000 	/System/Library/Frameworks/CoreServices.framework/Versions/A/Frameworks/CarbonCore.framework/Versions/A/CarbonCore
0x00000000021ce000 	/System/Library/Frameworks/CoreServices.framework/Versions/A/Frameworks/Metadata.framework/Versions/A/Metadata
0x00000000021ce000 	/System/Library/Frameworks/CoreServices.framework/Versions/A/Frameworks/OSServices.framework/Versions/A/OSServices
0x00000000021ce000 	/System/Library/Frameworks/CoreServices.framework/Versions/A/Frameworks/SearchKit.framework/Versions/A/SearchKit
0x00000000021ce000 	/System/Library/Frameworks/CoreServices.framework/Versions/A/Frameworks/AE.framework/Versions/A/AE
0x00000000021ce000 	/System/Library/Frameworks/CoreServices.framework/Versions/A/Frameworks/LaunchServices.framework/Versions/A/LaunchServices
0x00000000021ce000 	/System/Library/Frameworks/CoreServices.framework/Versions/A/Frameworks/DictionaryServices.framework/Versions/A/DictionaryServices
0x00000000021ce000 	/System/Library/Frameworks/NetFS.framework/Versions/A/NetFS
0x00000000021ce000 	/System/Library/PrivateFrameworks/NetAuth.framework/Versions/A/NetAuth
0x00000000021ce000 	/System/Library/PrivateFrameworks/login.framework/Versions/A/Frameworks/loginsupport.framework/Versions/A/loginsupport
0x00000000021ce000 	/System/Library/PrivateFrameworks/TCC.framework/Versions/A/TCC
0x00000000021ce000 	/usr/lib/libmecabra.dylib
0x00000000021ce000 	/System/Library/Frameworks/ApplicationServices.framework/Versions/A/Frameworks/ATS.framework/Versions/A/ATS
0x00000000021ce000 	/System/Library/Frameworks/ApplicationServices.framework/Versions/A/Frameworks/ColorSync.framework/Versions/A/ColorSync
0x00000000021ce000 	/System/Library/Frameworks/ApplicationServices.framework/Versions/A/Frameworks/HIServices.framework/Versions/A/HIServices
0x00000000021ce000 	/System/Library/Frameworks/ApplicationServices.framework/Versions/A/Frameworks/LangAnalysis.framework/Versions/A/LangAnalysis
0x00000000021ce000 	/System/Library/Frameworks/ApplicationServices.framework/Versions/A/Frameworks/PrintCore.framework/Versions/A/PrintCore
0x00000000021ce000 	/System/Library/Frameworks/ApplicationServices.framework/Versions/A/Frameworks/QD.framework/Versions/A/QD
0x00000000021ce000 	/System/Library/Frameworks/ApplicationServices.framework/Versions/A/Frameworks/SpeechSynthesis.framework/Versions/A/SpeechSynthesis
0x00000000021ce000 	/System/Library/Frameworks/Accelerate.framework/Versions/A/Accelerate
0x00000000021ce000 	/System/Library/Frameworks/Accelerate.framework/Versions/A/Frameworks/vImage.framework/Versions/A/vImage
0x00000000021ce000 	/System/Library/Frameworks/Accelerate.framework/Versions/A/Frameworks/vecLib.framework/Versions/A/vecLib
0x00000000021ce000 	/System/Library/Frameworks/Accelerate.framework/Versions/A/Frameworks/vecLib.framework/Versions/A/libvDSP.dylib
0x00000000021ce000 	/System/Library/Frameworks/Accelerate.framework/Versions/A/Frameworks/vecLib.framework/Versions/A/libvMisc.dylib
0x00000000021ce000 	/System/Library/Frameworks/Accelerate.framework/Versions/A/Frameworks/vecLib.framework/Versions/A/libLAPACK.dylib
0x00000000021ce000 	/System/Library/Frameworks/Accelerate.framework/Versions/A/Frameworks/vecLib.framework/Versions/A/libBLAS.dylib
0x00000000021ce000 	/System/Library/Frameworks/Accelerate.framework/Versions/A/Frameworks/vecLib.framework/Versions/A/libLinearAlgebra.dylib
0x00000000021ce000 	/System/Library/Frameworks/ApplicationServices.framework/Versions/A/Frameworks/ATS.framework/Versions/A/Resources/libFontParser.dylib
0x00000000021ce000 	/System/Library/Frameworks/ApplicationServices.framework/Versions/A/Frameworks/ATS.framework/Versions/A/Resources/libFontRegistry.dylib
0x00000000021ce000 	/System/Library/PrivateFrameworks/AppleVPA.framework/Versions/A/AppleVPA
0x00000000021ce000 	/System/Library/PrivateFrameworks/AppleJPEG.framework/Versions/A/AppleJPEG
0x00000000021ce000 	/System/Library/Frameworks/ImageIO.framework/Versions/A/Resources/libJPEG.dylib
0x00000000021ce000 	/System/Library/Frameworks/ImageIO.framework/Versions/A/Resources/libTIFF.dylib
0x00000000021ce000 	/System/Library/Frameworks/ImageIO.framework/Versions/A/Resources/libPng.dylib
0x00000000021ce000 	/System/Library/Frameworks/ImageIO.framework/Versions/A/Resources/libGIF.dylib
0x00000000021ce000 	/System/Library/Frameworks/ImageIO.framework/Versions/A/Resources/libJP2.dylib
0x00000000021ce000 	/System/Library/Frameworks/ImageIO.framework/Versions/A/Resources/libRadiance.dylib
0x00000000021ce000 	/System/Library/Frameworks/CoreVideo.framework/Versions/A/CoreVideo
0x00000000021ce000 	/System/Library/Frameworks/OpenGL.framework/Versions/A/Libraries/libGLU.dylib
0x00000000021ce000 	/System/Library/Frameworks/OpenGL.framework/Versions/A/Libraries/libGFXShared.dylib
0x00000000021ce000 	/System/Library/Frameworks/OpenGL.framework/Versions/A/Libraries/libGL.dylib
0x00000000021ce000 	/System/Library/Frameworks/OpenGL.framework/Versions/A/Libraries/libGLImage.dylib
0x00000000021ce000 	/System/Library/Frameworks/OpenGL.framework/Versions/A/Libraries/libCVMSPluginSupport.dylib
0x00000000021ce000 	/System/Library/Frameworks/OpenGL.framework/Versions/A/Libraries/libCoreVMClient.dylib
0x00000000021ce000 	/usr/lib/libcups.2.dylib
0x00000000021ce000 	/System/Library/Frameworks/Kerberos.framework/Versions/A/Kerberos
0x00000000021ce000 	/System/Library/Frameworks/GSS.framework/Versions/A/GSS
0x00000000021ce000 	/usr/lib/libresolv.9.dylib
0x00000000021ce000 	/usr/lib/libiconv.2.dylib
0x00000000021ce000 	/System/Library/PrivateFrameworks/Heimdal.framework/Versions/A/Heimdal
0x00000000021ce000 	/usr/lib/libheimdal-asn1.dylib
0x00000000021ce000 	/System/Library/Frameworks/OpenDirectory.framework/Versions/A/OpenDirectory
0x00000000021ce000 	/System/Library/PrivateFrameworks/CommonAuth.framework/Versions/A/CommonAuth
0x00000000021ce000 	/System/Library/Frameworks/OpenDirectory.framework/Versions/A/Frameworks/CFOpenDirectory.framework/Versions/A/CFOpenDirectory
0x00000000021ce000 	/System/Library/Frameworks/SecurityFoundation.framework/Versions/A/SecurityFoundation
0x00000000021ce000 	/System/Library/PrivateFrameworks/LanguageModeling.framework/Versions/A/LanguageModeling
0x00000000021ce000 	/usr/lib/libcmph.dylib
0x00000000021ce000 	/System/Library/Frameworks/ServiceManagement.framework/Versions/A/ServiceManagement
0x00000000021ce000 	/usr/lib/libxslt.1.dylib
0x00000000021ce000 	/System/Library/Frameworks/Carbon.framework/Versions/A/Frameworks/Ink.framework/Versions/A/Ink
0x00000000021ce000 	/System/Library/Frameworks/QuartzCore.framework/Versions/A/Frameworks/CoreImage.framework/Versions/A/CoreImage
0x00000000021ce000 	/System/Library/PrivateFrameworks/CrashReporterSupport.framework/Versions/A/CrashReporterSupport
0x00000000021ce000 	/System/Library/Frameworks/OpenCL.framework/Versions/A/OpenCL
0x00000000021ce000 	/System/Library/PrivateFrameworks/FaceCore.framework/Versions/A/FaceCore
0x00000000021ce000 	/System/Library/PrivateFrameworks/Ubiquity.framework/Versions/A/Ubiquity
0x00000000021ce000 	/System/Library/PrivateFrameworks/IconServices.framework/Versions/A/IconServices
0x00000000021ce000 	/System/Library/PrivateFrameworks/ChunkingLibrary.framework/Versions/A/ChunkingLibrary
0x00000000021ce000 	/System/Library/PrivateFrameworks/Apple80211.framework/Versions/A/Apple80211
0x00000000021ce000 	/System/Library/Frameworks/CoreWLAN.framework/Versions/A/CoreWLAN
0x00000000021ce000 	/System/Library/Frameworks/IOBluetooth.framework/Versions/A/IOBluetooth
0x00000000021ce000 	/System/Library/PrivateFrameworks/CoreWiFi.framework/Versions/A/CoreWiFi
0x00000000021ce000 	/System/Library/Frameworks/CoreBluetooth.framework/Versions/A/CoreBluetooth
0x00000000021ce000 	/System/Library/PrivateFrameworks/DebugSymbols.framework/Versions/A/DebugSymbols
0x00000000021ce000 	/System/Library/PrivateFrameworks/CoreSymbolication.framework/Versions/A/CoreSymbolication
0x00000000021ce000 	/System/Library/PrivateFrameworks/Symbolication.framework/Versions/A/Symbolication
0x00000000021ce000 	/System/Library/PrivateFrameworks/SpeechRecognitionCore.framework/Versions/A/SpeechRecognitionCore
0x0000000106800000 	/Library/Java/JavaVirtualMachines/jdk1.8.0_25.jdk/Contents/Home/jre/lib/server/libjvm.dylib
0x00000000021ce000 	/usr/lib/libstdc++.6.dylib
0x0000000105761000 	/Library/Java/JavaVirtualMachines/jdk1.8.0_25.jdk/Contents/Home/jre/lib/libverify.dylib
0x000000010576f000 	/Library/Java/JavaVirtualMachines/jdk1.8.0_25.jdk/Contents/Home/jre/lib/libjava.dylib
0x00000001057ad000 	/Library/Java/JavaVirtualMachines/jdk1.8.0_25.jdk/Contents/Home/jre/lib/libzip.dylib
0x00000001232a7000 	/System/Library/Frameworks/JavaVM.framework/Frameworks/JavaRuntimeSupport.framework/JavaRuntimeSupport
0x00000001232bf000 	/System/Library/Frameworks/JavaVM.framework/Versions/A/Frameworks/JavaNativeFoundation.framework/Versions/A/JavaNativeFoundation
0x00000001232d4000 	/System/Library/Frameworks/JavaVM.framework/Versions/A/JavaVM
0x00000000021ce000 	/System/Library/Frameworks/Carbon.framework/Versions/A/Carbon
0x00000001232e1000 	/System/Library/PrivateFrameworks/JavaLaunching.framework/Versions/A/JavaLaunching
0x00000000021ce000 	/System/Library/Frameworks/Carbon.framework/Versions/A/Frameworks/CommonPanels.framework/Versions/A/CommonPanels
0x00000000021ce000 	/System/Library/Frameworks/Carbon.framework/Versions/A/Frameworks/Help.framework/Versions/A/Help
0x00000000021ce000 	/System/Library/Frameworks/Carbon.framework/Versions/A/Frameworks/ImageCapture.framework/Versions/A/ImageCapture
0x00000000021ce000 	/System/Library/Frameworks/Carbon.framework/Versions/A/Frameworks/OpenScripting.framework/Versions/A/OpenScripting
0x00000000021ce000 	/System/Library/Frameworks/Carbon.framework/Versions/A/Frameworks/Print.framework/Versions/A/Print
0x00000000021ce000 	/System/Library/Frameworks/Carbon.framework/Versions/A/Frameworks/SecurityHI.framework/Versions/A/SecurityHI
0x0000000125342000 	/Library/Java/JavaVirtualMachines/jdk1.8.0_25.jdk/Contents/Home/jre/lib/libawt.dylib
0x00000001253f1000 	/Library/Java/JavaVirtualMachines/jdk1.8.0_25.jdk/Contents/Home/jre/lib/./libmlib_image.dylib
0x00000001254bd000 	/Library/Java/JavaVirtualMachines/jdk1.8.0_25.jdk/Contents/Home/jre/lib/libawt_lwawt.dylib
0x0000000125570000 	/Library/Java/JavaVirtualMachines/jdk1.8.0_25.jdk/Contents/Home/jre/lib/./libosxapp.dylib
0x00000000021ce000 	/System/Library/Frameworks/ExceptionHandling.framework/Versions/A/ExceptionHandling
0x00000000021ce000 	/System/Library/PrivateFrameworks/CoreServicesInternal.framework/Versions/A/CoreServicesInternal
0x00000000021ce000 	/System/Library/PrivateFrameworks/CloudDocs.framework/Versions/A/CloudDocs
0x00000000021ce000 	/System/Library/PrivateFrameworks/CoreDuet.framework/Versions/A/CoreDuet
0x00000000021ce000 	/System/Library/Frameworks/CloudKit.framework/Versions/A/CloudKit
0x00000000021ce000 	/System/Library/PrivateFrameworks/ProtocolBuffer.framework/Versions/A/ProtocolBuffer
0x00000000021ce000 	/System/Library/PrivateFrameworks/CoreDuetDaemonProtocol.framework/Versions/A/CoreDuetDaemonProtocol
0x00000000021ce000 	/System/Library/PrivateFrameworks/CoreDuetDebugLogging.framework/Versions/A/CoreDuetDebugLogging
0x00000000021ce000 	/System/Library/PrivateFrameworks/MMCS.framework/Versions/A/MMCS
0x00000000021ce000 	/System/Library/Frameworks/CoreLocation.framework/Versions/A/CoreLocation
0x00000000021ce000 	/System/Library/PrivateFrameworks/ProtectedCloudStorage.framework/Versions/A/ProtectedCloudStorage
0x00000000021ce000 	/System/Library/PrivateFrameworks/GeoServices.framework/Versions/A/GeoServices
0x0000000126bb3000 	/System/Library/Frameworks/CoreGraphics.framework/Versions/A/Resources/libCGCMS.A.dylib
0x0000000127996000 	/System/Library/Frameworks/CoreGraphics.framework/Versions/A/Resources/libRIP.A.dylib
0x0000000127cdd000 	/System/Library/Frameworks/CoreGraphics.framework/Versions/A/Resources/libCGXType.A.dylib
0x00000000021ce000 	/System/Library/Frameworks/OpenCL.framework/Versions/A/Libraries/libcldcpuengine.dylib
0x00000000021ce000 	/System/Library/PrivateFrameworks/DiskImages.framework/Versions/A/DiskImages
0x00000000021ce000 	/System/Library/Frameworks/DiscRecording.framework/Versions/A/DiscRecording
0x00000000021ce000 	/usr/lib/libcsfde.dylib
0x00000000021ce000 	/usr/lib/libcurl.4.dylib
0x00000000021ce000 	/System/Library/PrivateFrameworks/MediaKit.framework/Versions/A/MediaKit
0x00000000021ce000 	/usr/lib/libCoreStorage.dylib
0x00000000021ce000 	/System/Library/PrivateFrameworks/EFILogin.framework/Versions/A/EFILogin
0x00000000021ce000 	/usr/lib/libutil.dylib
0x00000000021ce000 	/System/Library/PrivateFrameworks/FindMyDevice.framework/Versions/A/FindMyDevice
0x00000000021ce000 	/System/Library/Frameworks/LDAP.framework/Versions/A/LDAP
0x00000000021ce000 	/usr/lib/libsasl2.2.dylib
0x00000000021ce000 	/System/Library/PrivateFrameworks/CoreDaemon.framework/Versions/B/CoreDaemon
0x00000000021ce000 	/usr/lib/libcrypto.0.9.8.dylib
0x00000000021ce000 	/System/Library/PrivateFrameworks/AppleSRP.framework/Versions/A/AppleSRP
0x00000000021ce000 	/System/Library/PrivateFrameworks/TrustEvaluationAgent.framework/Versions/A/TrustEvaluationAgent
0x0000000128750000 	cl_kernels
0x0000000128752000 	/System/Library/Frameworks/OpenCL.framework/Versions/A/Libraries/ImageFormats/unorm8_bgra.dylib
0x0000000128742000 	cl_kernels
0x00000000021ce000 	/System/Library/PrivateFrameworks/FamilyControls.framework/Versions/A/FamilyControls
0x00000000021ce000 	/System/Library/PrivateFrameworks/CommerceKit.framework/Versions/A/Frameworks/CommerceCore.framework/Versions/A/CommerceCore
0x00000000021ce000 	/System/Library/PrivateFrameworks/SystemAdministration.framework/Versions/A/SystemAdministration
0x00000000021ce000 	/System/Library/PrivateFrameworks/AppContainer.framework/Versions/A/AppContainer
0x00000000021ce000 	/System/Library/PrivateFrameworks/SecCodeWrapper.framework/Versions/A/SecCodeWrapper
0x00000000021ce000 	/System/Library/Frameworks/DirectoryService.framework/Versions/A/DirectoryService
0x00000000021ce000 	/System/Library/PrivateFrameworks/LoginUIKit.framework/Versions/A/Frameworks/LoginUICore.framework/Versions/A/LoginUICore
0x00000000021ce000 	/usr/lib/libodfde.dylib
0x0000000129df2000 	/System/Library/Frameworks/OpenGL.framework/Resources/GLEngine.bundle/GLEngine
0x00000000021ce000 	/System/Library/Frameworks/OpenGL.framework/Versions/A/Libraries/libGLProgrammability.dylib
0x0000000000000000 	/System/Library/Extensions/AppleIntelHD5000GraphicsGLDriver.bundle/Contents/MacOS/AppleIntelHD5000GraphicsGLDriver
0x00000000021ce000 	/System/Library/PrivateFrameworks/IOAccelerator.framework/Versions/A/IOAccelerator
0x00000000021ce000 	/System/Library/PrivateFrameworks/GPUSupport.framework/Versions/A/Libraries/libGPUSupportMercury.dylib
0x0000000129fdd000 	/System/Library/Frameworks/OpenGL.framework/Resources//GLRendererFloat.bundle/GLRendererFloat
0x000000012b288000 	/Library/Java/JavaVirtualMachines/jdk1.8.0_25.jdk/Contents/Home/jre/lib/libfontmanager.dylib
0x000000012b2ef000 	/Library/Java/JavaVirtualMachines/jdk1.8.0_25.jdk/Contents/Home/jre/lib/libosxui.dylib
0x000000012b352000 	/Library/Java/JavaVirtualMachines/jdk1.8.0_25.jdk/Contents/Home/jre/lib/libnet.dylib
0x000000012b369000 	/Library/Java/JavaVirtualMachines/jdk1.8.0_25.jdk/Contents/Home/jre/lib/libnio.dylib
0x000000012b37a000 	/private/var/folders/88/by9rmpdj33v0z3ft9n2pmj6w0000gn/T/jogamp_0000/file_cache/jln565773470474800920/jln1959952709251215121/libgluegen-rt.jnilib
0x000000012b580000 	/private/var/folders/88/by9rmpdj33v0z3ft9n2pmj6w0000gn/T/jogamp_0000/file_cache/jln565773470474800920/jln1959952709251215121/libnativewindow_awt.jnilib
0x000000012b583000 	/Library/Java/JavaVirtualMachines/jdk1.8.0_25.jdk/Contents/Home/jre/lib/libjawt.dylib
0x000000012b689000 	/private/var/folders/88/by9rmpdj33v0z3ft9n2pmj6w0000gn/T/jogamp_0000/file_cache/jln565773470474800920/jln1959952709251215121/libnativewindow_macosx.jnilib
0x000000012b92d000 	/private/var/folders/88/by9rmpdj33v0z3ft9n2pmj6w0000gn/T/jogamp_0000/file_cache/jln565773470474800920/jln1959952709251215121/libjogl_desktop.jnilib
0x000000012ba05000 	/private/var/folders/88/by9rmpdj33v0z3ft9n2pmj6w0000gn/T/jogamp_0000/file_cache/jln565773470474800920/jln1959952709251215121/libjogl_mobile.jnilib
0x00000000021ce000 	/System/Library/Frameworks/Accelerate.framework/Versions/A/Frameworks/vImage.framework/Versions/A/Libraries/libCGInterfaces.dylib

VM Arguments:
jvm_args: -Dfile.encoding=UTF-8 
java_command: Main
java_class_path (initial): /Users/chrishawkins/Documents/workspace/Jogl/bin:/Users/chrishawkins/Documents/workspace/jogamp-all-platforms/jar/gluegen-rt.jar:/Users/chrishawkins/Documents/workspace/jogamp-all-platforms/jar/jogl-all.jar:/Users/chrishawkins/Documents/workspace/Jogl/commons-compress-1.9.jar:/Users/chrishawkins/Documents/workspace/Jogl/fits.jar:/Users/chrishawkins/Documents/workspace/Jogl/commons-math3-3.4.1.jar
Launcher Type: SUN_STANDARD

Environment Variables:
PATH=/usr/bin:/bin:/usr/sbin:/sbin
SHELL=/bin/bash
DISPLAY=/private/tmp/com.apple.launchd.88oAiAjVh5/org.macosforge.xquartz:0

Signal Handlers:
SIGSEGV: [libjvm.dylib+0x579dc7], sa_mask[0]=11111111011111110111111111111111, sa_flags=SA_ONSTACK|SA_RESTART|SA_SIGINFO
SIGBUS: [libjvm.dylib+0x579dc7], sa_mask[0]=11111111011111110111111111111111, sa_flags=SA_RESTART|SA_SIGINFO
SIGFPE: [libjvm.dylib+0x45b030], sa_mask[0]=11111111011111110111111111111111, sa_flags=SA_RESTART|SA_SIGINFO
SIGPIPE: [libjvm.dylib+0x45b030], sa_mask[0]=11111111011111110111111111111111, sa_flags=SA_RESTART|SA_SIGINFO
SIGXFSZ: [libjvm.dylib+0x45b030], sa_mask[0]=11111111011111110111111111111111, sa_flags=SA_RESTART|SA_SIGINFO
SIGILL: [libjvm.dylib+0x45b030], sa_mask[0]=11111111011111110111111111111111, sa_flags=SA_RESTART|SA_SIGINFO
SIGUSR1: SIG_DFL, sa_mask[0]=00000000000000000000000000000000, sa_flags=none
SIGUSR2: [libjvm.dylib+0x45ab4e], sa_mask[0]=00100000000000000000000000000000, sa_flags=SA_RESTART|SA_SIGINFO
SIGHUP: [libjvm.dylib+0x459121], sa_mask[0]=11111111011111110111111111111111, sa_flags=SA_RESTART|SA_SIGINFO
SIGINT: [libjvm.dylib+0x459121], sa_mask[0]=11111111011111110111111111111111, sa_flags=SA_RESTART|SA_SIGINFO
SIGTERM: [libjvm.dylib+0x459121], sa_mask[0]=11111111011111110111111111111111, sa_flags=SA_RESTART|SA_SIGINFO
SIGQUIT: [libjvm.dylib+0x459121], sa_mask[0]=11111111011111110111111111111111, sa_flags=SA_RESTART|SA_SIGINFO


---------------  S Y S T E M  ---------------

OS:Bsduname:Darwin 14.3.0 Darwin Kernel Version 14.3.0: Mon Mar 23 11:59:05 PDT 2015; root:xnu-2782.20.48~5/RELEASE_X86_64 x86_64
rlimit: STACK 8192k, CORE 0k, NPROC 709, NOFILE 10240, AS infinity
load average:2.04 2.01 1.89

CPU:total 8 (4 cores per cpu, 2 threads per core) family 6 model 70 stepping 1, cmov, cx8, fxsr, mmx, sse, sse2, sse3, ssse3, sse4.1, sse4.2, popcnt, avx, avx2, aes, clmul, erms, lzcnt, ht, tsc, tscinvbit, bmi1, bmi2

Memory: 4k page, physical 16777216k(880792k free)

/proc/meminfo:


vm_info: Java HotSpot(TM) 64-Bit Server VM (25.25-b02) for bsd-amd64 JRE (1.8.0_25-b17), built on Sep 17 2014 16:56:50 by "java_re" with gcc 4.2.1 (Based on Apple Inc. build 5658) (LLVM build 2336.11.00)

time: Sat Apr 11 18:31:13 2015
elapsed time: 5 seconds (0d 0h 0m 5s)

