#
# A fatal error has been detected by the Java Runtime Environment:
#
#  SIGSEGV (0xb) at pc=0x00007fff8cf7ca90, pid=28688, tid=55859
#
# JRE version: Java(TM) SE Runtime Environment (8.0_25-b17) (build 1.8.0_25-b17)
# Java VM: Java HotSpot(TM) 64-Bit Server VM (25.25-b02 mixed mode bsd-amd64 compressed oops)
# Problematic frame:
# C  [GLEngine+0x15ba90]  gleRunVertexSubmitImmediate+0x22e0
#
# Failed to write core dump. Core dumps have been disabled. To enable core dumping, try "ulimit -c unlimited" before starting Java again
#
# If you would like to submit a bug report, please visit:
#   http://bugreport.sun.com/bugreport/crash.jsp
# The crash happened outside the Java Virtual Machine in native code.
# See problematic frame for where to report the bug.
#

---------------  T H R E A D  ---------------

Current thread (0x00007fcbc212d000):  JavaThread "AWT-EventQueue-0" [_thread_in_native, id=55859, stack(0x0000000130bb1000,0x0000000130cb1000)]

siginfo: si_signo: 11 (SIGSEGV), si_code: 1 (SEGV_MAPERR), si_addr: 0x0000000000000000

Registers:
RAX=0x00007fff8cf7ca90, RBX=0x0000000000000006, RCX=0x0000000000000000, RDX=0x00007fff8cf7d4b8
RSP=0x0000000130caf030, RBP=0x0000000130caf280, RSI=0x0000000000000005, RDI=0x0000000000000027
R8 =0x0000000000845800, R9 =0x00007fcbc6899e00, R10=0x00007fcbc8a13cd0, R11=0x00007fcbc6899e00
R12=0x0000000000000001, R13=0x0000000000841804, R14=0x00007fcbc8a13cd0, R15=0x0000000000000001
RIP=0x00007fff8cf7ca90, EFLAGS=0x0000000000010217, ERR=0x0000000000000004
  TRAPNO=0x000000000000000e

Top of Stack: (sp=0x0000000130caf030)
0x0000000130caf030:   00007fff76348070 00007fcbc2971030
0x0000000130caf040:   0000000130caf200 00001234001051a3
0x0000000130caf050:   00007fcbc8a0ae00 0000000000000000
0x0000000130caf060:   0000000130caf0dc 0000000130caf0e0
0x0000000130caf070:   0000000130caf0e4 00007fcbc8819b30
0x0000000130caf080:   ffffffffffffffff 0000206000000040
0x0000000130caf090:   00007fcbc8819b48 0000000000000460
0x0000000130caf0a0:   00007fcbc297a488 0000000100002001
0x0000000130caf0b0:   0000002000000000 0000000000000000
0x0000000130caf0c0:   0000000137ce1460 00007fcbc2973f10
0x0000000130caf0d0:   0000000000000000 0000000000000001
0x0000000130caf0e0:   00407e0000000000 007e7fffffffffe7
0x0000000130caf0f0:   00007fcbc689a610 0002000000000001
0x0000000130caf100:   00007fcbc6899f40 00007fcbc6899f70
0x0000000130caf110:   00007fcbc6899f50 00007fcbc6899f80
0x0000000130caf120:   00007fcbc6899f60 00007fcbc6899fa0
0x0000000130caf130:   0000000000000000 0000000000000000
0x0000000130caf140:   fffffffe00000002 00007fcbc2973f10
0x0000000130caf150:   000000000000108b 0000000000000001
0x0000000130caf160:   ffffffff10008010 0000000000000001
0x0000000130caf170:   00007fcbc6899f90 0000000010008010
0x0000000130caf180:   7a00000300000000 0000000000000000
0x0000000130caf190:   0000043100000000 00007fff9390ddd4
0x0000000130caf1a0:   0000000002116000 0000000000000000
0x0000000130caf1b0:   0000000130caf22c 0000000130caf230
0x0000000130caf1c0:   0000000130caf234 00007fcbc8a13c38
0x0000000130caf1d0:   0000000000000000 0000000000000000
0x0000000130caf1e0:   0000000000000000 00007fcbc8a13c38
0x0000000130caf1f0:   0000000000000836 00007fcbc6899e00
0x0000000130caf200:   0000000000000000 00007fcbc6899e00
0x0000000130caf210:   0000000000000000 0000000137e31060
0x0000000130caf220:   0000000137e41720 0000000000000000 

Instructions: (pc=0x00007fff8cf7ca90)
0x00007fff8cf7ca70:   ba 00 00 80 7f 0f 44 da e9 ad 00 00 00 48 8d 15
0x00007fff8cf7ca80:   34 0a 00 00 48 63 04 82 48 01 d0 4d 89 f2 ff e0
0x00007fff8cf7ca90:   f3 0f 10 01 f3 0f 11 45 80 4d 89 de e9 af 07 00
0x00007fff8cf7caa0:   00 41 83 fc 04 0f 85 7e 03 00 00 f2 0f 10 01 e9 

Register to memory mapping:

RAX=0x00007fff8cf7ca90: gleRunVertexSubmitImmediate+0x22e0 in /System/Library/Frameworks/OpenGL.framework/Versions/A/Resources/GLEngine.bundle/GLEngine at 0x00007fff8ce21000
RBX=0x0000000000000006 is an unknown value
RCX=0x0000000000000000 is an unknown value
RDX=0x00007fff8cf7d4b8: gleRunVertexSubmitImmediate+0x2d08 in /System/Library/Frameworks/OpenGL.framework/Versions/A/Resources/GLEngine.bundle/GLEngine at 0x00007fff8ce21000
RSP=0x0000000130caf030 is pointing into the stack for thread: 0x00007fcbc212d000
RBP=0x0000000130caf280 is pointing into the stack for thread: 0x00007fcbc212d000
RSI=0x0000000000000005 is an unknown value
RDI=0x0000000000000027 is an unknown value
R8 =0x0000000000845800 is an unknown value
R9 =0x00007fcbc6899e00 is an unknown value
R10=0x00007fcbc8a13cd0 is an unknown value
R11=0x00007fcbc6899e00 is an unknown value
R12=0x0000000000000001 is an unknown value
R13=0x0000000000841804 is an unknown value
R14=0x00007fcbc8a13cd0 is an unknown value
R15=0x0000000000000001 is an unknown value


Stack: [0x0000000130bb1000,0x0000000130cb1000],  sp=0x0000000130caf030,  free space=1016k
Native frames: (J=compiled Java code, j=interpreted, Vv=VM code, C=native code)
C  [GLEngine+0x15ba90]  gleRunVertexSubmitImmediate+0x22e0
C  [GLEngine+0xbb946]  glDrawArrays_GL3Exec+0x28f
C  [libjogl_desktop.jnilib+0x2afe0]  Java_jogamp_opengl_gl4_GL4bcImpl_dispatch_1glDrawArrays1__IIIJ+0x40
j  jogamp.opengl.gl4.GL4bcImpl.dispatch_glDrawArrays1(IIIJ)V+0
j  jogamp.opengl.gl4.GL4bcImpl.glDrawArrays(III)V+45
j  Renderer.display()V+613
j  FrameMaster.display(Lcom/jogamp/opengl/GLAutoDrawable;)V+61
j  jogamp.opengl.GLDrawableHelper.displayImpl(Lcom/jogamp/opengl/GLAutoDrawable;)V+81
j  jogamp.opengl.GLDrawableHelper.display(Lcom/jogamp/opengl/GLAutoDrawable;)V+2
j  com.jogamp.opengl.awt.GLCanvas$11.run()V+118
j  jogamp.opengl.GLDrawableHelper.invokeGLImpl(Lcom/jogamp/opengl/GLDrawable;Lcom/jogamp/opengl/GLContext;Ljava/lang/Runnable;Ljava/lang/Runnable;)V+203
j  jogamp.opengl.GLDrawableHelper.invokeGL(Lcom/jogamp/opengl/GLDrawable;Lcom/jogamp/opengl/GLContext;Ljava/lang/Runnable;Ljava/lang/Runnable;)V+72
j  com.jogamp.opengl.awt.GLCanvas$12.run()V+104
j  java.awt.event.InvocationEvent.dispatch()V+11
j  java.awt.EventQueue.dispatchEventImpl(Ljava/awt/AWTEvent;Ljava/lang/Object;)V+21
j  java.awt.EventQueue.access$400(Ljava/awt/EventQueue;Ljava/awt/AWTEvent;Ljava/lang/Object;)V+3
j  java.awt.EventQueue$3.run()Ljava/lang/Void;+32
j  java.awt.EventQueue$3.run()Ljava/lang/Object;+1
v  ~StubRoutines::call_stub
V  [libjvm.dylib+0x2d4516]  JavaCalls::call_helper(JavaValue*, methodHandle*, JavaCallArguments*, Thread*)+0x6ae
V  [libjvm.dylib+0x32aeb2]  JVM_DoPrivileged+0x4b8
j  java.security.AccessController.doPrivileged(Ljava/security/PrivilegedAction;Ljava/security/AccessControlContext;)Ljava/lang/Object;+0
j  java.security.ProtectionDomain$1.doIntersectionPrivilege(Ljava/security/PrivilegedAction;Ljava/security/AccessControlContext;Ljava/security/AccessControlContext;)Ljava/lang/Object;+28
j  java.awt.EventQueue.dispatchEvent(Ljava/awt/AWTEvent;)V+46
j  java.awt.EventDispatchThread.pumpOneEventForFilters(I)V+245
j  java.awt.EventDispatchThread.pumpEventsForFilter(ILjava/awt/Conditional;Ljava/awt/EventFilter;)V+35
j  java.awt.EventDispatchThread.pumpEventsForHierarchy(ILjava/awt/Conditional;Ljava/awt/Component;)V+11
j  java.awt.EventDispatchThread.pumpEvents(ILjava/awt/Conditional;)V+4
j  java.awt.EventDispatchThread.pumpEvents(Ljava/awt/Conditional;)V+3
j  java.awt.EventDispatchThread.run()V+9
v  ~StubRoutines::call_stub
V  [libjvm.dylib+0x2d4516]  JavaCalls::call_helper(JavaValue*, methodHandle*, JavaCallArguments*, Thread*)+0x6ae
V  [libjvm.dylib+0x2d4ca4]  JavaCalls::call_virtual(JavaValue*, KlassHandle, Symbol*, Symbol*, JavaCallArguments*, Thread*)+0x164
V  [libjvm.dylib+0x2d4e50]  JavaCalls::call_virtual(JavaValue*, Handle, KlassHandle, Symbol*, Symbol*, Thread*)+0x4a
V  [libjvm.dylib+0x32583f]  thread_entry(JavaThread*, Thread*)+0x7c
V  [libjvm.dylib+0x535ed9]  JavaThread::thread_main_inner()+0x9b
V  [libjvm.dylib+0x53761c]  JavaThread::run()+0x1c2
V  [libjvm.dylib+0x45d87e]  java_start(Thread*)+0xf6
C  [libsystem_pthread.dylib+0x3268]  _pthread_body+0x83
C  [libsystem_pthread.dylib+0x31e5]  _pthread_body+0x0
C  [libsystem_pthread.dylib+0x141d]  thread_start+0xd
C  0x0000000000000000

Java frames: (J=compiled Java code, j=interpreted, Vv=VM code)
j  jogamp.opengl.gl4.GL4bcImpl.dispatch_glDrawArrays1(IIIJ)V+0
j  jogamp.opengl.gl4.GL4bcImpl.glDrawArrays(III)V+45
j  Renderer.display()V+613
j  FrameMaster.display(Lcom/jogamp/opengl/GLAutoDrawable;)V+61
j  jogamp.opengl.GLDrawableHelper.displayImpl(Lcom/jogamp/opengl/GLAutoDrawable;)V+81
j  jogamp.opengl.GLDrawableHelper.display(Lcom/jogamp/opengl/GLAutoDrawable;)V+2
j  com.jogamp.opengl.awt.GLCanvas$11.run()V+118
j  jogamp.opengl.GLDrawableHelper.invokeGLImpl(Lcom/jogamp/opengl/GLDrawable;Lcom/jogamp/opengl/GLContext;Ljava/lang/Runnable;Ljava/lang/Runnable;)V+203
j  jogamp.opengl.GLDrawableHelper.invokeGL(Lcom/jogamp/opengl/GLDrawable;Lcom/jogamp/opengl/GLContext;Ljava/lang/Runnable;Ljava/lang/Runnable;)V+72
j  com.jogamp.opengl.awt.GLCanvas$12.run()V+104
j  java.awt.event.InvocationEvent.dispatch()V+11
j  java.awt.EventQueue.dispatchEventImpl(Ljava/awt/AWTEvent;Ljava/lang/Object;)V+21
j  java.awt.EventQueue.access$400(Ljava/awt/EventQueue;Ljava/awt/AWTEvent;Ljava/lang/Object;)V+3
j  java.awt.EventQueue$3.run()Ljava/lang/Void;+32
j  java.awt.EventQueue$3.run()Ljava/lang/Object;+1
v  ~StubRoutines::call_stub
j  java.security.AccessController.doPrivileged(Ljava/security/PrivilegedAction;Ljava/security/AccessControlContext;)Ljava/lang/Object;+0
j  java.security.ProtectionDomain$1.doIntersectionPrivilege(Ljava/security/PrivilegedAction;Ljava/security/AccessControlContext;Ljava/security/AccessControlContext;)Ljava/lang/Object;+28
j  java.awt.EventQueue.dispatchEvent(Ljava/awt/AWTEvent;)V+46
j  java.awt.EventDispatchThread.pumpOneEventForFilters(I)V+245
j  java.awt.EventDispatchThread.pumpEventsForFilter(ILjava/awt/Conditional;Ljava/awt/EventFilter;)V+35
j  java.awt.EventDispatchThread.pumpEventsForHierarchy(ILjava/awt/Conditional;Ljava/awt/Component;)V+11
j  java.awt.EventDispatchThread.pumpEvents(ILjava/awt/Conditional;)V+4
j  java.awt.EventDispatchThread.pumpEvents(Ljava/awt/Conditional;)V+3
j  java.awt.EventDispatchThread.run()V+9
v  ~StubRoutines::call_stub

---------------  P R O C E S S  ---------------

Java Threads: ( => current thread )
  0x00007fcbc48b8000 JavaThread "DestroyJavaVM" [_thread_blocked, id=4867, stack(0x000000010b834000,0x000000010b934000)]
  0x00007fcbc48b7000 JavaThread "main-FPSAWTAnimator#00-Timer0" [_thread_blocked, id=61255, stack(0x00000001366cb000,0x00000001367cb000)]
=>0x00007fcbc212d000 JavaThread "AWT-EventQueue-0" [_thread_in_native, id=55859, stack(0x0000000130bb1000,0x0000000130cb1000)]
  0x00007fcbc4a37000 JavaThread "Java2D Disposer" daemon [_thread_blocked, id=55575, stack(0x000000013076c000,0x000000013086c000)]
  0x00007fcbc494a000 JavaThread "Java2D Queue Flusher" daemon [_thread_blocked, id=52751, stack(0x000000012fdf1000,0x000000012fef1000)]
  0x00007fcbc2008000 JavaThread "AWT-Shutdown" [_thread_blocked, id=30995, stack(0x000000012cef7000,0x000000012cff7000)]
  0x00007fcbc206a000 JavaThread "AWT-AppKit" daemon [_thread_in_native, id=1811, stack(0x00007fff53ce2000,0x00007fff544e2000)]
  0x00007fcbc4859000 JavaThread "Service Thread" daemon [_thread_blocked, id=20739, stack(0x000000012b2ad000,0x000000012b3ad000)]
  0x00007fcbc4015800 JavaThread "C1 CompilerThread3" daemon [_thread_blocked, id=20227, stack(0x000000012b1aa000,0x000000012b2aa000)]
  0x00007fcbc4015000 JavaThread "C2 CompilerThread2" daemon [_thread_blocked, id=19715, stack(0x000000012b0a7000,0x000000012b1a7000)]
  0x00007fcbc2025000 JavaThread "C2 CompilerThread1" daemon [_thread_blocked, id=19203, stack(0x000000012afa4000,0x000000012b0a4000)]
  0x00007fcbc4856000 JavaThread "C2 CompilerThread0" daemon [_thread_blocked, id=18691, stack(0x000000012aea1000,0x000000012afa1000)]
  0x00007fcbc482c000 JavaThread "Signal Dispatcher" daemon [_thread_blocked, id=14615, stack(0x000000012ad9e000,0x000000012ae9e000)]
  0x00007fcbc400b800 JavaThread "Finalizer" daemon [_thread_blocked, id=13571, stack(0x000000012937d000,0x000000012947d000)]
  0x00007fcbc400b000 JavaThread "Reference Handler" daemon [_thread_blocked, id=13059, stack(0x000000012927a000,0x000000012937a000)]

Other Threads:
  0x00007fcbc4006800 VMThread [stack: 0x0000000129177000,0x0000000129277000] [id=12547]
  0x00007fcbc2802000 WatcherThread [stack: 0x000000012b3b0000,0x000000012b4b0000] [id=21251]

VM state:not at safepoint (normal execution)

VM Mutex/Monitor currently owned by a thread: None

Heap:
 PSYoungGen      total 76288K, used 40600K [0x000000076ab00000, 0x0000000770000000, 0x00000007c0000000)
  eden space 65536K, 45% used [0x000000076ab00000,0x000000076c82a590,0x000000076eb00000)
  from space 10752K, 99% used [0x000000076eb00000,0x000000076f57be10,0x000000076f580000)
  to   space 10752K, 0% used [0x000000076f580000,0x000000076f580000,0x0000000770000000)
 ParOldGen       total 175104K, used 8679K [0x00000006c0000000, 0x00000006cab00000, 0x000000076ab00000)
  object space 175104K, 4% used [0x00000006c0000000,0x00000006c0879c28,0x00000006cab00000)
 Metaspace       used 16768K, capacity 16964K, committed 17280K, reserved 1064960K
  class space    used 1822K, capacity 1872K, committed 1920K, reserved 1048576K

Card table byte_map: [0x000000011ccdc000,0x000000011d4dd000] byte_map_base: 0x00000001196dc000

Marking Bits: (ParMarkBitMap*) 0x000000010d29d390
 Begin Bits: [0x000000011e24b000, 0x000000012224b000)
 End Bits:   [0x000000012224b000, 0x000000012624b000)

Polling page: 0x000000010b978000

CodeCache: size=245760Kb used=3657Kb max_used=3657Kb free=242102Kb
 bounds [0x000000010d91c000, 0x000000010dcbc000, 0x000000011c91c000]
 total_blobs=1789 nmethods=962 adapters=742
 compilation: enabled

Compilation events (10 events):
Event: 2.718 Thread 0x00007fcbc4015800 nmethod 955 0x000000010dca9f50 code [0x000000010dcaa0a0, 0x000000010dcaa210]
Event: 2.718 Thread 0x00007fcbc4015800  957   !   3       java.io.BufferedWriter::flushBuffer (53 bytes)
Event: 2.718 Thread 0x00007fcbc4015800 nmethod 957 0x000000010dcaa290 code [0x000000010dcaa440, 0x000000010dcaa9f8]
Event: 2.718 Thread 0x00007fcbc4015800  960       3       java.lang.AbstractStringBuilder::append (62 bytes)
Event: 2.718 Thread 0x00007fcbc4015800 nmethod 960 0x000000010dcaac50 code [0x000000010dcaae20, 0x000000010dcab508]
Event: 2.718 Thread 0x00007fcbc4015800  948       3       java.io.PrintStream::print (13 bytes)
Event: 2.719 Thread 0x00007fcbc4015800 nmethod 948 0x000000010dcab8d0 code [0x000000010dcaba40, 0x000000010dcabc08]
Event: 2.719 Thread 0x00007fcbc4015800  949   !   3       java.io.PrintStream::write (83 bytes)
Event: 2.719 Thread 0x00007fcbc4015800 nmethod 949 0x000000010dcabc90 code [0x000000010dcabec0, 0x000000010dcaca68]
Event: 2.733 Thread 0x00007fcbc4015800  961       3       jogamp.opengl.GLBufferStateTracker::setBoundBufferObject (76 bytes)

GC Heap History (2 events):
Event: 2.671 GC heap before
{Heap before GC invocations=1 (full 0):
 PSYoungGen      total 76288K, used 65437K [0x000000076ab00000, 0x0000000770000000, 0x00000007c0000000)
  eden space 65536K, 99% used [0x000000076ab00000,0x000000076eae77d8,0x000000076eb00000)
  from space 10752K, 0% used [0x000000076f580000,0x000000076f580000,0x0000000770000000)
  to   space 10752K, 0% used [0x000000076eb00000,0x000000076eb00000,0x000000076f580000)
 ParOldGen       total 175104K, used 0K [0x00000006c0000000, 0x00000006cab00000, 0x000000076ab00000)
  object space 175104K, 0% used [0x00000006c0000000,0x00000006c0000000,0x00000006cab00000)
 Metaspace       used 16704K, capacity 16900K, committed 17024K, reserved 1064960K
  class space    used 1821K, capacity 1872K, committed 1920K, reserved 1048576K
Event: 2.683 GC heap after
Heap after GC invocations=1 (full 0):
 PSYoungGen      total 76288K, used 10735K [0x000000076ab00000, 0x0000000770000000, 0x00000007c0000000)
  eden space 65536K, 0% used [0x000000076ab00000,0x000000076ab00000,0x000000076eb00000)
  from space 10752K, 99% used [0x000000076eb00000,0x000000076f57be10,0x000000076f580000)
  to   space 10752K, 0% used [0x000000076f580000,0x000000076f580000,0x0000000770000000)
 ParOldGen       total 175104K, used 8679K [0x00000006c0000000, 0x00000006cab00000, 0x000000076ab00000)
  object space 175104K, 4% used [0x00000006c0000000,0x00000006c0879c28,0x00000006cab00000)
 Metaspace       used 16704K, capacity 16900K, committed 17024K, reserved 1064960K
  class space    used 1821K, capacity 1872K, committed 1920K, reserved 1048576K
}

Deoptimization events (1 events):
Event: 1.654 Thread 0x00007fcbc212d000 Uncommon trap: reason=unloaded action=reinterpret pc=0x000000010daef798 method=java.lang.CharacterData.of(I)Ljava/lang/CharacterData; @ 96

Internal exceptions (10 events):
Event: 2.525 Thread 0x00007fcbc212d000 Exception <a 'java/security/PrivilegedActionException'> (0x000000076cdb5e18) thrown at [/HUDSON3/workspace/8-2-build-macosx-x86_64/jdk8u25/1514/hotspot/src/share/vm/prims/jvm.cpp, line 1312]
Event: 2.525 Thread 0x00007fcbc212d000 Exception <a 'java/security/PrivilegedActionException'> (0x000000076cdb9df8) thrown at [/HUDSON3/workspace/8-2-build-macosx-x86_64/jdk8u25/1514/hotspot/src/share/vm/prims/jvm.cpp, line 1312]
Event: 2.525 Thread 0x00007fcbc212d000 Exception <a 'java/security/PrivilegedActionException'> (0x000000076cdbe788) thrown at [/HUDSON3/workspace/8-2-build-macosx-x86_64/jdk8u25/1514/hotspot/src/share/vm/prims/jvm.cpp, line 1312]
Event: 2.618 Thread 0x00007fcbc212d000 Exception <a 'java/security/PrivilegedActionException'> (0x000000076d7aa318) thrown at [/HUDSON3/workspace/8-2-build-macosx-x86_64/jdk8u25/1514/hotspot/src/share/vm/prims/jvm.cpp, line 1312]
Event: 2.619 Thread 0x00007fcbc212d000 Exception <a 'java/security/PrivilegedActionException'> (0x000000076d7acaf8) thrown at [/HUDSON3/workspace/8-2-build-macosx-x86_64/jdk8u25/1514/hotspot/src/share/vm/prims/jvm.cpp, line 1312]
Event: 2.622 Thread 0x00007fcbc212d000 Exception <a 'java/security/PrivilegedActionException'> (0x000000076d802538) thrown at [/HUDSON3/workspace/8-2-build-macosx-x86_64/jdk8u25/1514/hotspot/src/share/vm/prims/jvm.cpp, line 1312]
Event: 2.684 Thread 0x00007fcbc400b800 Exception <a 'java/lang/NullPointerException'> (0x000000076ad8bac8) thrown at [/HUDSON3/workspace/8-2-build-macosx-x86_64/jdk8u25/1514/hotspot/src/share/vm/interpreter/linkResolver.cpp, line 1178]
Event: 2.717 Thread 0x00007fcbc212d000 Exception <a 'java/security/PrivilegedActionException'> (0x000000076c764b58) thrown at [/HUDSON3/workspace/8-2-build-macosx-x86_64/jdk8u25/1514/hotspot/src/share/vm/prims/jvm.cpp, line 1312]
Event: 2.727 Thread 0x00007fcbc212d000 Exception <a 'java/security/PrivilegedActionException'> (0x000000076c776f40) thrown at [/HUDSON3/workspace/8-2-build-macosx-x86_64/jdk8u25/1514/hotspot/src/share/vm/prims/jvm.cpp, line 1312]
Event: 2.729 Thread 0x00007fcbc212d000 Exception <a 'java/security/PrivilegedActionException'> (0x000000076c77c198) thrown at [/HUDSON3/workspace/8-2-build-macosx-x86_64/jdk8u25/1514/hotspot/src/share/vm/prims/jvm.cpp, line 1312]

Events (10 events):
Event: 2.661 Thread 0x00007fcbc212d000 DEOPT PACKING pc=0x000000010dc8d6f6 sp=0x0000000130caf220
Event: 2.661 Thread 0x00007fcbc212d000 DEOPT UNPACKING pc=0x000000010d963373 sp=0x0000000130caf060 mode 0
Event: 2.671 Executing VM operation: ParallelGCFailedAllocation
Event: 2.683 Executing VM operation: ParallelGCFailedAllocation done
Event: 2.717 loading class ShaderHelper
Event: 2.717 loading class ShaderHelper done
Event: 2.727 loading class com/jogamp/opengl/math/Matrix4
Event: 2.727 loading class com/jogamp/opengl/math/Matrix4 done
Event: 2.729 loading class com/jogamp/opengl/math/VectorUtil
Event: 2.729 loading class com/jogamp/opengl/math/VectorUtil done


Dynamic libraries:
0x000000000587c000 	/System/Library/Frameworks/Cocoa.framework/Versions/A/Cocoa
0x000000000587c000 	/System/Library/Frameworks/Security.framework/Versions/A/Security
0x000000000587c000 	/System/Library/Frameworks/ApplicationServices.framework/Versions/A/ApplicationServices
0x000000000587c000 	/usr/lib/libz.1.dylib
0x000000000587c000 	/usr/lib/libSystem.B.dylib
0x000000000587c000 	/usr/lib/libobjc.A.dylib
0x000000000587c000 	/System/Library/Frameworks/CoreFoundation.framework/Versions/A/CoreFoundation
0x000000000587c000 	/System/Library/Frameworks/Foundation.framework/Versions/C/Foundation
0x000000000587c000 	/System/Library/Frameworks/AppKit.framework/Versions/C/AppKit
0x000000000587c000 	/System/Library/Frameworks/CoreData.framework/Versions/A/CoreData
0x000000000587c000 	/System/Library/PrivateFrameworks/RemoteViewServices.framework/Versions/A/RemoteViewServices
0x000000000587c000 	/System/Library/PrivateFrameworks/UIFoundation.framework/Versions/A/UIFoundation
0x000000000587c000 	/System/Library/Frameworks/IOSurface.framework/Versions/A/IOSurface
0x000000000587c000 	/System/Library/Frameworks/AudioToolbox.framework/Versions/A/AudioToolbox
0x000000000587c000 	/System/Library/Frameworks/AudioUnit.framework/Versions/A/AudioUnit
0x000000000587c000 	/System/Library/PrivateFrameworks/DataDetectorsCore.framework/Versions/A/DataDetectorsCore
0x000000000587c000 	/System/Library/PrivateFrameworks/DesktopServicesPriv.framework/Versions/A/DesktopServicesPriv
0x000000000587c000 	/System/Library/Frameworks/Carbon.framework/Versions/A/Frameworks/HIToolbox.framework/Versions/A/HIToolbox
0x000000000587c000 	/System/Library/Frameworks/QuartzCore.framework/Versions/A/QuartzCore
0x000000000587c000 	/System/Library/Frameworks/Carbon.framework/Versions/A/Frameworks/SpeechRecognition.framework/Versions/A/SpeechRecognition
0x000000000587c000 	/usr/lib/libauto.dylib
0x000000000587c000 	/usr/lib/libicucore.A.dylib
0x000000000587c000 	/usr/lib/libxml2.2.dylib
0x000000000587c000 	/System/Library/PrivateFrameworks/CoreUI.framework/Versions/A/CoreUI
0x000000000587c000 	/System/Library/Frameworks/CoreAudio.framework/Versions/A/CoreAudio
0x000000000587c000 	/System/Library/Frameworks/DiskArbitration.framework/Versions/A/DiskArbitration
0x000000000587c000 	/usr/lib/liblangid.dylib
0x000000000587c000 	/System/Library/PrivateFrameworks/MultitouchSupport.framework/Versions/A/MultitouchSupport
0x000000000587c000 	/System/Library/Frameworks/IOKit.framework/Versions/A/IOKit
0x000000000587c000 	/usr/lib/libDiagnosticMessagesClient.dylib
0x000000000587c000 	/System/Library/Frameworks/CoreServices.framework/Versions/A/CoreServices
0x000000000587c000 	/System/Library/PrivateFrameworks/PerformanceAnalysis.framework/Versions/A/PerformanceAnalysis
0x000000000587c000 	/System/Library/PrivateFrameworks/GenerationalStorage.framework/Versions/A/GenerationalStorage
0x000000000587c000 	/System/Library/Frameworks/OpenGL.framework/Versions/A/OpenGL
0x000000000587c000 	/System/Library/PrivateFrameworks/Sharing.framework/Versions/A/Sharing
0x000000000587c000 	/System/Library/Frameworks/CoreGraphics.framework/Versions/A/CoreGraphics
0x000000000587c000 	/System/Library/Frameworks/CoreText.framework/Versions/A/CoreText
0x000000000587c000 	/System/Library/Frameworks/ImageIO.framework/Versions/A/ImageIO
0x000000000587c000 	/usr/lib/libextension.dylib
0x000000000587c000 	/System/Library/PrivateFrameworks/Backup.framework/Versions/A/Backup
0x000000000587c000 	/usr/lib/libarchive.2.dylib
0x000000000587c000 	/System/Library/Frameworks/CFNetwork.framework/Versions/A/CFNetwork
0x000000000587c000 	/System/Library/Frameworks/SystemConfiguration.framework/Versions/A/SystemConfiguration
0x000000000587c000 	/usr/lib/libCRFSuite.dylib
0x000000000587c000 	/usr/lib/libc++.1.dylib
0x000000000587c000 	/usr/lib/libc++abi.dylib
0x000000000587c000 	/usr/lib/system/libcache.dylib
0x000000000587c000 	/usr/lib/system/libcommonCrypto.dylib
0x000000000587c000 	/usr/lib/system/libcompiler_rt.dylib
0x000000000587c000 	/usr/lib/system/libcopyfile.dylib
0x000000000587c000 	/usr/lib/system/libcorecrypto.dylib
0x000000000587c000 	/usr/lib/system/libdispatch.dylib
0x000000000587c000 	/usr/lib/system/libdyld.dylib
0x000000000587c000 	/usr/lib/system/libkeymgr.dylib
0x000000000587c000 	/usr/lib/system/liblaunch.dylib
0x000000000587c000 	/usr/lib/system/libmacho.dylib
0x000000000587c000 	/usr/lib/system/libquarantine.dylib
0x000000000587c000 	/usr/lib/system/libremovefile.dylib
0x000000000587c000 	/usr/lib/system/libsystem_asl.dylib
0x000000000587c000 	/usr/lib/system/libsystem_blocks.dylib
0x000000000587c000 	/usr/lib/system/libsystem_c.dylib
0x000000000587c000 	/usr/lib/system/libsystem_configuration.dylib
0x000000000587c000 	/usr/lib/system/libsystem_coreservices.dylib
0x000000000587c000 	/usr/lib/system/libsystem_coretls.dylib
0x000000000587c000 	/usr/lib/system/libsystem_dnssd.dylib
0x000000000587c000 	/usr/lib/system/libsystem_info.dylib
0x000000000587c000 	/usr/lib/system/libsystem_kernel.dylib
0x000000000587c000 	/usr/lib/system/libsystem_m.dylib
0x000000000587c000 	/usr/lib/system/libsystem_malloc.dylib
0x000000000587c000 	/usr/lib/system/libsystem_network.dylib
0x000000000587c000 	/usr/lib/system/libsystem_networkextension.dylib
0x000000000587c000 	/usr/lib/system/libsystem_notify.dylib
0x000000000587c000 	/usr/lib/system/libsystem_platform.dylib
0x000000000587c000 	/usr/lib/system/libsystem_pthread.dylib
0x000000000587c000 	/usr/lib/system/libsystem_sandbox.dylib
0x000000000587c000 	/usr/lib/system/libsystem_secinit.dylib
0x000000000587c000 	/usr/lib/system/libsystem_stats.dylib
0x000000000587c000 	/usr/lib/system/libsystem_trace.dylib
0x000000000587c000 	/usr/lib/system/libunc.dylib
0x000000000587c000 	/usr/lib/system/libunwind.dylib
0x000000000587c000 	/usr/lib/system/libxpc.dylib
0x000000000587c000 	/usr/lib/libbz2.1.0.dylib
0x000000000587c000 	/usr/lib/liblzma.5.dylib
0x000000000587c000 	/usr/lib/libbsm.0.dylib
0x000000000587c000 	/usr/lib/libsqlite3.dylib
0x000000000587c000 	/usr/lib/system/libkxld.dylib
0x000000000587c000 	/usr/lib/libxar.1.dylib
0x000000000587c000 	/usr/lib/libpam.2.dylib
0x000000000587c000 	/usr/lib/libOpenScriptingUtil.dylib
0x000000000587c000 	/System/Library/Frameworks/CoreServices.framework/Versions/A/Frameworks/FSEvents.framework/Versions/A/FSEvents
0x000000000587c000 	/System/Library/Frameworks/CoreServices.framework/Versions/A/Frameworks/CarbonCore.framework/Versions/A/CarbonCore
0x000000000587c000 	/System/Library/Frameworks/CoreServices.framework/Versions/A/Frameworks/Metadata.framework/Versions/A/Metadata
0x000000000587c000 	/System/Library/Frameworks/CoreServices.framework/Versions/A/Frameworks/OSServices.framework/Versions/A/OSServices
0x000000000587c000 	/System/Library/Frameworks/CoreServices.framework/Versions/A/Frameworks/SearchKit.framework/Versions/A/SearchKit
0x000000000587c000 	/System/Library/Frameworks/CoreServices.framework/Versions/A/Frameworks/AE.framework/Versions/A/AE
0x000000000587c000 	/System/Library/Frameworks/CoreServices.framework/Versions/A/Frameworks/LaunchServices.framework/Versions/A/LaunchServices
0x000000000587c000 	/System/Library/Frameworks/CoreServices.framework/Versions/A/Frameworks/DictionaryServices.framework/Versions/A/DictionaryServices
0x000000000587c000 	/System/Library/Frameworks/NetFS.framework/Versions/A/NetFS
0x000000000587c000 	/System/Library/PrivateFrameworks/NetAuth.framework/Versions/A/NetAuth
0x000000000587c000 	/System/Library/PrivateFrameworks/login.framework/Versions/A/Frameworks/loginsupport.framework/Versions/A/loginsupport
0x000000000587c000 	/System/Library/PrivateFrameworks/TCC.framework/Versions/A/TCC
0x000000000587c000 	/usr/lib/libmecabra.dylib
0x000000000587c000 	/System/Library/Frameworks/ApplicationServices.framework/Versions/A/Frameworks/ATS.framework/Versions/A/ATS
0x000000000587c000 	/System/Library/Frameworks/ApplicationServices.framework/Versions/A/Frameworks/ColorSync.framework/Versions/A/ColorSync
0x000000000587c000 	/System/Library/Frameworks/ApplicationServices.framework/Versions/A/Frameworks/HIServices.framework/Versions/A/HIServices
0x000000000587c000 	/System/Library/Frameworks/ApplicationServices.framework/Versions/A/Frameworks/LangAnalysis.framework/Versions/A/LangAnalysis
0x000000000587c000 	/System/Library/Frameworks/ApplicationServices.framework/Versions/A/Frameworks/PrintCore.framework/Versions/A/PrintCore
0x000000000587c000 	/System/Library/Frameworks/ApplicationServices.framework/Versions/A/Frameworks/QD.framework/Versions/A/QD
0x000000000587c000 	/System/Library/Frameworks/ApplicationServices.framework/Versions/A/Frameworks/SpeechSynthesis.framework/Versions/A/SpeechSynthesis
0x000000000587c000 	/System/Library/Frameworks/Accelerate.framework/Versions/A/Accelerate
0x000000000587c000 	/System/Library/Frameworks/Accelerate.framework/Versions/A/Frameworks/vImage.framework/Versions/A/vImage
0x000000000587c000 	/System/Library/Frameworks/Accelerate.framework/Versions/A/Frameworks/vecLib.framework/Versions/A/vecLib
0x000000000587c000 	/System/Library/Frameworks/Accelerate.framework/Versions/A/Frameworks/vecLib.framework/Versions/A/libvDSP.dylib
0x000000000587c000 	/System/Library/Frameworks/Accelerate.framework/Versions/A/Frameworks/vecLib.framework/Versions/A/libvMisc.dylib
0x000000000587c000 	/System/Library/Frameworks/Accelerate.framework/Versions/A/Frameworks/vecLib.framework/Versions/A/libLAPACK.dylib
0x000000000587c000 	/System/Library/Frameworks/Accelerate.framework/Versions/A/Frameworks/vecLib.framework/Versions/A/libBLAS.dylib
0x000000000587c000 	/System/Library/Frameworks/Accelerate.framework/Versions/A/Frameworks/vecLib.framework/Versions/A/libLinearAlgebra.dylib
0x000000000587c000 	/System/Library/Frameworks/ApplicationServices.framework/Versions/A/Frameworks/ATS.framework/Versions/A/Resources/libFontParser.dylib
0x000000000587c000 	/System/Library/Frameworks/ApplicationServices.framework/Versions/A/Frameworks/ATS.framework/Versions/A/Resources/libFontRegistry.dylib
0x000000000587c000 	/System/Library/PrivateFrameworks/AppleVPA.framework/Versions/A/AppleVPA
0x000000000587c000 	/System/Library/PrivateFrameworks/AppleJPEG.framework/Versions/A/AppleJPEG
0x000000000587c000 	/System/Library/Frameworks/ImageIO.framework/Versions/A/Resources/libJPEG.dylib
0x000000000587c000 	/System/Library/Frameworks/ImageIO.framework/Versions/A/Resources/libTIFF.dylib
0x000000000587c000 	/System/Library/Frameworks/ImageIO.framework/Versions/A/Resources/libPng.dylib
0x000000000587c000 	/System/Library/Frameworks/ImageIO.framework/Versions/A/Resources/libGIF.dylib
0x000000000587c000 	/System/Library/Frameworks/ImageIO.framework/Versions/A/Resources/libJP2.dylib
0x000000000587c000 	/System/Library/Frameworks/ImageIO.framework/Versions/A/Resources/libRadiance.dylib
0x000000000587c000 	/System/Library/Frameworks/CoreVideo.framework/Versions/A/CoreVideo
0x000000000587c000 	/System/Library/Frameworks/OpenGL.framework/Versions/A/Libraries/libGLU.dylib
0x000000000587c000 	/System/Library/Frameworks/OpenGL.framework/Versions/A/Libraries/libGFXShared.dylib
0x000000000587c000 	/System/Library/Frameworks/OpenGL.framework/Versions/A/Libraries/libGL.dylib
0x000000000587c000 	/System/Library/Frameworks/OpenGL.framework/Versions/A/Libraries/libGLImage.dylib
0x000000000587c000 	/System/Library/Frameworks/OpenGL.framework/Versions/A/Libraries/libCVMSPluginSupport.dylib
0x000000000587c000 	/System/Library/Frameworks/OpenGL.framework/Versions/A/Libraries/libCoreVMClient.dylib
0x000000000587c000 	/usr/lib/libcups.2.dylib
0x000000000587c000 	/System/Library/Frameworks/Kerberos.framework/Versions/A/Kerberos
0x000000000587c000 	/System/Library/Frameworks/GSS.framework/Versions/A/GSS
0x000000000587c000 	/usr/lib/libresolv.9.dylib
0x000000000587c000 	/usr/lib/libiconv.2.dylib
0x000000000587c000 	/System/Library/PrivateFrameworks/Heimdal.framework/Versions/A/Heimdal
0x000000000587c000 	/usr/lib/libheimdal-asn1.dylib
0x000000000587c000 	/System/Library/Frameworks/OpenDirectory.framework/Versions/A/OpenDirectory
0x000000000587c000 	/System/Library/PrivateFrameworks/CommonAuth.framework/Versions/A/CommonAuth
0x000000000587c000 	/System/Library/Frameworks/OpenDirectory.framework/Versions/A/Frameworks/CFOpenDirectory.framework/Versions/A/CFOpenDirectory
0x000000000587c000 	/System/Library/Frameworks/SecurityFoundation.framework/Versions/A/SecurityFoundation
0x000000000587c000 	/System/Library/PrivateFrameworks/LanguageModeling.framework/Versions/A/LanguageModeling
0x000000000587c000 	/usr/lib/libcmph.dylib
0x000000000587c000 	/System/Library/Frameworks/ServiceManagement.framework/Versions/A/ServiceManagement
0x000000000587c000 	/usr/lib/libxslt.1.dylib
0x000000000587c000 	/System/Library/Frameworks/Carbon.framework/Versions/A/Frameworks/Ink.framework/Versions/A/Ink
0x000000000587c000 	/System/Library/Frameworks/QuartzCore.framework/Versions/A/Frameworks/CoreImage.framework/Versions/A/CoreImage
0x000000000587c000 	/System/Library/PrivateFrameworks/CrashReporterSupport.framework/Versions/A/CrashReporterSupport
0x000000000587c000 	/System/Library/Frameworks/OpenCL.framework/Versions/A/OpenCL
0x000000000587c000 	/System/Library/PrivateFrameworks/FaceCore.framework/Versions/A/FaceCore
0x000000000587c000 	/System/Library/PrivateFrameworks/Ubiquity.framework/Versions/A/Ubiquity
0x000000000587c000 	/System/Library/PrivateFrameworks/IconServices.framework/Versions/A/IconServices
0x000000000587c000 	/System/Library/PrivateFrameworks/ChunkingLibrary.framework/Versions/A/ChunkingLibrary
0x000000000587c000 	/System/Library/PrivateFrameworks/Apple80211.framework/Versions/A/Apple80211
0x000000000587c000 	/System/Library/Frameworks/CoreWLAN.framework/Versions/A/CoreWLAN
0x000000000587c000 	/System/Library/Frameworks/IOBluetooth.framework/Versions/A/IOBluetooth
0x000000000587c000 	/System/Library/PrivateFrameworks/CoreWiFi.framework/Versions/A/CoreWiFi
0x000000000587c000 	/System/Library/Frameworks/CoreBluetooth.framework/Versions/A/CoreBluetooth
0x000000000587c000 	/System/Library/PrivateFrameworks/DebugSymbols.framework/Versions/A/DebugSymbols
0x000000000587c000 	/System/Library/PrivateFrameworks/CoreSymbolication.framework/Versions/A/CoreSymbolication
0x000000000587c000 	/System/Library/PrivateFrameworks/Symbolication.framework/Versions/A/Symbolication
0x000000000587c000 	/System/Library/PrivateFrameworks/SpeechRecognitionCore.framework/Versions/A/SpeechRecognitionCore
0x000000010ca00000 	/Library/Java/JavaVirtualMachines/jdk1.8.0_25.jdk/Contents/Home/jre/lib/server/libjvm.dylib
0x000000000587c000 	/usr/lib/libstdc++.6.dylib
0x000000010b936000 	/Library/Java/JavaVirtualMachines/jdk1.8.0_25.jdk/Contents/Home/jre/lib/libverify.dylib
0x000000010b944000 	/Library/Java/JavaVirtualMachines/jdk1.8.0_25.jdk/Contents/Home/jre/lib/libjava.dylib
0x000000010b982000 	/Library/Java/JavaVirtualMachines/jdk1.8.0_25.jdk/Contents/Home/jre/lib/libzip.dylib
0x000000012947f000 	/System/Library/Frameworks/JavaVM.framework/Frameworks/JavaRuntimeSupport.framework/JavaRuntimeSupport
0x0000000129497000 	/System/Library/Frameworks/JavaVM.framework/Versions/A/Frameworks/JavaNativeFoundation.framework/Versions/A/JavaNativeFoundation
0x00000001294ac000 	/System/Library/Frameworks/JavaVM.framework/Versions/A/JavaVM
0x000000000587c000 	/System/Library/Frameworks/Carbon.framework/Versions/A/Carbon
0x00000001294b9000 	/System/Library/PrivateFrameworks/JavaLaunching.framework/Versions/A/JavaLaunching
0x000000000587c000 	/System/Library/Frameworks/Carbon.framework/Versions/A/Frameworks/CommonPanels.framework/Versions/A/CommonPanels
0x000000000587c000 	/System/Library/Frameworks/Carbon.framework/Versions/A/Frameworks/Help.framework/Versions/A/Help
0x000000000587c000 	/System/Library/Frameworks/Carbon.framework/Versions/A/Frameworks/ImageCapture.framework/Versions/A/ImageCapture
0x000000000587c000 	/System/Library/Frameworks/Carbon.framework/Versions/A/Frameworks/OpenScripting.framework/Versions/A/OpenScripting
0x000000000587c000 	/System/Library/Frameworks/Carbon.framework/Versions/A/Frameworks/Print.framework/Versions/A/Print
0x000000000587c000 	/System/Library/Frameworks/Carbon.framework/Versions/A/Frameworks/SecurityHI.framework/Versions/A/SecurityHI
0x000000012b517000 	/Library/Java/JavaVirtualMachines/jdk1.8.0_25.jdk/Contents/Home/jre/lib/libawt.dylib
0x000000012b5c6000 	/Library/Java/JavaVirtualMachines/jdk1.8.0_25.jdk/Contents/Home/jre/lib/./libmlib_image.dylib
0x000000012b692000 	/Library/Java/JavaVirtualMachines/jdk1.8.0_25.jdk/Contents/Home/jre/lib/libawt_lwawt.dylib
0x000000012b745000 	/Library/Java/JavaVirtualMachines/jdk1.8.0_25.jdk/Contents/Home/jre/lib/./libosxapp.dylib
0x000000000587c000 	/System/Library/Frameworks/ExceptionHandling.framework/Versions/A/ExceptionHandling
0x000000000587c000 	/System/Library/PrivateFrameworks/CoreServicesInternal.framework/Versions/A/CoreServicesInternal
0x000000000587c000 	/System/Library/PrivateFrameworks/CloudDocs.framework/Versions/A/CloudDocs
0x000000000587c000 	/System/Library/PrivateFrameworks/CoreDuet.framework/Versions/A/CoreDuet
0x000000000587c000 	/System/Library/Frameworks/CloudKit.framework/Versions/A/CloudKit
0x000000000587c000 	/System/Library/PrivateFrameworks/ProtocolBuffer.framework/Versions/A/ProtocolBuffer
0x000000000587c000 	/System/Library/PrivateFrameworks/CoreDuetDaemonProtocol.framework/Versions/A/CoreDuetDaemonProtocol
0x000000000587c000 	/System/Library/PrivateFrameworks/CoreDuetDebugLogging.framework/Versions/A/CoreDuetDebugLogging
0x000000000587c000 	/System/Library/PrivateFrameworks/MMCS.framework/Versions/A/MMCS
0x000000000587c000 	/System/Library/Frameworks/CoreLocation.framework/Versions/A/CoreLocation
0x000000000587c000 	/System/Library/PrivateFrameworks/ProtectedCloudStorage.framework/Versions/A/ProtectedCloudStorage
0x000000000587c000 	/System/Library/PrivateFrameworks/GeoServices.framework/Versions/A/GeoServices
0x000000000587c000 	/System/Library/Frameworks/CoreGraphics.framework/Versions/A/Resources/libCGCMS.A.dylib
0x000000000587c000 	/System/Library/Frameworks/CoreGraphics.framework/Versions/A/Resources/libRIP.A.dylib
0x000000000587c000 	/System/Library/Frameworks/CoreGraphics.framework/Versions/A/Resources/libCGXType.A.dylib
0x000000000587c000 	/System/Library/Frameworks/OpenCL.framework/Versions/A/Libraries/libcldcpuengine.dylib
0x000000000587c000 	/System/Library/PrivateFrameworks/DiskImages.framework/Versions/A/DiskImages
0x000000000587c000 	/System/Library/Frameworks/DiscRecording.framework/Versions/A/DiscRecording
0x000000000587c000 	/usr/lib/libcsfde.dylib
0x000000000587c000 	/usr/lib/libcurl.4.dylib
0x000000000587c000 	/System/Library/PrivateFrameworks/MediaKit.framework/Versions/A/MediaKit
0x000000000587c000 	/usr/lib/libCoreStorage.dylib
0x000000000587c000 	/System/Library/PrivateFrameworks/EFILogin.framework/Versions/A/EFILogin
0x000000000587c000 	/usr/lib/libutil.dylib
0x000000000587c000 	/System/Library/PrivateFrameworks/FindMyDevice.framework/Versions/A/FindMyDevice
0x000000000587c000 	/System/Library/Frameworks/LDAP.framework/Versions/A/LDAP
0x000000000587c000 	/usr/lib/libsasl2.2.dylib
0x000000000587c000 	/System/Library/PrivateFrameworks/CoreDaemon.framework/Versions/B/CoreDaemon
0x000000000587c000 	/usr/lib/libcrypto.0.9.8.dylib
0x000000000587c000 	/System/Library/PrivateFrameworks/AppleSRP.framework/Versions/A/AppleSRP
0x000000000587c000 	/System/Library/PrivateFrameworks/TrustEvaluationAgent.framework/Versions/A/TrustEvaluationAgent
0x000000012bb4d000 	cl_kernels
0x000000012ea2f000 	/System/Library/Frameworks/OpenCL.framework/Versions/A/Libraries/ImageFormats/unorm8_bgra.dylib
0x000000012bb3f000 	cl_kernels
0x000000000587c000 	/System/Library/PrivateFrameworks/FamilyControls.framework/Versions/A/FamilyControls
0x000000000587c000 	/System/Library/PrivateFrameworks/CommerceKit.framework/Versions/A/Frameworks/CommerceCore.framework/Versions/A/CommerceCore
0x000000000587c000 	/System/Library/PrivateFrameworks/SystemAdministration.framework/Versions/A/SystemAdministration
0x000000000587c000 	/System/Library/PrivateFrameworks/AppContainer.framework/Versions/A/AppContainer
0x000000000587c000 	/System/Library/PrivateFrameworks/SecCodeWrapper.framework/Versions/A/SecCodeWrapper
0x000000000587c000 	/System/Library/Frameworks/DirectoryService.framework/Versions/A/DirectoryService
0x000000000587c000 	/System/Library/PrivateFrameworks/LoginUIKit.framework/Versions/A/Frameworks/LoginUICore.framework/Versions/A/LoginUICore
0x000000000587c000 	/usr/lib/libodfde.dylib
0x000000000587c000 	/System/Library/Frameworks/OpenGL.framework/Versions/A/Resources/GLEngine.bundle/GLEngine
0x000000000587c000 	/System/Library/Frameworks/OpenGL.framework/Versions/A/Libraries/libGLProgrammability.dylib
0x0000000000000000 	/System/Library/Extensions/AppleIntelHD5000GraphicsGLDriver.bundle/Contents/MacOS/AppleIntelHD5000GraphicsGLDriver
0x000000000587c000 	/System/Library/PrivateFrameworks/IOAccelerator.framework/Versions/A/IOAccelerator
0x000000000587c000 	/System/Library/PrivateFrameworks/GPUSupport.framework/Versions/A/Libraries/libGPUSupportMercury.dylib
0x000000000587c000 	/System/Library/Frameworks/OpenGL.framework/Versions/A/Resources/GLRendererFloat.bundle/GLRendererFloat
0x000000013086e000 	/Library/Java/JavaVirtualMachines/jdk1.8.0_25.jdk/Contents/Home/jre/lib/libfontmanager.dylib
0x00000001308d5000 	/Library/Java/JavaVirtualMachines/jdk1.8.0_25.jdk/Contents/Home/jre/lib/libosxui.dylib
0x0000000130937000 	/Library/Java/JavaVirtualMachines/jdk1.8.0_25.jdk/Contents/Home/jre/lib/libnet.dylib
0x0000000130996000 	/Library/Java/JavaVirtualMachines/jdk1.8.0_25.jdk/Contents/Home/jre/lib/libnio.dylib
0x00000001309a6000 	/private/var/folders/88/by9rmpdj33v0z3ft9n2pmj6w0000gn/T/jogamp_0000/file_cache/jln2226850860402380547/jln737934354949797903/libgluegen-rt.jnilib
0x0000000130baa000 	/private/var/folders/88/by9rmpdj33v0z3ft9n2pmj6w0000gn/T/jogamp_0000/file_cache/jln2226850860402380547/jln737934354949797903/libnativewindow_awt.jnilib
0x0000000130bad000 	/Library/Java/JavaVirtualMachines/jdk1.8.0_25.jdk/Contents/Home/jre/lib/libjawt.dylib
0x0000000130cb3000 	/private/var/folders/88/by9rmpdj33v0z3ft9n2pmj6w0000gn/T/jogamp_0000/file_cache/jln2226850860402380547/jln737934354949797903/libnativewindow_macosx.jnilib
0x0000000130f57000 	/private/var/folders/88/by9rmpdj33v0z3ft9n2pmj6w0000gn/T/jogamp_0000/file_cache/jln2226850860402380547/jln737934354949797903/libjogl_desktop.jnilib
0x0000000131050000 	/private/var/folders/88/by9rmpdj33v0z3ft9n2pmj6w0000gn/T/jogamp_0000/file_cache/jln2226850860402380547/jln737934354949797903/libjogl_mobile.jnilib
0x000000000587c000 	/System/Library/Frameworks/Accelerate.framework/Versions/A/Frameworks/vImage.framework/Versions/A/Libraries/libCGInterfaces.dylib

VM Arguments:
jvm_args: -Dfile.encoding=UTF-8 
java_command: Main
java_class_path (initial): /Users/chrishawkins/Documents/workspace/Fits3D/bin:/Users/chrishawkins/Documents/workspace/jogamp-all-platforms/jar/gluegen-rt.jar:/Users/chrishawkins/Documents/workspace/jogamp-all-platforms/jar/jogl-all.jar:/Users/chrishawkins/Documents/workspace/Fits3D/commons-compress-1.9.jar:/Users/chrishawkins/Documents/workspace/Fits3D/fits.jar:/Users/chrishawkins/Documents/workspace/Fits3D/commons-math3-3.4.1.jar
Launcher Type: SUN_STANDARD

Environment Variables:
PATH=/usr/bin:/bin:/usr/sbin:/sbin
SHELL=/bin/bash
DISPLAY=/private/tmp/com.apple.launchd.q3U8LBYGrN/org.macosforge.xquartz:0

Signal Handlers:
SIGSEGV: [libjvm.dylib+0x579dc7], sa_mask[0]=11111111011111110111111111111111, sa_flags=SA_ONSTACK|SA_RESTART|SA_SIGINFO
SIGBUS: [libjvm.dylib+0x579dc7], sa_mask[0]=11111111011111110111111111111111, sa_flags=SA_RESTART|SA_SIGINFO
SIGFPE: [libjvm.dylib+0x45b030], sa_mask[0]=11111111011111110111111111111111, sa_flags=SA_RESTART|SA_SIGINFO
SIGPIPE: [libjvm.dylib+0x45b030], sa_mask[0]=11111111011111110111111111111111, sa_flags=SA_RESTART|SA_SIGINFO
SIGXFSZ: [libjvm.dylib+0x45b030], sa_mask[0]=11111111011111110111111111111111, sa_flags=SA_RESTART|SA_SIGINFO
SIGILL: [libjvm.dylib+0x45b030], sa_mask[0]=11111111011111110111111111111111, sa_flags=SA_RESTART|SA_SIGINFO
SIGUSR1: SIG_DFL, sa_mask[0]=00000000000000000000000000000000, sa_flags=none
SIGUSR2: [libjvm.dylib+0x45ab4e], sa_mask[0]=00100000000000000000000000000000, sa_flags=SA_RESTART|SA_SIGINFO
SIGHUP: [libjvm.dylib+0x459121], sa_mask[0]=11111111011111110111111111111111, sa_flags=SA_RESTART|SA_SIGINFO
SIGINT: [libjvm.dylib+0x459121], sa_mask[0]=11111111011111110111111111111111, sa_flags=SA_RESTART|SA_SIGINFO
SIGTERM: [libjvm.dylib+0x459121], sa_mask[0]=11111111011111110111111111111111, sa_flags=SA_RESTART|SA_SIGINFO
SIGQUIT: [libjvm.dylib+0x459121], sa_mask[0]=11111111011111110111111111111111, sa_flags=SA_RESTART|SA_SIGINFO


---------------  S Y S T E M  ---------------

OS:Bsduname:Darwin 14.3.0 Darwin Kernel Version 14.3.0: Mon Mar 23 11:59:05 PDT 2015; root:xnu-2782.20.48~5/RELEASE_X86_64 x86_64
rlimit: STACK 8192k, CORE 0k, NPROC 709, NOFILE 10240, AS infinity
load average:1.61 1.83 2.12

CPU:total 8 (4 cores per cpu, 2 threads per core) family 6 model 70 stepping 1, cmov, cx8, fxsr, mmx, sse, sse2, sse3, ssse3, sse4.1, sse4.2, popcnt, avx, avx2, aes, clmul, erms, lzcnt, ht, tsc, tscinvbit, bmi1, bmi2

Memory: 4k page, physical 16777216k(95536k free)

/proc/meminfo:


vm_info: Java HotSpot(TM) 64-Bit Server VM (25.25-b02) for bsd-amd64 JRE (1.8.0_25-b17), built on Sep 17 2014 16:56:50 by "java_re" with gcc 4.2.1 (Based on Apple Inc. build 5658) (LLVM build 2336.11.00)

time: Wed May 13 01:15:42 2015
elapsed time: 2 seconds (0d 0h 0m 2s)

